['80', '283', '279', '213', '54', '16', '69', '162', '82', '334', '348', '245', '312', '110', '261', '3', '260']
['206', '331', '151', '160', '33', '195', '355', '26', '268', '328', '23', '182', '25', '91', '353', '98', '5']
['137', '204', '356', '237', '284', '233', '244', '339', '63', '251', '177', '269', '125', '205', '133']
['51', '22', '329', '281', '236', '174', '74', '101']
['345', '173', '302', '139', '247', '68', '76', '183', '264', '350', '337', '273', '94', '218']
['172', '292', '197', '235', '124', '216', '123', '217', '109', '130', '10', '7', '56']
['330', '154', '256', '97', '291', '263', '338', '121', '246', '360', '48', '163', '144', '255', '341', '164', '148', '102', '180', '319', '79']
['202', '224', '323', '19', '131', '128', '184', '27', '203', '362', '126', '140', '88', '226', '181', '275', '64', '297', '207', '136', '113', '187', '153', '43', '47']
['90', '238', '318', '45', '105', '52', '175', '159']
['61', '12', '190', '111', '129', '250', '20']
['286', '143', '347', '78', '259', '276', '65', '42', '135', '81', '352', '266', '166', '212', '249', '262', '231']
['156', '199', '67', '50', '349', '280', '147', '315', '155']
['18', '134', '254', '36', '322', '119', '95', '84', '189', '2', '34', '270', '335', '290', '31', '361', '185', '344', '46', '274', '167', '200', '311', '316', '277', '289', '317', '107', '351', '208', '14', '299', '62', '192', '221']
['313', '92', '229', '122', '215', '248', '118', '333', '287', '232', '179', '8', '314', '324', '30', '77', '145', '272', '171', '320', '307', '41', '4']
['239', '252', '325', '11', '141', '71', '271', '342', '241', '332', '149', '228', '53']
['127', '89', '44', '358', '99', '300', '55', '222', '115', '28', '100', '303', '158', '59', '29', '57', '35', '176', '39', '17', '58', '157', '106']
['104', '96', '21', '223', '152', '321', '267', '38', '210', '169', '340', '294', '242', '308', '198', '168', '209', '253', '326', '165', '265']
['357', '346', '359', '120', '116', '132', '227', '309', '191', '188', '282', '310', '288']
['243', '278']
['193', '293', '363', '298', '211', '178', '258', '161', '83', '214', '9', '108', '150', '257', '201', '112', '66', '354', '87']
['40', '230', '142', '220', '86', '13', '225', '75', '72', '114', '73', '194', '32', '93', '70', '170', '219']
['85', '103', '0', '343', '1', '196', '336', '285', '306', '301', '15', '37', '295']
['296', '240', '138', '24', '146', '186', '117', '304']
['49', '234', '327', '60', '305', '6']