['145']
['128']
['187']
['72']
['101']
['37', '200', '3', '173', '231', '222', '9', '189', '31', '95', '246', '19', '87', '17', '36', '97', '98', '197', '157', '106', '141', '104', '179', '165']
['66']
['6']
['56']
['89']
['113']
['139']
['116']
['21']
['77']
['232']
['41']
['57']
['120']
['2']
['195']
['213']
['71']
['161']
['119']
['20']
['158']
['8', '242', '135', '58', '133', '181', '155', '247', '239', '43', '76', '205', '208', '48', '114', '140', '201', '221', '211', '15']
['5']
['49']
['236']
['176', '134', '233', '148', '182', '112', '1', '59', '144', '244', '108', '29', '111', '171', '61', '241']
['30']
['160']
['188']
['63']
['164']
['93']
['186']
['142']
['150']
['149']
['159']
['54']
['123']
['75']
['218']
['235']
['220', '22', '13', '70', '131', '7', '47', '126', '12', '117', '24', '214', '52', '210', '90', '129', '105', '127', '174']
['96']
['10']
['51']
['178']
['198']
['217']
['125']
['227']
['185']
['170']
['199']
['223']
['44']
['136']
['38']
['212']
['78']
['4']
['14']
['109']
['107']
['192']
['39']
['64']
['234']
['243']
['80', '86', '183', '146', '55', '85', '137', '88', '147', '118', '153', '50', '79', '26', '102', '110', '245', '167', '184', '81', '74', '248', '115', '237', '191', '224', '42', '168', '230', '206', '103', '82', '16', '45', '225']
['33']
['121']
['138']
['180']
['194']
['124']
['84']
['18']
['46']
['228']
['60']
['68']
['100', '34', '209', '219', '91', '190', '166', '156', '175', '122', '67', '240', '69', '154', '94', '23']
['35']
['172']
['216']
['32']
['152']
['226']
['193']
['238']
['65']
['92']
['25']
['83']
['202']
['163']
['177']
['143']
['28']
['229']
['99']
['215']
['196']
['207']
['130']
['62']
['73']
['249']
['53']
['169']
['40']
['27']
['132']
['162']
['0']
['203']
['151']
['204']
['11']