['180', '240', '181', '208']
['386', '189', '138', '393', '75', '134', '420']
['172', '4', '307']
['62', '441', '409', '401']
['63', '42', '135', '30', '454', '451', '418', '381', '464']
['294', '72', '319', '13']
['70', '116', '211']
['112', '494']
['281', '111', '430', '366']
['176', '215', '168', '296', '396']
['17', '24', '45', '253', '360', '358', '56']
['390', '137', '159', '373', '255', '41', '139']
['94', '428', '364']
['338', '67', '471', '207']
['491', '49', '317']
['91', '205', '43', '264']
['220', '37', '203', '304', '6']
['209', '80', '202']
['375', '34', '10', '481', '312']
['284', '291']
['61', '326', '453']
['460', '213', '321', '448']
['427', '210', '397', '105', '287']
['152', '388', '421', '286', '355']
['345', '458', '85']
['480', '124', '156']
['324', '252', '309', '108', '340', '79', '227', '2', '422']
['462', '449', '348', '35', '400', '288']
['92', '298', '385', '118', '29']
['444', '64', '169', '216', '499']
['197', '55', '14', '277', '51', '382', '77']
['439', '349', '467', '411', '101']
['229', '330', '175', '466']
['315', '369', '167']
['328', '383', '163', '443', '329', '165', '31']
['257', '66', '190', '160', '250', '268', '272']
['32', '84', '131', '146']
['486', '115', '353', '248', '123', '417', '15', '96']
['487', '301', '465', '447', '129']
['300', '497', '178', '188']
['437', '221', '332', '78', '379']
['195', '145', '186', '488']
['352', '241', '171', '384', '217', '89', '57']
['198', '327', '236', '341', '308', '283', '133']
['371', '456', '362', '39']
['21', '405']
['164']
['310', '290']
['185', '483', '25', '136', '347', '266', '470']
['493', '276', '450', '244']
['179', '403', '162']
['247', '99', '408', '23', '9', '19']
['380', '3', '265']
['158']
['54', '398', '316', '299']
['5', '109', '155', '177', '153', '259', '431', '196', '83']
['245', '166', '98', '472']
['106', '435', '274', '126']
['273', '438', '52']
['262', '141', '489', '297', '425', '183']
['303', '7', '74', '399', '394', '365', '235']
['225', '228', '127', '58', '496']
['440', '334', '295', '234', '391', '47', '90']
['113', '413', '433', '149', '200', '187', '311', '424', '117', '269', '204']
['218', '95', '485', '33', '275']
['239', '305', '233', '224', '260', '344', '410']
['279', '416', '490']
['323', '343', '103', '249']
['230', '38', '130', '119', '370']
['46', '251', '423', '372', '193', '325']
['331', '337', '191', '73', '140', '407']
['69', '306', '376', '48', '44', '412', '82']
['387', '107', '293', '280', '219', '22', '463']
['477', '367', '150', '302', '97']
['263', '267', '335', '226', '339', '469']
['492', '27', '110', '243', '128']
['429', '121']
['256', '377', '351', '246', '415']
['88', '404', '222']
['194', '455', '282', '65', '192', '154', '173', '223']
['389', '18', '125', '436', '53']
['81', '120', '147', '59', '20', '212']
['76', '238', '1']
['368', '114', '495', '414', '68']
['170', '148', '342', '292', '322', '498', '378', '122']
['93', '346', '482', '142', '71']
['475', '254', '363', '426', '473', '357']
['484', '434', '374']
['271', '60', '476', '28', '261', '102', '461']
['26', '479', '361', '143', '214']
['231', '132', '402', '11', '86']
['442', '459', '232', '16', '289']
['478', '40', '237']
['12', '432', '278', '157', '318', '87']
['104', '359', '445', '457', '406', '392', '468', '474', '419']
['36', '270', '100', '314', '354']
['395', '350', '446', '199', '320']
['313', '242', '8', '336', '356', '201', '333', '285', '206']
['184', '182', '174', '144', '500', '50']
['161', '452', '258', '151']