['cj', 'hi', 'kb', 'hm', 'ef', 'ka', 'kk', 'kn', 'ar', 'gu']
['gv', 'fe', 'aa', 'hw', 'bs', 'if', 'd', 'dw', 'l', 'jx']
['ej', 'fx', 'jf', 'cu', 'jd', 'ah', 'js', 'hz', 'at', 'je']
['fz', 'dk', 'ir', 'ea', 'fr', 'fu', 'hp', 'kg', 'jq', 'fh']
['kd', 'dh', 'em', 'a', 'df', 'hv', 'hy', 'hd', 'jj', 'cq']
['ie', 'gi', 'el', 'gf', 'fg', 'dj', 's', 'jy', 'bc', 'gr']
['gq', 'hx', 'eu', 'az', 'il', 'cf', 'hs', 'ai', 'ix', 'ha']
['bv', 'bm', 'hf', 'ii', 'bd', 'bq', 'cy', 'et', 'ac', 'ht']
['o', 'dd', 'gx', 'by', 'i', 'ax', 'hq', 'h', 'jl', 'fw']
['gy', 'dq', 'eo', 'af', 'jc', 'ho', 'jk', 'ih', 'hk', 'fb']
['bh', 'co', 'ev', 'gd', 'ba', 'ji', 'er', 'ga', 'zz', 'iy']
['iz', 'jw', 'dm', 'ig', 'jn', 'x', 'fl', 'ei', 'gs', 'ep']
['am', 'f', 'ee', 'kh', 'g', 'cx', 'hu', 'ck', 'jt', 'gb']
['ge', 'gl', 'al', 'kj', 'an', 'cs', 'hj', 'ib', 'hr', 'hl']
['bf', 'ci', 'ca', 'bb', 'cp', 'ip', 'da', 'c', 'is', 'j']
['ey', 'ia', 'br', 'ay', 'cv', 'fi', 'v', 'be', 'fp', 'kf']
['cn', 'dv', 'ex', 'jb', 'he', 'ju', 'hh', 'bx', 'de', 'ke']
['ce', 'e', 'eh', 'fn', 'av', 'cw', 'hn', 'db', 'dz', 'aj']
['ad', 'fq', 'eb', 'ja', 'aq', 'ds', 'io', 'gh', 'ij', 'bk']
['gn', 'cc', 'ap', 'eq', 'ew', 'cg', 'p', 'z', 'fo', 'it']
['dg', 'dr', 'gc', 'ff', 'kc', 'ct', 'es', 'cb', 'eg', 'km']
['cz', 'ab', 'ki', 'bi', 'bg', 'r', 'hb', 'im', 'bt', 'fd']
['gk', 'dp', 'du', 'bj', 'gz', 'bu', 'go', 'bw', 'ao', 'm']
['do', 'fv', 'ez', 'jh', 'jg', 'cl', 'fa', 'iw', 'cr', 'jz']
['jr', 'gg', 'iv', 'bo', 'fc', 'jm', 'en', 'bp', 'fy', 'jv']
['ft', 'gp', 'bl', 'dy', 'cm', 'gm', 'hg', 'k', 'ec', 'kl']
['dc', 'fk', 'fj', 'fm', 'ch', 'iu', 'n', 'iq', 'in', 'gj']
['bz', 'au', 'ae', 'ik', 'di', 'fs', 'ic', 'jo', 'dx', 'u']
['dn', 'cd', 'ek', 'ed', 'ag', 'jp', 'ak', 'w', 'gw', 'dl']
['q', 'aw', 't', 'gt', 'dt', 'bn', 'b', 'as', 'hc', 'y']