['Christyna', 'Alisun', 'Angelina', 'Charlot', 'Cathrine', 'Blinnie', 'Billy', 'Angie', 'Caroljean']
['Cami', 'Alix', 'Brandi', 'Cherise', 'Ardene', 'Bobby', 'Alyda', 'Bert', 'Annora', 'Bobbee']
['Carolina', 'Agace', 'Catherine', 'Christye', 'Beatrice', 'Auroora', 'Aeriel', 'Adoree', 'Abra']
['Ambur', 'Bride', 'Brandea', 'Ara', 'Catlaina', 'Catriona', 'Benetta', 'Aimil', 'Carole', 'Athena']
['Aliza', 'Chelsy', 'Abby', 'Berni', 'Anne', 'Agnola', 'Aile', 'Caron', 'Austina', 'Aveline']
['Cassondra', 'Caryn', 'Cherrita', 'Alanah', 'Ardeen', 'Cherye', 'Audy', 'Brier', 'Brandie', 'Anica']
['Benita', 'Asia', 'Alvira', 'Arlina', 'Bridgette', 'Bobinette', 'Arlie', 'Bethany', 'Bunny', 'Alicea']
['Candis', 'Barbey', 'Celestyn', 'Brigida', 'Cammy', 'Ariela', 'Calla', 'Barbaraanne', 'Caren', 'Almeda']
['Camella', 'Brandise', 'Cody', 'Carina', 'Blythe', 'Andrea', 'Chiarra', 'Anet', 'Bibbie', 'Bill']
['Bobette', 'Annadiane', 'Astrix', 'Charin', 'Chelsey', 'Berri', 'Athene', 'Anthiathia', 'Carolyn', 'Babs']
['Christel', 'Alys', 'Catharine', 'Belita', 'Aubine', 'Bertine', 'Charmion', 'Cele', 'Andree', 'Blancha']
['Alysa', 'Alikee', 'Christal', 'Bryna', 'Carri', 'Anallese', 'Charleen', 'Bliss', 'Bobbie', 'Brittaney']
['Arliene', 'Anastasia', 'Ada', 'Amabel', 'Berty', 'Adorne', 'Carmelita', 'Brigid', 'Cal', 'Belva']
['Ashlie', 'Caralie', 'Alice', 'Aili', 'Bobbye', 'Ashli', 'Berna', 'Calli']
['David', 'Candra', 'Aaren', 'Catlee', 'Bren', 'Anabal', 'Chiquia', 'Babara', 'Bernete', 'Alayne']
['Amanda', 'Carlynn', 'Allix', 'Cacilia', 'Amy', 'Babbette', 'Cariotta', 'Bess', 'Annabelle', 'Allissa']
['Babbie', 'Binni', 'Alissa', 'Penny', 'Ali', 'Amargo', 'Bamby', 'Augusta', 'Adelice']
['Carlye', 'Billie', 'Babita', 'Alexia', 'Alexandrina', 'Alexi', 'Betteann', 'Cammi', 'Carena', 'Anabelle']
['Annelise', 'Betty', 'Allegra', 'Catie', 'Casandra', 'Angela', 'Bonnee', 'Calida', 'Celestine', 'Charity']
['Carlyn', 'Babette', 'Carlee', 'Cesya', 'Callida', 'Caro', 'Barbra', 'Carmel', 'Alie', 'Casie']
['Aurore', 'Bessy', 'Camel', 'Brandy', 'Bunni', 'Andi', 'Agatha', 'Cheslie', 'Celie', 'Analiese']
['Ardella', 'Chanda', 'Bettine', 'Antoinette', 'Christan', 'Alverta', 'Ardra']
['Anastassia', 'Beverie', 'Angil', 'Annamaria', 'Blanche', 'Christabella', 'Alejandra', 'Betti', 'Cassy']
['Aurelea', 'Anni', 'Avis', 'Anjela', 'Barbabra', 'Carmine', 'Billi', 'Aubrette', 'Arlene', 'Ashlen']
['Berta', 'April', 'Cherilyn', 'Caril', 'Adelheid', 'Bellanca', 'Ailene', 'Bernadine', 'Addi']
['Andriana', 'Caryl', 'Angel', 'Charyl', 'Annabel', 'Carrissa', 'Bernardina', 'Anatola', 'Bernardine', 'Annabela']