['012', '022', '018', '010', '009', '003', '016', '017', '352', '374', '013', '371', '359', '020', '360', '008', '004', '001', '354', '002', '356', '361', '358', '007', '014']
['077', '087', '080', '089', '083', '082', '095', '093', '096', '098', '097', '084', '090', '075', '099', '078', '081', '079', '094', '085', '091', '092', '076', '315', '322']
['469', '472', '470', '467', '451', '453', '468', '466', '464', '462', '454', '199', '456', '473', '465', '459', '474', '187', '461', '460', '450', '463', '457', '181']
['163', '173', '157', '168', '167', '223', '171', '319', '306', '154', '212', '170', '206', '166', '308', '155', '156', '161', '169', '302', '151', '312', '224', '311', '318']
['119', '112', '103', '108', '104', '117', '113', '123', '109', '114', '373', '211', '105', '000', '102', '111', '121', '118', '122', '106', '107', '124', '110']
['304', '027', '049', '040', '320', '047', '035', '314', '048', '309', '036', '044', '030', '037', '310', '317', '045', '313', '324', '127', '041', '029', '025', '316', '031']
['068', '182', '005', '377', '247', '115', '058', '398', '185', '231', '396', '227', '024', '052', '196']
['436', '439', '427', '433', '440', '444', '445', '430', '425', '438', '441', '437', '428', '435', '448', '443', '431', '447', '449', '434', '426']
['233', '228', '244', '226', '242', '060', '229', '248', '238', '243', '234', '237', '249', '245', '241', '236', '225', '209', '232', '339', '235', '239', '210', '230', '240']
['400', '417', '421', '414', '424', '423', '405', '415', '419', '418', '406', '261', '403', '402', '412', '409', '410', '369', '411', '413', '367', '408', '422']
['477', '142', '476', '362', '481', '483', '366', '368', '363', '350', '499', '145', '135', '370', '353', '136', '357', '365', '149', '372', '355', '364', '480', '137']
['326', '347', '086', '407', '032', '088', '333', '420', '132', '126', '401', '144', '416', '349', '329', '133', '351']
['056', '484', '490', '455', '498', '492', '494', '485', '452', '496', '491', '493', '479', '489', '478', '051', '070', '063', '458', '487', '482', '061', '062', '495', '054']
['165', '305', '042', '158', '160', '033', '116', '043', '038', '172', '150', '159', '028', '174', '039', '152', '026', '034', '046', '429', '164', '432', '442']
['340', '336', '335', '345', '344', '342', '332', '334', '331', '338', '341', '337', '325', '330', '346', '328', '343', '327', '348', '246']
['059', '073', '146', '147', '139', '072', '141', '069', '129', '148', '130', '134', '057', '066', '053', '074', '143', '140', '071', '067', '055', '131', '128', '064', '065']
['307', '276', '100', '303', '015', '289', '250', '006', '323', '288', '275', '321', '296', '011', '471', '021', '376', '120', '019', '023']
['188', '153', '192', '190', '257', '177', '180', '446', '195', '184', '162', '183', '404', '189', '178', '197', '175', '176', '198', '179', '194', '193', '191', '186']
['292', '290', '283', '285', '295', '138', '282', '297', '293', '286', '294', '299', '291', '486', '298', '278', '279', '281', '488', '497', '287', '280', '284', '277']
['390', '379', '391', '386', '397', '399', '381', '393', '388', '378', '387', '395', '394', '389', '384', '380', '382', '392', '385', '383', '375']
['254', '269', '274', '262', '264', '265', '266', '270', '267', '259', '271', '255', '251', '253', '256', '252', '263', '258', '268', '273', '272', '260']
['218', '222', '221', '202', '300', '219', '205', '220', '213', '475', '204', '201', '301', '203', '101', '217', '200', '216', '215', '207', '214', '125', '050', '208']