['295', '344', '333', '349', '351', '210', '340', '334', '345', '293', '332', '341', '331', '305', '307', '342', '348', '306', '290', '336', '330', '298', '288', '303', '338', '350', '294', '301', '287', '291', '337', '299', '286', '292']
['216', '204', '202', '218', '201', '200', '211', '199', '217', '214', '198', '215', '206', '209', '219', '207']
['135', '70', '66', '412', '246', '134', '80', '151', '149', '150', '148', '146', '67', '85', '316', '78', '132', '152', '147', '143', '139', '153', '140', '138', '76', '141', '144', '136', '72', '145', '328', '133', '74', '73', '142', '69', '47', '335', '68', '83']
['203']
['265', '447', '272', '278', '273', '274', '281', '275', '300', '276', '269', '271', '385', '266', '86', '270', '17', '119', '4', '11', '3', '284', '82', '285', '398', '264', '84', '279', '280', '282', '8', '396', '77', '277', '397', '283', '267', '268', '479', '164']
['401']
['171', '40', '194', '32', '26', '39', '257', '186', '191', '182', '254', '184', '177', '23', '180', '99', '193', '43', '176', '37', '24', '42', '161', '31', '189', '190', '197', '195', '178', '30', '181', '302', '29', '247', '22', '192', '155', '25', '38', '160', '242', '79', '81']
['454', '118', '458', '111', '251', '256', '258', '129', '369', '124', '453', '131', '126', '128', '113', '116', '248', '127', '110', '130', '346', '444', '455', '122', '117', '255', '460', '260', '5', '244', '253', '250', '445', '120', '115', '261', '262', '459', '243', '125', '252', '249', '245']
['165', '187', '169', '159', '154', '167', '172', '173', '174', '168', '449', '156', '162', '158', '163', '170', '157', '166', '297', '175', '296']
['96', '109', '100', '91', '107', '88', '105', '89', '98', '102', '94', '90', '93', '104', '329', '97', '95', '228', '103', '106', '208', '212', '259']
['312']
['367', '362', '372', '352', '360', '354', '366', '368', '363', '18', '365', '356', '371', '353', '359', '357', '364', '440', '358', '237', '433']
['230', '222', '361', '314', '224', '229', '225', '227', '223', '52', '71', '231', '114', '241', '233', '236', '238', '232', '213', '434', '315', '220', '240', '263', '221', '339', '234']
['404', '417', '402', '416', '400', '405', '411', '408', '415', '413', '410', '407', '370', '406', '399']
['425', '436', '185', '428', '439', '318', '403', '319', '313', '311', '320', '437', '289', '418', '188', '421', '420', '426', '44', '308', '429', '427', '323', '317', '432', '423', '321', '438', '422', '430', '324', '327', '322', '435', '179', '463', '64', '46', '309', '325', '382', '347', '310']
['468', '112', '36', '33', '41', '465', '467', '471', '28', '469', '476', '386', '472', '419', '379', '482', '442', '480', '27', '475', '477', '226', '464', '474', '235', '137', '384', '466', '409', '75', '470', '456', '34', '443', '35', '478', '355', '343', '121', '123', '457', '87']
['394']
['59', '61', '49', '51', '196', '48', '56', '65', '54', '63', '53', '55', '92', '62', '50', '58', '373', '57', '60', '239', '45']
['16', '2', '21', '15', '101', '6', '9', '12', '0', '14', '19', '1', '20', '10', '13', '7']
['441', '388', '395', '431', '374', '377', '450', '483', '378', '389', '461', '448', '393', '414', '383', '481', '380', '392', '462', '391', '390', '387', '452', '376', '451', '375', '381', '304', '446', '326', '424', '108', '205']
['473']
['183']