['174', '244']
['1']
['154', '202']
['99']
['204']
['85']
['6', '151']
['207']
['8']
['209']
['112']
['38']
['12', '212', '4']
['13']
['80']
['215']
['193']
['17', '217', '128']
['18', '11']
['19', '57']
['44', '220']
['129', '221']
['22']
['23', '195']
['100', '203']
['219']
['26']
['227']
['131']
['229']
['94', '242']
['118', '231']
['232']
['143', '105']
['74', '92']
['52', '226']
['37', '230', '218']
['76', '237']
['238']
['239']
['40', '240']
['181']
['42', '14', '41', '55', '3']
['43']
['161']
['121']
['46']
['186', '233', '45']
['248']
['73', '249']
['50']
['169', '210']
['235']
['213']
['86']
['222', '20', '216']
['106']
['127']
['58']
['101']
['60']
['61']
['62']
['63']
['64']
['148']
['66']
['67']
['108', '72']
['69', '211']
['70']
['71']
['214']
['49']
['34']
['75']
['182']
['77']
['115']
['79']
['236']
['81']
['82']
['225']
['197']
['205']
['228']
['87']
['147']
['89', '198']
['90']
['138']
['120', '32']
['93']
['25']
['95']
['96']
['97', '9']
['176']
['33']
['116']
['59']
['102']
['179']
['29']
['123']
['56']
['107', '149']
['0', '48', '54', '243']
['180']
['110']
['165']
['10']
['113']
['188']
['78']
['132']
['130']
['31']
['119']
['184']
['208']
['122']
['139', '177']
['27']
['24']
['126']
['135', '168']
['183']
['83']
['117']
['28']
['47']
['133']
['134']
['141']
['136']
['137', '7']
['91']
['36']
['140']
['246']
['142']
['145']
['144']
['224']
['114']
['196']
['194']
['35']
['88']
['206']
['30', '98']
['153']
['65']
['51']
['156']
['160']
['158']
['159']
['247']
['152']
['162']
['163', '53']
['164']
['111']
['166']
['167']
['200']
['155', '185']
['170']
['178']
['172']
['173', '245', '223']
['103']
['175']
['39']
['5']
['171']
['124']
['109']
['241']
['15']
['192']
['234']
['104']
['125']
['187']
['146']
['189']
['190']
['191']
['68']
['16']
['157']
['2']
['150']
['84', '201']
['21']
['199']