['Kierra', 'Amelia', 'Fiona', 'Cristal', 'Haleigh', 'Justine', 'Savanna', 'Delaney', 'Kirsten', 'Alina']
['Kayleigh', 'Marina', 'Angela', 'Carlie', 'Linda', 'Hallie', 'Tiana', 'Sylvia', 'Tyra', 'Alanna']
['Bethany', 'Gabriella', 'Lydia', 'Maggie', 'Tiffany', 'Lesly', 'Cassie', 'Ashlynn', 'Cara', 'Heidi']
['Gina', 'Ariel', 'Marlene', 'Makenzie', 'Julianna', 'Alejandra', 'Genesis', 'Gillian', 'Kathleen', 'Helen']
['India', 'Cassandra', 'Sonia', 'Tianna', 'Leah', 'Liliana', 'Katie', 'Brandy', 'Elisabeth', 'Jayden']
['Valerie', 'Yesenia', 'Danielle', 'Cameron', 'Kiersten', 'Martha', 'Malia', 'Amber', 'Kailee', 'Nora']
['Kristin', 'Erica', 'Kaitlynn', 'Kyra', 'Michaela', 'Marisa', 'Lacey', 'Anne', 'Jaclyn', 'Taryn']
['Sierra', 'Rylee', 'Genevieve', 'Piper', 'Alana', 'Dakota', 'Kaylin', 'Abbey', 'Rhiannon', 'Tayler']
['Jade', 'Kylie', 'Gabriela', 'Amy', 'Carrie', 'Angie', 'Leslie', 'Cheyenne', 'Lindsey', 'Elaina']
['Andrea', 'Miranda', 'Jayda', 'Kelly', 'Felicity', 'Phoebe', 'Jordan', 'Maddison', 'Colleen', 'Mikayla']
['Virginia', 'Summer', 'Daniela', 'Litzy', 'Kasey', 'Hope', 'Kaitlin', 'Tia', 'Daniella', 'Janet']
['Anahi', 'Luz', 'Hanna', 'Peyton', 'Ellie', 'Carley', 'Karla', 'Layla', 'Tyler', 'Tatiana']
['Macey', 'Madeleine', 'Brooke', 'Alison', 'Carissa', 'Viviana', 'Isabelle', 'Krista', 'Kassandra', 'Kenya']
['Pamela', 'Ariana', 'Karina', 'Angelina', 'Cassidy', 'Anastasia', 'Zoey', 'Elise', 'Melanie', 'Kyla']
['Nia', 'Alaina', 'Jordyn', 'Lauryn', 'Ruby', 'Brenna', 'Sandra', 'Amaya', 'Annie', 'Marilyn']
['Brittany', 'Desiree', 'Sofia', 'Aaliyah', 'Brittney', 'Dana', 'Kamryn', 'Evelyn', 'Tierra', 'Amari']
['Vanessa', 'Diana', 'Diamond', 'Kimberly', 'Esperanza', 'Shayla', 'Renee', 'Shyanne', 'Madalyn', 'Carolyn']
['Jacqueline', 'Rebekah', 'Karen', 'Kara', 'Raven', 'Christine', 'Kristina', 'Hailee', 'Annabelle', 'Hayley']
['Naomi', 'Charity', 'Cynthia', 'April', 'Ava', 'Ashlee', 'Lizbeth', 'Brooklyn', 'Emely', 'Jacquelyn']
['Caroline', 'Audrey', 'Alexia', 'Adrianna', 'Ella', 'Margaret', 'Skye', 'Courtney', 'Kylee', 'Larissa']
['Faith', 'Sasha', 'Makayla', 'Allyson', 'Zaria', 'Paulina', 'Madeline', 'Theresa', 'Emilie', 'Mariah']
['Gabrielle', 'Kiana', 'Johanna', 'Kassidy', 'Jillian', 'Mary', 'Shelby', 'Alexandria', 'Regan', 'Katelyn']
['Hunter', 'Caitlyn', 'Nina', 'Kate', 'Kelsie', 'Alicia', 'Shannon', 'Yasmine', 'Jasmin', 'Lorena']
['Jessie', 'Bianca', 'Carly', 'Asia', 'Aubrey', 'Chyna', 'Eden', 'Eleanor', 'Monica', 'Perla']
['Gisselle', 'Carolina', 'Catherine', 'Camille', 'Whitney', 'Paola', 'Cheyanne', 'Kelsey', 'Sabrina', 'Celeste']
['Melissa', 'Ciara', 'Leilani', 'Natalia', 'Carmen', 'Jaqueline', 'Ivy', 'Sharon', 'Vivian', 'Bailey']
['Kaylee', 'Tessa', 'Brenda', 'Valeria', 'Janelle', 'Kira', 'Guadalupe', 'Alice', 'Claudia', 'Nadia']
['Gloria', 'Erika', 'Abby', 'Maya', 'Jenny', 'Tiara', 'Marie', 'Adrienne', 'Zoe', 'Julissa']
['Trinity', 'Imani', 'Rose', 'Kailey', 'Priscilla', 'Paige', 'Christina', 'Tamia', 'Paris', 'Miracle']
['Caitlin', 'Madyson', 'Mya', 'Joy', 'Riley', 'Clarissa', 'Irene', 'Noelle', 'Chelsey', 'Angelique']
['Kali', 'Lucy', 'Rosa', 'Tabitha', 'Wendy', 'Destinee', 'Eliana', 'Alayna', 'Bailee', 'Clare']
['Cierra', 'Adriana', 'Kaleigh', 'Patricia', 'Ana', 'Kiara', 'Madelyn', 'Julianne', 'Avery', 'Jazmin']
['Ellen', 'Ayanna', 'Ashlyn', 'Rachael', 'Alondra', 'Denise', 'Cindy', 'Macy', 'Claire', 'Bryanna']
['Jayla', 'Elisa', 'Dominique', 'Jenna', 'Lily', 'Casey', 'Giselle', 'Angel', 'Autumn', 'Tori']
['Breanna', 'Haylee', 'Sidney', 'Jocelyn', 'Natasha', 'Erin', 'Mikaela', 'Lilly', 'Sara', 'Jane']
['Payton', 'Lillian', 'Kendall', 'Mckenzie', 'Miriam', 'Mariana', 'Brooklynn', 'Mckayla', 'Meghan', 'Alissa']
['Addison', 'Crystal', 'Yasmin', 'Eve', 'Logan', 'Mckenna', 'Harley', 'Arianna', 'Kiley', 'Tatum']
['Briana', 'Katlyn', 'Camryn', 'Nancy', 'Cecilia', 'Emilee', 'Isabel', 'Katelynn', 'Lindsay', 'Josie']
['Jada', 'Teresa', 'Madisyn', 'Elena', 'Tania', 'Georgia', 'Kaila', 'Karissa', 'Felicia', 'Alyson']
['Laura', 'Skylar', 'Serenity', 'Esther', 'Mercedes', 'Deja', 'Iris', 'Regina', 'Barbara', 'Lesley']
['Raquel', 'Makenna', 'Cristina', 'Katrina', 'Monique', 'Bridget', 'Melina', 'Molly', 'Heather', 'Callie']
['Ann', 'Ashton', 'Tara', 'Jazmine', 'Deborah', 'Meagan', 'Melody', 'Precious', 'Marissa', 'Alisha']
['Susan', 'Angelica', 'Athena', 'Joanna', 'Josephine', 'Sophie', 'Brandi', 'Jamie', 'Tamara', 'Aileen']
['Veronica', 'Kennedy', 'Holly', 'Talia', 'Charlotte', 'Baylee', 'Kaley', 'Kendra', 'Ashleigh', 'Eliza']
['Clara', 'Chelsea', 'Britney', 'Gianna', 'Carla', 'Sage', 'Macie', 'Sadie', 'Lucia', 'Sydnee']
['Aurora', 'Daisy', 'Skyler', 'Juliana', 'Shania', 'Chasity', 'Allie', 'Deanna', 'Alma', 'Madelynn']
['Aliyah', 'Kristen', 'Mallory', 'Fatima', 'Lisa', 'Reagan', 'Krystal', 'Halle', 'Serena', 'Heaven']
['Mia', 'Kathryn', 'Michelle', 'Meredith', 'Devin', 'Brisa', 'Cora', 'Alexus', 'Alexa', 'Mayra']
['Lexi', 'Annika', 'Selena', 'Gracie', 'Eva', 'Ruth', 'Marisol', 'Kiera', 'Nichole', 'Arielle']
['Francesca', 'Julie', 'Esmeralda', 'Jaden', 'Tatyana', 'Kaylie', 'Breana', 'Kelli', 'Janae', 'Toni']