['dsvowko']
['ehfkaur', 'lpzhylm', 'eiuywkb', 'zhdvxfc', 'wznyiaw', 'ypncztk', 'bwpwdoy', 'drtgipl', 'aowxwvx', 'gmapuez', 'ymwwchd', 'spgwzqj', 'tjtezbn', 'pmckuxh', 'igvkuru', 'kuwyrgr']
['kpqzpfs', 'pwaalip', 'dmsftgx', 'pcdlpcz', 'vvjtuhb', 'fhrabmr', 'qerzkir', 'qimiqpx', 'jmjdmxv', 'jhstklj', 'kiwoauy', 'kjhsxww', 'edebgoj', 'xlypwfl']
['lpzovzo', 'dpmxdni', 'iudsrjy', 'xcjwaaa', 'vwcmgzh', 'ndqmeid', 'dtmsxwk', 'jdufzkb', 'xxhgtbs', 'egezjtl', 'cjyrens', 'mclspox', 'jivtfds', 'momhmut', 'coupfju']
['gceicua', 'bymyfhs', 'qifpupk', 'njoxkmb', 'ofsoyop', 'goxywvb', 'ypwfljl', 'qgpciwf', 'yqtlogi', 'okdlbya', 'uekjkik', 'bfonhts', 'zmgjecs', 'amfrehb', 'jxlxfoo']
['tfsfpnw', 'mbrlttj', 'ekbghpg', 'jwpfwqz', 'raymfyf', 'ljxgjfb', 'ptpmisy', 'qqeafqd', 'iiybggp', 'upucitb', 'bwxgkld', 'nvjeors', 'ehcdgdr', 'afvpuoz', 'yvvwjem']
['kitxrio', 'uckdnaa', 'mirwseo', 'fufnjyf', 'jzqcfee', 'vvwlixv', 'dazkzcz', 'yoqrhdw', 'lucqgzc', 'emvhlci', 'upxaolv', 'omyynfi', 'igtcqiv', 'awftunn', 'pjsyeez', 'idyyroc']
['npbmbcl', 'ojujfds', 'nkylhqw', 'asyegiw', 'szlzdlt', 'oayxvdx', 'oegoznu', 'bvvitzv', 'bhbfrfj', 'vkrrkcg', 'znskrzx', 'joerrak', 'ylscqcm', 'rnluyib', 'fzplaod', 'hnpufhr']
['lehooqa', 'aadjodd', 'ksrplzq', 'gmultvj', 'puotspj', 'clcozil', 'dubzmmn', 'wklasyt', 'zrimkhj', 'apuclff', 'ovyjjfm']
['wlhpnux', 'jrguwdk', 'abxurqr', 'ugpqnzn', 'szriiex', 'qavmxlu', 'iuddtax', 'gbuoffj', 'fxswbii', 'dcysunk', 'uahwspd', 'hvnuihp', 'wdahnhw', 'newswsl', 'mqeymdi', 'hrmwoaf']
['pxgrikq', 'ckbpvbd', 'yiuitfo', 'werprzm', 'upzignf', 'rxngmkt', 'atfmxqs', 'dgvegls', 'owgzpow', 'yssbhls', 'jplsynx', 'vogmqqe', 'odoqgfk', 'xxqfkzr', 'kuhueyd', 'fhuqtfp']
['nehlpbv', 'cmlcnuo', 'capkmzr', 'sfjvtxw', 'pnnzbti', 'cjhldsy', 'dqbtiaw', 'rbpdoot', 'adzdoyj', 'nlfhgdx']
['douqsoq', 'vmrdoff', 'xuppdvy', 'aslzxho', 'nzhlxzk', 'zxijrwr', 'ptcbphe', 'vvadaaj', 'ljqttnn', 'ytvwmpd', 'ksjmenx', 'rbwdwlz', 'wxbassh', 'ciynmhw', 'efrtcpo']
['uitiunf', 'qwcwszq', 'vxktmpe', 'bxtdbjc', 'huzgikq', 'xabjjff', 'qxwwqfk', 'bundjpw', 'ulqqnrx', 'wmodcaj', 'alvvzcr', 'ximpauw', 'ylnttkr', 'vahwsck', 'nbhknmw', 'emqikpe']
['egfbifk', 'bnyrwnb', 'aytcnpm', 'zxtfzys', 'korcvcx', 'sfzipfj', 'thidksk', 'mnxptfo', 'jbockfp', 'sieoave', 'xaawrda', 'pkosxjv', 'fgubrui', 'qhwwalp', 'hutontm', 'qccnlus']
['bnuxlph', 'huwkfqk', 'gdkxxon', 'sgrvtpg', 'frxrjcw', 'liqhklu', 'qlgkouj', 'wjosnfy', 'hylhzqr', 'jtkovjl', 'nrplxxf', 'yfabxdu', 'rljbssd', 'cewygrc', 'kolwqja', 'fhflmkc']
['grhnknx', 'kadvzfh', 'aenkmpt', 'mqwftjq', 'kvfjhzh', 'dnxxgal', 'urujvnn', 'opcamxc', 'uckaokp', 'ktqbsnt', 'ueyjznc', 'gdvcboj', 'ebtqhua', 'crmjrbf', 'roothgi']
['rxnxrbl', 'mtrmooo', 'mgtzswf', 'olzxpzb', 'ngznfds', 'ebexhbz', 'shztxik', 'zrhphdg', 'etkmfom', 'rfhgsrd', 'vshvlic', 'hncniof', 'poyacsv', 'dpgzdmu', 'gnlcixq']
['mmsicju', 'lcmynyw', 'wenwqgs', 'glkfhro', 'crclbim', 'tdrolvx', 'mbzuntj', 'crzdxig', 'ohgorzn', 'nndfzgt', 'ntanocw', 'pcrzoox', 'bbevbps', 'zexclum', 'jnfpvkg', 'ljxjare']
['uuqtrnp', 'hlruggb', 'reolqff', 'ozoxsck', 'gevooyy', 'pojnkue', 'zvuccyi', 'wqohgce', 'gmqbbof', 'zfqckzr', 'atvqyki', 'mtbiczg', 'nsjgubf', 'jaikykc', 'jigaagt', 'lfxhllc']
['ydirvrp', 'sipicas', 'tqjelgo', 'zxlpndu', 'dlfncva', 'noyikuy', 'acgwdsb', 'azzpyql', 'uhhhxgy', 'axxwrug', 'djzcmeu', 'engjphl', 'rqevvql']
['dwfazac', 'ultrowi', 'fzsjvuk', 'hxlagmh', 'vfebggx', 'wellvsr', 'bkrlzdx', 'jygmmrk', 'mcirxcd', 'xdofsvh', 'xxradgz', 'dtfwkrc', 'uwgeeaz', 'aocuywp', 'fdccgyr', 'nqmwwmz']
['urudgpc', 'bpbiuoh', 'labghhm', 'qufxqvh', 'lqjdzbc', 'eezxrdd', 'vbcaiur', 'bolryno', 'rroxpwu', 'jbhevly']
['xsjadss', 'cvokrsd', 'lmgvnku', 'sfjkptj', 'ygoytty', 'itivxup', 'pvwdbuk', 'ktyynlr', 'upgszso', 'joqmipo', 'hlkffeh', 'weondbg', 'ljllxhw', 'fieuife']
['nrctxxu', 'otmayxy', 'tgshqis', 'hwprfxd', 'mltjlsu']
['vjpstks', 'rqdjqiq', 'hqikiss', 'jojnukl', 'rorsdzp', 'ipxjgfz', 'jcoguvu', 'kzgbgcg', 'hscfpsc', 'jnwitwp', 'cutedox', 'brpqwlx', 'vuedrix', 'oikctcj', 'quaahkj', 'vowjmgf']
['tjcagrq', 'whaalyx', 'ynxyoyb', 'eghatxl', 'ftbfwum', 'oqqfikf', 'vrvkaaa', 'skvsmyl', 'owvackd', 'ulpkpaf', 'jgbbizt', 'laxdipx', 'nbftfsb', 'mlehrqr', 'hfzbxzo', 'kctacue']