['WillBarton', 'GaryHarris']
['JusufNurkic', 'DwightPowell']
['ShelvinMack', 'WesleyIwundu']
['PJTucker', 'AmirJohnson']
['BamAdebayo', 'KellyOlynyk']
['MarkieffMorris', 'JustiseWinslow']
['MarcGasol', 'MarioChalmers']
['IsaiahTaylor', 'TaureanWallerPrince']
['JamesJohnson', 'DionWaiters']
['MalcolmDelaney', 'MikeMuscala']
['KhrisMiddleton', 'GiannisAntetokounmpo']
['WillieCauleyStein', 'ZachRandolph']
['JaylenBrown', 'DanielTheis']
['JJBarea', 'DirkNowitzki']
['KyrieIrving', 'MalcolmBrogdon']
['MarcusSmart', 'AronBaynes']
['PatrickMcCaw', 'AndreIguodala']
['ThonMaker', 'SterlingBrown']
['SemiOjeleye', 'MarcusMorris']
['NemanjaBjelica', 'AndrewWiggins']
['ShabazzMuhammad', 'KarlAnthonyTowns']
['AllenCrabbe', 'TylerZeller']
['DeMarreCarroll', 'RondaeHollisJefferson']
['TajGibson', 'JimmyButler']
['DarrenCollison', 'JamalCrawford']
['CarisLeVert', 'EricBledsoe']
['LeBronJames', 'SkalLabissiere']
['JonasValanciunas', 'GorguiDieng']
['BuddyHield', 'JoeHarris']
['ShaunLivingston', 'DenzelValentine']
['GoranDragic', 'AnthonyDavis']
['DwightHoward', 'KembaWalker']
['RajonRondo', 'DariusMiller']
['NicolasBatum', 'DeMarcusCousins']
['QuincyAcy', 'SpencerDinwiddie']
['MichaelKiddGilchrist', 'FrankKaminsky']
['DejounteMurray', 'DeAaronFox']
['KyleLowry', 'DeMarDeRozan']
['MalikMonk', 'TreveonGraham']
['MichaelCarterWilliams', 'CourtneyLee']
['TylerUlis', 'KyleKorver']
['JamesEnnis', 'DeyontaDavis']
['CarmeloAnthony', 'RaymondFelton']
['KristapsPorzingis', 'EnesKanter']
['DAngeloRussell', 'JarrettAllen']
['ZachCollins', 'CJMcCollum']
['SamDekker', 'ETwaunMoore']
['KrisDunn', 'BismackBiyombo']
['LaMarcusAldridge', 'ManuGinobili']
['StevenAdams', 'RussellWestbrook']
['TJWarren', 'AlexLen']
['MauriceHarkless', 'AlFarouqAminu']
['DennisSmith', 'DevinHarris']
['PatrickPatterson', 'JeramiGrant']
['TimHardaway', 'FrankNtilikina']
['JaeCrowder', 'KevinLove']
['JoshHuestis', 'AlexAbrines']
['TerryRozier', 'AndreRoberson']
['JoseCalderon', 'TristanThompson']
['JohnCollins', 'DewayneDedmon']
['MarioHezonja', 'AaronGordon']
['OttoPorter', 'JodieMeeks']
['JamesHarden', 'NeneHilario']
['LukeKennard', 'NikolaVucevic']
['ChrisPaul', 'TrevorAriza']
['TylerJohnson', 'WayneEllington']
['DwyaneWade', 'JRSmith']
['BenSimmons', 'RobertCovington']
['PaulGeorge', 'JeffTeague']
['SalahMejri', 'MaxiKleber']
['HassanWhiteside', 'ElfridPayton']
['TJMcConnell', 'DarioSaric']
['NikolaJokic', 'WilsonChandler']
['JJRedick', 'HarrisonBarnes']
['LarryNance', 'JamalMurray']
['RobinLopez', 'LauriMarkkanen']
['ReggieBullock', 'ReggieJackson']
['PaulMillsap', 'MasonPlumlee']
['JakobPoeltl', 'SergeIbaka']
['CediOsman', 'EricGordon']
['AndreDrummond', 'AveryBradley']
['CristianoFelicio', 'PaulZipser']
['StanleyJohnson', 'AlJefferson']
['RudyGobert', 'RodneyHood']
['EkpeUdoh', 'AlecBurks']
['TobiasHarris', 'JoshHart']
['IanClark', 'NikolaMirotic']
['JaredDudley', 'TysonChandler']
['DevinBooker', 'DraganBender']
['LangstonGalloway', 'TomasSatoransky']
['ShabazzNapier', 'DamianLillard']
['KevinDurant', 'KlayThompson']
['DraymondGreen', 'NickYoung']
['EdDavis', 'EvanTurner']
['JasonTerry', 'JabariParker']
['ClintCapela', 'LucMbahaMoute']
['ErsanIlyasova', 'MarcoBelinelli']
['JustinHoliday', 'JerianGrant']
['ZazaPachulia', 'DavidWest']
['DennisSchroder', 'KentBazemore']
['JeffGreen', 'AlHorford']
['TonySnell', 'JohnHenson']
['BrookLopez', 'KentaviousCaldwellPope']
['JoelEmbiid', 'JerrydBayless']
['TyusJones', 'MarqueseChriss']
['JarrettJack', 'JustinJackson']
['TimotheLuwawuCabarrot', 'RichaunHolmes']
['PatConnaughton', 'FredVanVleet']
['StephenCurry', 'LouWilliams']
['JoshRichardson', 'JaysonTatum']
['DonovanMitchell', 'PattyMills']
['PauGasol', 'KyleAnderson']
['KostaKoufos', 'BogdanBogdanovic']
['CoryJoseph', 'VictorOladipo']
['LanceThomas', 'MichaelBeasley']
['JrueHoliday', 'DanteCunningham']
['KyleOQuinn', 'DougMcDermott']
['DillonBrooks', 'TyrekeEvans']
['BrynForbes', 'DavisBertans']
['DannyGreen', 'RudyGay']
['GeorgeHill', 'GarrettTemple']
['JeremyLamb', 'MarvinWilliams']
['AustinRivers', 'DeAndreJordan']
['WesleyJohnson', 'PascalSiakam']
['MontrezlHarrell', 'BlakeGriffin']
['DelonWright', 'JameerNelson']
['CJMiles', 'OGAnunoby']
['MilosTeodosic', 'SindariusThornwell']
['BobbyPortis', 'DavidNwaba']
['IshSmith', 'AnthonyTolliver']
['RyanAnderson', 'GeraldGreen']
['JoeIngles', 'RickyRubio']
['BrandonIngram', 'LonzoBall']
['TorreyCraig', 'ThaddeusYoung']
['DerrickFavors', 'RoyceONeale']
['KyleKuzma', 'JonasJerebko']
['JordanClarkson', 'CoreyBrewer']
['JoshJackson', 'TroyDaniels']
['TreyLyles', 'EmmanuelMudiay']
['JonathonSimmons', 'BradleyBeal']
['DomantasSabonis', 'YogiFerrell']
['JarellMartin', 'JaMychalGreen']
['IanMahinmi', 'MarcinGortat']
['KellyOubre', 'JuliusRandle']
['MylesTurner', 'JoeYoung']
['MikeScott', 'JohnWall']
['BenMcLemore', 'AndrewHarrison']
['LanceStephenson', 'BojanBogdanovic']
['DJAugustin', 'EvanFournier']
['WesleyMatthews']