['Fredrick', 'Milton', 'Gregory', 'Joshua', 'Weldon', 'Frank', 'Leola']
['Megan', 'Cathleen', 'Kelvin', 'Desiree', 'Heidi', 'Jeffrey', 'Cindy']
['Delia', 'Dennis', 'Elvera', 'Vera', 'Marion', 'Edwin', 'Houston']
['Shirley']
['Gary', 'Emilee', 'Jeffery', 'Kyle', 'Johnnie', 'Maureen', 'Timothy']
['Levi', 'Kristine', 'Krista', 'Ethel', 'Claire', 'Lester', 'Jayne']
['Alex']
['Cynthia']
['Robin']
['Bonita', 'Anita', 'Sulema', 'Martin', 'Cara', 'Kenny', 'Carlos']
['Isaac', 'Judith', 'Vanessa', 'David', 'Eric', 'Minnie', 'Tiara']
['Sally']
['Mavis']
['Dan', 'Melvin', 'Roy', 'Sheldon', 'Erik', 'Ladonna', 'Rachel']
['Jerome']
['Joy', 'Crystal', 'Jason', 'Victoria', 'Lexie', 'Stacy', 'Philip']
['Irene', 'Jennifer', 'Nancy', 'Wilfredo', 'Patrice', 'Lucille', 'Bernard']
['Ivan', 'Johnathan', 'Andrea', 'Mario', 'Billie', 'Nellie', 'Deborah']
['Rory', 'Lucy', 'Randy', 'Mildred', 'Sarah', 'Hilton', 'Marie']
['Melanie', 'Martha', 'Catherine', 'Vance', 'Betty', 'Danielle', 'Theresa']
['Kathleen']
['Iris', 'Lawrence', 'Anna', 'Marcus', 'Brooks', 'Lorene']
['Mona', 'Lakesha', 'Lowell', 'Esta', 'Dewayne', 'Gilbert', 'Carl']
['Christopher', 'Derrick', 'Jean', 'Roberto', 'Dorothy', 'Monica', 'Tom']
['Joel']
['Ashley', 'Austin', 'Steve', 'Brittany', 'Vickie', 'Pat', 'Randall']
['Frida', 'Claudia', 'Stephen', 'Marybeth', 'Walter', 'Bobby', 'Lidia']
['Kristina', 'Marla', 'Evan', 'Raymond', 'Louis', 'Wade', 'Craig']
['Jeanette', 'Doretha', 'Trenton', 'Maryann', 'Jeremy', 'Melony', 'Daphne']
['Mireya']
['Lottie']
['Bernice']
['Tammy']
['Maxine']
['Hillary']
['Jodi']
['Donna']
['Fletcher']
['Peggy', 'Hildegard', 'Gail', 'Cyndy', 'Mark', 'Robert', 'Ricardo']
['Margaret', 'Lauren', 'Patsy', 'Carina', 'Russel', 'Kurt', 'Phyllis']
['Rod']
['Tracy']
['Harold', 'Cedric', 'Rafael', 'Gale', 'Raquel', 'Brandon', 'Tabatha']
['Sam', 'Angel', 'Noma', 'Stanley', 'Gerald', 'Alice', 'Maria']
['Karen']
['Janet', 'Clyde', 'Abdul', 'Annie', 'Kim', 'Pearl', 'Casandra']
['Rocio']
['Eduardo']
['Fay']
['Lorena']
['Dawn']
['Guadalupe']
['Damian', 'Jonathan', 'Vicky', 'Carolyn', 'Evelyn', 'Joe', 'Pauline']
['Lorenzo']
['Lydia']
['Julius', 'Sheila', 'Chris', 'Shawna', 'Olive', 'Latonya', 'Paul']
['Sandra', 'Elizabeth', 'Jewel', 'Miriam', 'Kristen', 'Daniel', 'Gladys']
['Arthur', 'Tomas', 'Tim', 'Lela', 'Newton', 'Mamie', 'Michelle']
['Alan', 'Carroll', 'Eva', 'Beverly', 'Phillip', 'Jammie', 'Dwayne']
['Josephine', 'Grace', 'Luis', 'Shelly', 'Ella', 'Thomas']
['Marta', 'Charlotte', 'Carla', 'Dottie', 'Renee', 'Juan', 'Roger']
['Mae']
['George', 'Harriet', 'Rena', 'Toni', 'Corinne', 'Frances', 'Barbara']
['Rick', 'Regina', 'Justine', 'Felipe', 'Cameron', 'Clara', 'Michael']
['Lori', 'Arturo', 'Wanda', 'Reggie', 'Virgie', 'Ada', 'Allen']
['Emerson', 'Debbie', 'Jami', 'Mary', 'Colleen', 'Katie', 'Oscar']
['Cheri', 'Hazel', 'Peter', 'Ronald', 'Antonio', 'Esther', 'Alberta']
['Josie']
['Lillie', 'Sharon', 'Anthony', 'Julia', 'Chester', 'Horace', 'Harriett']
['Harry']
['Alvin']
['Edward']
['Fred', 'John', 'Earl', 'Vicente', 'Jewell', 'Andre', 'Donald']
['Matilda', 'Teresa', 'Carmen', 'Samuel', 'Diane', 'Carrie', 'Merle']
['Sheryl', 'Antonietta', 'William', 'Kimberly', 'Lacey', 'Porfirio', 'Benjamin']
['Eunice']
['Helen']
['Bernie']
['Debra']
['Colin', 'Maybell', 'Ray', 'Barry', 'Geraldine', 'Adrian', 'Hugo']
['Devon', 'Beatrice', 'Jonathon', 'Lizzie', 'Antoinette', 'Dolores', 'Curtis']
['Aron', 'Octavia', 'Myra', 'Katherine', 'Norma', 'Clifford', 'Gene']
['Christiana', 'Byron', 'Henry', 'Erica', 'Christine', 'Warren', 'Shaun']
['Kelly']
['Tonya']
['Marge']
['Tanya']
['Stephanie']
['Carole', 'Ruthie', 'Bernadette', 'Victor', 'Zachary', 'Richard', 'Marjorie']
['Deandre']
['Kenneth', 'Joseph', 'Rueben', 'Leigh', 'Hector', 'Melissa', 'Ralph']
['Ruth', 'Jane', 'Brian', 'Carlton', 'Tommie', 'Katrina', 'Louise']
['Amanda', 'Sara', 'Albert', 'Dena', 'Jeff', 'Nathaniel', 'Doris']
['Gloria']
['Justin', 'Lucia', 'Cleo', 'Lisa', 'Thelma', 'Steven', 'Shawn']
['James']
['Mitchell', 'Beatriz', 'Rebecca', 'Quentin', 'Shante', 'Aileen', 'Patricia']
['Virginia', 'Jerry', 'Barbra', 'Ernest', 'Pamela', 'Terry', 'Carol']
['Gerard']
['Erma']
['Jacqueline']
['Shane', 'Darryl', 'Cesar', 'Gordon', 'Anne', 'Jessie']
['Patrick']
['Mei']
['Bessie']
['Susan', 'Roberta', 'Paula', 'Janice', 'Nicholas', 'Cheryl', 'Mari']
['Johnny', 'Emily', 'Heather', 'Argentina', 'Brett', 'Adam', 'Christian']
['Kathryn', 'Kathryne', 'Larry', 'Tommy', 'Douglas', 'Brenda', 'Arline']
['Rhonda']
['Scotty']
['Samantha']
['Bruce', 'Julie']
['Loretta']
['Salvatore']
['Joyce']
['Darrin', 'Jasmine', 'Todd', 'Jessica', 'Blanche', 'Kelli', 'Manuel']
['Isabelle']
['Jim']
['Charles']
['Joan']
['Linda']
['Matthew', 'Lena', 'Kay', 'Leo', 'Alonzo', 'Laurie', 'Wilbur']
['Laura', 'Ericka', 'Esperanza', 'Keith', 'Matt', 'Molly', 'Ted']
['Chelsea']