['159']
['14', '167', '163', '92', '161', '165', '156', '164', '162', '166']
['42', '203', '10', '200', '93', '204', '94', '201', '84']
['170', '68', '169', '172', '168', '173', '174']
['148', '248', '149', '26', '29', '147', '145', '146', '27', '143']
['5', '0', '2']
['199', '195', '197']
['25', '33', '31', '30', '38']
['91', '89', '88', '120', '124', '1', '90', '11', '122', '87']
['66', '123', '209', '218', '121', '219']
['65', '210', '224', '180', '177', '223', '211', '222', '221', '220']
['51', '8', '52', '53', '6', '50', '7', '54']
['4']
['107', '108', '35', '186', '189', '32', '178', '110', '179']
['132', '134', '133', '171', '144', '34', '131', '138']
['15', '176', '175', '12', '13', '17', '16']
['205', '117', '136', '192', '41', '128', '40', '39', '202', '37']
['242']
['99', '97', '98', '157', '96', '215', '160', '217', '95']
['60', '76', '58']
['22', '21', '9', '140', '23', '19', '137', '18', '20', '141']
['59', '70', '72', '73', '74', '69', '71', '57']
['24', '183', '182', '181', '142', '184', '185']
['100', '118', '104', '158', '103', '105', '101', '102', '111']
['85', '247', '243', '83', '244', '246', '245', '249', '82', '81']
['45', '46', '48', '49', '47', '44', '43', '36']
['227', '229', '230', '226', '86', '125', '78', '228', '225', '79']
['61', '190', '64', '187', '191', '63', '56', '62', '55', '188']
['208', '207', '206']
['130']
['106']
['232', '233', '234', '231', '235']
['113']
['153', '135', '155', '193', '151', '196', '154', '152', '194', '150']
['67']
['3']
['116', '114']
['77', '28', '127', '126', '80', '129', '75']
['115', '239', '237', '112', '198', '139', '238', '240', '236', '241']
['109', '119', '214', '216', '212', '213']