['182', '131', '90', '135', '180', '172', '66', '169', '230', '50', '103']
['86', '209', '145', '88', '94', '183', '436', '210', '133', '416', '407', '84']
['2', '47', '92', '35', '0', '5', '34', '40', '18', '39', '29', '7']
['178', '115', '228', '74', '245', '333', '165', '122', '104', '344']
['479', '451', '476', '465', '495', '485', '486', '454', '499', '490', '457', '488']
['285', '266', '320', '127', '301', '99', '336', '497', '181', '291', '303']
['201', '37', '31', '4', '102', '130', '15', '69', '171', '198', '110', '20']
['49', '24', '11', '44', '10', '30', '28', '1', '32', '45', '17', '16']
['129', '53', '192', '236', '188', '493', '496', '118', '487', '482', '478', '195']
['377', '216', '363', '56', '382', '388', '379', '111', '354', '376', '398', '391']
['173', '385', '361', '190', '142', '370', '239', '378', '352', '371', '360']
['369', '387', '393', '351', '374', '362', '394', '373', '367', '366', '356', '375']
['12', '57', '43', '147', '98', '237', '14', '46', '108', '100', '48', '156']
['132', '58', '466', '148', '472', '481', '467', '463', '464', '150', '475', '480']
['51', '21', '241', '96', '81', '199', '191', '203', '65', '95', '136', '134']
['55', '105', '52', '112', '73', '70', '80', '89', '219', '71']
['121', '213', '106', '139', '193', '444', '421', '117', '426', '244', '456', '214']
['38', '62', '247', '3', '197', '204', '123', '93', '9', '152', '223', '60']
['419', '414', '447', '445', '408', '423', '405', '443', '435', '441', '438', '406']
['253', '294', '271', '282', '279', '268', '298', '281', '274', '299', '267', '277']
['155', '114', '163', '68', '221']
['461', '450', '160', '474', '246', '498', '459', '78', '492', '455', '494', '452']
['196', '67', '175', '157', '202', '146', '231', '158', '113', '109', '176', '234']
['23', '233', '437', '415', '64', '484', '224', '101', '59', '206', '144', '143']
['76', '87', '225', '462', '278', '275', '154', '168', '286', '273', '263', '250']
['125', '138', '116', '205', '164', '124', '226', '243']
['265', '258', '251', '296', '259', '276', '290', '257', '289', '293', '283', '262']
['272', '260', '284', '261', '207', '252', '295', '297', '254', '120', '287', '280']
['126', '63', '208', '97', '235', '91', '119']
['324', '321', '306', '343', '83', '317', '310', '338', '316', '322', '332', '339']
['75', '325', '300', '186', '337', '340', '327', '170', '329', '319', '318', '314']
['255', '264', '218', '211', '288', '270', '269', '107', '54', '238', '256', '292']
['174', '167', '212', '162', '153']
['469', '471', '453', '489', '468', '477', '473', '491', '483', '460', '470', '458']
['217', '79', '242', '177', '185', '355', '240', '364', '128', '184']
['149', '227', '187', '215', '72', '61']
['36', '13', '33', '26', '6', '41', '19', '27', '141', '22', '140', '42']
['345', '335', '342', '307', '311', '313', '330', '315', '302', '341', '347', '348']
['358', '200', '395', '392', '166', '357', '232', '350', '372', '381', '368', '384']
['365', '359', '396', '194', '390', '399', '386', '397', '389', '383', '380', '353']
['85', '249', '159', '220', '229', '161', '189', '248', '222', '77']
['422', '427', '424', '137', '179', '446', '431', '418', '401', '440', '412', '425']
['309', '326', '304', '346', '349', '312', '328', '305', '334', '331', '323', '308']
['428', '400', '402', '413', '448', '442', '8', '25', '429', '151', '410', '82']
['420', '409', '432', '417', '430', '439', '404', '449', '433', '411', '434', '403']