['0', '40', '56', '339', '140', '160', '180', '409', '240', '59', '272', '320', '229', '413', '380', '310', '470', '455', '178', '437', '177', '468']
['1', '369', '15', '61', '246', '149', '221', '34', '341', '361', '43', '458', '280', '451', '276', '267', '277', '50', '390', '472', '37', '188', '363', '407', '340', '210', '412']
['375', '42', '408', '122', '207', '424', '182', '133', '222', '191', '26', '202', '322', '417', '440', '415', '237', '414', '260', '181', '313', '252', '123', '10', '154', '194', '275', '155', '312', '226']
['60', '242', '88', '353', '365', '203', '243', '430', '461', '371', '343', '262', '403', '456', '402', '359', '281', '53', '476', '8', '70', '30', '125', '158', '241']
['427', '248', '306', '448', '39', '449', '124', '300', '184', '266', '418', '244', '264', '145', '311', '309', '271', '364', '466', '171', '196', '376', '58', '366', '71', '302', '72', '157', '329']
['96', '25', '65', '105', '164', '179', '165', '185', '323', '231', '258', '200', '161', '137', '44', '445', '107', '355', '332', '294', '97', '394', '20']
['6', '66', '86', '106', '7', '146', '454', '396', '286', '54', '346', '233', '150', '426', '429', '411', '497', '268', '475', '345', '423', '102', '173', '219', '491', '263', '367', '382', '77', '78']
['121', '74', '47', '378', '465', '127', '75', '270', '347', '195', '351', '431', '352', '368', '474', '446', '447', '467', '487', '23', '325', '220', '269', '290', '108', '314', '238', '116', '94', '228']
['81', '28', '381', '324', '64', '197', '488', '480', '459', '385', '5', '201', '384']
['398', '29', '282', '89', '406', '138', '287', '189', '87', '439', '249', '420', '494', '469', '55', '463', '217', '35', '83', '4', '69', '167', '223', '111', '482']
['297', '213', '110', '130', '143', '190', '321', '230', '486', '473', '349', '21', '334', '256', '362', '117', '187', '479', '224']
['208', '31', '232', '91', '131', '151', '389', '395', '265', '251', '183', '373', '331', '247', '174', '319', '84', '129', '205', '388', '428', '109', '135', '289', '293', '113', '326']
['12', '32', '22', '3', '148', '379', '360', '152', '172', '206', '212', '344', '393', '292', '169', '57', '115', '432', '452', '317', '492', '399', '478', '481', '330', '404', '261', '464', '278']
['13', '33', '163', '457', '79', '410', '153', '147', '193', '498', '253', '333', '304', '484', '236', '433', '453', '41', '493', '483', '283', '405', '38', '98', '397', '305', '392', '46', '119', '215']
['14', '85', '27', '114', '134', '245', '288', '254', '274', '128', '354', '104', '62', '67', '425', '477', '400', '112', '291', '132', '490', '101']
['176', '370', '95', '139', '273', '175', '24', '419', '255', '45', '356', '496', '335', '52', '16', '285', '383', '386', '51', '250', '63', '327']
['296', '36', '118', '76', '350', '136', '156', '444', '298', '259', '68', '159', '336', '144', '416', '442', '100', '186', '9', '301', '303', '80', '82', '495', '342', '295', '192', '49', '204', '90']
['17', '120', '211', '11', '2', '318', '422', '401', '103', '337', '357', '377', '315', '73', '471', '441', '198', '284', '166', '162', '234', '316', '308', '92']
['18', '141', '443', '436', '126', '170', '168', '435', '374', '450', '279', '358', '209', '434', '438', '462', '299', '348', '391', '485', '218', '93', '372', '48', '421', '460', '239']
['19', '214', '227', '99', '225', '257', '199', '489', '338', '142', '328', '235', '387', '499', '216', '307']