['Jelena1', 'Elsa1', 'Folco4', 'Jole3', 'Edipo5', 'Giancarlo3', 'Timoteo4', 'Hector0', 'Davide5', 'Anselmo9', 'Marcella3', 'Trevis8', 'Gianriccardo2', 'Pacifico5', 'Pacifico0', 'Genziana8', 'Marzio5', 'Mariagiulia4', 'Lidia6', 'Erminio9']
['Giorgio2', 'Guido6', 'Arduino8', 'Anastasio7', 'Evangelista9', 'Ettore0', 'Vania2', 'Ursula5', 'Sue2', 'Ercole1', 'Sirio6', 'Joshua0', 'Ulrico6', 'Walter7', 'Giobbe6', 'Amedeo1', 'Elda2', 'Radames7', 'Giulio2', 'Quarto3']
['Ludovico2', 'Joannes5', 'Lidia4', 'Folco6', 'Pietro1', 'Giacobbe7', 'Gianmaria7', 'Italo5', 'Jack2', 'Nathan9', 'Mietta2', 'Cleros5', 'Luce6', 'Fortunata0', 'Antimo9', 'Adriano0', 'Enzo3', 'Mecren5', 'Nestore4', 'Cleopatra1']
['Dante0', 'Ian2', 'Cosetta2', 'Carmela3', 'Mirko4', 'Danuta0', 'Adriano1', 'Gaetano4', 'Leonardo7', 'Ercole8', 'Loretta4', 'Ubaldo2', 'Quirino1', 'Amerigo5', 'Cleopatra5', 'Tristano5', 'Caio2', 'Piersilvio0', 'Antonio9', 'Concetta5']
['Diamante6', 'Silvano4', 'Ethan7', 'Filomena3', 'Armando5', 'Ermes4', 'Demi6', 'Gelsomina6', 'Tristano8', 'Nestore5', 'Zaccaria2', 'Cesidia8', 'Serse1', 'Kayla3', 'Rocco9', 'Claudia6', 'Rosita1', 'Monia8', 'Iacopo1', 'Odino9']
['Odone4', 'Miriana9', 'Umberto9', 'Laerte0', 'Tazio1', 'Carmelo4', 'Ethan9', 'Sasha7', 'Kayla9', 'Deborah2', 'Giorgio3', 'Santo3', 'Ercole9', 'Nathan3', 'Assia0', 'Timoteo5', 'Ruth1', 'Marzio7', 'Bibiana6', 'Folco3']
['Piersilvio3', 'Clodovea2', 'Cleros2', 'Thea4', 'Orfeo4', 'Valdo2', 'Caligola7', 'Clodovea1', 'Samira6', 'Fernando8', 'Alberto5', 'Eustachio2', 'Gregorio7', 'Azue3', 'Siro9', 'Walter3', 'Kai5', 'Ethan3', 'Edilio5', 'Patrizio4']
['Jacopo3', 'Giovanna3', 'Damiana2', 'Giordano5', 'Miriam8', 'Michael9', 'Gioacchino6', 'Umberto6', 'Jari0', 'Siro0', 'Isabel6', 'Rita6', 'Maika9', 'Folco0', 'Bortolo5', 'Renato5', 'Gioacchino7', 'Osea0', 'Bettino8', 'Miriana4']
['Timoteo9', 'Augusto8', 'Rosalino0', 'Luigi7', 'Demis3', 'Eusebio3', 'Ivano3', 'Rosaria8', 'Nestore6', 'Deborah9', 'Flaviana6', 'Penelope7', 'Ermes9', 'Pablo9', 'Matilde9', 'Avide3', 'Alessandro3', 'Sabino2', 'Sarita4', 'Ubaldo1']
['Odino6', 'Giovanna5', 'Laerte5', 'Cassiopea8', 'Max1', 'Demis2', 'Carmela6', 'Secondo5', 'Marina4', 'Cleros4', 'Alessio7', 'Anselmo3', 'Gianantonio6', 'Nico6', 'Orfeo1', 'Nicoletta3', 'Arcibaldo8', 'Mariagiulia3', 'Nayade9', 'Sasha9']
['Edipo4', 'Battista3', 'Violante6', 'Nathan2', 'Baldassarre3', 'Tazio7', 'Fiorenzo1', 'Nabil5', 'Emidio9', 'Romeo4', 'Cassiopea9', 'Teseo4', 'Maggiore2', 'Egisto1', 'Noah6', 'Ausonio0', 'Gilda5', 'Kris2', 'Primo9', 'Emanuel7']
['Bortolo9', 'Brigitta8', 'Fabio9', 'Ariel9', 'Priamo0', 'Alighieri1', 'Fatima0', 'Cleros7', 'Orfeo9', 'Lisa0', 'Sesto2', 'Marzio6', 'Mariano0', 'Fiorentino3', 'Marino4', 'Italo9', 'Eriberto9', 'Cirino1', 'Mauro7', 'Deborah4']
['Lia2', 'Michael4', 'Irene7', 'Cleros6', 'Amedeo5', 'Ercole2', 'Fabiano1', 'Rufo5', 'Celeste3', 'Armando0', 'Renzo6', 'Artes8', 'Marianita8', 'Eriberto1', 'Lauro3', 'Diamante4', 'Raniero0', 'Edilio2', 'Eriberto7', 'Sibilla4']
['Guendalina3', 'Leonardo1', 'Orfeo7', 'Damiana9', 'Fortunata6', 'Anselmo8', 'Umberto0', 'Orfeo5', 'Pierfrancesco0', 'Ione9', 'Romeo2', 'Luigi4', 'Joseph3', 'Costantino7', 'Miriam7', 'Marvin0', 'Secondo0', 'Bibiana4', 'Radames4', 'Rebecca6']
['Gregorio2', 'Mariagiulia9', 'Liborio8', 'Tancredi6', 'Osea1', 'Tolomeo6', 'Edilio6', 'Brigitta5', 'Walter1', 'Karim8', 'Emanuel3', 'Marianita5', 'Penelope5', 'Eusebio6', 'Nestore7', 'Osea9', 'Marzio4', 'Cleopatra7', 'Eustachio1', 'Isabel1']
['Carlo1', 'Rosalba1', 'Fabio8', 'Cleopatra8', 'Loredana6', 'Tancredi4', 'Olimpia3', 'Claudia1', 'Siro3', 'Michele7', 'Antonino6', 'Erminia2', 'Akira3', 'Primo3', 'Gilda2', 'Mecren9', 'Lauro5', 'Odone8', 'Gerlando9', 'Amerigo1']
['Maruska3', 'Donatella7', 'Tolomeo0', 'Vinicio8', 'Alan9', 'Arduino5', 'Armando8', 'Marina7', 'Erminio4', 'Oretta5', 'Danthon5', 'Marina6', 'Doriana2', 'Gaetano5', 'Anastasio3', 'Enzo6', 'Jarno1', 'Nazzareno0', 'Benedetta1', 'Lino4']
['Moreno5', 'Furio5', 'Caio6', 'Osvaldo5', 'Rodolfo9', 'Siro2', 'Giorgio6', 'Nestore3', 'Rebecca5', 'Siro8', 'Elio3', 'Elsa0', 'Erminia8', 'Ferdinando6', 'Jari2', 'Enzo7', 'Fatima2', 'Rosolino0', 'Mariagiulia0', 'Arturo8']
['Bettino1', 'Oreste0', 'Loredana0', 'Joseph7', 'Monia6', 'Matteo9', 'Tommaso8', 'Folco8', 'Sarita7', 'Valdo9', 'Mattia6', 'Priamo8', 'Costanzo4', 'Benedetta4', 'Marcella4', 'Lamberto6', 'Davide1', 'Ercole4', 'Sue0', 'Mattia1']
['Muzio8', 'Soriana6', 'Ludovico9', 'Concetta1', 'Laura9', 'Mirko6', 'Ferdinando0', 'Marcella0', 'Mattia9', 'Prisca2', 'Lazzaro2', 'Lidia0', 'Assia4', 'Samira4', 'Joshua3', 'Nico1', 'Mietta1', 'Dylan9', 'Thea5', 'Elga8']
['Sesto4', 'Enzo0', 'Nestore8', 'Domiziano7', 'Manfredi5', 'Marieva8', 'Elio8', 'Celeste4', 'Leonardo0', 'Dante5', 'Iacopo2', 'Terzo7', 'Vera2', 'Fabiano3', 'Sabatino1', 'Santo9', 'Costanzo6', 'Elga3', 'Cassiopea3', 'Gianmarco5']
['Laura1', 'Liborio4', 'Gianantonio5', 'Marianita7', 'Sandro2', 'Alessio3', 'Karim1', 'Filomena4', 'Albino1', 'Davide8', 'Erminia5', 'Audenico0', 'Cira7', 'Laerte9', 'Gianleonardo6', 'Fiorenzo7', 'Vania3', 'Giacinto6', 'Elda4', 'Pablo7']
['Odone9', 'Loretta1', 'Rosalba8', 'Sebastian4', 'Enrico1', 'Quasimodo0', 'Loris4', 'Gianriccardo3', 'Benedetta5', 'Xavier5', 'Jacopo4', 'Tancredi5', 'Miriana7', 'Ian0', 'Ilario9', 'Cira8', 'Radames1', 'Raoul7', 'Rebecca2', 'Giulietta7']
['Noah0', 'Primo1', 'Emanuel1', 'Kris3', 'Noel4', 'Caligola0', 'Renzo5', 'Fatima9', 'Concetta9', 'Fiorenzo8', 'Luce0', 'Demis1', 'Gianantonio3', 'Marino8', 'Sesto8', 'Mietta0', 'Marianita1', 'Alighiero7', 'Lorenzo9', 'Gavino8']
['Marieva7', 'Trevis2', 'Aroldo4', 'Modesto4', 'Amedeo6', 'Guido1', 'Trevis3', 'Sirio1', 'Graziano0', 'Prisca3', 'Oretta9', 'Zelida4', 'Sebastian2', 'Eliziario6', 'Demi9', 'Maggiore3', 'Rosalino2', 'Ileana5', 'Maika6', 'Xavier7']