['Arliene', 'Thalia', 'Camille', 'Susi', 'Gaynor', 'Joannes', 'Jessika', 'Dianna', 'Lyn', 'Zoe', 'Kylen', 'Lois', 'Mia', 'Karol', 'Edi', 'Amitie', 'Cayla', 'Karlotta', 'Vickie']
['Thomasina', 'Helenka', 'Lilla', 'Lisabeth', 'Sheree', 'Lacey', 'Claudina', 'Rasla', 'Fayina', 'AnnaDiane', 'Clemmie', 'Sibylle', 'Katalin', 'Barbaraanne', 'Siobhan', 'Corinna', 'Tiffani', 'Ethelind', 'Marylou']
['Carlye', 'Natalina', 'Leilah', 'Bell', 'Di', 'Shelby', 'Silva', 'Sue', 'Henrietta', 'Miquela', 'Tilda', 'Neilla', 'Fredelia', 'Marcia', 'Erna', 'Penny', 'Philomena', 'Laura', 'Joly']
['Emelina', 'Tessy', 'Faith', 'Darcee', 'Kristin', 'Eula', 'Esmaria', 'Edeline', 'Brandise', 'Mina', 'Emmalynne', 'Flori', 'Lettie', 'Sharron', 'Catina', 'Jacquenette', 'Clari', 'Lorna', 'Chrystel']
['Reta', 'Jess', 'HelenElizabeth', 'Dana', 'Freda', 'Melva', 'Megan', 'Brynne', 'Roseann', 'Pansie', 'Dulcia', 'Viva', 'Jodi', 'Suellen', 'Carmelia', 'Johnette', 'Trude', 'Rosalind', 'Elayne']
['Jeannine', 'Kacey', 'Rachel', 'Pandora', 'Almeda', 'Andriette', 'Bibbie', 'Pippy', 'Tanhya', 'Rosalinde', 'Natala', 'Wilone', 'Corey', 'Kiersten', 'Paulette', 'Tanya', 'Shani', 'Lavinia', 'Raye']
['Ondrea']
['Jane', 'Tybi', 'Terra', 'Jorey', 'Rosina', 'Harrie', 'Amabel', 'Paulina', 'Randene', 'Erinna', 'Karisa', 'Janey', 'Giralda', 'Pia', 'Nadine', 'Lorraine', 'Jeannette', 'Nerta', 'Coral']
['Nicoli', 'Lorrin', 'Jasmin', 'Alvina', 'Ginger', 'Trista', 'Kassia', 'Genna', 'Essa', 'Gwenette', 'Deny', 'Christabel', 'Brenn', 'Lia', 'Tamarra', 'Madalena', 'Yalonda', 'Cynde', 'Meris']
['Oliy', 'Hyacinth', 'Donella', 'Kinna', 'Stefa', 'Misti', 'Courtnay', 'Erma', 'Maddalena', 'Lori', 'Gussy', 'Mable', 'Ellie', 'Jaime', 'Jennica', 'Veronike', 'Kerstin', 'Jeniffer', 'Ortensia']
['Bria', 'Robena', 'Vallie', 'Marla', 'Kellen', 'Feliza', 'Shayna', 'Carree', 'Ardenia', 'Allsun', 'Debby', 'Vi', 'Madelyn', 'Jaclyn', 'Paula', 'Cherry', 'Susana', 'Ashli', 'Blake']
['Annie', 'Meggy', 'Gigi', 'Lillis', 'Cinnamon', 'Lorinda', 'Leona', 'Alyce', 'Gwendolen', 'Dolores', 'Katha', 'Mariette', 'Libbi', 'Cammie', 'Gabriell', 'Sara', 'Constantia', 'Avivah', 'Starr']
['Herminia', 'Heather', 'Lina', 'Nerissa', 'Ula', 'Keri', 'Linette', 'Romonda', 'Phil', 'Leora', 'Maryl', 'Crystie', 'Reggi', 'Tresa']
['Shelia', 'Tressa', 'Kial', 'Maryjo', 'SheilaKathryn', 'Constantina', 'Goldina', 'Wilow', 'Matilda', 'AnnaDiana', 'Uta', 'Madelin', 'Ray', 'Mariejeanne', 'Dayle', 'Danell', 'Natka', 'Coretta', 'Fawne']
['Joycelin', 'Emilee', 'Kippy', 'Nora', 'Noelyn', 'Rosene', 'Marlyn', 'Harriett', 'Gerrilee', 'Geri', 'Tova', 'Corella', 'Christin', 'Bessy', 'Gerianna', 'Tersina', 'Delila', 'Vivia', 'Elinor']
['Brigid', 'Madonna', 'Tatiana', 'Elisabet', 'Brandie', 'Koressa', 'Laverne', 'Marley', 'Sephira', 'Dulcea', 'Rozanna', 'Midge', 'Pierrette', 'Lisbeth', 'Pollyanna', 'Evangeline', 'Jolie', 'Zorana', 'Jeannie']
['Kata', 'Valentine', 'Prudi', 'Patti', 'Jobina', 'Garland', 'Laurice', 'Ardine', 'Nolana', 'Jeralee', 'Sheeree', 'Marigold', 'Kora', 'Serena', 'Sofia', 'Clemmy', 'Tobi', 'Ealasaid', 'Lynnett']
['Eadie', 'Vin', 'Andree', 'Saundra', 'Billy', 'Wendeline', 'Valerie', 'Shayne', 'Therine', 'Una', 'Goldi', 'Cristina', 'Cordy', 'Laraine', 'Lita', 'Aubrette', 'Carline', 'Idalina', 'Henriette']
['Toma', 'Evvy', 'Sheena', 'Betteanne', 'Rebbecca', 'Chris', 'Frankie', 'Christina', 'Sherline', 'Laureen', 'Grazia', 'Merline', 'Sharla', 'Giselle', 'Loria', 'Jada', 'Shelli', 'Lanni', 'Emmy']
['Jsandye', 'Denyse', 'Riannon', 'Shay', 'Milena', 'Livia', 'Anjanette', 'Kania', 'Patience', 'Tammy', 'Renae', 'Annalee', 'Cecelia', 'Kathlin', 'Kelcey', 'Toni', 'Raven', 'Daisi', 'Fayth']
['Isabelle', 'Brynna', 'Kalindi', 'Bonnee', 'Jenna', 'Siusan', 'Idell', 'Liz', 'Marjie', 'Sophie', 'Genni', 'Katleen', 'Lorena', 'Myrilla', 'Licha', 'Janette', 'Ivie', 'Sheilah', 'Laverna']
['Vonny', 'Joleen', 'Kay', 'Vanessa', 'Phillis', 'Stepha', 'Mehetabel', 'Sayre', 'Tamarah', 'Moyra', 'Bobbie', 'Debbie', 'Martguerita', 'Merrielle', 'Camilla', 'Callie', 'Nevsa', 'Inna', 'Heidie']
['Charis', 'Barbe', 'Melodie', 'Winifred', 'Kaylyn', 'Hatty', 'Minnnie', 'Ashlen', 'Zita', 'Honey', 'Mareah', 'Cory', 'Chelsea', 'Costanza', 'Cordie', 'Magdaia', 'Verina', 'Lona', 'Neila']
['Lila', 'Cate', 'Marice', 'Caryn', 'Geralda', 'Imogen', 'Willabella', 'Dulcie', 'Renelle', 'Analise', 'Arleyne', 'Eddi', 'Vilma', 'Anya', 'Kettie', 'Libby', 'Devinne']
['Phedra', 'Drucill', 'Hendrika', 'Pavla', 'Gayle', 'Eve', 'Raine', 'Reeva', 'Jessamyn', 'Sallyanne', 'Lindsy', 'Deeann', 'Nelia', 'Lauretta', 'Shaina', 'Biddie', 'Anthe', 'Nomi', 'Ashely']