['Willy', 'Roger', 'Leroy', 'Joann', 'Dwain', 'Amber', 'Candy', 'Erick']
['Chris', 'Ervin', 'Greta', 'Flora', 'Rhoda', 'Josie', 'Marcy', 'Katie', 'Felix']
['Mable', 'Sally', 'Wyatt', 'Darin', 'April', 'Tessa', 'Buddy', 'Jayne', 'Essie']
['Barry', 'Cesar', 'Alice', 'Bobbi', 'Aaron', 'Hazel', 'Mamie', 'Chang', 'Teddy', 'Jacob', 'Nikki', 'Olive', 'Ruben', 'Arlen', 'Mandy', 'Lorie', 'Sandy']
['Devin', 'Freda', 'Sheri', 'Jaime', 'Vilma', 'Fritz', 'Tonia', 'Claud', 'Eddie', 'Lyman', 'Shaun']
['Casey', 'Garry', 'Nelda', 'Allan', 'Bryan', 'Irvin', 'Marty', 'Maria', 'Percy', 'Odell', 'Terri', 'Elvin', 'Daron', 'Kevin']
['Zelma', 'Brant', 'Carly', 'Bette', 'Renee', 'Maude', 'Myron', 'Rusty', 'Chong']
['Randy', 'Sammy', 'Avery', 'Rufus', 'Monty', 'Leila', 'Clark', 'Lauri', 'Della', 'Chase']
['Julia', 'Leona', 'Clara', 'Daisy', 'Nadia', 'Quinn', 'Betsy', 'Malik', 'Margo', 'Benny', 'Sofia', 'Naomi', 'Bryon', 'Emery', 'Elmer', 'Tanya', 'Kelly', 'Mario', 'Issac', 'Clyde', 'Jared', 'Tonya', 'Randi']
['Timmy', 'Cindy', 'David', 'Jamar', 'Twila', 'Peter', 'Tracy', 'Mitzi', 'Doris', 'Lydia', 'Gayle', 'Janet', 'Lanny', 'Adele', 'Grant', 'Merle', 'Verna']
['Craig', 'Brian', 'Deann', 'Ernie', 'Edwin', 'Roxie', 'Cliff', 'Berta', 'Wally', 'Alvin', 'Sonny', 'Basil', 'Jason']
['Ollie', 'Mason', 'Elsie', 'Rhett', 'Moshe', 'Kathy', 'Josef', 'Robin', 'Dante', 'Homer', 'Marla']
['Queen', 'Lorna', 'Tammi', 'Erica', 'Elias', 'Davis', 'Steve', 'Joyce', 'Becky', 'Corey', 'Clint', 'Kirby', 'Moses']
['Vicky', 'Ariel', 'Nancy', 'Karin', 'Dario', 'Shane', 'Billy', 'Wilma']
['Ebony', 'Perry', 'Dixie', 'Pearl', 'Melba', 'Dusty', 'Paige', 'Ahmad', 'Wendi', 'Julio']
['Linda', 'Orval', 'Pedro', 'Aline', 'Lucio', 'Lacey', 'Pansy', 'Roman', 'Donna', 'Elena', 'Hyman', 'Bruno']
['Janis', 'Viola', 'Emily', 'Jonah', 'Carla', 'Louis', 'Patti', 'Annie', 'Tasha', 'Cyrus', 'Marci']
['Bryce', 'Britt', 'Erika', 'Holly', 'Sybil', 'Ronny', 'Staci', 'Sonja', 'Fidel', 'Robyn', 'James', 'Wendy', 'Maura', 'Ellen']
['Wanda', 'Kayla', 'Brock', 'Laura', 'Misty', 'Mitch', 'Tommy', 'Karen', 'Trent', 'Hilda', 'Brent', 'Alton', 'Jamel', 'Danny', 'Amado', 'Micah', 'Sadie', 'Brady']
['Leann', 'Donny', 'Tyron', 'Major', 'Elvia', 'Ilene', 'Effie', 'Debra', 'Helga', 'Audra', 'Mikel', 'Adela', 'Terry']