['56', '50', '15', '150', '200', '221']
['220', '238', '36', '119', '111']
['195', '152', '208', '136', '160', '171']
['206', '53', '103', '232', '183', '118']
['243', '54', '16', '154', '176', '7']
['5', '224', '146', '193', '14', '59']
['64', '127', '130', '61', '60', '143']
['241', '229', '163', '65', '39', '180']
['223']
['108', '73', '46', '227', '234', '209']
['125', '99', '157', '210', '47', '27']
['11', '226', '207', '199', '138', '76']
['240', '132', '174', '177', '218']
['102', '164', '213', '236', '107', '77']
['41', '13', '114', '113', '170', '40']
['188', '38', '211', '57', '24', '151']
['6', '166', '79', '184', '159', '35']
['18', '71', '245', '101']
['117', '212', '23', '109', '173', '205']
['225', '80', '25', '122', '74', '98']
['20', '70', '106', '162', '182', '75']
['78', '67', '87', '89', '112', '178']
['28', '10', '155', '230', '44', '148']
['62', '123', '248', '52', '51', '142']
['219']
['93', '129', '19', '197']
['187', '9', '126', '141', '104']
['92', '21', '246', '48', '69', '30']
['110', '167', '228', '231', '116', '244']
['135', '12', '186', '55']
['203', '165', '156', '94', '249', '72']
['31', '2', '145', '168', '198', '190']
['32', '82', '144', '29', '137', '43']
['120', '204']
['237']
['95']
['3']
['26', '83', '22', '4', '134', '1']
['215', '90']
['179', '158', '239', '84', '214']
['0', '8', '37', '105']
['201', '139', '66', '63', '115']
['42', '175', '96', '91', '233']
['247', '192', '140', '222', '217', '242']
['33', '194', '169', '85', '97', '153']
['45', '149', '121', '68', '191', '124']
['161', '147', '196', '216', '49']
['81', '202', '185', '131', '88']
['34', '133', '128', '86', '172', '235']
['58', '189', '17', '100', '250', '181']