['0']
['287']
['355', '228']
['31', '289', '253']
['135']
['5']
['224']
['7', '324']
['294']
['295']
['198', '296', '188', '307', '342']
['11']
['12']
['13']
['300']
['301']
['190']
['40', '303', '279', '285']
['18']
['305']
['143']
['67']
['22', '233']
['78']
['202']
['25']
['26']
['313']
['254']
['29']
['30', '137']
['17']
['32']
['262']
['34']
['321']
['322']
['323']
['38']
['160', '325']
['290', '326']
['41', '261']
['33']
['329', '210']
['97', '330', '19']
['177']
['46']
['71']
['48', '334']
['335']
['184']
['51']
['52']
['274']
['174', '340', '27', '357']
['341']
['56']
['343']
['35', '23']
['104', '298', '49']
['346']
['238', '347']
['348']
['214', '349', '4', '14', '345']
['207', '350']
['351']
['66', '211']
['21', '353']
['68']
['69']
['70', '356']
['232', '278']
['77']
['359']
['360']
['361']
['205', '149']
['260']
['130']
['169']
['131']
['200']
['139']
['83', '358', '304']
['84']
['85']
['86']
['87']
['138']
['89']
['90']
['72']
['312', '337']
['93']
['236', '339']
['344']
['126']
['265']
['98']
['99', '6']
['28', '15']
['264']
['102']
['194']
['191']
['112']
['106']
['107']
['163']
['109']
['239']
['150', '166']
['105']
['113']
['114']
['255']
['266']
['2']
['125']
['119']
['120']
['121']
['122']
['123']
['124']
['118']
['189']
['127']
['60']
['129']
['309', '42']
['80']
['132']
['81']
['258']
['237', '58']
['136', '101']
['316']
['88']
['82']
['59']
['220', '57', '111']
['142']
['235']
['144', '74']
['225']
['268']
['175', '55']
['148']
['156']
['280', '115']
['134', '9', '320']
['152']
['302', '62']
['154']
['155']
['362']
['157']
['158']
['146']
['223', '336']
['161']
['180']
['108']
['164']
['165', '43']
['293', '286']
['352']
['168']
['79', '306', '140']
['170']
['171', '317']
['314']
['173']
['54']
['147']
['176']
['45']
['178']
['179']
['162']
['181']
['182', '196']
['183']
['50']
['185']
['186']
['187']
['310']
['96']
['16', '75']
['76']
['192']
['193']
['103']
['195']
['291']
['197']
['10']
['257']
['128']
['201']
['24', '311']
['159']
['204']
['354']
['206']
['151', '73']
['208']
['209']
['297']
['167']
['212']
['299']
['63']
['269', '249', '213']
['245']
['217', '1']
['218', '331']
['271']
['141']
['221']
['222']
['95']
['292']
['145']
['226']
['227']
['288']
['229']
['230']
['231']
['333', '37']
['199']
['234']
['117', '8', '65']
['94']
['92']
['61']
['110']
['240']
['241']
['242']
['243', '47']
['244']
['216']
['246']
['247', '315']
['248']
['172']
['250']
['251']
['252']
['20']
['100']
['39']
['256']
['308']
['64']
['259', '36']
['219']
['327', '318']
['319']
['263']
['3']
['44']
['332']
['267']
['203']
['215']
['270']
['91']
['116']
['273']
['53']
['275']
['276']
['277']
['153']
['338']
['133']
['281', '328']
['282']
['283']
['284']
['272']