['205', '142', '116', '145', '203', '232', '458', '319', '196', '442', '406', '170', '167', '439', '252', '310', '146', '123', '388', '119', '408', '115']
['50', '113', '117', '402', '204', '293', '421', '291', '17', '16', '144', '298', '58', '290', '32', '299', '140', '286', '111', '403', '288']
['272', '262', '270', '274', '494', '420', '234', '242', '227', '379', '481', '276', '269', '82', '280', '300', '427', '237', '273', '267', '484', '263']
['374', '383', '61', '366', '361', '351', '380', '381', '378', '57', '355', '375', '369', '384', '362', '385', '371']
['63', '62', '478', '468', '382', '207', '193', '21', '352', '377', '163', '6', '372', '160', '47', '341', '64', '354', '292', '357', '105']
['5', '296', '53', '179', '479', '295', '52', '283', '469', '495', '194', '18', '190', '472', '197', '475', '200']
['74', '335', '122', '331', '120', '238', '226', '327', '66', '235', '114', '323']
['7', '225', '94', '224', '240', '239', '338', '214', '413', '229', '424', '333', '216', '328', '332', '329', '231']
['8', '37', '213', '153', '31', '211', '181', '346', '27', '33', '208', '28', '392', '29', '25', '212', '35']
['23', '67', '393', '97', '241', '434', '99', '399', '415', '492', '490', '133', '275', '108', '426']
['154']
['41', '1', '253', '185', '73', '0', '486', '209', '175', '221', '219', '210']
['304', '367', '128', '174', '186', '309', '173', '302', '387', '360', '135', '317', '176', '398', '370', '202', '180', '85', '301', '137', '125']
['294', '148', '129', '285', '89', '152', '281', '38', '419', '448', '430', '143', '147', '149', '150', '151']
['250', '407', '255', '161', '159', '390', '394', '245', '12', '391', '243', '10', '83', '172', '168', '164', '156', '162', '246', '155']
['15', '359', '279', '158', '19', '244', '330', '282', '474', '409']
['278', '101', '103', '4', '337', '342', '277', '488', '353', '451', '284', '96', '454', '34']
['9', '46', '462', '102', '191', '324', '56', '336', '195', '59', '452', '199', '334', '251', '14', '44', '438', '100', '192', '349']
['206', '134', '491', '466', '132', '130', '457', '339', '471', '177', '482', '322', '326', '477', '470', '233', '459']
['450', '139', '77', '106', '75', '222', '70', '437', '124', '76', '464', '425', '131', '166', '69', '217']
['20', '98', '107', '165', '476', '223', '405', '86', '395', '368', '397', '386', '218', '109', '13', '400', '268', '169', '220', '410', '36', '157', '396', '104']
['68', '473', '39', '487', '480', '260', '440', '71', '48', '456', '485', '90', '423', '249', '24', '467', '261', '429', '95']
['22', '51', '138', '297', '287', '84', '254', '312', '455', '428', '198', '126', '259', '453', '136', '289', '201', '248', '364']
['418', '81', '313', '49', '45', '325', '42', '404', '389', '40', '43', '401', '340', '321', '215']
['460', '344', '350', '92', '314', '343', '345', '348', '306', '358', '88', '30', '93', '356', '80', '347', '91']
['54', '112', '483', '493', '258', '228', '257', '78', '2', '121', '445', '3', '489', '118', '65', '256', '182', '247', '60', '110']
['303', '55', '308', '171', '411', '315', '316', '311', '305', '432', '318', '141', '87', '446', '271', '443', '441', '435', '320', '465', '422', '307', '11']
['414', '178', '26', '236', '183', '436', '188', '187', '433', '189', '416', '412', '431', '127', '417', '184', '230']
['265', '264', '72', '373', '266', '461', '447', '376', '463', '444', '365', '79', '449', '363']