['ALJ', 'ADF', 'AQE', 'AQU']
['ACF', 'AJX', 'AJJ', 'AGD', 'AOL', 'AAJ', 'AQL', 'AAA', 'ATB', 'ANQ', 'ACY']
['ABR', 'ANL', 'ARR', 'AGM', 'ARI', 'AMW', 'ARY', 'ASJ', 'ATY', 'AFJ', 'AEF', 'AIK', 'ABY', 'AFT']
['ABC', 'ACK', 'AQB', 'AAF', 'ACV', 'AEB', 'AKN', 'ABW', 'ABA']
['AIJ', 'ACS', 'AHR', 'ABD', 'ALM', 'AHX', 'AAD', 'AQT', 'AKU', 'AFA', 'AHM', 'AKC', 'APG']
['ADO', 'ABU', 'ADK', 'APK', 'AQN', 'ALK', 'ALL', 'AAU', 'AMR', 'APU', 'AOM', 'ASC', 'AFU', 'AGB', 'ACE', 'APE', 'AMK', 'AST']
['AJS', 'AEP', 'AFY', 'AJV', 'ASV', 'AFE', 'AQF', 'ABE', 'AQV', 'ALI', 'ADS', 'ABL', 'AAK', 'AHJ', 'ANW']
['ABS', 'ADM', 'AAB', 'AKB', 'AEV', 'ANC', 'AQH', 'AHK', 'ANF', 'AJM', 'AFM', 'AMM', 'AHL', 'AOA', 'ASG', 'ARK', 'AEW', 'AHC']
['AAI', 'AFD', 'AGS', 'AII', 'ADA', 'ALN', 'AOI', 'AHU', 'ACI', 'AAC', 'ANS', 'ATL', 'AIL', 'AMF', 'AOB', 'ASI', 'AJE']
['ADY', 'AKS', 'ASQ', 'ALB', 'AFP', 'ATO', 'AFV', 'AOX', 'AAO', 'AJQ', 'AFI', 'AAE', 'AOP', 'AIX', 'ALP']
['AQI', 'AKA', 'ARC', 'AKM', 'AFQ', 'AIH', 'ARM', 'APR', 'ACO', 'AJY']
['AOD', 'AJN', 'ATE', 'ACG', 'ANG', 'AOV', 'AQP', 'ALU', 'ADG', 'APV', 'ASO', 'AEI', 'AAP', 'APT', 'ATD', 'ACR', 'ASA', 'AQY']
['AAM', 'ADR', 'AFK', 'AJF', 'AHS', 'ANH', 'AAQ', 'AES', 'AIB', 'ADX', 'ARN', 'ATV', 'AAT', 'ACA']
['AMA', 'AJA', 'AIN', 'AMH', 'ASD', 'ACQ', 'APX', 'AEM', 'AMN', 'AGY', 'ACC', 'ASB', 'ARV', 'AQR', 'APB']
['ABT', 'ANN', 'AJK', 'ARB', 'ALT', 'ATA', 'ASE', 'AAY', 'ADE', 'ALC', 'AEK', 'AIR', 'ALR']
['ALS', 'AIP', 'AGH', 'AQG', 'APA', 'APY', 'AOQ', 'ADI', 'AIW', 'APS', 'ARP', 'ACH', 'ALQ', 'ATX', 'ADJ', 'ABP']
['ADV', 'AKH', 'AKG', 'ALV', 'ADQ', 'AQQ', 'ANR', 'APH', 'ASK', 'AGR', 'ARA', 'APP', 'AHH', 'ABK', 'ABO']
['AHI', 'AGP', 'AGC', 'APC', 'ASN', 'APF', 'ADH', 'AFN', 'AJG', 'ABI']
['AJP', 'AKI', 'ALX', 'AEY', 'AIY', 'AEQ', 'ARH', 'ATJ', 'ANB']
['AJO']
['AHQ', 'ANY', 'APO', 'AGX', 'AQS']
['AAV', 'AMS', 'ABX', 'ANJ', 'AAR', 'AGF', 'AGI', 'ATH', 'AOR', 'AAW', 'AKX']
['AQJ', 'AOO', 'AEH', 'AGT', 'AML', 'AOS', 'AHP', 'ACN', 'APD', 'AQX', 'AHY', 'AGA']
['ANM', 'AGO', 'ATK', 'ARW', 'API']
['AJT', 'ABN', 'ATT', 'AHO', 'ATR']
['ANK', 'AKL', 'ADB', 'AEL', 'AQO', 'AGN', 'AIQ', 'AGE', 'ALG']
['AJW', 'AQC', 'AOW', 'ALA', 'AOK', 'ALY', 'AIS', 'AEO', 'AMY']
['AKK', 'AMU', 'ARU', 'AOU', 'ASH', 'ARS', 'AHD', 'AIO', 'AJU', 'AEX', 'ALE', 'AJI']
['ADW', 'ASW', 'ASX', 'AFX', 'AJD', 'AAS', 'AKW', 'AJR', 'ARD', 'ACD', 'AAX', 'AMX', 'AKO', 'AJC', 'AFH', 'AQW', 'ANO', 'ARQ']
['ATP', 'ACT', 'AEJ', 'AKT', 'AGL', 'AEE', 'AKP', 'ACP', 'AMT', 'ABV', 'AHE', 'AGG', 'AGQ', 'ADN', 'AFC', 'AHN', 'AQK']
['ABF', 'ABQ', 'AMV', 'ATI', 'ARF', 'ALD', 'ACX', 'AFO', 'AJB', 'ASM', 'AMO', 'ANT', 'ACJ', 'AFS', 'APJ']
['AAG', 'ASS', 'ATM', 'AHG', 'AHA', 'AEG', 'ATF']
['AGJ', 'ACW', 'AEC', 'ANU', 'ATN', 'AAN', 'AOC', 'AIA', 'AFF', 'ANE', 'AMD', 'APL', 'ADL', 'ASR']
['AOT', 'AEN', 'AEU', 'AAL', 'AIM', 'AIG', 'AIC', 'AIE', 'ADC', 'AQM', 'AMG', 'ANX', 'ABM', 'AOG', 'ACL', 'AHF']
['ABJ', 'AEA', 'ART', 'AKY', 'AMQ', 'ASU', 'AMC', 'ANA', 'ADU', 'ALH', 'ASY', 'AOE', 'AGW', 'AIT', 'AGK']
['AJL', 'ADT', 'AKQ', 'AOF', 'AGU', 'ATS', 'AKE', 'AKF', 'AQA', 'ATQ', 'AON', 'ACU', 'AFB', 'ATG', 'AJH']
['ATW', 'AHV', 'ACB', 'ALO', 'ARO', 'ACM', 'ARL', 'AIU', 'AIF', 'AKD', 'AKJ', 'ARE', 'ABH', 'ANV', 'ABB', 'ADD', 'AOY']
['ANP', 'AER', 'ASL', 'AHW', 'AET', 'APW', 'ATC', 'AQD', 'APM', 'AHT', 'ANI', 'AMI', 'ARG', 'AND', 'AMB', 'ALF', 'AFW']
['AAH', 'APN', 'AOJ', 'AMP', 'AED', 'ASP', 'AIV', 'ARX', 'APQ', 'ABG', 'ASF', 'ADP', 'AKV', 'AFR', 'ARJ', 'AID', 'AFL', 'ATU']
['AMJ', 'AKR', 'AOH', 'AFG', 'AGV', 'AME', 'AHB', 'ALW']