['0', '50', '211', '150', '188', '43', '300', '355', '192', '450', '364', '147']
['72', '107', '421', '168', '401']
['2', '260', '275', '152', '187', '252', '111', '352', '402', '452', '151']
['422', '186', '103', '153', '253', '303', '273', '301']
['54', '104', '154', '289', '57', '304', '354', '347', '496', '455']
['77', '105', '466', '157', '288', '42', '170', '378', '263']
['6', '56', '106', '156', '256', '278', '356', '270', '456', '32']
['237', '458', '462', '204', '137', '22', '407', '457']
['8', '58', '158', '459', '308', '84', '272']
['9', '59', '109', '159', '499', '259', '309', '382', '409', '296', '357']
['74', '60', '110', '210', '360', '410', '460']
['482', '494', '244', '161', '175', '311', '361', '411', '461']
['202', '38', '330', '212', '262', '136', '362', '201', '3']
['13', '239', '394', '163', '323', '313', '363', '427', '463']
['487', '34', '87', '483', '264', '314', '429', '35', '218']
['146', '442', '115', '279', '215', '284', '391', '365', '415', '125', '108']
['23', '66', '116', '166', '216', '266', '52', '249', '127', '205', '405', '358']
['17', '130', '167', '371', '267', '250', '497', '376', '467', '112']
['492', '118', '351', '268', '144', '126', '392']
['19', '69', '317', '169', '219', '319', '369', '488', '234', '197', '162', '353']
['20', '70', '120', '316', '217', '406', '471', '420']
['21', '121', '171', '469', '271', '321', '220', '251', '320', '412']
['257', '100', '233', '172', '222', '129', '493', '426', '297', '178', '68', '12']
['16', '78', '419', '173', '223', '1', '373', '306', '473', '318', '451']
['24', '10', '124', '90', '213', '135', '193', '374', '424', '474', '261']
['25', '75', '465', '292', '4', '102', '325', '425', '475', '396', '346']
['418', '176', '390', '131', '225', '280', '51', '476', '96', '326']
['27', '55', '416', '177', '64', '174', '209', '386', '413', '230', '372', '28', '307', '423']
['334', '128', '228', '221', '149', '481', '478']
['29', '79', '254', '431', '229', '165', '329', '379', '414', '479']
['277', '385', '67', '180', '477', '312', '375', '380', '430', '417', '206', '160', '370']
['31', '81', '5', '231', '281', '331', '381', '179', '18', '255']
['82', '132', '46', '232', '348', '332', '359', '468', '11', '366']
['33', '242', '133', '283', '333', '383', '433', '439', '101']
['98', '408', '134', '184', '199', '265', '340', '384', '350', '484', '14']
['464', '85', '428', '185', '235', '285', '335', '80', '377', '485']
['36', '86', '310', '53', '236', '286', '336', '435', '436', '486', '181', '203']
['37', '164', '207', '337', '7', '287', '480', '387', '437', '276', '76']
['248', '88', '138', '200', '238', '99', '145', '388', '438', '393', '491']
['208', '224', '189', '119', '15', '339', '389', '214', '489', '403', '440']
['40', '30', '191', '190', '240', '290', '73', '226', '490', '91', '241', '227', '155', '470', '71', '92']
['41', '140', '291', '341', '315', '453', '269']
['434', '122', '142', '305', '83', '89', '342', '432', '123', '61', '139', '445', '183']
['63', '93', '143', '324', '243', '293', '343', '65', '443', '295', '141', '26', '298', '49', '441']
['44', '94', '368', '194', '302', '294', '344', '113', '444', '400']
['45', '95', '338', '195', '245', '395', '345', '322', '495']
['182', '196', '246', '258', '446', '454', '39']
['47', '97', '274', '247', '472', '404', '397', '447', '367']
['48', '148', '198', '62', '282', '398', '448', '498', '117']
['114', '328', '299', '349', '399', '449', '327']