['228', '55', '386', '220', '275', '385', '276', '277', '56', '371', '379']
['176', '111', '177', '221', '170', '119', '407', '53', '406', '229']
['218', '219', '217', '495', '332', '387', '388', '481']
['197', '284', '113', '36', '441', '442', '443', '285', '114']
['15', '255', '16', '292', '290', '241', '293']
['115', '225', '1', '367', '116', '226', '2', '227', '366', '9']
['6', '106', '478', '288', '202', '336', '0', '335', '470', '479', '287']
['440', '257', '378', '447', '444', '445']
['363', '118', '173', '449', '283', '338', '393', '448', '337', '174', '364']
['64', '65', '60']
['390', '175', '236', '395', '161', '394', '323', '392']
['81', '452', '453', '280', '321', '286', '341', '329', '451', '342']
['231', '121', '122', '166', '232', '428', '73']
['179', '68', '67', '178', '233', '171', '398', '397', '399', '172']
['14', '358', '13', '51', '281', '289', '50', '58', '59', '12']
['125', '235', '389', '243', '413', '380', '234', '126', '381', '230']
['457', '112', '498', '456', '110']
['207', '417', '414', '411', '237', '334', '347', '416', '410', '333']
['294', '66', '296', '129', '295', '404', '403']
['19', '196', '238', '184', '239', '18', '163', '10', '459', '458', '185']
['75', '357', '350', '70', '71', '74', '353']
['77', '76', '131', '460', '465', '464', '373', '79', '461', '372', '78']
['22', '305', '365', '42', '242', '206', '352', '41', '300', '291', '351']
['188', '189', '298', '267', '463', '297', '462']
['24', '134', '23', '25', '299', '382', '11', '130', '137', '383', '384']
['80', '354', '82', '355', '224', '466', '83', '467', '87']
['124', '128', '136', '191', '107', '120', '356', '182', '135', '183', '180']
['303', '327', '302', '324', '412', '325', '304', '326']
['28', '249', '248', '240', '492', '405', '245', '391', '29']
['360', '139', '468', '359', '127', '469', '138', '361', '369']
['312', '85', '401', '195', '181', '21', '84', '415', '194', '190', '198']
['86', '141', '204', '306', '205', '402', '8', '7', '200']
['5', '3', '252', '307', '362', '308', '169', '4', '309', '168']
['33', '419', '143', '253', '63', '418', '117', '142', '254', '140']
['89', '144', '199', '88', '474', '145', '475']
['244', '133', '132', '489', '152']
['151', '72', '146', '330', '147', '331', '476', '159', '158', '339']
['37', '345', '62', '32', '54', '30', '35', '344', '343', '61', '34']
['38', '148', '256', '258', '423', '250', '149']
['425', '94', '251', '259', '314', '368', '424', '313', '203', '315', '301']
['123', '376', '223', '222', '260', '266', '370', '39', '377', '268', '31']
['396', '52', '269', '261', '27', '26', '193', '192', '20']
['187', '97', '422', '17', '420', '427', '482', '90', '426', '96']
['43', '319', '486', '310', '263', '318', '95', '483', '262', '311', '480']
['44', '430', '186', '209', '45', '216', '436', '433', '437', '201', '208']
['264', '100', '155', '165', '265', '320', '375', '322', '164', '154', '374']
['496', '156', '211', '153', '150', '157', '497', '490']
['47', '488', '316', '317', '446', '487', '101']
['48', '103', '46', '213', '40', '282', '212', '102', '210', '49']
['472', '431', '455', '69', '434', '473', '454', '471', '432', '450', '435']
['278', '105', '215', '270', '271', '279', '104', '214']
['477', '99', '499', '429', '91', '421', '98', '491']
['246', '162', '167', '272', '247', '409', '400', '160', '408']
['494', '349', '57', '328', '493', '340', '348', '346']
['109', '485', '93', '274', '92', '439', '108', '273', '484', '438']