['ADP', 'ABX', 'AFB', 'AKR', 'ADL', 'AEQ', 'AEL', 'AEU', 'AEF', 'ADY', 'AGO', 'AFH', 'AET', 'AFL', 'AEC', 'ABL', 'AEM', 'ABW', 'AFF']
['AEY', 'ADO', 'AFN', 'AEN', 'AEI', 'AER', 'AAH', 'AEV', 'ADQ', 'AES', 'AEH', 'AEJ', 'ACS', 'AFA', 'AEX', 'ADT', 'ABD', 'AEO', 'AED']
['AAD', 'AAL', 'ACC', 'ACG', 'ABS', 'ABN', 'AAI', 'ABO', 'ABM', 'AFM', 'ACA', 'ABR', 'ABT', 'ABY', 'ABJ', 'AAM', 'ABP', 'AJN', 'ABV']
['AMX', 'ALB', 'ALN', 'ANN', 'AKQ', 'AMI', 'AJD', 'AKU', 'AME', 'AJF', 'AOD', 'AOG', 'ANS', 'ANF', 'AMK', 'AMS', 'AJO', 'AMZ', 'AMU']
['ALM', 'AMJ', 'ALZ', 'ANU', 'ALG', 'ALR', 'ANI', 'AOI', 'AMW', 'ALA', 'ANV', 'AJA', 'AND', 'ANM', 'ANY', 'AKF', 'ALY', 'AJM', 'AKW']
['AFW', 'AIP', 'AHK', 'AHG', 'AIR', 'AGC', 'AHB', 'AHZ', 'AHJ', 'AIN', 'AIV', 'AGD', 'AIQ', 'AFS', 'AIB', 'AGK', 'AGQ', 'AHW', 'AGR']
['AGS', 'AAZ', 'AGM', 'AII', 'AFZ', 'AID', 'AFX', 'AIC', 'ABB', 'AIG', 'AGL', 'AGN', 'AGU', 'AIY', 'AHD', 'AHC', 'AGX', 'AGT', 'AHS']
['ALQ', 'ANT', 'ANK', 'ALI', 'AKG', 'ALP', 'AKK', 'AMQ', 'ALE', 'AJL', 'ALX', 'AKA', 'ALK', 'AOM', 'AKP', 'AKN', 'AML', 'AOL', 'ALC']
['ALJ', 'ANZ', 'ANR', 'ANW', 'AJW', 'AKZ', 'ANB', 'AMP', 'ALD', 'AAR', 'ALL', 'AJU', 'ADE', 'ALO', 'ADF', 'AMR', 'ANH', 'AJC', 'AFD']
['AFO', 'AIO', 'AGZ', 'AFP', 'AGH', 'AHE', 'AIM', 'AHA', 'AHP', 'AGW', 'AHL', 'AGB', 'AEG', 'AHV', 'AHX', 'AGI', 'AHI', 'AIK', 'AFV']
['AMD', 'AJJ', 'AOB', 'ANQ', 'AJI', 'AKV', 'ANA', 'ANJ', 'AMM', 'AMF', 'AOF', 'AKY', 'AKB', 'AJY', 'AKD', 'ALU', 'ANG', 'AJK', 'AKM']
['APG', 'APP', 'AAV', 'AAP', 'AOP', 'APB', 'AAK', 'ACJ', 'AAJ', 'AQF', 'APS', 'APC', 'ABK', 'AON', 'AOZ', 'AEZ', 'AFC', 'AOS', 'API']
['AKC', 'AJZ', 'AJT', 'AJV', 'AKO', 'ANL', 'ALV', 'AJS', 'ALT', 'ANE', 'AJP', 'AOK', 'AMN', 'AJB', 'ANX', 'AKI', 'AMT', 'AKE', 'ANO']
['AIJ', 'AHR', 'AGY', 'AIW', 'AIE', 'AHN', 'AIF', 'AGJ', 'AHF', 'AHH', 'AFT', 'AIU', 'AIS', 'AIL', 'AFU', 'AIX', 'AFR', 'AHU', 'AGE']
['ADK', 'AFJ', 'ACU', 'ACZ', 'ACL', 'ACF', 'ADJ', 'ACX', 'ACY', 'ACO', 'ACR', 'AAG', 'ADC', 'ADD', 'ACD', 'ACT', 'ACM', 'ADB', 'ADI']
['AQL', 'APT', 'AQO', 'APL', 'AGP', 'AOO', 'AAA', 'AOQ', 'APM', 'AQC', 'APU', 'APW', 'APR', 'APD', 'AQI', 'APE', 'AOE', 'AQD', 'APQ']
['AOH', 'AJG', 'ABZ', 'AMC', 'AMY', 'AKX', 'AJE', 'ANC', 'AOA', 'AMG', 'AMO', 'ANP', 'ALS', 'AAF', 'AKH', 'AKS', 'AMV', 'AKL', 'ALH']
['AAS', 'AAU', 'AMH', 'AAT', 'ACW', 'AJX', 'AAN', 'ACB', 'AAQ', 'ABI', 'ACI', 'AAO', 'AAB']
['AFE', 'ADS', 'ADX', 'ADN', 'ADW', 'AEK', 'ADZ', 'ADR', 'AFG', 'AFI', 'ADU', 'AEP', 'ADM', 'AFK', 'AEE', 'AEB', 'ADV', 'AEW', 'AEA']
['AIH', 'ABF', 'AHQ', 'AGF', 'AHY', 'AGV', 'AHM', 'ADA', 'AFY', 'AHO', 'AFQ', 'ABQ', 'ACP', 'AIA', 'ABC', 'AAC', 'AOY', 'ACN', 'AGG']
['AAY', 'ABG', 'AOR', 'AQB', 'AOX', 'APK', 'ABH', 'ABU', 'AKJ', 'APZ', 'AAX', 'APA', 'APN', 'APV', 'AAW', 'AMB', 'AOV', 'ABA', 'ACH']
['AGA', 'AJQ', 'ADH', 'AMA', 'AKT', 'AJH', 'ACK', 'ADG', 'ACQ', 'AHT', 'ACV', 'AIZ', 'AIT', 'AOC', 'AJR', 'ACE', 'ALW', 'ALF', 'AOJ']
['APJ', 'AQE', 'AQN', 'AQM', 'AQG', 'AQA', 'AAE', 'AQH', 'ABE', 'APF', 'AQJ', 'APO', 'AOW', 'AOU', 'AQK', 'APY', 'APX', 'APH', 'AOT']