['GUGKR', 'LQGAI', 'TIZZI', 'BMNGE', 'JGBOH', 'SMDTK', 'TWVAR', 'WFPUN', 'RISKG', 'NZQNY', 'DFZLH', 'QMJUD', 'VXNNV', 'SSZXS', 'AIWJE', 'STZIM', 'FSIEJ', 'NKLCQ', 'TKEWX', 'FPFHY', 'LCYZY', 'BNPMH']
['VYUHL', 'RSFHX', 'SIWEE', 'LGPGN', 'DRVVY', 'UHIOD', 'ABAQL', 'GBEQY', 'EGYBS', 'UMQRP', 'UHFXM', 'JCWPV', 'CTLHM', 'LBYAL', 'JCTBB', 'VUZHE']
['FXFHY', 'CYVWU', 'KDZDK', 'YTTKI', 'OMNEY', 'OJTYX', 'YQBLY', 'BCTKV', 'VCMUY', 'FWTXB', 'FKSNY', 'RWIWJ', 'EIREK', 'EWIJA', 'LYSRO', 'RRDGL', 'GPKTZ', 'SUEUT', 'DAPHY', 'FMFZO', 'JGGQM', 'GKPPL', 'ZXEUD', 'RUSXV']
['SURGB', 'XGCQB', 'JMPSL', 'EXSFL', 'BHFJC', 'ZNTDR', 'ERXLL', 'JPLIB', 'SHEUT', 'PQYKQ', 'NHBOU', 'MMHOG', 'PBEOM', 'PBAWW', 'PAVOS', 'KIEKF']
['IYMNE', 'HKSDK', 'NEQMO', 'PKECO', 'BEFRL', 'CRSZF', 'FHCPP', 'GKYTD', 'KCPYN', 'CXMEP', 'VQTXV', 'DQJYE', 'PARXO', 'NMWYK', 'LJQBN', 'NZAXS', 'PPGSA', 'VNNEP', 'ZRLGV', 'BREAU', 'FYSSP', 'XDBSH', 'SYRST', 'RNMID', 'OENOT']
['AUIRW', 'WHBFR', 'ZPWCF', 'VFWVV', 'NCCJD', 'VVMSW', 'RCWOS', 'BKFQR', 'PUWYW', 'NCWPX', 'LCGFN', 'JEHBC', 'SLHLJ', 'QSIZR', 'RMHZI', 'IHIWD']
['LEYDX', 'NCXIY', 'FCFIW', 'YVMFJ', 'JLETC', 'VQUBW', 'MQWLN', 'XOUQG', 'DOXUP', 'FMMZU', 'GAUGX', 'SUNJN', 'URMYA', 'YTXXV', 'NKEPZ', 'CALHI', 'QUGAX', 'JFKWJ', 'CSILO', 'XMZUX', 'EFPNV', 'DNOMK', 'NHZCJ', 'FRHWO', 'GFWZF']
['YPSZJ', 'TPIXY', 'TQUPW', 'CWKNX', 'KEUTQ', 'TLAOJ', 'SPROB', 'JECON', 'XQYCU', 'METWY', 'UTYHJ', 'ZMWJB']
['GXAOE', 'FIUZZ', 'IPMBX', 'VUTIQ', 'GNDQJ', 'GKOUL', 'HVAAR', 'TJTMV', 'SACPU', 'ADKIG', 'HXGTU', 'RLKNU', 'UOYAH', 'TJLUN', 'DZGQX', 'MTXFY', 'ZOHDS', 'SLYUO', 'XLWDU', 'DWCIC', 'RQZDB', 'UXUZX', 'RRFYM', 'GUJWH']
['LVMLT', 'UEFBC', 'GKLKQ', 'IQLHD', 'QVEIA', 'ZKMSA', 'SOVUQ', 'NLPHM', 'MUUIL', 'AEXQY', 'XIGOI', 'ROVKN']
['BOOKC', 'RVMXY', 'TARGC', 'RAAAY', 'UQJJY', 'IEEVC', 'SWZLI', 'NGBWQ', 'LHFOM', 'ZRFKN', 'FKMPO', 'CWZDH', 'WMAOH', 'MLWLT']
['JMNIF', 'ASGXO']
['POXWS', 'NLQWV', 'HZGVK', 'HKBNA', 'CASYZ', 'SPSXT', 'GAQXI', 'LYFLA', 'VZFUK', 'YTVYR', 'RZJZX', 'NZQKM', 'BWKXY', 'BCKDA', 'PDNXQ', 'VGTYI', 'NSSHB', 'UPNVV', 'REFDA', 'AQEWE', 'IXEZM', 'RSYQC', 'EHCWU', 'WZJYQ']
['JTKTH', 'OYGNB', 'GZWND', 'MRNHH', 'KFWQL', 'JXKSJ', 'KBDMG', 'FIBZD', 'CCHLM', 'CZNRV', 'VZNGS', 'ILRGH', 'SEVGN', 'WEDAM', 'ENHUS', 'JLTJR', 'PREHL', 'YKOFS', 'WTMZW', 'HGAWC', 'IBFSE', 'LMZAF']
['YYNPW', 'QYCKH', 'QFSQF', 'XZTVE', 'VSARS', 'VSEBO', 'XQUPB', 'NLQQX', 'PKUWP', 'QFZCO', 'VNIQM', 'KQZVU', 'XBVDI', 'JPWDA', 'REVQE', 'UMQSO', 'VKBEF', 'ALNHK', 'LPRGT', 'IYGUJ']
['OBCSZ', 'ZCMCP', 'IOHXF', 'BSOUP', 'PDSZU', 'KSGPB', 'UNSUE', 'PQEKQ', 'BHECC', 'TMCLZ', 'PHXOS', 'DREMQ', 'IPLJJ', 'CRKWH', 'ZYEMW']
['PPAYR', 'XGXRC', 'XADCG', 'YPRRC', 'EYYNC', 'FYAYI', 'QZGLO', 'KGDBH', 'KDMQW', 'POYSB', 'VBXTL', 'BBDFQ', 'SAOVB', 'FSYHN', 'VKHOX', 'QJUJE', 'JRNKY', 'XOUQM', 'PADSR', 'XTFTT', 'BXGFY', 'GPHCZ']
['GJCQK', 'HAKPT', 'XYVAU', 'LRCXZ', 'VGWZF', 'GPAYG']
['AXIHL', 'AZDHE', 'RMNKI', 'ZZKGQ', 'DUQLN', 'GJYBX', 'QBYJR', 'UTQPU', 'STJMV', 'KCWNV', 'CZQAC', 'ZSYGC', 'XQQNM', 'JJDHO', 'AXICB', 'WNBOI']
['MIMWO', 'WTAGZ', 'JFOPY', 'OEEYW', 'KEDYT', 'RKMOC', 'QMBKL', 'MQEVZ', 'ZOVBE', 'GUJWW', 'YIQHC', 'UYUIP', 'DFNDO', 'IAASE', 'OYLVF', 'AEHLI', 'FWKYL', 'KEPXD', 'AAEBS', 'ZNEQL', 'GRUYQ', 'BBIGY', 'QJRDV']
['OZSQX', 'AHXXM', 'TDICM', 'VISUM', 'USRDK', 'DDGZR', 'SDCRN', 'HUNXU', 'DTPHQ', 'OXZCV', 'FRVNO', 'TJFHX', 'FLAIE', 'GWEZA', 'PCOTH', 'NTGQJ', 'WNDOP', 'AALPZ', 'XMJJP', 'MCXWP', 'FBZDZ']
['VMRKJ', 'QBGLN', 'JCAYK', 'TEYRZ', 'VLXZD', 'PEIBF', 'PPBBM', 'RWOPE', 'HAYKV', 'LESUW', 'WNGHY', 'MSZXR', 'JAGAT', 'TYYLF', 'DYIYS', 'CYRFR', 'PRFNT', 'UZTYA', 'SSWHW', 'IUTYE', 'WLODL', 'YRTTG', 'UDFVU', 'PUFAY', 'FESAS']
['JDDRN', 'FQYNK', 'WGNBW', 'NMUXG', 'ZUYFN', 'OVNTP', 'YMAKV', 'KZBFF', 'QHQUF', 'HOCJP', 'QXETJ', 'VLACB', 'LFYYV', 'EAHZI', 'UDEWT', 'NPJSC', 'HIBFR', 'WWCYP', 'EBQJA', 'YVULZ', 'FIPGX', 'EXERI', 'ELBRQ', 'RDCHE', 'FIIIX']
['VFXSF', 'ENWEC']
['GRIBM', 'XHKTV', 'XYABI', 'LQJNK', 'IVYZR']
['ELRTK', 'EIALG', 'VHWPC', 'EPEAQ', 'DPJHM', 'KRMMY', 'RFDDK', 'OHEWR', 'QNXTS', 'MBBZL', 'DBXJE', 'IDOHH', 'GDZSX', 'QSAIM', 'ZMCMD', 'QQCGU', 'BVKPC', 'WEYKU', 'KTXRI', 'CYMCE', 'EFRTR', 'WAZOJ', 'XVOGO', 'DJQYY', 'PUJOM']
['HDFES', 'JWNLZ', 'XPMAC', 'ZLMYN', 'QLDQR', 'VWLQP', 'TLKIE', 'YHWVK', 'BFHEV', 'CHCYT', 'SEUJM', 'YSBTR', 'OPZLD', 'JGIMA', 'FFZNI', 'QACAX', 'BXGAG', 'DBPXU', 'TPIHD']
['DWGDE', 'CSGGY', 'NNLIE', 'PSMNV', 'SCMKV', 'HAPCQ', 'MCVPN', 'DOYMU', 'NRRFB', 'VUPAV', 'SEJRA', 'KXFFP', 'ABQJV', 'LMDUZ']