['304', '301', '306', '215', '302', '303', '305']
['344', '255', '347', '239', '407', '466', '233', '349', '259']
['270', '155', '130', '360', '410', '330', '150', '440', '210', '140', '141', '450', '260', '340', '452']
['209', '205']
['163']
['5', '1', '365', '196', '468', '8', '461', '464', '199', '198', '192', '195', '197', '191', '467', '404', '401', '462', '0', '469', '369', '194']
['76', '476', '463', '465']
['58']
['458', '59', '451', '53', '9', '314', '378', '161', '57', '454', '50', '167', '52', '312', '459', '55', '456', '166', '455', '165', '56', '54', '7', '316', '190', '51', '315', '3']
['60', '111', '430', '213', '110', '311', '248', '420', '317', '310', '353', '323', '115', '313', '69', '61', '80', '290', '370', '250', '82', '83', '480', '431', '319', '423', '485', '106', '425', '322']
['417', '104', '413', '157', '108', '418', '64', '107', '411', '103', '67', '416', '419', '151', '153', '414']
['351', '497', '498', '491', '356', '102']
['479', '471', '477', '473']
['218', '217', '211', '348', '346', '343', '341', '342']
['265', '261', '266', '269', '268', '262', '267', '263', '264']
['15', '439', '175', '179', '174', '173', '172', '171', '12', '13', '318']
['396', '398', '394', '391', '254', '482', '397', '399', '392', '251', '486']
['327']
['200', '287', '222', '490', '85', '281', '283', '20', '470', '288', '280', '221', '493', '180', '499', '224']
['90', '79', '325', '98', '2', '91', '97', '93', '326', '99', '225', '94', '321', '95']
['220', '71', '74', '227', '70', '460', '120', '445', '30', '126', '350', '230', '160', '229', '240', '168', '380', '390', '400', '223', '226', '10', '300', '170', '100', '127', '320', '129', '247', '72']
['324', '424', '426', '429', '32', '329', '428', '427', '422', '328', '39']
['279', '73', '277', '201', '208', '273', '78', '206', '207', '202', '278', '274', '272', '75', '275', '203']
['457', '122', '125', '121', '185', '123', '128', '124']
['382', '385', '381', '387', '384']
['25', '339', '178', '291', '415', '331', '27', '295', '21', '24', '293', '337', '23', '412', '22']
['388', '156', '152', '332', '383', '158', '159', '177', '333', '176', '154']
['228']
['362', '368', '367', '37', '366', '364', '363', '361']
['29', '432', '438', '345', '434', '489', '437', '488', '26', '436', '433', '481', '483', '435', '487', '484', '28']
['235', '132', '232', '234', '4', '237', '137', '236', '138', '231', '6']
['31', '189', '184', '33', '181', '77', '289', '38', '89', '183', '86', '284', '187']
['131', '134', '135', '376', '63', '379', '136', '139', '133']
['238', '421', '442']
['34', '375', '114', '374', '84', '373', '377', '116', '371', '36', '35']
['393', '448', '496', '188', '492', '118', '494', '495', '241', '182']
['271', '87', '257', '256', '258', '253', '276', '81', '88', '252']
['146', '292', '41', '297', '395', '45', '43']
['386', '119', '112', '117', '113']
['19', '285', '16', '18', '17', '372', '282', '14', '11', '286']
['402', '142', '245', '244', '249', '246', '149', '144', '242', '147', '243', '145']
['299', '92', '298', '296', '96', '294']
['162', '169', '164']
['389']
['193']
['472', '478', '475', '474']
['46', '48', '148', '47', '40', '143', '49', '44', '42']
['214', '219', '216', '212']
['338', '447', '444', '336', '354', '405', '408', '406', '446', '449', '334', '453', '403', '443', '441', '409']
['335', '352', '101', '355', '359', '357', '109', '105', '186', '358']
['65', '204', '308', '68', '62', '307', '309', '66']