['Willis', 'Elberta', 'Winer', 'Eleni', 'Vaish', 'Flemming', 'Towne', 'Pinto', 'Tavy', 'Ashling', 'Pappas', 'Evangeline', 'Pippo', 'Fredkin', 'Debera', 'Karie', 'Hankins', 'Bran', 'Cicely', 'Beaver', 'Stearns', 'Letta', 'Doroteya', 'Tiphane', 'Rhonda', 'Augustina', 'Ursi', 'Ludovico', 'Danna', 'Latimer', 'Hatch', 'Griswold', 'Janaya', 'Zelma', 'Shannah']
['Lenes']
['Bhayani', 'Tennes', 'Lenhart', 'Ratcliffe', 'Tay', 'Danuloff', 'Clea', 'Mathur', 'Serafine', 'Lunetta', 'Alf', 'Norean', 'Montagna', 'Bevon', 'Marilou', 'Shepp', 'Eudocia', 'Till', 'Enid', 'Buxton', 'Maribel', 'Emelia', 'Rue', 'Catherin', 'Morville', 'Tonya', 'Fokos', 'Carrillo', 'Gloriana', 'Mushro', 'Berner', 'Rik', 'Florentia', 'Adaurd', 'Malo']
['Winebaum', 'Starinsky', 'Tillford', 'Melisa', 'Maude', 'Chemush', 'Chancellor', 'Stephenson', 'Cavallaro', 'Odin', 'Holton', 'Knute', 'Vikky', 'Jori', 'Mauchi', 'Hamlin', 'Farro', 'Dotson', 'Ashford', 'Won', 'Klapp', 'Swanhilda', 'Emmer', 'Roanna', 'Acacia', 'Harriet', 'Sigsmond', 'Ottinger', 'Avril', 'Moonier', 'Cheria', 'Melda', 'Marijn', 'Jobyna', 'Cristoforo']
['Larson', 'Antonino', 'Durante', 'Cardwell', 'Lamb', 'Eno', 'Eldwen', 'Beebe', 'Auroora', 'Freddy', 'Holey', 'Larry', 'Wight', 'Jillana', 'Flo', 'Ted', 'Lynett', 'Plantagenet', 'Utas', 'Formenti', 'Gowrie', 'Bluhm', 'Bui', 'Gibun', 'Leiser', 'Blondell', 'Cloots', 'Jessalin', 'Halstead', 'Aviv', 'Hook', 'Kimon', 'Lauree', 'Balling', 'Groh']
['Lentha', 'Ainslee', 'Ber', 'Glenn', 'Bernj', 'Ruhnke', 'Matthew', 'Shea', 'Gombosi', 'Balcer', 'Karon', 'Saylor', 'Fairfax', 'Hako', 'Nari', 'Elburr', 'Desi', 'Halimeda', 'Higgs', 'Uzzia', 'Newton', 'Wendye', 'Antonetta', 'Hillel', 'Krystalle', 'Micheal', 'Kanya', 'Yasu', 'Cyd', 'Gwenette', 'Osrick', 'Berneta', 'Summons', 'Carter', 'Eilis']
['Donn', 'Brazee', 'Volkan', 'Vonni', 'Rocray']
['Billy']
['Woodhead', 'Monahan', 'Hardej', 'Les', 'Franek', 'Udell', 'Karlise', 'Wistrup', 'Leanna', 'Henrique', 'Katzir', 'Burkhart', 'Ammadis', 'Tine', 'Adriane', 'Holms', 'Paulita', 'Danita', 'Verras', 'Dumas', 'Barnett', 'Tutankhamen', 'Uchida', 'Mackenzie', 'Margeaux', 'Renick', 'Koetke', 'Toh', 'Corkhill', 'Cataldo', 'Worlock', 'McCoy', 'Sandstrom', 'Kerianne', 'Elihu']
['Grimona', 'Proudfoot', 'Caines', 'Tessy', 'Delinda', 'Converse', 'Birck', 'Coumas', 'Lon', 'Rooke', 'Raynor', 'Meingolda', 'Felise', 'Demetria', 'Schnabel', 'Kerwon', 'Dela', 'Rodolphe', 'Jestude', 'Hittel', 'Masterson', 'Chaddie', 'Cristiona', 'Ashman', 'Nance', 'Dimitry', 'Fitz', 'Marina', 'Druce', 'Colly', 'Akeyla', 'Salomi', 'Dowlen', 'Mansoor', 'Nessy']
['Placido', 'Gerianne', 'Sosanna', 'Perloff', 'Jenkel', 'Prebo', 'Zandt', 'Robbin', 'Ruyle', 'Deni', 'Faunia', 'Love', 'Brittnee', 'Reste', 'McCullough', 'Mitchiner', 'Ursola', 'Lou', 'Ginzburg', 'Hudis', 'Hawger', 'Saudra', 'Lorilyn', 'Harland', 'Matthaeus', 'Saville', 'Bounds', 'Felicie', 'Neveda', 'Dole', 'Costin', 'Woo', 'Lombardi', 'Bruns', 'Atkins']
['Gillian', 'Firman', 'Crompton', 'Kaufmann', 'Lamson', 'Merola', 'Jenness', 'Weirick', 'Sandeep', 'Leod', 'Harmony', 'Neva', 'Javler', 'Wunder', 'Selma', 'Galligan', 'Ches', 'Baldridge', 'Barsky', 'Risteau', 'Bello', 'Thorman', 'Haldane', 'Velda', 'Rombert', 'Dietrich', 'Turrell', 'Ferro', 'Nicolis', 'Cherry', 'Ebba', 'Chae', 'Marijo', 'Hadleigh', 'Sheeran']
['Minda', 'Sievert', 'Nestor', 'Elmira', 'Cutty', 'Kronick', 'Jimmy', 'Noyes', 'Fadiman', 'Groos', 'Fillender', 'Zobe', 'Lawler', 'Smukler', 'Mikol', 'Virginia', 'Ragland', 'Lyle', 'Edrick', 'Holofernes', 'Sumer', 'Manaker', 'Clere', 'Darsie', 'Blasius', 'Gunn', 'Foulk', 'Clymer', 'Hong', 'Fruin', 'Dare', 'Alvinia', 'Barby', 'Wing', 'Buckler']
['Joed', 'Polish', 'Damon', 'Jason', 'Nafis', 'Charin', 'Kudva', 'Benilda', 'Shanly', 'Erlewine', 'Cerracchio', 'Puklich', 'Quitt', 'Neille', 'Kile', 'Emelita', 'Girardo', 'Moyers', 'Griffin', 'Padget', 'Darrow', 'Favian', 'Saxen', 'Dearman', 'Australia', 'Oscar', 'Grochow', 'Biggs', 'Ultun', 'Flieger', 'Delila', 'Crean', 'Scherman', 'Shelbi', 'Yarvis']
['Raul', 'Nisse', 'Davidde', 'Jehiel', 'Balliett', 'Melburn', 'Derril', 'Questa', 'Astto', 'Celestyn', 'Fast', 'Arianna', 'Grath', 'Hanway', 'Basso', 'Everick', 'Dulcea', 'Behlau', 'McClimans', 'Kylah', 'Ferullo', 'Dott', 'Utica', 'Safire', 'Hannover', 'Meras', 'Nannette', 'Cal', 'Lotus', 'Yerxa', 'Watson', 'Japeth', 'Feinstein', 'Hermon', 'Binette']
['Ebneter', 'Hett', 'Nath', 'Uta', 'Busey', 'Anuska', 'Kassi', 'Sinnard', 'McIntosh', 'Sachi', 'Mokas', 'Jorgenson', 'Lacy', 'Adolphus', 'Ardehs', 'Janenna', 'Ace', 'Livingston', 'Fidelio', 'Pryce', 'Minier', 'Candyce', 'Fabrice', 'Jeniece', 'Lindell', 'Earlene', 'Tarkany', 'Ubana', 'Lynnelle', 'Merth', 'Oakes', 'Epstein', 'Clovah', 'Hakim', 'Dett']
['Genie']
['Klute']
['Agosto']
['Vesta', 'Kinzer', 'Derinna', 'Girovard', 'Willetta', 'Lux', 'Hotze', 'Maye', 'Rani', 'Schreck', 'Tuttle', 'Arel', 'Shelby', 'Coh', 'Janerich', 'Ciapas', 'Dedric', 'Danais', 'Milore', 'Vevay', 'Pontius', 'Carlick', 'McKinney', 'Ng', 'Fausta', 'Fifine', 'Hayyim', 'Ardys', 'Midian', 'Hillegass', 'Myrvyn', 'Prince', 'Yim', 'Nanette', 'Tristam']