['101', '192', '377', '200', '158', '220', '269', '175']
['240', '60', '62', '285', '6', '169', '389', '182', '381', '228', '254', '161', '201', '388', '305', '344', '98', '334', '121', '82', '181', '386', '138']
['194', '108', '277', '286', '15', '297', '150', '42', '32', '349', '225', '92', '109', '84', '128', '390', '313', '142', '385', '41', '230', '112', '193', '366']
['91', '351', '63', '373', '387', '311', '13', '290', '391', '136', '162', '115', '383', '29', '105', '93', '79', '204', '376', '279', '246', '27', '154', '44', '222']
['16', '335', '378', '110', '355', '144', '243', '3', '300', '233', '30', '37', '64', '34', '68', '87', '396', '131', '370', '296', '51', '317', '360', '298', '242']
['177', '399', '371', '384', '320', '293', '380', '319', '0', '369', '189', '258', '321', '134', '361', '323', '333', '28', '260']
['97']
['354', '226', '207', '106', '275', '213', '340', '22', '215', '303', '312', '139', '70', '266', '186', '368', '137', '212', '165', '326', '48', '256', '17']
['19', '219', '346', '227', '2', '199', '382', '151', '113', '248', '274', '85', '135', '35', '83', '395', '308', '337', '329', '247', '328', '119', '129', '237', '20']
['100', '50', '295', '352', '118', '116', '196', '338', '283', '9', '145', '353', '394', '127', '197', '4', '76', '374', '170', '372', '195', '224', '21', '141']
['39', '234', '143', '252', '74', '217', '276', '272', '14', '7', '117', '43', '205', '47', '208', '375', '282', '202', '69', '166']
['229', '342', '291', '255', '23', '179', '273', '80', '49', '190', '336', '268', '171', '160', '253', '149', '25', '232', '167', '111', '267', '5', '263', '155', '331']
['330', '164', '71', '235', '249', '33', '364', '65', '356', '123', '185', '55', '397', '270', '90', '223', '211', '210', '206', '307', '56', '104', '122', '239', '75']
['392', '46', '301', '262', '278', '245', '126', '96', '183', '18', '322', '367', '304', '120', '357', '347', '271', '251', '24']
['140', '26', '363', '187', '52', '12', '168', '191', '309', '302', '362', '184', '163', '178', '221', '288', '214', '58', '173', '61', '133', '284', '324', '172']
['102', '238', '78', '36', '398', '130', '10', '257', '236', '72', '152', '38', '259', '174', '348', '231']
['77', '218', '325', '316', '250', '359', '156', '289', '125', '180', '103', '379', '124', '59', '327', '159', '306', '99', '31', '67', '292', '66', '148']
['203', '57', '241', '281', '350', '280', '365', '345', '40', '114', '265', '132', '86', '341', '299', '53', '176', '358', '310', '146', '88', '153', '393', '198', '261']
['89', '45', '147', '11', '95', '314', '188', '264', '1', '107', '54', '315', '81', '209', '332', '244', '94', '8', '157', '318', '73', '287', '339', '216', '343']
['294']