['50', '144', '150', '250', '350', '400', '451']
['1', '179', '462', '303', '104', '301', '261', '450', '215', '313', '129', '103', '472', '323', '269']
['17', '249', '352', '330', '469', '290', '184']
['3', '154', '275', '253', '394', '403', '453', '48']
['54', '231', '153', '56', '477', '404', '277', '446', '349', '126', '198', '239', '177']
['182', '95']
['106', '243', '256', '422', '262', '91', '196', '170', '353', '199', '197', '108', '481']
['78', '122', '255', '257', '107', '5', '9', '6', '401', '36', '201']
['8', '328', '158', '456', '358', '458', '33', '204', '320', '143']
['180', '59', '159', '61', '324', '305', '221', '52']
['93', '476', '445', '183']
['417', '415', '351', '411', '273']
['333', '62', '112', '212', '448', '46', '362', '228', '296']
['13', '242', '280', '356', '248', '263', '38', '363', '354', '124', '230', '60', '229', '162']
['14', '164', '288', '473', '130', '414', '464', '289', '276', '191', '97', '408', '72']
['413', '101', '226', '210']
['110', '216', '94', '461', '254', '181', '188', '194']
['10', '51', '213', '217', '73', '11', '467', '300', '407', '397', '405']
['466', '360', '326', '218', '175', '318', '380', '418', '468', '378', '310']
['28', '327', '368', '58', '369', '341']
['70', '120', '278', '452', '71', '370', '15', '79', '114', '298', '376']
['373', '236', '80', '321', '118', '145', '361']
['22', '163', '306', '7', '304', '24']
['23', '438', '287', '393', '223', '265', '76', '430', '314', '21', '316', '337', '30', '85', '64']
['111', '156', '345', '251', '406', '74', '374', '155', '474', '131', '426', '359', '271', '18', '395', '235', '384', '237', '234']
['0', '123', '203', '325', '331', '381', '32']
['26', '168', '160', '219', '169', '435']
['27', '77', '127', '227', '459', '282', '312', '4', '399', '246', '364']
['19', '428', '128', '382', '348', '295', '319', '195', '346', '440', '299', '214', '134', '419', '20']
['383', '311', '63', '245', '329', '379', '429', '193', '386', '222', '392', '340', '92']
['83', '436', '463', '427', '398', '480', '488', '396', '375', '309']
['75', '224', '281', '105', '420']
['465', '90', '132', '98', '424', '68', '482', '173', '444', '116']
['259', '447', '133', '166', '233', '283', '12', '152', '357', '483', '279', '268', '192', '186', '441', '343', '270']
['264', '84', '53', '410', '484']
['35', '136', '135', '69', '115', '34', '385', '272', '485', '367', '208', '165', '460', '286', '202', '434', '31', '342', '119']
['137', '86', '307', '471', '43', '336', '252', '486', '332', '174', '308', '291', '172', '425', '439']
['66', '65', '187', '371', '189']
['88', '57', '67', '247', '338', '388', '317', '87']
['39', '211', '139', '387', '266', '339', '389', '489', '372', '344', '225', '457', '412']
['431', '140', '25', '240', '390', '478', '232', '475', '241', '190']
['41', '161', '347', '151', '178', '437', '109', '148', '121', '302', '274', '402', '416', '449', '117', '433']
['42', '142', '2', '292', '40', '442']
['171', '100', '479', '96', '293', '355', '443', '244', '220', '167', '487', '102']
['44', '45', '200', '16', '185', '294', '113', '454', '258', '205']
['176', '391', '81', '55']
['315', '138']
['47', '149', '147', '335', '297', '141', '207', '157', '209', '432', '29', '146', '206', '82']
['455', '423', '322', '377', '470', '421', '366', '238']
['49', '99', '365', '89', '267', '125', '285', '334', '260', '409', '37', '284']