['144', '30', '321', '154', '131', '185', '264', '167', '34', '277', '245', '58', '194']
['290', '292', '140', '179', '151', '291', '95', '301', '39', '234', '100', '139', '18', '247', '124', '74', '254', '331', '24', '354']
['137', '70', '112', '284', '237', '305', '190', '333', '273', '243', '145', '211', '345', '20', '276', '123']
['23', '208', '197', '351', '166', '252', '170', '46', '69', '57', '25', '37', '102']
['258', '12', '348', '249', '300', '117', '213', '62', '66', '115', '29', '346', '240', '113', '3', '178', '334']
['236', '248', '210', '241', '257', '101', '147', '332', '230', '312', '318', '150', '10', '175']
['125', '261', '212', '256', '77', '51', '163', '21', '202', '338', '11', '246', '255', '269', '205', '133', '63']
['313', '114', '242', '7', '268', '222', '294', '335', '88', '42', '218', '198']
['280', '360', '238', '55', '327', '283', '341']
['297', '221', '262', '231', '22', '79', '315', '36', '14', '13', '263', '316', '128', '287']
['278', '44', '330', '93', '82', '285', '176', '53', '171', '184', '203', '105', '244', '28']
['48', '319', '219', '250', '134', '326', '199', '209', '98', '130', '138', '173', '152', '267', '339', '127', '38', '217', '83']
['15', '45', '304', '168', '33', '90', '1', '214', '153', '206', '26', '85', '295', '177']
['108', '61', '358', '76', '72', '91', '81', '350', '342', '306', '187', '8', '2', '355', '186']
['204', '296', '357', '174', '49', '27', '302', '97', '142', '4', '146', '158', '298', '356', '259', '349', '220']
['281', '109', '31', '143', '299', '271', '160', '59', '40', '303', '308', '161', '229', '224', '110', '84', '320', '119', '193', '328']
['5', '165', '347', '162', '107', '183', '141', '309', '235', '118', '106', '361', '362']
['89', '159', '228', '251', '111', '47', '343', '17', '92', '307', '54', '149', '35', '6', '60', '148', '116']
['129', '344', '317', '192', '68', '265', '216', '274', '120', '67', '310', '337', '215', '201', '188', '227', '340', '232', '132', '104', '288']
['78', '279', '172', '352', '65', '275', '329', '96', '32', '195', '80', '9']
['363', '135', '103', '353', '239', '270', '286', '282', '325', '19', '223', '182', '56', '225', '99', '253', '86', '43', '272', '64', '94', '16']
['207', '311', '41', '293', '121', '189', '155', '52', '122', '260', '180']
['73', '266', '289', '71', '191', '87', '156']
['0', '359', '314', '181', '226', '169', '324', '322', '126', '136', '200', '233', '323', '75', '336', '196', '50', '164', '157']