['125', '127', '46', '262']
['33', '282', '255', '17', '91', '343', '341', '269', '403', '243', '380', '113', '82', '416', '236', '398']
['191', '94', '345']
['43', '288', '76', '292', '39', '70', '19', '434', '145', '12', '418', '223', '480']
['193', '335', '179', '206', '326', '308', '281', '405', '2', '230', '150', '439', '54', '305', '296', '135', '83', '350', '219', '481', '315', '317', '366', '215', '353', '477', '461', '15', '129', '361', '485', '449', '47', '399', '320', '233', '365', '204', '22', '111', '492', '52', '384', '178', '314', '9', '115', '31', '459']
['203', '339', '55', '103', '491', '11']
['30', '253', '187', '268', '174', '373', '157', '325', '257', '470']
['56', '27', '68', '370', '391', '37', '378', '13', '118', '34', '116']
['498', '8', '423', '6', '344', '450', '154', '59', '414', '284', '231', '472', '374', '123', '23', '464', '280', '410', '475', '5', '100', '234', '468', '207', '72', '438', '266', '79', '90', '32', '389', '186', '436', '453', '199', '217']
['229', '4', '40', '124', '340', '163']
['53', '278', '65', '114', '426', '42', '45', '249', '264', '455', '484', '212', '283', '462', '286', '357', '413', '202', '271', '160', '244', '166', '445', '139', '177']
['394', '463', '74', '302', '136', '247', '109', '184', '409', '279', '332', '18', '107', '425', '126', '87', '192', '478', '437', '364', '24', '225', '60', '156', '407', '57', '260', '442', '300', '312', '488', '64']
['360', '252', '28', '406', '421', '237']
['441', '131', '495', '493', '0', '347', '422', '433', '209', '265', '35', '497', '142', '358', '147', '298', '440', '51', '238', '351', '41', '58']
['263', '452', '119', '81', '102', '164']
['429', '7', '61', '307', '99', '44', '261', '324', '342', '381', '331', '285', '122', '258', '220', '224', '309', '275', '77', '379', '96']
['362', '182', '482', '201', '430', '189']
['185', '152', '117', '432', '402', '321', '267', '387', '352', '490', '173', '289', '486', '303', '431', '448', '108', '301', '327', '78', '89', '330', '451', '372', '132', '49', '240', '175', '246', '148', '67', '38', '304', '412']
['97', '228']
['277', '146', '151', '404', '419', '316', '273', '159', '63']
['473', '299', '172', '408', '144', '137', '293', '140', '444', '392', '456', '494', '496', '25']
['356', '128', '383', '130', '242', '424', '162', '165', '149', '393', '251', '48', '98', '80', '479', '133', '235', '367', '311', '105', '388', '167', '499', '134', '36', '270', '318', '198', '171', '29', '214', '245', '180', '469', '104', '400', '232', '20', '306', '112', '259', '84', '69']
['474', '158', '10', '205', '213', '336', '458', '110', '319', '239']
['338', '369', '176', '359', '427', '188', '106']
['161', '92', '466', '287', '211', '194']
['375', '428', '322', '101', '183', '218', '26', '390', '226', '169', '170', '368', '50', '297', '221', '75', '200', '95', '3', '62', '363', '354', '294']
['208', '396', '248', '21', '443', '460', '386']
['411', '420', '457', '121', '382', '447', '272', '254', '348', '334', '295', '471', '377', '197', '385', '66', '153', '86', '323', '195']
['222', '290', '88', '310', '190', '401', '349', '467', '155', '397', '256', '333', '417', '446', '337', '216', '120', '346', '168', '210', '371', '16', '93', '241', '489', '476']
['73', '328', '435', '487', '85', '291', '454', '250', '376', '1', '465', '276', '313', '141', '274', '329', '483', '355', '138', '395', '71', '143', '227']
['196', '415', '181', '14']