['aja', 'aby', 'ajb', 'ank', 'ask', 'afl', 'anl', 'aaw', 'adl', 'ash', 'afs', 'aeq', 'aqs', 'arr', 'aev', 'aon', 'abs', 'art', 'aid', 'atc', 'aea', 'abz', 'anf', 'ani', 'alw', 'aba', 'ajs', 'ahk', 'amq', 'ald', 'anv', 'agr', 'agl', 'abw', 'asg', 'afg', 'aqf', 'asl']
['afx', 'ahc', 'ahy', 'ahg', 'arv', 'abf', 'amm', 'adr', 'aib', 'asu', 'ara', 'afj', 'aia', 'asv', 'aga', 'adg', 'arc', 'alb', 'aim', 'aoi', 'aip', 'anc', 'are', 'arp', 'ajt', 'aad', 'abc', 'acy', 'ari', 'afe', 'ahj', 'aii', 'aiq', 'aop', 'ata', 'acc', 'abh', 'asq']
['agp']
['aao', 'acb', 'abu', 'acp', 'ahv', 'akr', 'ate', 'ajq', 'aax', 'afp', 'akc', 'acx', 'age', 'alh', 'abl', 'apy', 'afk', 'acz', 'amu', 'aog', 'agb', 'akp', 'ahr', 'aqt', 'ahw', 'acf', 'als', 'afn', 'alu', 'aov', 'arn', 'ajd', 'ans', 'akj', 'air', 'amt', 'aiz', 'acm']
['acj']
['ahh']
['aoj']
['aix']
['apw']
['apo']
['ajl']
['asx']
['aoh']
['aeu']
['aaq']
['ard']
['akt']
['ajp']
['alc']
['agf', 'aqu', 'aep', 'aox', 'ail', 'ami', 'amh', 'aof', 'apn', 'apu', 'ajc', 'arg', 'ajw', 'aek', 'aji', 'asz', 'ade', 'amo', 'aqr', 'agz', 'aej', 'afd', 'amj', 'aey', 'aat', 'amd', 'aaf', 'ach', 'adq', 'apx', 'aee', 'aoe', 'aht', 'ark', 'api', 'aro', 'apt', 'aav']
['ael']
['abp', 'act', 'ary', 'amn', 'asf', 'afh', 'aeh', 'asj', 'arm', 'acl', 'abm', 'acv', 'alr', 'anb', 'aqq', 'aoo', 'aso', 'ajh', 'apm', 'asp', 'adt', 'aak', 'akd', 'aqb', 'akb', 'aes', 'ajx', 'ady', 'adf', 'afq', 'ant', 'alp', 'acw', 'agm', 'acs', 'amc', 'akn', 'app']
['ado', 'ajr', 'alx', 'aod', 'asw', 'aau', 'ajn', 'ake', 'arf', 'any', 'ama', 'aio']
['apl', 'amy', 'aml', 'ann', 'aol', 'asn', 'adn', 'aiv', 'acd', 'ahp', 'aei', 'afb', 'all', 'akm', 'aeo', 'apv', 'adz', 'acq', 'aef', 'ahu', 'ais', 'aqx', 'apk', 'anh', 'anx', 'aff', 'abb', 'aeb', 'aer', 'aca', 'aka', 'aik', 'aki']
['ane', 'anm', 'aiy', 'alo', 'aqa', 'aqg', 'aqi', 'akq', 'agu', 'amf', 'aaa', 'alj', 'anr', 'aiw', 'aou', 'asc', 'abi', 'aqn', 'agi', 'ast', 'aos', 'ars', 'asr', 'acr', 'arj', 'akl', 'aew', 'ams', 'aom', 'akh', 'aoc', 'arz', 'ame', 'afy', 'afw', 'aoq', 'aot', 'apr']
['aqd']
['acg']
['aku']
['ajk']
['aqw']
['adc', 'and', 'ass', 'ali', 'aab', 'anq', 'aqo', 'asm', 'add', 'ang', 'ads', 'akw', 'adh', 'amb', 'aas', 'abr', 'aay', 'aij', 'amp', 'alm', 'ala', 'aaz', 'akf', 'agn', 'anj', 'agx', 'ahe', 'aeg', 'agq', 'ajm', 'akv', 'ajj', 'adj', 'afz', 'arh', 'amr', 'afi', 'aks']
['akx']
['ago']
['abd']
['anw']
['aho']
['ano']
['adp']
['ain']
['amx']
['abo', 'asi', 'asd', 'akz', 'ajg', 'ale', 'aor', 'aal', 'aiu', 'apj', 'aic', 'aha', 'aez', 'aem', 'agg', 'aap', 'agc', 'alt', 'ahd', 'abe', 'aqv', 'ako', 'aqh', 'arb', 'asb', 'alz', 'akk', 'ada', 'aam', 'arx', 'aoa', 'adw', 'ags', 'amz', 'anp', 'apz', 'aqz', 'adx']
['ajo']
['abq', 'afm', 'ait', 'alg', 'apc', 'agv', 'agh', 'agk', 'ase', 'aqc', 'aqk', 'ahi', 'ajv', 'atb', 'abn', 'amw', 'apg', 'aqp', 'aaj', 'aci', 'aen', 'agd', 'aco', 'aar', 'aac', 'adm', 'aae', 'ack', 'ahs', 'apd', 'aqe', 'ahn', 'afo', 'abg', 'aoz', 'ahx', 'amk', 'aje']
['adb']
['aow']
['aql']
['aec']
['abv', 'alf', 'afr', 'arw', 'ahl', 'apa', 'aph', 'agt', 'atd', 'aih', 'asa', 'aie', 'aky', 'ahq', 'ahm', 'aex', 'ajz', 'aan', 'arl', 'afa', 'aru', 'apf', 'aed', 'adu', 'amg', 'ahz', 'abk', 'aqj', 'amv', 'ahf', 'apq', 'ape', 'aag', 'acn', 'ana', 'adk', 'ace', 'aly']
['abj']
['abx', 'adv', 'aft', 'aai', 'aln', 'ahb', 'atf', 'aif', 'aah', 'anu', 'agj', 'aok', 'afv', 'alk', 'aps', 'adi', 'aqm', 'anz', 'alv', 'aoy', 'acu', 'alq', 'afc', 'aju', 'abt', 'apb', 'ajf', 'aet', 'agy', 'arq', 'aqy', 'aig', 'asy', 'aob', 'ajy', 'afu', 'akg', 'agw']