['114']
['233', '201']
['229']
['41']
['44']
['398', '268']
['152', '318']
['317']
['380', '208', '287', '326']
['67', '387']
['307', '195']
['11', '310']
['84']
['379', '213']
['399', '170']
['115']
['270', '216']
['253', '359', '319']
['340']
['70', '186']
['313']
['21', '221', '217', '363', '10']
['206', '222']
['23', '348', '123']
['224']
['91']
['149']
['0', '75']
['389']
['29']
['165', '230']
['225']
['121']
['33', '16']
['34', '294', '141']
['64', '235']
['108', '395']
['37', '207', '334']
['370', '117']
['39', '239', '228']
['205']
['12', '241', '200']
['131', '293']
['275']
['210', '244']
['56', '245']
['46', '187', '276', '202']
['342', '333']
['281']
['249', '32', '300']
['50', '250']
['385', '177']
['52', '252', '312']
['42', '90', '80', '321']
['86', '49']
['135', '236']
['160']
['57']
['58', '376']
['93']
['371']
['384', '140']
['62', '262', '144']
['105', '263']
['394', '264']
['383', '296']
['151']
['9', '22']
['168', '146']
['69', '279', '335']
['367']
['271', '171']
['350', '134']
['73', '155', '8', '98', '356']
['74', '63']
['238', '27', '4']
['87', '150']
['77', '282', '352', '176']
['60']
['368']
['280']
['109']
['331', '277', '339']
['83', '283']
['198', '88', '71']
['347', '311', '266']
['345', '286']
['162']
['288']
['89', '289']
['185', '290']
['284']
['92', '292']
['197', '242']
['94', '397']
['196']
['96', '265', '113']
['97', '178', '278']
['298']
['305', '54']
['100', '299']
['193', '156', '393']
['388']
['315', '303', '231']
['104', '304', '343', '78']
['99', '43', '18', '119']
['133']
['107']
['85', '297']
['332', '309']
['324']
['111', '36']
['45']
['204']
['314']
['215', '103', '28']
['116', '132']
['329']
['68']
['20', '361']
['120', '5']
['172', '220']
['122', '327', '285']
['273']
['124', '212', '40']
['125', '72']
['145']
['203', '188']
['128', '328', '182']
['295', '320', '362', '392']
['251', '38', '13']
['161', '82', '349']
['173', '382']
['306', '261', '267']
['47']
['55']
['143']
['137', '337', '112']
['166', '95']
['139']
['3', '101']
['341', '48', '76', '323', '199']
['142', '226']
['136', '183', '259', '369']
['336', '344', '223']
['31']
['240', '14']
['147', '181']
['148', '258']
['110']
['51']
['126', '346']
['192', '302']
['330', '353', '19']
['154', '354']
['355']
['6']
['157', '357', '254']
['358', '169']
['159', '338']
['1', '360', '322']
['232']
['214', '17']
['163', '24', '127']
['59']
['256']
['325', '179', '15']
['167', '386', '372']
['269']
['260']
['153', '364']
['53', '374']
['30']
['373', '25']
['174', '158', '79']
['377', '375', '118']
['237', '66']
['130', '291']
['308', '378', '164']
['7']
['180']
['81', '381']
['219']
['106', '102', '257']
['184', '61']
['138']
['272', '175', '247']
['246', '209', '243', '227', '366']
['65']
['189']
['190', '390']
['191', '391', '316']
['301']
['218']
['365', '35']
['255', '2']
['234', '396', '194']
['211', '129', '248']
['26']
['274', '351']