['262lol']
['21lol']
['1lol']
['25lol']
['158lol']
['348lol']
['111lol', '197lol', '176lol', '122lol', '237lol', '277lol', '91lol', '287lol', '73lol', '78lol', '127lol', '102lol', '285lol', '61lol', '160lol', '439lol']
['297lol']
['300lol']
['206lol', '398lol', '396lol', '67lol', '124lol', '98lol', '389lol', '227lol', '408lol', '264lol', '443lol', '49lol', '491lol', '247lol', '369lol', '112lol', '497lol', '359lol', '250lol', '69lol', '393lol', '209lol', '17lol', '336lol', '115lol', '392lol', '150lol', '202lol', '240lol', '19lol', '347lol', '165lol', '232lol', '133lol', '5lol', '183lol', '45lol', '274lol', '327lol', '28lol', '34lol', '429lol']
['93lol']
['373lol', '171lol', '174lol', '420lol', '403lol', '219lol', '302lol', '355lol', '113lol', '410lol', '192lol', '387lol', '48lol', '265lol', '152lol', '153lol', '349lol', '298lol', '267lol', '397lol', '217lol']
['382lol']
['259lol']
['216lol']
['322lol']
['462lol']
['334lol']
['388lol']
['376lol', '357lol', '213lol', '131lol', '378lol', '145lol', '51lol', '114lol', '379lol', '8lol']
['471lol', '478lol', '275lol', '386lol', '95lol', '484lol', '414lol', '139lol', '326lol', '26lol', '412lol', '433lol', '92lol', '71lol', '246lol', '82lol', '178lol', '208lol', '268lol', '221lol', '144lol', '304lol', '193lol', '16lol', '212lol', '103lol', '496lol', '291lol', '11lol', '224lol', '377lol', '70lol', '263lol', '447lol', '9lol', '100lol', '468lol', '167lol', '308lol', '272lol', '314lol', '480lol', '346lol', '159lol', '249lol', '6lol', '18lol', '380lol', '305lol', '499lol', '368lol', '316lol']
['35lol']
['354lol']
['375lol']
['423lol']
['12lol']
['85lol']
['179lol']
['27lol']
['455lol']
['481lol', '105lol', '156lol', '257lol', '343lol', '14lol', '201lol', '360lol', '415lol', '473lol', '243lol', '456lol', '43lol', '352lol', '248lol', '203lol', '384lol', '187lol', '440lol', '87lol', '446lol', '488lol', '143lol', '320lol', '344lol', '345lol', '256lol', '309lol', '273lol', '239lol', '189lol', '329lol', '271lol', '350lol']
['136lol']
['62lol']
['252lol', '451lol', '367lol', '498lol', '29lol', '54lol', '40lol', '333lol', '170lol', '236lol', '289lol', '169lol', '339lol', '331lol', '479lol', '31lol', '47lol', '323lol', '126lol', '177lol', '342lol', '39lol', '10lol', '425lol', '269lol', '42lol', '458lol', '140lol', '315lol', '405lol', '138lol', '417lol', '374lol']
['489lol']
['23lol']
['53lol']
['74lol']
['4lol']
['461lol']
['44lol']
['301lol']
['63lol']
['430lol']
['134lol', '467lol', '278lol', '310lol', '245lol', '363lol', '438lol', '276lol', '294lol', '244lol', '149lol', '64lol', '20lol', '88lol', '453lol', '241lol', '370lol', '319lol', '318lol', '450lol', '260lol', '332lol', '361lol', '117lol', '191lol', '312lol', '330lol', '365lol', '162lol', '487lol', '60lol', '168lol', '353lol', '173lol', '86lol', '441lol', '474lol', '391lol', '90lol', '381lol', '180lol', '188lol', '290lol', '211lol', '436lol', '65lol', '364lol', '132lol', '279lol']
['324lol', '89lol', '404lol', '0lol', '194lol', '33lol', '463lol', '94lol', '286lol', '76lol', '220lol', '465lol', '121lol', '325lol', '254lol', '41lol', '125lol', '284lol']
['311lol']
['223lol']
['409lol']
['155lol']
['118lol']
['485lol', '413lol', '157lol', '306lol', '419lol', '83lol', '255lol', '36lol', '466lol', '321lol', '106lol', '15lol', '30lol', '110lol', '435lol', '166lol', '426lol', '55lol', '222lol', '442lol', '230lol', '313lol', '66lol', '432lol', '395lol', '46lol', '109lol', '418lol', '366lol', '161lol', '251lol', '328lol', '38lol', '175lol', '292lol', '295lol', '402lol', '123lol', '490lol', '57lol', '207lol', '186lol', '141lol', '464lol', '437lol', '411lol', '427lol', '59lol', '163lol', '147lol', '296lol', '362lol', '7lol', '283lol', '422lol', '146lol', '22lol', '495lol', '470lol', '233lol', '457lol', '210lol']
['172lol']
['338lol']
['2lol']
['307lol']
['231lol']
['477lol']
['406lol']
['356lol']
['303lol']
['493lol']
['399lol']
['107lol']
['75lol']
['280lol']
['469lol']
['218lol', '475lol', '151lol', '270lol', '101lol', '494lol', '84lol', '142lol', '229lol', '235lol', '299lol', '185lol']
['32lol', '459lol', '108lol', '226lol', '37lol', '449lol', '199lol', '228lol', '341lol', '205lol', '454lol', '130lol', '96lol', '119lol', '337lol', '79lol', '385lol', '258lol', '483lol', '204lol', '52lol', '148lol', '99lol', '200lol']
['81lol']
['482lol']
['476lol']
['282lol']
['234lol']
['129lol']
['335lol']
['390lol']
['431lol']
['407lol']
['137lol']
['434lol']
['238lol']
['58lol']
['242lol']
['196lol']
['317lol']
['190lol']
['358lol']
['288lol']
['472lol']
['428lol']
['80lol']
['416lol']
['261lol']
['13lol', '120lol', '182lol', '394lol', '253lol', '266lol', '215lol', '340lol', '492lol', '24lol', '116lol', '383lol', '293lol', '198lol', '371lol', '445lol', '77lol', '214lol', '164lol', '225lol', '50lol', '400lol', '3lol', '104lol', '486lol', '351lol', '401lol', '424lol', '72lol', '460lol', '372lol', '154lol']
['448lol']
['56lol']
['452lol']
['421lol']
['181lol']
['195lol']
['68lol', '128lol', '281lol']
['184lol']
['444lol']
['135lol']
['97lol']