['100', '250', '300', '107', '178', '228', '465', '163', '405', '6', '409']
['101', '82', '311', '351', '401', '451', '219', '252', '298', '31']
['52', '152', '98', '402', '294', '29', '327', '75', '411', '461', '190']
['3', '53', '442', '153', '326', '222', '422', '7', '268', '56', '217']
['288', '54', '104', '254', '304', '404', '454', '160', '340', '437', '421']
['425', '55', '244', '155', '205', '255', '355', '415', '377', '484', '266']
['117', '109', '231', '406', '456', '12', '293', '418', '227', '24', '238']
['403', '157', '105', '383', '380', '357', '71', '80', '359', '35', '282']
['408', '30', '158', '439', '448', '148', '407', '347']
['9', '394', '159', '286', '419', '292', '337', '473', '90', '194', '110']
['423', '60', '2', '305', '483', '214', '410', '196', '356', '1', '433']
['256', '61', '179', '416', '261', '301', '22', '424', '434', '58', '413', '242', '184']
['211', '62', '125', '162', '212', '46', '64', '452', '412', '462', '171']
['177', '313', '343']
['48', '103', '336', '164', '201', '197', '232', '364', '414', '464', '76']
['131', '315', '142', '207', '73', '0']
['45', '478', '269', '395', '32', '366', '476', '466', '306', '267', '57']
['488', '468', '167', '118', '367', '417', '258', '241', '396', '428', '308']
['180', '330', '471', '168', '218', '154', '260', '259', '331', '384', '440']
['19', '69', '150', '84', '319', '8', '133', '360', '51', '372', '18']
['459', '144', '170', '220', '432', '320', '370', '470', '338', '192', '72']
['11', '121', '40', '221', '102', '350', '371', '389', '329', '264', '108']
['344', '122', '358', '253', '99', '235', '363', '472', '173', '120', '36']
['74', '352', '341', '145', '373', '277', '353', '165', '137', '213', '20']
['166', '127', '174', '224', '151', '324', '374', '83', '474', '203', '392']
['112', '390', '77', '453', '375', '475', '234', '251', '237', '290', '420']
['463', '247', '346', '176', '59', '4', '365', '342', '21', '132', '443']
['134', '225', '188', '240', '427', '318', '239']
['361', '10', '138', '278', '115', '111', '116', '85', '38', '387']
['297', '140', '233', '378', '479', '284', '450', '379', '429', '229', '291']
['97', '323', '345', '230', '143', '430', '480', '208', '307', '161', '385']
['81', '124', '246', '279', '198']
['28', '17', '169']
['33', '328', '183', '216', '333', '193', '156', '310', '209', '50', '226']
['215', '243', '368', '386', '172', '273', '119', '79', '376', '455', '23']
['438', '15', '185', '181', '335', '431', '263', '485', '303', '200', '123']
['44', '136', '106', '114', '223', '436', '486', '275', '175', '469', '321', '147']
['128', '187', '287', '393', '398', '487', '249', '446', '39', '458', '270']
['186', '87', '129', '381', '314', '204', '477', '70', '481', '382', '68']
['206', '285', '139', '189', '334', '92', '349', '274', '94', '309', '93']
['265', '95']
['89', '191', '34', '283', '391', '78', '339', '236', '449']
['302', '289', '42', '43', '445', '388', '312', '130', '135', '280', '149']
['16']
['182', '91', '67', '369', '444', '210', '317', '65']
['96', '195', '295', '88', '276', '400', '281', '426', '41']
['262', '146', '460', '296', '126', '26', '13', '322', '467', '25']
['63', '245', '441', '141', '354', '66', '435', '397', '447', '457', '27']
['14', '272', '248', '332', '86', '257', '316', '113', '362', '325']
['49', '37', '199', '202', '299', '399', '482', '348', '5', '47', '271']