['bk', 'gz', 'z', 'm', 'cx', 'n', 'jy', 'f', 'fx', 'fe']
['gb', 'iu', 'in', 'er', 'bs', 'ep', 'hz', 'iq', 'au', 'iy']
['bl', 'ct', 'hp', 'ed', 'bm', 'io', 'aq', 'ij', 'hj', 'ia']
['ah', 'ik', 'cq', 'gc', 'je', 'hq', 'ie', 'dk', 'hg', 'fu']
['aj', 'dh', 'as', 'ho', 'dl', 'it', 'hy', 'cl', 'dv', 'bx']
['al', 'fq', 'hx', 'bq', 'jg', 'cr', 'hr', 'bv', 'ay', 'cy']
['ey', 'l', 'eo', 'fl', 'ig', 'dx', 'cg', 'r', 'kn', 'gy']
['gp', 'ck', 'en', 'jf', 'by', 'kk', 'fb', 'v', 'jd', 'jk']
['eb', 'dd', 'dn', 'dg', 'ev', 'aa', 'jq', 'km', 'cv', 'gv']
['jm', 'ja', 'dj', 'ib', 'gm', 'dr', 'y', 'hc', 'cu', 'if']
['bp', 'iv', 'jv', 'ei', 'ki', 'cz', 'gt', 'o', 'i', 'fo']
['jc', 'ix', 'ej', 'bg', 'c', 'fj', 'kl', 'gg', 'b', 'a']
['u', 'gf', 'fv', 'do', 'js', 'at', 'ip', 'dc', 'h', 'dt']
['bi', 'kc', 's', 'ht', 'fk', 'cs', 'el', 'fg', 'cd', 'ff']
['gd', 'dq', 'kd', 'bb', 'eu', 'ee', 'hv', 'ab', 'kg', 'ge']
['gq', 'kj', 'ef', 'dy', 'jn', 'ba', 'hh', 'ae', 'hi', 'bc']
['fm', 'bz', 'gi', 'ds', 'ek', 'gr', 'fz', 'ad', 'bh', 'ju']
['dz', 'dw', 'ec', 'ic', 'dm', 'bo', 'jo', 'ag', 'ew', 'eg']
['di', 'kb', 'zz', 'bn', 'ac', 'fy', 'kf', 'af', 'fs', 'il']
['da', 'du', 'jr', 'ca', 'db', 'ao', 'an', 'ai', 'cj', 'ar']
['co', 'ke', 'bw', 'cc', 'gn', 'go', 'cm', 'w', 'ga', 'fn']
['az', 'fh', 'df', 'ch', 'jh', 'he', 'ea', 'gj', 'hs', 'ez']
['gk', 'jb', 'jp', 'bj', 'ji', 'ax', 't', 'g', 'fw', 'jt']
['ak', 'cf', 'kh', 'cp', 'hk', 'ih', 'ha', 'am', 'bu', 'bf']
['hb', 'iw', 'cb', 'bt', 'ft', 'j', 'ir', 'gw', 'gl', 'iz']
['jx', 'd', 'fi', 'e', 'ci', 'jj', 'eh', 'hf', 'br', 'fp']
['jw', 'fd', 'fr', 'hw', 'be', 'jz', 'hd', 'dp', 'fa', 'q']
['gu', 'ce', 'av', 'gs', 'hn', 'em', 'ka', 'bd', 'x', 'es']
['jl', 'p', 'eq', 'gx', 'ex', 'hu', 'ii', 'ap', 'fc', 'im']
['gh', 'cw', 'aw', 'cn', 'hm', 'is', 'k', 'hl', 'de', 'et']