['ISX', 'ZQL', 'EJa', 'dLc', 'W2Z', 'Xim', 'B99', 'UmG', 'kYz', 's6M', 'wgA', 'Hxo', 'E2A']
['ZFU', '6pB', 'MNb', '9NA', 'Ihb', 'sKX', 'rYU', 'KS2', 'a4K', 'ziA', 'Ke0', 'tEu', 'yAp']
['pf5', '8uu', 'L1u', 'YFC', 'czy', 'h3r', 'bAf', 'JfN', 'ptf', '4p5', 'rGT', 'oak']
['W4L', 'vyM', '4Nd', 'xqY', '4fp', 'HvR', 'Wmv', 'dSZ', 'YUZ', 'JyM']
['bLd']
['d60']
['oSh', 'gTC', 's3z', 'gWT', '0ID', 'uii', 'MQT', 'xxJ', 'SFn', '3QX', 'WB2', 'VZ7']
['qLD', '27J', 'zEh', 'bDO', 'fFJ', '1gc', 'AcJ', 'tpP', 'Twl', 'Kn8', 'Bfu', 'MrD', '1uW']
['uZt', 'euj', 'x86', 'iW8', 'Ql9', 'h6l', 'FzE', '6na', 'WXJ', '81k', 'psG', '5zB']
['b7z', 'f9z', 'PqY', 'FbA', '96X', 'xx7', 'Afe', 'hct', 'iTo', 'IZQ', 'vca']
['mUL', 'aTI', 'iFt', 'GpL', 'Gu6', '69w', 'klv', 'Qti', 'pTi', 'rz4', 'qmj', 'YEe']
['zgJ', 'gE4', 'P8b', 's1n', '6sH', 'ULj', 'ZxX', '5jv', 'wGp', '1aX', 'xLA', 'mFO', 'gEp']
['D5B', '2vJ', 'Fmb', 'btz', '6ro', 'AJT', 'UDc', 'kT2', 'N08', 'b9f', 'YBr', 'u9Q']
['etm', 'QDa', 'rmu', 'AHs', '1RB', 'UPL', 'CU9', 'iiE', '9ug', 'YNK', 'gVV', 'nRH']
['mLL', 'JYa', 'eGG', 'W8n', 'cDc', '4gy', 'U0Z', 'm5j', 'BPL', 'vJC', '19T', 'X9s']
['Hyj', 'Epk', '4nb', 'dvU', 'KZy', 'ttO', 'hdp', 'jWX', 'x8V', 'PJa', 'tFU', 'oUs']
['SMj', 'Mvm', 'KGR', '3kn', 'hYw', '8nm', 'JLF', 'NyP', 'H68', 'XHa', 'xRH', 'SmS']
['EJD', 'u1N', 'Ot9', 'yLV', 'LiP', 'zfD', 'dNX', 'v6U', '8VG', 'qkE', 'emD', 'HkK']
['BV4']
['U4K', 'hiF', 'jFu', 'J8r', '0Qs', 'X5J', '1QY', '00m', 'EoI', 'xpw', 'VCH', 'upV']
['wqW', 'iS6', 'Swe', 'Jla', 'oPH', 'kte', 'gEU', 'TUB', 'YMC', 'Qa3', 'blA', 'QhQ']
['aZv', '2mv', 'nkl', 'PoH', 'VVW', '70K', 'cFa', '2UA', 'KRy', 'i9C', '8j5', 'NXP']
['XlR', 'nQj', 'lsG', 'AKr', 'lKO', 'VPb', 'fFE', '5U2', 'PlJ', '28R', 'NGB', 'Itn']
['CYA', 'nqI', 'uVg', 'DoC', 'dlb', 'e8d', 'Pas', '5n5', 'GRw', 'ewc', 'NiX', 'Fws']
['txp', 'WLo', 'VoJ', 'I2i', 'JWV', 'SV9', 'oZQ', 'nc0', 'oSw', 'gfv', 'tfQ', 'G2k']
['OCL', '5Li', 'mLF', 'ux2', 'ZNv', 'n99', 'mGb', 'QEF', 'X5a', '5qS', '8uz', 'GUX']
['rMd', 'PiG', 'c3v', 'WLk', 'a55', '17Q', 'tK7', 'rXN', 'PQT', 'jGk', 'mIe', 'zfK']
['gkI', 'rgC', 'Zc5', 'mRG', 'bA6', 'Z7b', 'Hbr', 'nQv', '4LY', 'fKV', 'tKI', 'BDE', '5i6']
['Ns3', 'AK4', 'e6S', 'wwD', 'kZ0', 'Hi0', 'Eou', 'PPi', 'fQ3', 'uQL', 'Jgp', 'ZY3']
['U0P', 'uH4', 'JcP', 'IJ1', 'zTH', 'z1H', 'nf5', 'b99', 'HWv', 'JVP', '0gI', 'F9o']
['i4H']
['LTB', 'O2z', 'hQH', 'g08', 'qDy', 'FEQ', 'H9O', 'qPq', 'sfk', 'NqO', 'xz4', 'I2S']
['SiL', 'cmd', 'kiK', 'CwC', 'IU6', 'j3s', 'USE', 'Qtt', 'Y2z', 'cEk', '9F9', 'ZVF']
['0oy', 'D40', 'iba', 'uGP', 'FkC', 'rC8', 'e8H', 'stN', 'jEj', 'Tn8', 'VAV', 'iGU']
['mcI', '6Ip', 'slQ', 'Qyh', 'XMr', '0RD', 'aLB', 'hHB', 'tm4', '1xS', '4KN', '6Hl']