['122', '298', '403', '88', '87', '149', '154', '176', '180', '220', '123', '264', '396', '308', '318', '209', '374', '138', '175', '244', '146', '177', '342', '93', '229']
['303', '150', '111', '199', '245', '170', '375', '346', '302', '219']
['325', '239', '419', '231', '112', '252', '272', '167', '191', '266', '113', '210', '230', '211', '133', '251', '351']
['277', '293', '235', '57', '37', '296', '248', '317', '223', '398', '267', '378', '333', '377', '399', '143', '119', '246', '265', '297', '273', '360']
['182', '307', '222', '51', '186', '136', '225', '224', '299', '203', '6', '279', '292', '7', '116', '312', '183', '163']
['5', '147', '359', '53', '309', '158', '137', '269', '289', '56', '335', '379', '348', '368']
['287', '406', '160', '294', '386', '17', '314', '18', '121', '19', '315', '61', '354', '155', '52', '47', '67', '38']
['89', '120', '352', '345', '43', '161', '44', '201', '172', '216', '80', '30', '60', '127', '162', '79', '286', '181', '100', '236', '27', '141', '373']
['8', '66', '12', '376', '16', '33', '320', '247', '14', '301', '13', '11', '226', '300', '259', '92', '356', '280', '28', '189', '36', '361', '140', '65']
['9', '31', '338', '349', '350', '126', '344', '336', '328', '97', '357', '337', '310', '405', '128', '326', '316', '311', '260', '23', '330', '108']
['10', '271', '204', '98', '197', '278', '99', '124', '134', '103', '270', '371', '331', '72', '78', '332', '71', '148', '35']
['281', '241', '63', '256', '363', '393', '389', '366', '381', '253', '397', '362', '262', '390', '217', '385', '261', '233', '240', '179', '96', '165']
['22', '55', '26', '29', '118', '340', '188', '254', '207', '404', '131', '1', '2', '73', '187', '412', '383', '75', '49']
['347', '48', '105', '192', '243', '255', '129', '409', '275', '41', '295', '387', '388', '130', '327', '95', '367']
['319', '110', '58', '90', '213', '159', '212', '234', '321', '413', '339', '322', '334', '135', '70', '202', '117', '166']
['168', '358', '54', '164', '25', '169', '372', '91', '205', '257', '34', '206', '258', '313', '285', '411', '407', '107']
['184', '353', '104', '185', '237', '242', '414', '415', '215', '290', '77', '139', '76', '94', '81', '418', '40', '291', '384', '101', '82']
['227', '221', '401', '324', '132', '85', '408', '410', '32', '50', '369', '391', '400', '392', '382', '343', '69', '323', '178', '68']
['62', '84', '196', '370', '194', '365', '238', '42', '195', '232', '83', '102', '276', '59', '151', '152', '39', '274', '329', '190']
['115', '193', '173', '304', '144', '24', '305', '364', '114', '380', '145', '355', '395', '125']
['46', '249', '64', '86', '282', '174', '218', '156', '284', '306', '106', '228', '200', '394', '416', '171', '283', '208', '198', '157', '250']
['21', '20', '109', '142', '153', '402', '263', '45', '268', '288', '417', '0', '214', '15', '3', '74', '341', '4']