['360', '186', '40', '60', '243', '100', '249', '225', '148', '127', '39', '386', '161', '116', '320', '28', '42', '181', '63', '118', '275', '256', '92', '125', '337']
['274', '215', '61', '183', '101', '141', '33', '26', '54', '229', '24', '301', '321', '381', '21', '12', '348', '119', '191', '299', '72', '294', '102', '319', '282']
['354', '306', '400', '62', '82', '221', '157', '335', '212', '202', '222', '242', '262', '57', '17', '362', '297', '281', '20', '134', '1', '86', '378', '113', '79']
['361', '9', '374', '230', '123', '85', '331', '263', '170', '196', '300', '49', '77', '265', '373', '394', '389', '309', '252']
['4', '139', '168', '383', '342', '371', '204', '244', '287', '219', '278', '384', '27', '344', '128', '302', '375', '32', '241', '166', '46', '273', '23']
['172', '45', '363', '339', '185', '95', '285', '91', '268', '189', '76', '208', '126', '70']
['44', '117', '43', '188', '171', '106', '217', '37', '177', '201', '112', '145', '22', '346', '260', '3', '237', '5', '365', '74', '368', '153', '313', '364', '326']
['338', '47', '67', '343', '107', '228', '147', '314', '220', '207', '218', '247', '71', '307', '327', '385', '367', '387', '135', '292', '283', '89', '295', '73']
['8', '266', '48', '68', '88', '269', '329', '154', '115', '151', '352', '272', '388', '325', '41', '238', '310', '173', '340', '179', '180', '11', '34', '246']
['349', '214', '84', '359', '6', '109', '353', '195', '347', '209', '261', '16', '277', '356', '330', '298', '206', '312', '250', '198', '245', '264', '138', '167', '152']
['108', '110', '150', '25', '236', '270', '35', '120']
['169', '121', '142', '140', '390', '324', '75', '56', '211', '231', '251', '291', '53', '336', '144', '58', '155', '223', '280', '355', '10', '305', '190']
['159', '235', '2', '192', '182', '131', '370', '65', '199', '377', '232', '286', '175']
['13', '94', '316', '93', '103', '210', '193', '366', '248', '227', '104', '333', '334', '393', '267', '165', '133', '203', '143', '111', '124', '289', '322', '158', '271']
['315', '146', '81', '240', '382', '194', '29', '254', '323', '351', '253', '257', '328', '114', '97', '350', '216', '345', '226', '129', '14', '105', '78']
['55', '80', '304', '164', '205', '341', '52', '395', '308', '358', '90', '369', '50', '311', '160', '332']
['36', '276', '239', '96', '296', '136', '176', '51', '398', '163', '234', '357', '376', '397', '64', '392', '303', '130', '174', '66', '213', '290', '122', '149', '288']
['0']
['98', '380', '99', '293', '162', '258', '200', '255', '156', '7', '184', '178', '391']
['19', '59', '284', '137', '18', '69', '87', '187', '259', '279', '15', '30', '233', '379', '399', '83', '38', '224', '396', '372', '317', '318', '31', '197', '132']