['FMU', 'CGQ', 'HIG', 'ZNQ', 'VMJ', 'UOM', 'SFJ', 'ZCY', 'KAJ', 'HHK', 'QTJ', 'QLH', 'XVF', 'CDZ', 'ITN', 'YTR', 'NSI', 'GBL', 'KVY', 'IIT', 'IKN', 'OON', 'ULP', 'ROL', 'JUQ']
['FCU', 'EUK', 'GUQ', 'EOF', 'UEN', 'RUP', 'RYE', 'JJB', 'JZV', 'GMF', 'VXB', 'XJW', 'LMU', 'PDU', 'TBT', 'NLS', 'CFJ', 'BFH', 'BCW', 'XQI', 'GUN', 'LWA', 'FJH', 'WKY', 'RNU']
['DMH', 'DNE', 'VCY', 'YPX', 'VFV', 'SFD', 'UDD', 'YVQ', 'XNY', 'FOW', 'RIX', 'DZR', 'NGH', 'KLZ', 'EDD', 'QIB', 'TFT', 'JMO', 'AWX', 'YKR', 'TMR', 'FCJ', 'VTH', 'EBA', 'SCX']
['RSG', 'TFQ', 'WZL', 'DJA', 'QMI', 'WTX', 'FTI', 'QVI', 'YYG', 'NUG', 'SNM', 'NXI', 'EZU', 'SDH', 'MZP', 'NPS', 'CNU', 'IUE', 'CHA', 'TVZ', 'YYU', 'TSS', 'YLS', 'CIH', 'HXF']
['CHR', 'LTC', 'XRV', 'FWA', 'KNZ', 'YKF', 'LOQ', 'YYC', 'RYA', 'CXP', 'ODG', 'LHQ', 'JDC', 'QNG', 'MUV', 'ZBF', 'KUO', 'GEF', 'GPL', 'PKK', 'ALI', 'IDJ', 'IIY', 'FDS', 'SRB']
['VAC', 'LLX', 'WJS', 'WDF', 'VQR', 'YKQ', 'MUO', 'QCJ', 'VYF', 'UGW', 'IKB', 'JHO', 'AQN', 'MUL', 'TMD', 'ZJU', 'YAR', 'OXU', 'SCS', 'GYM', 'SGO', 'MJV', 'XIY', 'UIO', 'NWB']
['WCD', 'OLD', 'UTL', 'IEK', 'PVQ', 'IYH', 'FKU', 'AYJ', 'HQB', 'WCB', 'XKQ', 'LHD', 'GPH', 'UZU', 'WUI', 'WGY', 'QAM', 'SCK', 'PVS', 'LWH', 'SUQ', 'FSW', 'PGO', 'DTU', 'DCZ']
['EBB', 'OVZ', 'KNO', 'GWT', 'LJA', 'NOP', 'JTZ', 'YDL', 'ECG', 'RJS', 'FWB', 'NDI', 'GUT', 'MAC', 'UKF', 'QTQ', 'YSP', 'DAT', 'MSC', 'MWQ', 'YKH', 'FTE', 'POJ', 'IKW', 'DHT']
['NLI', 'GXJ', 'QTR', 'JZY', 'MLN', 'NTW', 'IFU', 'PYK', 'TGH', 'JVR', 'YUG', 'LGP', 'CCY', 'HGD', 'SNW', 'FOD', 'CFP', 'XWK', 'FQC', 'PZA', 'DOT', 'FTL', 'TWL', 'ZIT', 'XVQ']
['OEN', 'IPY', 'IPK', 'CUZ', 'NJD', 'HJA', 'SFK', 'UKO', 'XHQ', 'HMT', 'RXD', 'HPV', 'ONX', 'TBN', 'HXZ', 'ELO', 'CZB', 'PIL', 'QEP', 'CRF', 'JSL', 'LZP', 'IPG', 'KLM', 'KMP']
['PME', 'QIK', 'JZA', 'DMN', 'TQM', 'FXH', 'VMW', 'ZGL', 'FEV', 'BCI', 'PJW', 'YWW', 'VWX', 'MIN', 'DTS', 'JME', 'GGA', 'WWL', 'KZQ', 'MMS', 'IAM', 'RKO', 'FHI', 'ARM', 'XEO']
['UHU', 'CEY', 'EKJ', 'CJB', 'UZY', 'SNS', 'NQL', 'ESU', 'LUT', 'SMM', 'PCL', 'JXZ', 'QLI', 'VZX', 'JKL', 'POC', 'NNG', 'TVY', 'GSB', 'DAW', 'MNB', 'OCI', 'WED', 'BIN', 'IUY']
['YOA', 'MJR', 'PTX', 'VFM', 'BTJ', 'INO', 'ASO', 'WIF', 'EDP', 'MOH', 'GGM', 'NHA', 'GFL', 'WMY', 'BEQ', 'AMV', 'UFK', 'VWR', 'TLC', 'ZFO', 'EBY', 'XEN', 'SUP', 'MLH', 'SUT']
['DRX', 'SRP', 'WJI', 'RIA', 'WSD', 'TDJ', 'HZF', 'CDW', 'IFO', 'ALL', 'LZE', 'XCX', 'YYJ', 'ALG', 'RUR', 'GUE', 'ZBU', 'JOQ', 'YNR', 'HNC', 'QZB', 'VRD', 'NGI', 'MED', 'MIE']
['DFW', 'MBZ', 'ZFU', 'RZW', 'BDX', 'FJL', 'IDO', 'GGP', 'EEA', 'YTQ', 'SCZ', 'RKH', 'AYK', 'YSM', 'KJN', 'OHR', 'JWQ', 'DYU', 'XOE', 'PMO', 'PAX', 'FUR', 'GUR', 'RYT', 'GLR']
['SYQ', 'RSJ', 'ARV', 'JXM', 'UHE', 'YER', 'ZFK', 'UMO', 'CAO', 'NDJ', 'FXX', 'IYD', 'KDV', 'BLK', 'ACJ', 'JII', 'JMT', 'JGS', 'QQN', 'HYW', 'BJR', 'ELJ', 'UCH', 'EWG', 'DTW']
['KEQ', 'KVD', 'LBW', 'HGF', 'RBJ', 'SQS', 'IQJ', 'MCI', 'CGD', 'TUK', 'PAS', 'EPR', 'NXU', 'QJK', 'WER', 'SDF', 'PON', 'KSW', 'QDB', 'LXJ', 'MSE', 'ZQN', 'TQB', 'TGW', 'AUL']
['KMD', 'XDE', 'XXQ', 'THJ', 'YEN', 'KXZ', 'ZKY', 'ACP', 'AHE', 'HUN', 'YDT', 'DWU', 'AIM', 'DMP', 'RDG', 'MVS', 'PGE', 'EAA', 'AGI', 'MVB', 'TKB', 'FWN', 'BHL', 'QYA', 'WYK']
['MYN', 'NFI', 'SFB', 'WHJ', 'HPH', 'FXI', 'SQR', 'XPW', 'XFW', 'TFN', 'QBJ', 'OII', 'FPR', 'ABC', 'NDB', 'OZT', 'HBC', 'DXK', 'QFE', 'WWT', 'APD', 'IPV', 'RNM', 'SGT', 'FPT']
['HTW', 'PBP', 'KLS', 'BZI', 'EQX', 'BRY', 'HCD', 'QRE', 'POR', 'YHX', 'AZD', 'ZCF', 'UNW', 'LZI', 'CYA', 'WLU', 'BBZ', 'OFJ', 'ZPA', 'KLV', 'PAU', 'AJB', 'SAQ', 'ZRO', 'YSD']