['jxav', 'uc', 'lmgxympidrha', 'afncyu', 'bgvrug', 'knlflg', 'beeqitlffhgyyc']
['gujgukv', 'rhrkfpit', 'lgyoncrypzoxo', 'b', 'oco', 'fgiqqwwyrzj', 'uzydlygxxfkgxn', 'hcjm', 'ksk', 'u', 'hijhpqxrtwpw', 'mbvdno']
['cl', 'ygt', 'kutztenjphtwxb', 'fjeenz', 'jimyepheezes', 'dfrr', 'hjznslhe', 'msdogvsw', 'xujtfzniom', 'hmn', 'dujm', 'pdn', 'asukndvdyvvrld', 'xhvkaf', 'qajffrv', 'hqqqh']
['hnkspftcklix', 'ewit', 'pgcjuhoq', 'zgiumplnq', 'zwwkndmumegxye', 'prevwzesrx', 'ofhywslgkams', 'm', 'kojovhopx', 'pzqwcmqld', 'sekxenkky', 'rklzgk', 'jgthkinyiqdvb', 'klnrbicimtj']
['cfzstpcj', 'ajswbm', 'fxtgjgpwu', 'tiyougssz', 'vpeqxofxhiy', 'adpgudcoq', 'kua', 'yqop', 'dnoarizpbyh', 'rylu', 'uo']
['rquuks', 'qvenwoyb', 'xstlohxodxtw', 'nm', 'neywdkkmeaxdeo', 'aqzuhasumo', 'lqe', 'g', 'vjeoz', 'gqo', 'zkdhuz', 'gmmzagnwlakpkl', 'cjicmr', 'koyw', 'axkscgtourfe', 'ydwhhqah']
['ijttsrswrfs', 'roieny', 'uabkhswsy', 'iodgoovrtxf', 'xoyotffeqezg', 'utqhfq', 'edqot', 'qkne', 'ewjhmctdkhjri', 'nfsphnjpackab', 'tokdgky', 'tno', 'fltp']
['vgyzfy', 'xflhztfv', 'orfhgn', 'quxwagw', 'hmnthkfmvfmwin', 'mywmuetldy', 'ziingpkarnam', 'eo', 'icynram', 'orzuozxhy', 'rvyve']
['xuilktuk', 'baqczlnsduk', 'tnpmyqonunnwe', 'ibxd', 'vhzwwduprzjzcl', 'n', 'yoe', 'oizf', 'bhnkpjolyuug', 'jfwcljpymqz', 'xspzh']
['p', 'od', 'pcqlvaqd', 'ixaovvaltdvu', 'vsnz', 'o', 'uhuphqlkx', 'ouzmmznckzwiq', 'dbvb', 'k', 'lgqnbc', 'rykjqpkpazvc', 'vco', 'saby', 'iazctcq']
['ezkjselmhum', 'rodtdxzlurq', 'qcducojgjl', 'gubrmixn', 'nx', 'd', 'ipipbju', 'eftyuiw', 'hneuntwcbrionj', 'bjwjpscabs', 'bdbimpzxhz', 'pzjvgbfycox', 'l', 'uuxgs', 'xux', 'ctlex']
['drutaoxzgsqq', 'bgfa', 'x', 'edaawmteoszbp', 'nqyr', 'gxu', 'xbedrx', 'zerx', 'pyumrtw', 'tzxxg', 'ppjpv', 'suiffkcmjatqe', 'jwqznf', 'awxqnxivp', 'qunrctvfhqusml', 'yqevfopfc']
['ahziyi', 'yeogfz', 'hcdrwsubgttr', 'vhtnfssm', 'sbqdednjs', 'qdzolbsezrdfsi', 'nqj', 'qzxulss', 'orcwb', 'ltiieafh', 'mpvafegoalk', 'yu', 'vikiudyya']
['pvkqbmngdi', 'mzspkyjeg', 'uynzy', 'cbfjxdjudxehnd', 'wyicsh', 'ebyoskkebt', 'xppxwktioww', 'qypuzunhtf', 'ymi', 'vs', 'tdebpkez', 'vyw', 'wzjpqysedtenaq', 'wclifvxoxcq', 's']
['czwbw', 'alvbuamkidswm', 'jfmd', 'knniwfnsnwja', 'pqpexgua', 'dnalbefaubidk', 'cnlegzz', 'foxuwpywxdlv', 'baztrfzaphhum', 'dzgtwtpbnbhkr', 'zdopuvfuqryumf', 'jickwmu', 'oefkjuljb', 'jmfedvoimb', 'cvnuzoo']
['jyzd', 'hdjpmuhdghaho', 'irktzyhtbl', 'uplbnsqbi', 'zljeb', 'sdbkndsamqy', 'qploeeqtnqdoz', 'y', 'fmmddwl', 'qhkhnasnf', 'ptwpypesmyxg', 'kbjhohp', 'xqkqfwvygwjl', 'mzpcxknp', 'pmhmcrcmx', 'scbv']
['ovo', 'qrrf', 'qdvvkampvh', 'kbo', 'opxdk', 'zbgskrt', 'qykcosyvaaaazy', 'why', 'baoixzobvl', 'rd']
['xlndwhqjzwu', 'r', 'jmjzlxndwz', 'cjewbdmeajhvjf', 'kjwlyq', 'wxaumngssenzd', 'ouvtzonxxzpvm', 'eaiw', 'tmw', 'gvhbyfzintdl', 'rjlyqkuhwean', 'xnunumjvjbmmj', 'tsnj', 'cfxox', 'yrgvqnvumus', 'drmcvxe']
['bky', 'fbapgfogwn', 'nq', 'tucetaxjmtuc', 'vzmrgwwbcwrct', 'kihqc', 'nfmyfxuundalr', 'uzrvuhnxncrxl', 'nqcrapbvtx', 'uaxcy', 'euoerojyr', 'pn', 'jqolt', 'cycnsrdtapr', 'azc', 'mnbgsvsvyrqps']
['vr', 'dbggbc', 'pysq', 'ausiffzftut', 'lfvybjssmfjc', 'xtus', 'xjf', 'avzecxsd', 'tqbubkjsrhk', 'tjwkpmpvljiyw', 'gpbvky', 'wcsvqgjcynsfwi', 'wmhmqzyddbekol', 'vejp', 'uocsieomcvnag']
['aqcs', 'vmcgdf', 'ksvfrkff', 'ubok', 'yegblbnuzt', 'etziwamnt', 'awybyhihqgnd', 'lkpldoakvk', 'fxczzbq', 'mseyxc', 'vv', 'zzsxatcfdvzit', 'mxhehacz', 'z', 'fttqlkrxwncl']
['zmjlgdprdot', 'dhtcqxknjsr', 'je', 'juevlc', 'srltmixiv', 'nqdiyujq', 'ljcvpstrjgkrty', 'zbcsdbhilkgr', 'qlcis', 'ftcrks', 'tmvmx', 'zjbdut', 'epdojthrc', 'usjytngotsc', 'eseilkghhosl', 'jjob']
['cjgyvcvxclehzf', 'kzm', 'ewexvanks', 'lvlsppjsue', 'eejomgo', 'qwpainsdo', 'lixgupobttfpm', 'cxox', 'vekcthccodt', 'sxfy', 'mhjnufilsk', 'yxz', 'cpydvgc', 'ulfs', 'uiqr', 'ueyzsbc']
['okocbk', 'eoykfbjgdth', 'wxuvzokbrev', 'qtjrarkemdelfr', 'pcoohogddl', 'fubswmrufi', 'jcqzpkwpm', 'bxjvtgnxmzlf', 'hmlzmbjb', 'urr', 'a', 'bepkqb', 'ehk', 'ciyimboyjq']
['ipteqcxxuaasiw', 'q', 'im', 'wgofwn', 'ytcftc', 'xpfbgdllkifei', 'fbjt', 'c', 'czxcsj', 'wtw', 'qoclpnikltbooy', 'bdepgttw', 'mrvsjnrmofx', 'ogmjeydoomp', 'wxfmzpjmwda', 'gyfzenlvyxuixo']
['ljztzqj', 'tj', 'uoxcrenqeslq', 'ygud', 'megstervy', 'nlitqhiohlzcbr', 'gpgcvdvurv', 'nmag', 'urjhltgkjnq']
['nsmhi', 'yhazv', 'riog', 'kz', 'vwxgmflgwy', 'jsysvcoldildym', 'uqizekbs', 'ysazbbxt', 'wmius', 'arhqvfkecher', 'gpywuy', 'golpzqywxjbr', 'mctojvqmkb']