['86', '398', '220', '343', '314', '197', '354', '107', '264', '204']
['108', '424', '30', '404', '477', '154', '296']
['33', '16', '395', '473', '106', '272', '9', '12', '111']
['359', '97', '409', '25', '360']
['365', '66', '213', '140', '443', '388']
['491', '226', '452', '7']
['454', '95', '382', '347']
['269', '18', '119', '177', '355']
['252', '44']
['203', '299', '217', '61']
['234', '302', '368', '150', '142', '186', '434', '435', '71', '230']
['10', '413', '225', '285', '19']
['227', '231', '386', '244', '315', '8', '308', '124', '139']
['457', '363', '93', '62', '27']
['350', '188', '147', '322']
['58', '170', '80', '1', '70', '444', '161', '474']
['104', '53', '137', '158', '472']
['180', '64']
['28', '417', '212', '123', '476', '113']
['257']
['105', '394', '148', '485']
['90', '127', '155', '202', '102']
['239', '35', '163', '171', '462', '411']
['317', '400', '13', '353', '151', '199', '235', '482']
['479', '262', '34', '414', '459', '118', '267']
['241', '247', '229', '39', '381', '401', '396']
['6', '399', '183', '46']
['194', '63']
['410', '370', '361', '422', '120', '206', '486']
['432', '54', '412']
['373', '69', '22', '128', '497']
['162', '165', '311', '289']
['369', '303', '478', '131', '480']
['48', '356', '298', '484', '144', '402', '487']
['196', '463', '488', '389', '138', '0']
['122', '130', '439', '446', '335']
['135', '40']
['456', '49', '498']
['260', '329', '222', '316', '481']
['438', '91', '292', '286', '185']
['423', '110', '207']
['437', '191', '36']
['271', '441', '129']
['29', '284', '145', '237', '181', '84']
['198', '449', '184']
['436', '152', '182']
['336', '495', '82', '109', '117']
['429', '275', '273', '466', '176', '312', '425']
['494', '320', '490', '455', '418', '460', '339', '419']
['75', '310', '331', '351', '297']
['387', '447', '393']
['433', '167', '496', '14', '253', '431', '83', '384']
['256', '208', '26', '89', '293']
['469', '38', '87']
['215', '112', '174', '327', '96', '259']
['211', '156', '471', '346', '325', '214', '470']
['276', '467', '20', '383']
['465', '250', '79']
['157', '358', '99', '392', '426', '337', '291']
['232', '223', '98', '357']
['268', '195', '405']
['427', '278', '279', '348']
['149', '103', '406']
['45']
['178', '344', '377', '265', '458', '72', '448', '126']
['483', '77']
['301', '445', '236', '403', '282']
['43', '52', '50', '100']
['2', '23', '74', '385', '4']
['42', '345']
['228', '200', '78', '380', '442', '468', '146']
['143']
['255', '288', '440', '221', '5']
['313', '464', '134', '116', '261']
['372', '88', '254', '342', '56', '283', '210', '415']
['101', '450']
['309', '263', '489', '318', '280', '371']
['173', '378', '41', '362', '67', '319']
['274', '391', '21', '281', '375', '294']
['364', '270', '60', '125', '340']
['492', '132', '175', '248', '121', '55', '332', '141', '189', '397', '159', '277', '258', '334']
['179', '187', '168', '242', '475', '68', '233', '218', '493']
['430', '94', '205', '338', '238', '352', '246']
['428']
['164', '73', '499', '300']
['201', '341', '153', '290', '92', '328', '57', '366', '324']
['245', '11', '24', '166', '240']
['321', '330', '115', '160', '287', '15', '17', '133']
['47', '3', '266', '190', '76']
['243', '408', '37']
['453', '169', '304', '374', '219', '307', '251']
['306', '421']
['379', '451', '59', '193', '249']
['85', '136', '390', '295', '65']
['420', '407', '349', '326']
['209', '81', '367', '192', '172', '32']
['216', '51', '376', '31', '305']
['323', '333', '461']
['416', '114', '224']