['261', '370', '54', '282', '186', '237', '144', '264', '351', '267', '55', '271']
['380', '12', '14', '5', '50', '16', '200', '374', '377', '9', '379', '369', '371', '362', '42', '15', '354', '17', '149']
['290', '71', '166', '160', '319', '305', '373', '372', '156', '180', '328', '335', '297', '364', '169', '291', '162', '293', '147', '184']
['224', '230', '222', '235', '174', '141', '161', '165', '173', '233', '396', '158', '252', '87']
['40', '385', '2', '321', '91', '199', '70', '378', '391', '131', '289', '390', '57', '193', '60', '65', '381', '56', '375', '53']
['27', '218', '41', '221', '273', '45', '346', '353', '314', '198', '324', '387', '52', '49', '24', '301', '317', '360', '206', '37']
['366', '312', '86', '127', '255', '250', '1', '11', '257', '155', '363', '251', '248', '311', '254']
['143', '23', '177', '163', '10', '171', '126', '36', '140', '195', '168', '204', '153', '21', '239', '28']
['201', '88', '108', '82', '187', '175', '115', '288', '215', '365', '154', '116', '361', '148', '209', '19', '217', '38', '13']
['185', '64', '287', '183', '300', '323', '18', '190', '334', '336', '283', '192', '298', '333', '341', '286', '258', '339', '322', '194']
['47', '6', '276', '46', '343', '48', '58', '81', '268', '284', '164', '84', '189', '348', '295', '277', '118', '285']
['330', '270', '172', '61', '260', '331', '332', '340', '106', '259', '313', '129', '256', '3', '20', '114', '245', '197', '94', '133']
['226', '178', '104', '358', '98', '357', '107', '327', '240', '241', '92', '179', '376', '72', '263', '345', '135', '219']
['382', '176', '212', '220', '234', '202', '232', '170', '203', '196', '216', '182', '211', '181', '32', '109', '275', '188', '247', '210']
['99', '342', '368', '299', '7', '66', '337', '191', '367', '35', '292', '33', '22', '152', '383', '400', '352', '73']
['225', '386', '4', '142', '145', '136', '398', '128', '167', '130', '393', '132', '394', '395', '399', '388', '51', '389']
['246', '265', '304', '242', '316', '306', '213', '320', '356', '123', '262', '236', '228', '318', '309', '159', '310', '150', '207']
['44', '231', '34', '326', '280', '392', '350', '112', '238', '302', '272', '308', '303', '75', '281', '294']
['101', '134', '214', '121', '103', '205', '278', '124', '25', '120', '102', '269', '119', '266', '125', '325', '111', '113', '138', '279']
['8', '30', '31', '78', '349', '39', '274', '43', '29', '83', '110', '253', '89', '229', '244', '307', '77', '315', '59', '249']
['329', '79', '151', '68', '67', '62', '157', '355', '344', '74', '359', '146', '76', '347', '397', '296', '69', '80', '384', '63']
['117', '95', '227', '243', '137', '122', '100', '338', '105', '90', '96', '223', '85', '26', '93', '139', '97', '208']