['200', '281', '384']
['1', '345', '164', '178', '124', '205', '52']
['34', '10', '202', '330', '336']
['203']
['58', '217', '85']
['33']
['206', '145', '17', '239']
['7', '279', '262']
['393', '123', '153', '19']
['113', '222']
['343', '341']
['223', '115', '4', '167']
['212', '312', '371']
['268', '394', '143', '265', '36', '142', '95']
['69']
['338']
['294', '383', '316', '326', '45', '87']
['26', '50', '156', '54']
['127', '13', '363', '131', '94']
['80', '119', '219', '163', '117', '307', '179', '66']
['20', '399', '319', '236', '244', '40', '31', '263', '89', '349']
['382', '238', '388', '321', '226', '32', '198', '193']
['359', '267', '194', '251', '126']
['366', '190', '211', '302', '46', '43', '304', '385']
['224']
['396', '159', '116', '166']
['386', '381', '235', '105', '389', '260']
['27', '266', '81']
['328', '128']
['29', '300', '24']
['230']
['231']
['220', '324', '367']
['329', '133', '215', '264', '270', '387', '376']
['2']
['148', '135', '253', '360', '42', '390', '214', '301', '392', '25']
['334']
['165']
['121']
['189', '288']
['303', '240', '275', '28', '284', '191', '35', '70', '353', '272']
['369']
['285']
['96', '195', '243', '21', '185', '257', '65', '208', '229', '335']
['44', '144', '346', '295', '12', '139', '154', '130']
['114', '71', '161', '192', '278']
['344']
['350', '147', '247', '158', '84']
['237', '68', '38']
['297', '322', '249', '373', '196']
['79']
['218', '357']
['358', '152', '213', '352', '309']
['118', '280', '317']
['37', '92', '254', '354', '209', '138']
['55', '155', '255', '16', '146', '398', '228', '375', '311', '63']
['56', '256', '106', '72']
['76']
['283', '136', '337']
['137', '225', '287', '151', '186']
['5', '160']
['216']
['162']
['62', '168', '368', '347', '204', '351']
['64', '245', '252', '86', '339']
['181', '48', '342', '365']
['227', '241', '0']
['150', '99']
['291', '261', '51', '318', '39']
['323']
['210', '100', '77']
['104', '171', '271', '141', '332']
['305']
['356', '173', '310', '169', '259']
['74', '395', '274', '49', '9', '378', '53']
['175', '221', '59']
['248']
['177', '277', '107', '331']
['22', '140', '111']
['73', '83', '379']
['180']
['172', '290', '60', '364', '362', '15', '88']
['82', '182', '282', '6', '108', '306', '30']
['207', '183', '3', '23', '98', '355']
['380']
['103', '327', '176', '57', '232', '188', '174', '18', '134', '110']
['315', '286', '11', '242', '132']
['67']
['340', '78']
['289', '293', '122']
['308', '296', '372']
['157']
['61']
['93', '109', '258', '8', '91', '348', '14', '102']
['377', '325', '90', '101', '246', '129', '233', '41']
['269']
['313']
['361', '197', '374', '397', '199', '120', '201', '370', '184']
['298', '333', '170', '276', '149', '250', '47', '314', '391']
['187', '234', '299', '97', '75', '125', '112', '292', '273', '320']