['1', '180', '41', '25', '16', '19', '110', '14', '197', '250', '140', '114', '129', '11', '18', '237', '214', '131', '179', '7', '205', '103', '125']
['281', '84', '82', '142', '162', '182', '126', '222', '221', '175', '146', '34', '148', '48', '150']
['277', '241', '81', '280', '37', '246']
['152', '92', '135', '149']
['45', '115', '191', '212', '59', '268', '187', '116', '265', '174', '26', '249', '193', '31']
['6', '242', '267', '271', '167', '251', '20', '252', '52', '266', '98', '155']
['106', '27', '87', '107', '100', '119', '223', '202', '207', '227', '2', '213', '159', '298', '102', '245', '101', '128', '172', '287', '78', '166', '93', '43', '105']
['8', '46', '279', '68', '208', '39', '178', '170', '228', '194', '201', '3', '296', '164', '62', '270', '284', '165']
['9', '292', '112', '171', '209', '65', '185', '255', '57', '137', '261', '183']
['262', '147', '67', '122', '71', '69', '108', '190', '230', '28', '13', '290', '192', '294', '124', '86', '80', '188', '70', '123', '173', '253']
['203', '235', '186', '91', '132', '151', '54', '204', '88', '94', '291', '240', '286', '263', '256', '66', '47', '295', '168', '257', '269', '181', '72', '121']
['32', '29', '232', '199', '95', '163', '49']
['53', '4', '138', '113', '50', '189', '233', '42', '145', '226', '224', '217', '289', '10', '293', '248', '133']
['259', '74', '184', '134', '154', '234', '55', '38']
['211', '75', '156', '97', '195', '215', '153', '275', '83', '73', '21', '247', '85']
['104', '36', '300', '76', '17', '210', '12', '160', '176', '283', '51', '236', '231', '44', '177', '117', '33', '63', '127', '130', '35', '111', '264']
['158', '77', '278', '30', '40', '56', '144', '141', '243', '161', '136']
['244', '272', '118', '200', '96', '24', '198', '120', '238', '258', '285', '23', '274', '239', '89', '196']
['276', '58', '79', '99', '64', '139', '61', '225', '254', '299', '282', '216']
['169', '22', '60', '218', '5', '229', '143', '288', '220', '219', '260', '206', '297', '90', '109', '157', '273', '15']