['fzplaod', 'huzgikq', 'dtfwkrc', 'qxwwqfk', 'zexclum', 'xxradgz', 'nqmwwmz', 'hxlagmh', 'fdccgyr', 'vkrrkcg', 'lcmynyw', 'glkfhro', 'nbhknmw', 'vfebggx', 'oegoznu', 'ohgorzn']
['rbwdwlz', 'mmsicju', 'qwcwszq', 'vshvlic', 'crmjrbf', 'efrtcpo', 'mqwftjq', 'ngznfds', 'shztxik', 'xdofsvh', 'dpmxdni', 'poyacsv', 'rfhgsrd', 'pcrzoox']
['alvvzcr', 'cjyrens', 'ntanocw', 'mbzuntj', 'clcozil', 'crclbim', 'ulqqnrx', 'ylnttkr', 'lpzovzo', 'nkylhqw', 'uitiunf', 'lehooqa', 'nndfzgt', 'znskrzx', 'dtmsxwk', 'mclspox']
['xlypwfl', 'werprzm', 'dlfncva', 'ksjmenx', 'yiuitfo', 'tqjelgo', 'qerzkir', 'pxgrikq', 'yssbhls', 'ptcbphe', 'xuppdvy', 'asyegiw', 'hqikiss', 'fhuqtfp', 'kuhueyd', 'ovyjjfm']
['emqikpe', 'rljbssd', 'ymwwchd', 'jgbbizt', 'bundjpw', 'huwkfqk', 'rbpdoot', 'cmlcnuo', 'vrvkaaa', 'dwfazac', 'vahwsck', 'ultrowi', 'tjcagrq', 'nbftfsb', 'cutedox']
['cvokrsd', 'dsvowko', 'awftunn', 'upgszso', 'kpqzpfs', 'jmjdmxv', 'egezjtl', 'idyyroc', 'uckdnaa', 'gevooyy', 'zhdvxfc', 'nsjgubf', 'emvhlci']
['ypncztk', 'fzsjvuk', 'tjtezbn', 'lpzhylm', 'wznyiaw', 'jcoguvu', 'dnxxgal', 'ygoytty', 'eiuywkb', 'pvwdbuk', 'kolwqja', 'jygmmrk', 'wjosnfy', 'vvadaaj', 'fgubrui', 'xaawrda']
['npbmbcl', 'kjhsxww', 'ynxyoyb', 'bxtdbjc', 'wmodcaj', 'wklasyt', 'wellvsr', 'apuclff', 'hfzbxzo', 'szlzdlt', 'ftbfwum', 'owvackd', 'bkrlzdx', 'oqqfikf', 'oayxvdx', 'rxnxrbl']
['pjsyeez', 'jnwitwp', 'jplsynx', 'jojnukl', 'brpqwlx', 'owgzpow', 'atfmxqs', 'vvwlixv', 'kadvzfh', 'vowjmgf', 'edebgoj', 'pcdlpcz', 'vogmqqe', 'vvjtuhb', 'dgvegls']
['hvnuihp', 'fhrabmr', 'uahwspd', 'nrctxxu', 'bymyfhs', 'fxswbii', 'crzdxig', 'coupfju', 'fufnjyf', 'gbuoffj', 'jrguwdk', 'iuddtax', 'fieuife']
['sfzipfj', 'ckbpvbd', 'jbockfp', 'korcvcx', 'sieoave', 'ebtqhua', 'upzignf', 'roothgi', 'zxtfzys', 'pnnzbti', 'odoqgfk', 'rxngmkt', 'qccnlus']
['qqeafqd', 'nvjeors', 'gmultvj', 'hnpufhr', 'atvqyki', 'bvvitzv', 'wqohgce', 'joerrak', 'ximpauw', 'jwpfwqz', 'ylscqcm', 'pojnkue', 'ojujfds']
['mcirxcd', 'labghhm', 'bwpwdoy', 'kuwyrgr', 'rnluyib', 'tdrolvx', 'dqbtiaw', 'lqjdzbc', 'spgwzqj', 'bnuxlph', 'igvkuru', 'yfabxdu', 'pmckuxh', 'urudgpc', 'cewygrc', 'rqdjqiq']
['gdvcboj', 'rroxpwu', 'bpbiuoh', 'qufxqvh', 'jbhevly', 'lucqgzc', 'urujvnn', 'vbcaiur', 'eezxrdd', 'yoqrhdw', 'omyynfi', 'bolryno', 'mirwseo', 'hutontm']
['tgshqis', 'amfrehb', 'quaahkj', 'hscfpsc', 'rorsdzp', 'ipxjgfz', 'hylhzqr', 'aytcnpm', 'capkmzr', 'nrplxxf', 'sgrvtpg']
['qavmxlu', 'dcysunk', 'wenwqgs', 'mqeymdi', 'vxktmpe', 'qimiqpx', 'wdahnhw', 'wlhpnux', 'abxurqr', 'newswsl', 'dubzmmn', 'ugpqnzn', 'hrmwoaf', 'xabjjff']
['uuqtrnp', 'yvvwjem', 'kvfjhzh', 'ehfkaur', 'ptpmisy', 'jaikykc', 'opcamxc', 'hncniof', 'iiybggp', 'jigaagt', 'grhnknx', 'egfbifk', 'ktqbsnt', 'hlruggb', 'aenkmpt', 'ekbghpg']
['xcjwaaa', 'dpgzdmu', 'ljxjare', 'zrhphdg', 'mgtzswf', 'jdufzkb', 'mltjlsu', 'olzxpzb', 'jnfpvkg', 'mtrmooo', 'bbevbps', 'ebexhbz', 'fhflmkc', 'ofsoyop', 'etkmfom']
['uckaokp']
['zfqckzr', 'okdlbya', 'gmqbbof', 'jxlxfoo', 'afvpuoz', 'ozoxsck', 'ljxgjfb', 'gdkxxon', 'zvuccyi', 'pkosxjv', 'tfsfpnw', 'reolqff', 'upucitb', 'qifpupk', 'zmgjecs', 'mbrlttj']
['kitxrio', 'igtcqiv', 'hlkffeh', 'iudsrjy', 'jzqcfee', 'pwaalip', 'dmsftgx', 'qlgkouj', 'kiwoauy', 'jivtfds', 'szriiex']
['puotspj', 'ydirvrp', 'rqevvql', 'adzdoyj', 'goxywvb', 'djzcmeu', 'axxwrug', 'engjphl', 'thidksk', 'cjhldsy', 'eghatxl', 'mnxptfo', 'qhwwalp', 'bnyrwnb']
['njoxkmb', 'ehcdgdr', 'aowxwvx', 'gceicua', 'nehlpbv', 'drtgipl', 'sfjvtxw', 'qgpciwf', 'ulpkpaf', 'bwxgkld', 'ypwfljl', 'yqtlogi', 'bfonhts', 'uekjkik', 'nlfhgdx']
['joqmipo', 'acgwdsb', 'gmapuez', 'itivxup', 'gnlcixq', 'sfjkptj', 'lmgvnku', 'vuedrix', 'lfxhllc', 'ljllxhw', 'ksrplzq', 'mtbiczg', 'weondbg', 'momhmut', 'ktyynlr']
['zxijrwr', 'xxqfkzr', 'azzpyql', 'wxbassh', 'zxlpndu', 'nzhlxzk', 'sipicas', 'uhhhxgy', 'jhstklj', 'douqsoq', 'noyikuy', 'aslzxho', 'ciynmhw', 'ljqttnn', 'hwprfxd']
['ytvwmpd', 'xsjadss', 'frxrjcw', 'oikctcj', 'jtkovjl', 'kzgbgcg', 'dazkzcz', 'vjpstks', 'xxhgtbs', 'upxaolv', 'laxdipx', 'ueyjznc', 'liqhklu', 'raymfyf', 'otmayxy', 'kctacue']
['whaalyx', 'bhbfrfj', 'aocuywp', 'vwcmgzh', 'skvsmyl', 'aadjodd', 'mlehrqr', 'vmrdoff', 'uwgeeaz', 'zrimkhj', 'ndqmeid']