['116', '118', '300', '303', '307']
['302', '101', '301', '100', '102']
['1', '379', '371', '2', '375', '0', '3']
['298', '320', '323', '396', '321']
['16', '86', '85', '84', '18']
['214', '105', '205', '107', '215', '103']
['346', '106', '104']
['7', '305', '207', '6', '206', '306']
['330', '208', '209', '210']
['9', '342', '309']
['290', '72', '328', '310', '308', '288', '74']
['11', '211', '311', '8']
['12', '312', '314']
['44', '213', '368', '212', '370']
['14', '23', '5', '15', '21', '22']
['92', '115', '315', '119', '111']
['391', '225', '224', '226']
['17', '19', '25', '26']
['203', '200', '201']
['117', '46']
['136', '139', '372', '374']
['121']
['122', '120']
['130', '129']
['24', '27']
['326', '355', '324', '325']
['317']
['131', '127', '135', '369']
['383', '128', '228', '197', '387']
['349', '351', '96', '350', '347']
['114', '112', '113']
['31', '161', '329', '331', '29', '162', '163']
['231', '227']
['33', '133', '146', '333', '32', '235', '334']
['4']
['35', '327', '376', '377', '378']
['251', '249', '250', '336', '337']
['282', '283']
['38', '138', '353', '36', '39', '137', '37']
['239', '339', '338']
['152', '285', '240', '153', '243', '247', '154']
['124', '125', '341', '126']
['42', '382', '242', '381', '380']
['178']
['265', '244', '344']
['45', '245', '246']
['236', '233', '345', '232', '234']
['276']
['318', '316', '248', '13', '319']
['168', '149', '20', '171', '169']
['150', '148', '151']
['51', '241', '93', '229', '47', '348', '94']
['76', '40', '79', '352', '43', '77', '41']
['53']
['54', '55', '254', '252', '52']
['217', '216', '219', '218']
['56', '156', '322', '158', '57', '159', '157']
['237', '359', '357', '358']
['58', '356', '335']
['230', '259', '257', '258']
['60', '61']
['360', '192', '194', '193', '361', '363']
['62', '340', '343', '261']
['63', '267', '263', '262', '59', '271', '275']
['367', '364', '366']
['165', '365']
['167', '166']
['67', '66', '97', '65', '99', '64']
['68', '49', '268', '170', '70']
['69', '270', '269', '238']
['183', '180']
['71', '223', '332', '222', '220', '221']
['202']
['155', '173', '373']
['172', '174', '274', '272', '273']
['28', '30']
['179', '176', '147', '177']
['279', '34', '277', '278']
['362']
['354', '123', '175', '78']
['80', '313', '255', '253']
['181', '281', '160', '280']
['304', '182', '260']
['50', '48', '73', '75']
['284', '384', '385', '286', '287']
['204', '141', '140', '143']
['185', '186', '386', '187', '184']
['87', '394', '256', '83', '82', '81']
['88', '91', '142', '89', '90']
['388', '189', '390', '389', '191']
['108', '190', '10', '289', '109', '188', '110']
['291']
['95']
['395', '392', '293', '393', '294']
['164']
['292', '195', '295', '144', '145']
['198', '196', '296']
['134', '297', '299', '132']
['98', '264', '266']
['199', '397', '399', '398']