['361', '30', '409', '261', '265', '330', '360', '390', '278', '313', '212', '41', '487', '396']
['169', '61', '71', '454', '314', '241', '414', '92', '0', '48', '421', '327', '368']
['32', '323', '388', '122', '201', '272', '302', '332', '362', '392', '230', '260', '47', '144', '363', '138']
['145', '63', '93', '123', '153', '397', '273', '161', '467', '423', '236', '111', '242', '170', '450', '121']
['198', '196', '194', '124', '154', '262', '214', '182', '274', '216', '334', '364', '472', '415', '466', '483', '393', '308', '28', '127']
['407', '35', '449', '95', '125', '155', '185', '215', '245', '349', '335', '291', '395', '425', '455', '405', '218', '380', '367', '86']
['6', '36', '451', '489', '120', '355', '304', '329', '160', '158', '139', '340', '403', '456', '190', '15', '491', '244', '233', '211']
['129', '263', '157', '62', '217', '296', '66', '197', '468', '427', '79']
['469', '38', '297', '98', '347', '283', '438', '171', '420', '398', '428', '184', '488', '67', '495', '290', '478', '103', '310', '85']
['372', '99', '113', '55', '237', '279', '309', '159', '379', '429', '333', '126', '320', '276', '229']
['436', '411', '70', '476', '130', '136', '339', '465', '282', '443', '400', '430', '295', '384', '358', '81', '69']
['31', '366', '258', '52', '131', '114', '106', '221', '251', '43', '410', '5', '481', '401', '142', '235', '452', '271', '259', '9']
['12', '246', '72', '102', '162', '172', '252', '280', '474', '342', '141', '462', '492', '324', '228', '447', '426', '191', '208', '54']
['13', '281', '73', '133', '163', '193', '8', '337', '343', '22', '351', '345', '463', '195', '394', '7', '109', '444', '183', '2']
['14', '44', '74', '248', '164', '64', '240', '277', '305', '243', '84', '23', '404', '325', '445', '494', '270', '189', '307', '486']
['45', '75', '105', '135', '383', '431', '354', '285', '286', '223', '485', '112', '453', '440', '1']
['16', '267', '188', '166', '34', '226', '256', '315', '317', '100', '268', '186', '219', '496', '490', '149', '389', '220']
['17', '480', '77', '419', '336', '287', '152', '128', '341', '104', '497', '39', '338']
['18', '391', '78', '108', '200', '4', '227', '370', '288', '378', '306', '439', '137', '60', '25', '247']
['49', '326', '88', '11', '181', '289', '319', '284', '477', '446', '253', '140', '222', '460', '479', '300', '50', '225', '318']
['20', '110', '499', '168', '322', '482', '151', '311', '29', '255']
['352', '51', '204', '37', '424', '231', '156', '210', '321', '381', '117', '441', '57', '21', '116', '90', '275', '213']
['373', '101', '435', '68', '202', '232', '458', '292', '46', '417', '412', '442', '33', '199', '365']
['374', '53', '387', '143', '173', '371', '87', '293', '353', '65', '91', '473', '82', '382', '422', '402', '115', '19', '180']
['437', '178', '344', '459', '174', '375', '234', '264', '294', '416', '498', '408', '107', '134', '348', '179', '471', '269', '118']
['433', '357', '94', '461', '224', '413', '434', '470', '385', '475', '203', '3', '80', '132', '346']
['331', '56', '205', '146', '176', '206', '250', '266', '316', '356', '386', '301', '89', '299', '493', '432', '96']
['27', '484', '40', '147', '177', '207', '249', '10', '399', '97', '83', '187', '24', '369', '303', '350', '192', '165', '377']
['58', '76', '148', '150', '238', '406', '298', '328', '418', '448', '312', '464', '175', '457']
['59', '119', '254', '209', '239', '376', '42', '359', '167', '257', '26']