['1', '84', '166', '44', '56', '53', '52', '10', '23', '78']
['9767', '9872', '9834', '9871']
['9999', '85', '9988', '9966', '9919', '9993', '9936', '9995', '34', '9929', '9986', '9987']
['9998', '9915', '9833']
['3', '9750', '9751']
['9831', '250', '9832']
['4', '189', '188']
['9996', '9914', '9997']
['5', '6']
['9913', '9830', '9829']
['87', '88', '9795']
['9994']
['7', '9954', '172']
['9911', '9912']
['89', '90']
['9992', '9774']
['106', '91']
['224', '9955', '9826']
['220']
['9974', '9908']
['92', '93', '176']
['9907']
['12', '97', '177', '11', '178', '9989']
['9788', '9787', '81']
['9770', '9762']
['9821', '240', '9822']
['14', '96', '179']
['9904']
['105', '241', '180']
['9918', '82', '9820']
['16', '104']
['9984', '32', '31']
['218', '99', '182', '219', '181']
['9786', '9901', '9789', '9790']
['9799', '9814', '183', '9813']
['9982', '9900', '18']
['19', '153', '184', '152']
['9899', '9816']
['20', '102', '101']
['9980', '9898', '9815']
['132', '103', '186', '187']
['67', '9897', '9896']
['22', '9978', '21', '9979']
['246', '9981']
['15', '9985']
['9977', '222']
['61', '145', '86', '144', '9939']
['243', '9894', '9811', '9895', '244']
['161', '107', '190']
['9975', '9893', '9810']
['111', '108']
['9892', '9809']
['27', '157', '192', '191']
['69', '9891', '9928']
['28', '193']
['148', '147']
['29', '239', '194']
['9971', '9889', '226']
['30', '112', '9920', '9921']
['70', '9805', '9806']
['9819', '113']
['9969', '9887', '9804', '9803', '9888']
['9902', '9863', '197']
['167']
['33', '199', '198']
['9967', '9885', '9802', '9886']
['9990', '116', '9818']
['9801']
['118', '117', '200']
['9965', '9883', '9800']
['36', '35', '201']
['9964', '9882', '9972']
['119', '202']
['9963', '37', '9845']
['38', '120']
['9962', '9880', '9797', '9961', '9881']
['168', '121', '204', '203']
['9879', '9796']
['40', '122', '39']
['9960', '9878', '171', '170']
['205', '206']
['9959', '9877']
['42', '124', '207', '123', '208', '125']
['9958', '9792', '9793', '9791']
['43']
['9957', '9875', '9876']
['9766', '9794', '209']
['9956', '9874']
['45', '127', '142', '126']
['9873']
['210', '128', '211']
['8', '9916', '115']
['60', '9940', '9931', '9930']
['9953', '9952', '49']
['74', '130', '9925', '75']
['248', '249', '9906']
['9968', '9763']
['247', '9869', '9983']
['50', '51']
['72', '9868', '9785', '9867']
['133', '216', '217', '215']
['41', '9784']
['114']
['9948', '9866', '9783', '9949', '9865']
['17']
['9847', '9782']
['175', '136', '174', '173']
['9946', '9864', '9781', '9780']
['55', '137', '54']
['64', '98']
['138', '221']
['9944', '9862', '9861', '9945']
['57', '9924', '76']
['9779']
['58', '140', '223']
['83', '9860', '9765', '9764']
['63', '141', '9937']
['9941', '9859', '9838']
['47', '46', '225']
['9828', '9858', '9857', '9827']
['9817', '143']
['9909', '9775', '9910']
['62', '9884', '227', '228']
['9938', '9856', '9773']
['59', '129']
['9854', '9855']
['134', '146', '229', '135']
['9991', '9']
['65', '9807', '230', '9808']
['9935', '13']
['9976', '24', '231']
['214', '9769']
['233', '232', '234']
['9933', '9851', '9768', '9852', '9853']
['68', '150', '149', '9932']
['9850', '9849', '9848']
['9973', '151', '9772', '9771']
['212', '2', '9752']
['9970', '235']
['100', '9778', '9777']
['71', '185']
['9947']
['9950', '169', '237', '236']
['9846', '131']
['154', '155', '238']
['9927', '9798', '9926']
['48', '156', '79']
['9951', '9844', '9761', '9760']
['9905']
['213', '9843']
['158']
['139', '9759']
['77', '159', '242']
['9923', '9841', '9758', '9842', '9840', '9922']
['160', '66', '9934']
['9812', '9890', '9757']
['26', '25']
['9839', '9756']
['80', '162', '245']
['195', '9776', '9755', '196']
['9823', '163', '109', '164', '9824', '110', '165', '9825']
['9836', '9837', '9754']
['9903', '95', '94']
['9753']
['9942', '73', '9943']
['9917', '9835', '9870']