['259']
['80', '248', '19', '91', '18', '86', '181', '232', '291', '296', '28', '219', '231', '24', '225', '235', '230', '285', '70', '221', '206', '14', '23']
['81', '277', '92', '122', '88', '164', '208', '84', '136', '83', '74']
['216', '218', '220']
['5', '1', '0']
['63', '289', '65', '95', '200', '269', '262', '228', '275', '132', '44', '169', '158', '261', '47', '233', '148', '287', '116', '59', '89', '282', '34', '288', '217', '114', '199', '150', '67', '244', '209', '186', '168', '94', '50', '160', '141']
['69', '105', '276', '263', '175', '176', '156', '171', '229', '172', '247', '153']
['7', '254', '56', '127', '286', '126', '16', '64', '57', '87', '73', '188', '252', '250', '54', '102', '129', '128', '257', '256', '131']
['38', '36', '40']
['177']
['240']
['142']
['4']
['6']
['119', '214', '222', '135', '284', '117', '123', '120', '139', '33', '143', '236', '187']
['184']
['115']
['17', '13', '27', '9', '31']
['215', '207', '193', '212']
['49', '79', '274', '178', '151', '121', '298', '77', '72', '39', '26', '163', '242', '130', '264', '12', '118', '113', '98', '265']
['167', '99', '41', '110', '11', '170', '125', '106', '297', '290', '107', '241', '166', '60', '78', '283', '42', '147', '245', '155', '103', '234', '152', '238', '272', '159', '140', '144', '162', '137', '149', '197', '224', '165', '30', '134', '210', '278', '112']
['45', '46', '48']
['182', '180']
['268', '53', '75', '279', '237', '185', '191', '249', '82', '243']
['204']
['270', '258', '85', '25', '145', '281', '294', '32', '62', '295', '183', '97', '55', '58', '76', '223', '190', '66', '8', '255', '213', '196', '239', '157', '111', '2', '104', '251', '202', '246', '194', '267', '174', '109', '43', '100', '253', '108', '189']
['226']
['3', '29']
['68']
['133', '71', '124', '37', '179', '227', '101', '271', '299', '10', '35', '266', '293', '61', '203', '195', '201', '21', '51', '173', '260', '93', '52', '20', '96', '90', '161', '138', '22', '292', '205', '211', '273', '146', '15', '280', '192', '198', '154']