['GB', 'H', 'OC', 'OO']
['SB', 'OB', 'MM', 'LJ', 'DT', 'MX', 'SX', 'JD', 'PY', 'TA']
['GZ', 'OL', 'IA', 'PS']
['GF', 'CP', 'CA']
['RL', 'PN', 'HL', 'DY', 'HA', 'CF', 'FX', 'MZ', 'FD']
['KO']
['KH', 'PH', 'OW', 'PW', 'GQ']
['SH', 'PR', 'BK', 'FE', 'JI']
['NM', 'DD', 'PF', 'EA', 'SQ', 'QB']
['EK', 'KR', 'PI', 'KY', 'QL', 'GA']
['BE', 'KZ']
['LD', 'N', 'MW', 'SA', 'QC', 'CN']
['KU', 'DI', 'QW', 'RC', 'NT', 'P', 'LA', 'LW']
['FI', 'IL', 'MP']
['PU', 'PM', 'CC', 'LP', 'JF', 'LL', 'HT', 'NH', 'HD']
['KX', 'ND', 'Q', 'F', 'CD', 'QE', 'MN', 'CO']
['MA']
['MK', 'SM', 'DC', 'ES', 'JQ', 'IF', 'CR', 'LB', 'PC']
['OR', 'IW']
['SC', 'IU', 'JP', 'KG', 'RU', 'DH', 'KC']
['FF', 'LH', 'BW', 'QK']
['RI', 'JS', 'EB', 'QD', 'NP', 'EJ', 'NI', 'NR']
['ME', 'HQ', 'QG']
['HJ']
['PP', 'GP', 'IV']
['GX', 'GD', 'LX', 'HG', 'DQ', 'DX', 'MO']
['KT', 'EO', 'LS', 'NK', 'OT', 'DF', 'GT', 'CS', 'DO', 'HM']
['KV', 'RN', 'FM']
['IJ', 'ON', 'C', 'RA', 'RS', 'QZ', 'JR', 'OI']
['PD', 'L', 'CV', 'KE']
['BJ', 'JK', 'TC']
['DM', 'SV', 'J', 'MG']
['T', 'EG', 'PQ', 'SG', 'QI', 'GO']
['X', 'U', 'NN', 'EN', 'Y']
['PK', 'ED', 'MI', 'HO', 'HW', 'EE', 'KB', 'OE']
['JE', 'SF', 'RM', 'QM', 'FO']
['PA', 'JX']
['IK', 'RH', 'QN', 'NF']
['SU', 'CL', 'GH', 'KL', 'RG']
['ID', 'HH']
['MD', 'HC', 'QV']
['EZ', 'LK', 'JB', 'OY', 'LV', 'RQ', 'B', 'NY']
['FL', 'NZ', 'BG', 'BV', 'JG', 'JO', 'MR', 'FY', 'GC', 'SI']
['DB', 'BM', 'JA', 'DR', 'FB', 'HB', 'GV']
['SW']
['EL', 'ST', 'KW', 'NB', 'GI', 'OH', 'NX', 'MF']
['FT', 'RK', 'O', 'LI']
['PJ', 'JM', 'IE', 'RT', 'KN', 'GR', 'NS']
['PO', 'SR', 'JT', 'KK', 'TE', 'TB']
['IX']
['RO', 'IQ', 'IY', 'HX', 'FU', 'LR', 'QU', 'JN', 'MU']
['OD', 'LG', 'SD']
['BA', 'MY']
['BX', 'JV', 'DA', 'BO', 'QT', 'QS']
['GS', 'OQ', 'QJ', 'HZ', 'FQ', 'PG', 'MQ', 'LF', 'CY', 'K']
['BB', 'GY', 'EV']
['PL', 'HV', 'CW']
['OV', 'QP', 'BP', 'JU', 'TD', 'RV']
['SJ', 'BH', 'NG', 'CX']
['FC', 'RE', 'IM']
['RR', 'NV']
['NO', 'FW', 'ML', 'FH', 'BC', 'IP']
['OZ', 'Z', 'CE', 'NC', 'GL', 'BY']
['CQ']
['CJ', 'GN', 'KF', 'IH', 'HN', 'SY']
['QX']
['SO', 'FN', 'DS', 'CG', 'QO', 'PZ']
['DW', 'EF', 'W', 'KA', 'JZ', 'SZ', 'GK']
['OM', 'OJ', 'ER', 'OS']
['DL', 'LE', 'LM', 'II', 'DZ']
['LQ']
['BI', 'MH', 'HK', 'PV', 'FK', 'EW', 'HP', 'BF', 'QQ']
['MT', 'G', 'HY']
['OX', 'BS', 'RF', 'EC', 'JL']
['SP', 'V']
['LU', 'IT', 'NA', 'JJ', 'RJ']
['QY', 'BR', 'PB']
['DG', 'I', 'CI']
['CU', 'A', 'SK', 'IR', 'DN', 'RW', 'OG', 'EY']
['FP']
['IB', 'SN', 'HE', 'OA', 'RX', 'GU', 'LY']
['TF', 'NU', 'MS', 'DE', 'QH', 'EX']
['BL', 'S', 'FZ', 'QF', 'CB', 'RP', 'DP']
['FV', 'IC', 'FJ', 'RY', 'LC', 'SS']
['BD', 'NJ', 'OF', 'HI', 'R', 'JC', 'IZ']
['EH', 'BU']
['FG', 'DJ', 'DV', 'KJ']
['BZ', 'MV', 'JH', 'BT']
['KD', 'IS', 'KS', 'GJ', 'MB']
['KI']
['JY', 'MC', 'QA', 'BQ', 'LT', 'PX', 'PE', 'KP', 'EQ']
['ET', 'NQ']
['EI', 'FR', 'RZ', 'EM']
['JW', 'KQ', 'GW', 'GE', 'CT', 'LZ']
['OU', 'NW', 'HR', 'FS', 'OK', 'RD', 'NE']
['OP', 'D', 'PT', 'GG', 'CH', 'M', 'E']
['KM', 'EP', 'SE', 'FA', 'MJ', 'HS', 'HF', 'NL', 'HU', 'CK']
['SL', 'DK', 'LN']
['BN', 'IO', 'CZ', 'IN', 'EU', 'GM', 'RB', 'IG']
['CM', 'LO', 'QR', 'DU']