['9923B4', '49EB71', 'C8F1A7', '2D4D61', 'B56D74', 'B8B01F', 'F1DB81', '31C6A3', '14A3E7', 'B2CB4D', 'B2A692', '93D432', '4E8355', '3235BA', '7F8E1D', '992AEE', '9B09E5', '2B8F4B', '1D9893', '160ED4']
['9C0B9D', '026256', '9FCB42', '7CC3A7', '0264AF', 'C54164', '1D528C', 'EF37A6', '0E6FA7', 'F33ACF', '3CB50A', 'A4FCD1', 'ABE83F', '3A0D10', 'B0F05D', 'F4C13E', '52BFE5', '1350AD', 'C2A74D', '2D56C1']
['A03FB7', '052CC7', 'D8849E', '478A7C', 'E0044F', '593AF4', '4AC817', '24A4D1', 'E1A380', '747199', '30EA83', '81E0FA', '3E7F60', '34ACF3', '43F505', 'B13536', '035E05', 'D31361', 'F1B367', '15AA36']
['0FC6EE', 'FBF275', 'E9F19A', '2961DB', 'F2B7FD', 'B166D1', 'EB7E6A', '5B4152', '6DCBC8', '6C3CD5', 'FAB638', '273165', '58ED2B', 'E8C5B8', '4430C2', '8AC55C', '29D22B', '5E4F6B', '189812', '5D5C76']
['1986A0', '5C91EE', 'FBB00D', '8BEC15', '364B78', '463E2C', '833C34', '38EA17', 'C4882F', 'FCD63D', 'EEF23E', '468F31', '3D4600', '09944C', 'E81232', '848C87', 'BA6187', '98497D', '1B06C5', '206150']
['51197D', '0C3AFF', '2F46CD', '8FF839', '1A770B', '73271F', 'DE6241', '7D4045', '75C017', '400D20', 'F32B0B', '20C0D0', '18AEFC', '4DBE20', 'CC4384', '2E4B9D', '1D4417', '2BEC39', 'E2701A', '865328']
['CC9A13', '42EE34', 'BCD2F5', '30C157', '90E78E', '2215AE', '1C3933', '2EDC82', '76131B', 'B0C2D3', 'DBF47C', 'B6ACFC', '823C51', 'EB3718', 'E1B665', '1F6554', '66F8EA', '5A5DE8', '0C4437', '846154']
['88FFF8', 'E46F9E', '45CE10', 'E15D93', 'D0E5BE', '4AE7C7', '4BD8B1', 'FD33F7', '78DB65', 'E4C3BA', 'D883C0', '83ACF7', '2B3DD7', 'A911EF', 'B49939', '7FE1F2', '38515C', '552199', '5ABFA9', '5ADC6D']
['9330C0', 'E8A38A', 'B32674', '94AED5', '7334F9', '97D861', '2C02B7', '511040', 'BB9072', 'D65E29', 'D2F8E5', 'FC75E7', 'CED5FC', '26C6B9', '414B77', '77042F', 'D2EB79', '62BC31', '0AC7A0', '1E571E']
['8963E1', '503A55', '81A0D3', '5A3E90', 'C1CAB9', '9D6554', '88E0AE', '99392B', 'F3EDD7', 'D6F426', 'D83AF7', 'F448AE', '43FE78', '99E133', 'C5416A', '3D046E', '6246E1', 'B85F11', '6C5208', '89A551']
['EB90EE', '3963FC', 'DF5F9C', '4A32EA', '31B801', 'E191B0', 'B4BD91', '940AC5', '57FCD8', '71AE93', 'F28C7F', '3E6399', 'D78532', 'DFE9C6', '0FE5DD', '81DA52', '8EC8D8', 'CB5EDA', '09CFE9', 'CC66B0']
['0231A4', 'C0A19A', 'DDB7C8', '099A40', '6BF4D3', 'D50881', '72D023', '00CD58', '565E46', 'FD1DAC', '292CB3', '71AC6D', '177A03', '539972', '8883AC', 'F4EDF8', 'B2C529', '420711', '0CFFC9', '36FCBF']
['1600AD', '54C37C', '118FE2', '9C5DCF', 'D363AB', 'CD5322', '7848BA', 'DBDDB5', '00C269', '7C730C', '1866E0', 'BE3703', '18D668', '861E09', '326662', '8DF985', 'EC2626', '7AADBC', '739ABF', '0E78AA']
['5D4F2F', '0D6A28', 'FCB503', '28CCA5', '22394B', '1F4650', '3FAE1E', '672145', '6C1A62', 'FE7E47', '5C0D69', 'EB9D60', '82BD08', '7B325B', '69FD70', '92C42A', 'B4257C', 'B38307', 'EED7BB', 'D0E36A']
['B78EF9', '5248A9', '369765', '60B803', '244528', '0525B9', 'AB96B9', '35DA72', '2DE42A', '2E6B38', 'EC35B5', '1D0C35', '6833E8', '7B306C', '5C016B', 'B00B7F', 'C34593', '82F466', '029563', '87EE7F']
['F7F9CB', '4EBF50', '9C4F00', '920715', '55B952', '4BC7D0', 'E492E0', '037831', '9DF876', '9D8AD8', '5C5B8D', 'E277CB', '01E026', '8254EB', '49EEB4', '882258', 'A5F27A', 'BA7ED0', 'BC38A8', 'EE9200']
['CE0D10', '78E144', '05473A', '8E8C76', 'DB6CBF', '77B9A5', 'F61AD7', 'D6DD9E', '10BBE1', 'C748A2', '05F2DC', 'C0EA59', 'EDB261', 'C07CCC', '3228BB', 'E33128', 'E4F6EF', 'FF3177', '09FFA6', 'C96CD6']
['33ABEE', '66B93A', 'A1D29E', '40C7FF', '52FB79', '82B105', 'C19610', '3D830C', 'CC08F5', '1D216B', '85CFC7', '04279E', '0A3E48', '893D61', '73F93C', '31B17E', '1E0B30', '2B8E0B', 'B2C27D', 'AAAF0B']
['25B295', 'E479C8', 'F37211', '943005', '3EF396', '95F017', '1CAAAC', '7C8A3D', '5C4F81', 'A4F4BB', 'CA893B', 'CD374A', '0B99EF', '255208', '398310', '34E9FE', '935873', 'A34095', 'D324E7', '5F88E7']
['EFBA0C', '66547C', '6E3DED', 'C9EF6D', '56B4C2', '29267F', '5A681E', '1D39ED', '4FCF52', 'D9180C', 'F9EB1F', '7FADE3', '4C1D36', 'F13455', 'AF83FA', '75002A', '2819EE', '219F75', '4C0FCD', '0AFD91']
['D78522', '77EB41', '1DD8D0', 'FECCAB', '5E2607', '9ABAFB', 'E93252', '6AFCAC', '47063A', '5AF312', '608F21', '19EFAF', '628552', '46371B', 'B6FA16', 'A89402', '8806E7', 'C69699', '5BEDDF', '770A4C']
['39CAB7', '923B8C', '316244', '2D2248', '415552', '6E7E64', '8D43AD', 'BE5B1D', '068D28', '1743CD', 'D049CD', '66C38E', '9C4CA5', '81A856', '03B42D', 'CBE0EA', '6EEE66', '80F9BC', '4BBAFA', 'D79D49']
['AD6105', '89372A', 'C3678B', '8F75EC', 'A0DDCD', '7647CD', '4D74EB', 'DF44F5', '3F75A9', 'AC34B5', '41AFC9', '5332A9', '5BC875', '26B294', '696B37', '74ADA7', 'F9011B', 'D8492F', 'FB3B86', '8ECA84']
['3B6837', '605983', '113E1F', '1FBE40', '601CA7', '1656DC', 'F85131', '26DB4C', 'A4EAD9', 'DCB902', 'F545E1', 'E77DD8', '6D4DDC', '2F584A', 'C60FE7', 'D98FB6', '187923', '83752D', '9BAC71', 'D2BDB6']
['BB986B', '98B1CA', '94C20E', '593840', 'FFD642', '1330B3', '718436', '9CE56C', 'D8A834', '917501', 'E7EFA5', '380FF7', '6D4C8F', 'DDA295', '29BFBC', '5451FF', 'E3583F', '26DA83', 'F8B91A', '929578']