['151']
['132']
['245']
['62']
['363']
['71', '32', '305', '291', '194', '56', '271', '78', '228', '347', '284', '218', '278', '190', '240', '222', '354', '41', '398', '127']
['368']
['155']
['396']
['168']
['50']
['45']
['40', '203', '209', '66', '189', '252', '102', '198', '119', '341', '10', '146', '81', '22', '100', '79', '226', '227', '63', '160']
['333', '272', '54', '123', '6', '382', '42', '307', '161', '348', '383', '5', '44', '397', '206', '386', '200', '369']
['314']
['370']
['108']
['260']
['265', '331', '8', '145', '179', '153', '388', '196', '17', '324', '109', '144', '304', '43', '14', '117', '259', '251', '384', '11', '124', '211', '122', '202', '241', '9', '60', '321', '69', '126', '395', '67', '221', '375']
['312']
['162']
['171']
['21']
['173']
['24']
['25', '325', '170', '376', '378', '112', '116', '371', '257', '308', '261', '330', '104', '76', '379', '306']
['103']
['327']
['121']
['362']
['184']
['149', '243', '247', '350']
['332']
['87']
['134']
['193']
['125']
['70']
['219']
['158']
['205']
['213']
['349']
['38']
['152']
['142']
['292']
['96']
['399', '244', '215', '77', '186', '187', '49']
['140']
['95']
['338']
['297']
['212']
['234']
['299']
['316']
['167']
['391']
['13']
['181']
['61']
['364', '137', '88', '323', '225', '157', '393', '166', '315', '311', '201', '204', '318', '35', '55', '345', '65', '46', '359', '18', '129', '107', '230']
['231', '288', '390', '255', '139', '164', '302', '389', '322', '266', '250', '133', '256', '236', '29', '270', '336', '366', '74', '352', '86', '361', '394', '303', '82', '111', '380', '174', '98', '217', '253', '268', '176', '328', '337', '113', '59', '51']
['31']
['264']
['185']
['92']
['20']
['335']
['287']
['165']
['72', '15', '7', '89', '58', '282', '246', '342', '53', '2', '229', '1', '3', '355', '34', '248', '358', '57', '143', '195', '290', '177', '286', '216', '353', '367', '0', '182', '237', '83', '150', '175', '115', '281', '356', '36', '346', '138', '37', '183']
['93']
['27']
['374']
['254']
['128']
['163']
['48', '294', '23', '75', '156', '238', '274', '84', '28']
['392']
['381']
['339']
['239']
['135']
['85', '235', '101', '365', '110', '360', '223', '385', '377', '334', '99', '64', '12', '4', '172', '154', '233', '276', '300', '207', '131', '33', '258', '208', '317', '344', '373', '249']
['192']
['313']
['199']
['159']
['90']
['130']
['214', '91', '262', '73', '340', '296']
['136']
['52']
['232']
['329']
['267']
['326']
['298']
['210']
['39']
['47']
['169']
['279']
['285']
['16']
['280']
['293']
['118']
['357']
['148']
['178']
['80']
['114']
['295']
['30']
['19']
['320']
['94']
['120']
['263']
['283']
['273']
['105']
['277']
['220']
['141']
['343']
['224']
['106']
['309']
['180']
['310']
['387']
['242']
['68']
['188']
['191']
['372']
['26']
['97']
['301']
['351']
['275']
['197']
['289']
['147']
['319']
['269']