['344', '199', '108', '70', '96', '192', '223', '179', '189', '328', '261', '111', '50', '44', '350', '285', '51', '118', '14']
['279', '198', '327', '338', '17', '188', '29', '82', '43', '138', '329', '78', '288', '372', '255', '359', '284', '384', '81', '155', '135']
['235', '102', '311', '239', '133', '105', '178', '259', '361', '201', '2', '377', '266', '257', '287', '53', '305', '366', '161']
['185', '194', '103', '334', '234', '381', '276', '80', '176', '13', '200', '8', '315', '387', '46', '216', '286', '177', '306', '157']
['340', '197', '38', '337', '346', '47', '378', '304', '79', '376', '203', '68', '314', '388', '167', '263', '63', '134', '156', '55']
['341', '196', '101', '374', '106', '130', '273', '86', '174', '15', '246', '20', '3', '356', '358', '22', '115', '229', '264', '289']
['147', '302', '331', '237', '137', '164', '87', '303', '152', '205', '262', '129', '40', '169', '65', '114', '228', '158']
['85', '202', '107', '391', '230', '136', '373', '298', '380', '342', '204', '122', '369', '61', '389', '212', '260', '117', '19', '39', '154']
['348', '308', '195', '139', '231', '23', '385', '343', '171', '16', '207', '123', '109', '160', '132', '267', '116', '269', '398', '31', '214']
['349', '144', '400', '332', '232', '159', '375', '7', '170', '227', '295', '124', '367', '104', '210', '339', '253', '125', '48', '191', '254']
['84', '165', '6', '233', '333', '390', '245', '4', '18', '209', '247', '206', '238', '162', '211', '265', '110', '11', '49']
['89', '100', '99', '1', '370', '119', '244', '182', '62', '323', '126', '148', '175', '163', '353', '183', '142', '166', '399']
['143', '272', '33', '98', '146', '24', '120', '336', '307', '236', '213', '362', '66', '9', '219', '112', '222', '131', '168']
['297', '291', '32', '218', '322', '25', '393', '190', '180', '208', '345', '128', '363', '67', '357', '268', '382', '93', '113', '355', '275']
['127', '242', '397', '90', '365', '73', '392', '241', '181', '56', '75', '368', '360', '54', '317', '59', '173', '141', '45', '30', '217', '250']
['364', '312', '270', '27', '21', '186', '321', '74', '319', '10', '69', '26', '58', '193', '330', '42', '271', '35', '77']
['292', '320', '37', '92', '226', '12', '243', '326', '371', '318', '172', '215', '354', '281', '52', '309', '83', '299', '252', '145']
['283', '277', '36', '95', '296', '88', '394', '274', '184', '258', '72', '294', '251', '91', '280', '224', '300', '151', '60']
['290', '278', '94', '140', '121', '396', '249', '347', '324', '71', '221', '316', '256', '352', '293', '57', '301', '150', '41', '187']
['310', '386', '34', '97', '220', '64', '395', '248', '149', '325', '76', '335', '383', '225', '351', '282', '379', '313', '153', '5', '240', '28']