['Vertex385', 'Vertex114', 'Vertex321', 'Vertex92', 'Vertex146', 'Vertex236']
['Vertex360']
['Vertex247', 'Vertex137', 'Vertex242', 'Vertex298', 'Vertex366', 'Vertex326', 'Vertex119', 'Vertex430', 'Vertex98']
['Vertex55']
['Vertex44', 'Vertex434', 'Vertex80', 'Vertex331', 'Vertex155', 'Vertex199', 'Vertex78', 'Vertex67', 'Vertex388', 'Vertex269', 'Vertex406', 'Vertex396', 'Vertex277', 'Vertex202', 'Vertex41', 'Vertex316', 'Vertex164', 'Vertex325', 'Vertex73', 'Vertex340']
['Vertex63', 'Vertex403', 'Vertex319', 'Vertex263', 'Vertex245', 'Vertex285', 'Vertex186', 'Vertex46', 'Vertex280', 'Vertex113', 'Vertex282', 'Vertex289', 'Vertex275', 'Vertex309', 'Vertex249', 'Vertex117', 'Vertex49', 'Vertex423', 'Vertex182', 'Vertex151']
['Vertex437']
['Vertex47', 'Vertex352', 'Vertex85', 'Vertex69', 'Vertex290', 'Vertex139', 'Vertex93', 'Vertex407', 'Vertex386', 'Vertex217', 'Vertex301', 'Vertex118', 'Vertex306', 'Vertex419', 'Vertex206', 'Vertex178', 'Vertex171', 'Vertex253', 'Vertex219', 'Vertex389']
['Vertex207']
['Vertex111', 'Vertex315']
['Vertex50', 'Vertex364', 'Vertex210', 'Vertex250', 'Vertex234', 'Vertex413', 'Vertex410', 'Vertex129', 'Vertex405', 'Vertex293', 'Vertex273', 'Vertex401', 'Vertex367', 'Vertex399', 'Vertex255', 'Vertex89', 'Vertex241', 'Vertex177', 'Vertex51', 'Vertex296']
['Vertex68']
['Vertex378', 'Vertex181', 'Vertex330', 'Vertex124']
['Vertex48']
['Vertex286']
['Vertex232', 'Vertex216', 'Vertex196', 'Vertex377', 'Vertex215', 'Vertex158', 'Vertex204', 'Vertex375', 'Vertex302', 'Vertex213', 'Vertex184', 'Vertex414', 'Vertex240', 'Vertex435', 'Vertex74', 'Vertex53', 'Vertex260', 'Vertex248', 'Vertex264', 'Vertex433']
['Vertex108']
['Vertex122', 'Vertex187', 'Vertex218', 'Vertex135', 'Vertex390', 'Vertex283', 'Vertex101', 'Vertex337', 'Vertex149', 'Vertex417', 'Vertex94', 'Vertex157', 'Vertex317', 'Vertex128', 'Vertex226', 'Vertex381', 'Vertex130', 'Vertex292', 'Vertex102', 'Vertex221']
['Vertex354', 'Vertex156', 'Vertex348', 'Vertex258', 'Vertex402', 'Vertex70', 'Vertex361', 'Vertex274', 'Vertex174', 'Vertex384', 'Vertex91']
['Vertex313', 'Vertex230', 'Vertex334', 'Vertex404', 'Vertex339', 'Vertex168', 'Vertex126', 'Vertex45', 'Vertex400', 'Vertex208', 'Vertex75', 'Vertex65', 'Vertex318', 'Vertex351', 'Vertex142', 'Vertex376', 'Vertex295', 'Vertex84', 'Vertex409', 'Vertex110']
['Vertex373', 'Vertex254', 'Vertex438', 'Vertex356', 'Vertex415', 'Vertex165', 'Vertex383', 'Vertex270', 'Vertex154']
['Vertex61', 'Vertex77', 'Vertex141', 'Vertex179', 'Vertex343', 'Vertex62', 'Vertex88', 'Vertex421', 'Vertex195', 'Vertex341', 'Vertex56', 'Vertex239', 'Vertex397', 'Vertex287', 'Vertex416', 'Vertex346', 'Vertex72', 'Vertex144', 'Vertex320', 'Vertex162']
['Vertex238']
['Vertex291', 'Vertex200', 'Vertex225', 'Vertex205', 'Vertex424', 'Vertex167', 'Vertex145', 'Vertex163', 'Vertex96']
['Vertex116']
['Vertex105', 'Vertex100', 'Vertex233', 'Vertex265', 'Vertex231', 'Vertex439', 'Vertex244', 'Vertex90', 'Vertex104', 'Vertex183', 'Vertex370', 'Vertex60', 'Vertex411', 'Vertex140', 'Vertex161', 'Vertex327', 'Vertex328', 'Vertex180', 'Vertex197', 'Vertex252']
['Vertex323', 'Vertex266', 'Vertex120', 'Vertex160', 'Vertex115', 'Vertex133', 'Vertex243', 'Vertex276', 'Vertex332', 'Vertex344', 'Vertex297', 'Vertex191', 'Vertex220', 'Vertex294', 'Vertex82', 'Vertex251', 'Vertex372', 'Vertex431', 'Vertex190', 'Vertex312']
['Vertex336', 'Vertex107', 'Vertex147', 'Vertex369', 'Vertex304', 'Vertex307', 'Vertex355', 'Vertex387', 'Vertex224', 'Vertex148', 'Vertex169', 'Vertex288', 'Vertex311', 'Vertex371', 'Vertex428', 'Vertex368', 'Vertex394', 'Vertex284', 'Vertex412', 'Vertex103']
['Vertex123', 'Vertex83', 'Vertex95', 'Vertex268', 'Vertex267', 'Vertex300', 'Vertex278', 'Vertex395', 'Vertex176', 'Vertex131', 'Vertex418', 'Vertex426']
['Vertex310', 'Vertex175', 'Vertex229', 'Vertex305', 'Vertex86', 'Vertex228', 'Vertex429', 'Vertex40', 'Vertex235', 'Vertex209']
['Vertex150', 'Vertex427', 'Vertex314', 'Vertex79', 'Vertex132', 'Vertex425', 'Vertex185', 'Vertex138', 'Vertex59', 'Vertex54', 'Vertex211', 'Vertex382', 'Vertex262', 'Vertex127', 'Vertex192', 'Vertex308', 'Vertex349', 'Vertex353', 'Vertex58', 'Vertex43']
['Vertex173']
['Vertex112', 'Vertex152', 'Vertex350', 'Vertex365', 'Vertex272', 'Vertex76', 'Vertex87', 'Vertex392', 'Vertex432', 'Vertex64', 'Vertex259', 'Vertex227', 'Vertex125', 'Vertex357', 'Vertex362', 'Vertex212', 'Vertex134', 'Vertex136', 'Vertex121', 'Vertex223']
['Vertex380', 'Vertex193', 'Vertex281', 'Vertex198', 'Vertex52', 'Vertex106', 'Vertex393', 'Vertex57', 'Vertex143', 'Vertex109', 'Vertex201', 'Vertex338', 'Vertex345', 'Vertex214', 'Vertex99', 'Vertex237', 'Vertex279', 'Vertex153', 'Vertex81', 'Vertex335']
['Vertex170']
['Vertex188']
['Vertex246']
['Vertex347']
['Vertex329', 'Vertex71', 'Vertex408', 'Vertex436', 'Vertex42', 'Vertex166', 'Vertex420', 'Vertex324', 'Vertex189', 'Vertex172', 'Vertex342', 'Vertex194', 'Vertex379', 'Vertex159', 'Vertex398', 'Vertex303', 'Vertex97', 'Vertex363', 'Vertex257', 'Vertex66']
['Vertex422', 'Vertex374', 'Vertex203', 'Vertex261', 'Vertex359', 'Vertex256', 'Vertex333', 'Vertex358', 'Vertex299', 'Vertex222', 'Vertex322', 'Vertex391', 'Vertex271']