['Jesse', 'Malachi', 'Cody', 'Oscar', 'Killian', 'Adrian', 'Dominic', 'Richard', 'Beckett', 'Jesus']
['Alejandro', 'Theodore', 'Ryder', 'Joshua', 'James', 'Jasper', 'Xander', 'Micah', 'Grant']
['Jeremiah', 'Elijah', 'Leo', 'Carlos', 'Omar', 'Elliott', 'Christian', 'Iker', 'Roman', 'Jaxson']
['Brian', 'Charlie', 'Abel', 'Robert', 'Myles', 'Julian', 'Axel', 'Jack', 'Beckham', 'Maverick']
['Angel', 'Miguel', 'Aiden', 'Jayden', 'Sean', 'Jonah']
['Benjamin', 'Gabriel', 'Easton', 'Emiliano', 'Zane', 'Thiago', 'Felix', 'Elliot', 'Victor', 'Griffin']
['Brooks', 'Levi', 'Grayson', 'Jude', 'Matteo', 'Leon', 'Tristan', 'Andres', 'Mark', 'Harrison']
['Aidan', 'Kaleb', 'Antonio', 'Finn', 'Jordan', 'Bennett', 'Waylon', 'Zachary', 'Abraham']
['Joseph', 'Bryan', 'Nolan', 'Jeremy', 'Zayden', 'King', 'Jameson', 'Hayden', 'Messiah', 'Kaden']
['Colton', 'Alexander', 'Weston', 'Chance', 'John', 'Wyatt', 'Max', 'Maxwell', 'David']
['Kameron', 'Tobias', 'Dawson', 'August', 'am', 'Timothy', 'Nash', 'Alex', 'Wesley', 'Henry']
['Bryson', 'Jackson', 'Steven', 'Ivan', 'Edward', 'Javier', 'Adriel', 'Maximus', 'Rafael']
['Archer', 'Connor', 'Ashton', 'Bryce', 'Evan', 'Rylan', 'Phoenix', 'Oliver', 'Knox', 'Riley']
['Ethan', 'Rowan', 'Avery', 'Gavin', 'Asher', 'Graham', 'Jacob', 'Brantley', 'Derek']
['Ace', 'Remington', 'Ryker', 'Tanner', 'Preston', 'Tyler', 'Amari', 'Dallas', 'Lorenzo', 'Joel']
['Aaron', 'Ian', 'Marcus', 'Peter', 'Erick', 'Corbin', 'Alan', 'Jake', 'Carter', 'Ayden']
['Austin', 'Adam', 'Everett', 'Juan', 'Dean', 'Miles', 'Damian', 'Matias', 'Judah', 'Bentley']
['Lucas', 'Thomas', 'Ryan', 'Vincent', 'Caleb', 'Colin', 'Owen', 'Mason', 'Rhett', 'Cameron']
['Charles', 'Jayce', 'Eduardo', 'Carson', 'Theo', 'Jonathan', 'Kyle', 'Kyrie', 'Sawyer', 'Cash']
['Kai', 'Sebastian', 'Ezra', 'Bradley', 'Reid', 'Leonardo', 'Josue', 'Nathan', 'Logan', 'Clayton']
['Nicholas', 'Justin', 'Louis', 'Noah', 'Maddox', 'Cole', 'River', 'Lincoln', 'Damien', 'Kevin']
['Ezekiel', 'Nathaniel', 'Giovanni', 'Walter', 'Brady', 'Gunner', 'Jax', 'Jason', 'Martin', 'Josiah']
['Emerson', 'Tucker', 'Manuel', 'Eric', 'Karter', 'Karson', 'Jaden', 'Simon', 'Paul', 'Camden']
['Barrett', 'Eli', 'Nicolas', 'Matthew', 'Elias', 'Jose', 'Emilio', 'Luis', 'Calvin', 'Hudson']
['Patrick', 'Brody', 'Kenneth', 'Israel', 'Legend', 'Hunter', 'Santiago', 'Kayden', 'Luca', 'Brayden']
['Jaxon', 'Francisco', 'Zion', 'Paxton', 'Emmett', 'Anthony', 'Holden', 'Dylan', 'George', 'Greyson']
['Michael', 'Enzo', 'Jace', 'Brandon', 'Isaiah', 'Diego', 'Declan', 'Mateo', 'Andre', 'Finley']
['Emmanuel', 'Cooper', 'Braxton', 'Gael', 'Kingston', 'Zander', 'Samuel', 'Milo', 'Amir', 'Arthur']
['Parker', 'Xavier', 'Chase', 'Kaiden', 'Colt', 'Daniel', 'Stephen', 'Cayden', 'Lukas', 'Caden']
['Luke', 'William', 'Silas', 'Blake', 'Jorge', 'Landon', 'Christopher', 'Isaac', 'Beau', 'Andrew']