['Endi', 'Ayahna', 'Leighann', 'Elisah', 'Analiah', 'Kenzington', 'Dyami', 'Yavian', 'Rielly', 'Fox', 'Milene', 'Reynaldo', 'Deedra', 'Quintavious', 'Gauge']
['Jarem', 'Bristol', 'Crystina', 'Merissa', 'Maude', 'Fabrizzio', 'Joed', 'Larry', 'Zayquan', 'Charlize', 'Danyca', 'Serenety', 'Soriya', 'Kyston', 'Jahred', 'Mylani']
['Shamaiya', 'Rayne', 'Bright', 'Colie', 'Tralyn', 'Kenzo']
['Anela', 'Jasiya', 'Dorcas']
['Saheim', 'Sashya', 'Jamaad', 'Satomi', 'Yonason', 'Zoiee', 'Cisco', 'Bailynn', 'Seleen', 'Kellon', 'Cliff', 'Shahid', 'Michai', 'Soniah']
['Anagha', 'Miley', 'Lailani', 'Mylez', 'Rock', 'Raeleigh', 'Devaun', 'Jatziry', 'Sayd', 'Guadalupe', 'Mumin', 'Charlett', 'Keili', 'Aarohi', 'Sussy', 'Kirrah', 'Prakruti', 'Khalee', 'Litsy', 'Lealand', 'Lilyonna', 'Thien', 'Jax', 'Kimball', 'Jaydah', 'Stafford', 'Dusan', 'Navia', 'Farah', 'Jaimarie']
['Emree']
['Taye', 'Vinnie', 'Coulson', 'Fe', 'Jaleesa', 'Kinzie', 'Sanae', 'Osmin', 'Trenise', 'Lilienne', 'Lynia', 'Fidel', 'Kaeley', 'Cicily', 'Olive', 'Deliany', 'Daxen', 'Eliziah', 'Larrissa', 'Jalilah', 'Meryl', 'Jaaziah']
['Juliano', 'Kemily', 'Zamyah', 'Merlina', 'Jailon', 'Vyncent', 'Aley', 'Kirubel', 'Antrone', 'Nitzia', 'Adeleine', 'Azavier', 'Sincere']
['Nayara', 'Denize', 'Abdoulaziz', 'Kyo', 'Jaeline', 'Dainen', 'Jamear', 'Sabastion', 'Derionna']
['Khamil', 'Casondra', 'Kaira', 'Dajana', 'Zuzanna', 'Veena', 'Mezmariah', 'Azeriah', 'Ishmel', 'Vivica', 'Jos', 'Jaquan', 'Gunther']
['Vedika', 'Keyvin', 'Isaak', 'Estephanie', 'Amor', 'Jameisha', 'Gor', 'Marnae', 'Donnovan']
['Marifer', 'Ori', 'Tyannah', 'Ancel', 'Shamyia', 'Gyzelle', 'Raymir', 'Zolin']
['Dragon', 'Jezzelle', 'Marialy', 'Tasi', 'Nethra', 'Julia', 'Feven', 'Jaquis', 'Dominika', 'Renyah', 'Nidhi', 'Kameryn', 'Nakeya', 'Aayana', 'Ingrid', 'Eleah', 'Xaviel', 'Zaahir', 'Natsumi', 'Nakaya', 'Jirah']
['Rohil', 'Lamariah', 'Tobias', 'Tacori', 'Kaeleen', 'Samauri', 'Byron', 'Liat', 'Elway', 'Atika', 'Carsten']
['Alieyah', 'Jekeria', 'Alaija', 'Yarisbel', 'Jazir', 'Jandre', 'Orren', 'Serra', 'Katarina', 'Delisha', 'Hugo']
['Dereck', 'Mykaylah', 'Kayliann', 'Tafari', 'Eeliyah', 'Suri', 'Lauralynn', 'Jaleena', 'Hallei', 'Khila', 'Emmanuela', 'Jophy']
['Carena', 'Shelbee', 'Asha', 'Montana', 'Mariaelena', 'Hesham', 'Hayven', 'Leilah', 'Zinia', 'Brydan', 'Selena', 'Kvaughn', 'Shardae', 'Carine']
['Evia', 'Armita']
['Andriy', 'Zahriyah', 'Mikea', 'Lukis', 'Nohely']
['Kenzlie']
['Bailei', 'Jersi', 'Janesha', 'Eddieberto', 'Jacob', 'Bow', 'Yu', 'Marcellino', 'Nishta', 'Doyle', 'Lakiyah', 'Dhalia']
['Britnee', 'Quintasia', 'Hashem', 'Tobechi', 'Marrius', 'Aysenur', 'Ganon', 'Venezia', 'Niemah', 'Zykerria', 'Shamiyah', 'Ryleeann', 'Kay', 'Jesalyn', 'Emmely']
['Mikelle', 'Kaymi', 'Caliegh', 'Shanaiya', 'Zackrey', 'Timia', 'Gwendolynn', 'Natasia', 'Jalyiah', 'Delara', 'Oluwatobi', 'Asa', 'Deidre', 'Shalonda', 'Coi', 'Leib', 'Sharlene', 'Abhinav', 'Lazaria', 'Hannelore']
['Kobe', 'Jerel', 'Liann', 'Hakop', 'Abriyana', 'Dashun', 'Anastacio', 'Rey', 'Kaymarie', 'Artyom']
['Adaley', 'Ettel', 'Jdan', 'Alyze', 'Amritha', 'Terriona', 'Malaja', 'Sevastian', 'Kalum', 'Spartan', 'Demetreus', 'Noha', 'Loni', 'Katalina', 'Lada', 'Adysen', 'Kenniyah', 'Cylah']
['Makyra', 'Ally', 'Trinitey', 'Marck', 'Anadalay', 'Laticia', 'Dea', 'Markise', 'Abaan', 'Takia', 'Gertrude', 'Donnelle']
['Sevren', 'Mailen']
['Chanze', 'Adaisha', 'Shiala', 'Vanesa', 'Mckaylin', 'Nancy', 'Trystian', 'Taegan', 'Shakila', 'Ron', 'Kensleigh', 'Masud']
['Marik', 'Seiry']
['Chyna']
['Mykenna']
['Tashvi', 'Keyin', 'Evangelyne', 'Ricky', 'Cyris']
['Avigail', 'Jovey', 'Keion', 'Jeremias', 'Cordai', 'Michaell', 'Kariana']
['Cynae', 'Kaleo', 'Taigen', 'Zyeir', 'Elysha', 'Tanyla', 'Kapena', 'Jamiyla', 'Ebany', 'Jomary', 'Raphael']
['Treyonna', 'Farha', 'Margie', 'Mikaelah', 'Amonti', 'Tahir', 'Ailene', 'Sagan', 'Alison', 'Rexford', 'Jamaine', 'Aizik', 'Siena', 'Adriene', 'Rosalio']
['Thaddius', 'Kairy', 'Haya', 'Keni', 'Detravion', 'Nakari', 'Keemya', 'Jamonte', 'Citlally', 'Sydelle', 'Abdulraheem', 'Gracia', 'Ramses']
['Khloee']
['Azzareya', 'Nalaya', 'Antonin', 'Aman', 'Noami', 'Anwesha', 'Emilie', 'Antwane', 'Brenya', 'Shannel', 'Kaushik', 'Kamora', 'Giankarlo', 'Sihaam', 'Jabes', 'Casandra', 'Apollonia']
['Jasahn', 'Dairon', 'Jeru', 'Shy', 'Johnavan', 'Alainna', 'Arsalan', 'Aanyah', 'Dessie', 'Oviya', 'Salmaan', 'Marcellius', 'Jahlen', 'Salif']
['Daxx', 'Jebediah', 'Lizmari', 'Thadius', 'Halo', 'Kitty', 'Dell', 'Treyson', 'Aibhilin', 'Jarrell', 'Shanell', 'Helaman', 'Harlem', 'Blaine', 'Brinleigh', 'Mircale', 'Amr']
['Guy', 'Tayseer', 'Alyiana', 'Yajahira', 'Avielle', 'Iris', 'Camill', 'Srinath', 'Jayme', 'Griffon', 'Ameerah', 'Inaki', 'Deriyon', 'Quentyn', 'Ilyn', 'Monserath', 'Anouk', 'Coraline', 'Braeley', 'Leni', 'Adanna', 'Stefanny']
['Handsome', 'Tayyab', 'Tralaya', 'Aryeh', 'Desteni', 'Matt', 'Sheniyah']
['Abdulrehman', 'Mylie', 'Jerriah', 'Jema', 'Mikyla', 'Sameeha', 'Aylana', 'Jemiah', 'Merary', 'Yaire', 'Aleiyah', 'Dhyan', 'Alayasia', 'Janine', 'Davidjr', 'Jakelin', 'Giannie', 'Tajuan']
['Akasha']
['Yarithza', 'Benito']
['Sinia', 'Ahnaya', 'Chidi', 'Ellarie', 'Tam', 'Jesus', 'Basha', 'Marwan', 'Artie']