['51']
['55', '375']
['223']
['3', '228', '227']
['388']
['431']
['76', '219', '432', '148', '7', '241', '261']
['459', '83', '433', '404', '456', '124', '187', '413']
['300', '178']
['288']
['10', '2', '444', '193', '130', '229', '84', '364']
['354', '437']
['12']
['156', '439', '401', '416', '36']
['363']
['15', '216', '307', '389', '73', '365', '202']
['88', '209']
['303']
['390']
['14', '258', '445', '424', '458', '255', '419', '48', '74']
['20', '289']
['70']
['22', '184']
['489', '334', '113']
['461', '272', '450', '222', '199']
['103', '324']
['452', '482']
['232']
['134', '454', '205', '240', '99', '252', '360', '212', '318', '86']
['191', '45', '479']
['236', '66', '385', '316', '177']
['217', '121']
['32']
['276', '313', '394', '362', '82']
['79', '453', '0', '481', '44']
['490', '451']
['19', '415', '405']
['37', '378', '380']
['52', '436']
['39', '165', '136', '271']
['242', '253', '9']
['254', '25', '215', '213', '441', '351', '185', '284']
['188', '468']
['414']
['179']
['325']
['368', '342', '60', '218']
['397', '260', '473', '102', '163', '114', '34']
['320', '157', '474', '117', '203', '161', '139', '174']
['108']
['476']
['190', '455', '477', '361', '110', '257']
['343', '105', '470', '160']
['164', '266', '107']
['374', '267', '480', '382', '150', '457', '75']
['72']
['269', '18']
['57', '270', '393', '245', '447', '286']
['1']
['237']
['486']
['125']
['62']
['63', '317', '463', '208']
['277']
['350', '491']
['279', '492', '182']
['244', '280', '493', '168', '171', '220', '243', '100', '273', '302', '299']
['143']
['69', '344', '67']
['247', '496', '275', '198', '332', '183', '372']
['71', '153', '274', '283', '358']
['285']
['499']
['478']
['328', '435']
['369']
['77']
['186', '291', '426', '173', '233']
['172']
['80', '304', '54', '263', '196', '122', '331', '292', '403']
['294']
['176']
['296']
['297']
['201']
['38']
['8']
['170', '142']
['6']
['21']
['440']
['395']
['442']
['295']
['95']
['340']
['97']
['98', '311']
['312']
['323']
['101']
['498']
['24']
['287']
['33']
['341']
['483']
['262', '147']
['109']
['238']
['111']
['239']
['326']
['81']
['425', '411', '460', '327', '207']
['485', '352', '281', '13', '151']
['469']
['251']
['392', '446']
['120', '333', '429', '126', '465', '119']
['246']
['335']
['123', '27']
['449']
['141', '466', '31', '118', '235']
['189']
['131']
['400', '319', '41', '92']
['129']
['53']
['230']
['427']
['494', '462', '428', '225', '379', '387']
['144', '206']
['162', '348', '221', '346', '495']
['448']
['65']
['138']
['329']
['194']
['338', '366', '475', '226', '315']
['290']
['133', '356']
['487', '357', '422', '349', '471']
['158']
['359']
['321']
['104']
['149', '35', '140', '497', '137', '29']
['59']
['87']
['443']
['418', '116', '376', '423', '4']
['154']
['46']
['47']
['370']
['145', '371', '488', '353', '234', '407', '438', '64', '49', '169']
['159', '200']
['181']
['265']
['384']
['132']
['85', '377', '301', '336']
['23']
['166', '383', '484', '50']
['167', '391']
['268']
['204', '90']
['30']
['330']
['211', '16', '93']
['17']
['264']
['175', '430']
['58', '155', '399', '367', '408', '322', '298']
['135']
['434', '112']
['306', '197']
['180']
['373', '96', '259', '214']
['308']
['396', '417', '224', '28']
['305']
['398', '94', '89', '152']
['78', '472', '26', '355', '337', '386']
['128', '68', '231', '347']
['42']
['402']
['249']
['40']
['309']
['406']
['467']
['195', '250']
['409']
['410', '106', '293', '61']
['345']
['412']
['381']
['339']
['248']
['56', '5']
['314', '278', '43', '11', '146', '192', '256']
['464', '91']
['282']
['421']
['420']
['127']
['210']
['310']
['115']