['393']
['22', '33', '72']
['231', '58', '340']
['45']
['327']
['284', '233', '179', '63', '56', '9', '142', '275', '305', '335', '106', '98', '43', '333', '110', '7', '175', '38', '210', '150', '88', '25', '384', '163', '6', '139', '321', '101', '361', '229', '107', '382', '168', '35']
['221', '64', '334', '192', '209', '123', '28', '306', '50', '366', '268', '127', '51', '21', '152', '288', '297', '378', '312', '19', '390', '226', '138', '204', '161', '290', '331', '279', '112', '313', '91', '392', '195', '266']
['96', '37', '67', '71', '46', '75', '217', '277', '201', '70', '236', '363', '30', '160', '299', '85', '343', '154', '52', '164', '26', '273', '272', '261', '296', '14']
['17', '330']
['232']
['159', '397', '356', '205', '379', '182', '206', '156', '354', '122', '73', '351', '36', '311', '24', '395', '292', '324', '84', '151', '140', '69', '172', '117', '245', '108']
['49', '267', '239', '274', '146', '337', '82', '348', '326', '211', '242', '149', '328']
['218', '383', '12', '235', '222', '252', '282', '298', '320', '359', '228', '304', '116', '376', '360', '23', '249', '100', '166', '353', '194', '134', '389', '86', '3', '396', '170', '136', '220']
['60', '301', '5', '92', '147', '193', '388', '283', '57', '155', '219', '270', '269', '29', '318', '114', '128', '241', '271', '187', '94', '281', '276', '214', '310', '243', '111', '264', '316', '280', '373', '186', '377']
['48', '294', '74', '47', '66', '247', '42', '224', '119', '115', '31', '338', '102', '223', '215', '158', '254', '41', '27', '216', '212', '169', '256', '246', '68', '77', '374', '15', '364']
['308']
['16', '198', '178', '165', '238', '176', '167', '248', '325', '191', '240', '11', '99', '2', '197', '300']
['262']
['18', '0', '162', '323', '132', '213', '345', '332', '103', '265', '90', '120', '341', '302', '387', '135', '20', '190', '375', '250', '207', '153', '97', '185', '234', '225', '293', '78']
['303', '174', '289', '291', '62', '295']
['315']
['8', '386', '141', '130', '81', '180', '4', '199', '372', '369', '109', '89', '251', '260', '391', '124', '263', '93', '34', '278', '144', '125', '54']
['1', '145', '357', '309', '13', '329', '10']
['259', '171', '113', '143', '203', '253', '181', '365', '95', '202', '255', '339', '157', '286', '322', '55', '188', '208', '40', '380', '65', '381', '126', '105']
['244']
['319']
['173']
['79']
['362', '32', '118', '358', '371', '44', '355', '80', '394', '350', '183', '237', '39', '352', '307', '230', '200', '258', '104', '385', '83', '314', '287', '184', '342', '131', '148', '196']
['87', '336', '129', '61', '133', '53', '137', '367', '344', '285', '370', '121', '257', '76', '227', '59', '368', '346', '189', '347', '177', '317', '349']