['396', '414', '398', '377', '402', '421', '400', '424']
['463', '453', '456', '473']
['78', '91', '470', '94', '457', '138', '127', '114', '89', '119', '107', '108', '113', '85', '118', '12', '145']
['379', '393', '404', '386', '422', '420', '383']
['227', '247', '245', '268', '255', '264', '238', '270', '257', '258', '246', '261', '252', '237', '241', '274']
['384', '429', '466', '440', '454']
['301', '313', '282', '307', '321', '293', '407', '299', '315', '280', '309', '302', '284', '419', '287', '281', '318', '399', '303', '380', '382', '325', '314', '291', '403', '286', '316', '298', '381', '278']
['8', '33', '58', '51', '50', '73', '65', '32', '14', '56', '75', '27', '40', '52', '72', '16', '59', '49', '3', '35', '6', '31', '36', '30', '60', '174', '20', '67', '38', '189']
['446', '427', '388', '401', '385', '378', '433', '288', '423', '387', '430', '444', '434', '445', '436', '406', '426', '449', '447', '415', '448', '435', '431', '297', '432', '441', '443', '428', '409', '450']
['233']
['142', '490', '275', '499', '236', '483', '494', '359', '360', '439', '486', '484', '476', '98', '482', '479', '492', '498', '338', '272', '500', '481', '354', '232', '485', '437', '495', '488', '497', '493']
['212', '195', '168', '478', '202', '289', '204', '295', '487', '151', '198', '207', '172', '205', '442', '179', '305', '438', '154', '185', '152', '186', '208', '477', '160', '222']
['417', '391', '350', '413', '425', '397', '392', '244', '394', '418', '416']
['459']
['329', '263', '260', '242', '256', '265', '337', '346', '362', '259', '250', '231', '339', '269', '230', '266', '226', '229', '253', '262', '271', '248', '234', '249', '254', '273', '228', '240', '243', '239']
['156', '196', '157', '194', '216', '357', '161', '200', '203', '489', '178', '182', '219', '190', '171', '223', '177', '191', '158', '213', '159', '176', '184', '215', '221', '169', '173', '218', '225', '183']
['170', '39', '199', '251', '167', '192', '217', '163', '267', '166', '175', '165', '197', '220', '62', '188', '180', '206', '164', '193', '209', '214', '224', '53', '11', '155', '162', '235', '153']
['18', '29', '343', '368', '374', '331', '369', '480', '327', '328', '181', '352', '351', '326', '367', '373', '353', '358', '366', '375', '365', '330', '363', '371', '372', '332', '356', '344', '347', '333']
['19', '44', '69', '370', '57', '64', '47', '28', '26', '1', '22', '43', '37', '10', '2', '70', '45', '17', '48', '15', '61', '25', '41', '74', '21', '54', '42', '34']
['411', '320', '395', '405', '389', '412', '390', '277', '306', '304', '143', '410', '408', '376', '292']
['7', '46', '71', '63', '341', '355', '340', '201', '23', '491', '364', '210', '9', '4', '13', '334', '55', '24', '5', '335', '68', '66', '211', '187', '496']
['460', '468', '475', '467', '451', '452', '455', '471', '458', '469', '472', '461', '465', '464', '474', '462']
['285', '349', '342', '322', '296', '276', '345', '348', '317', '308', '290', '319', '283', '323', '294', '336', '311', '361', '312', '310', '279']
['122', '95', '99', '149', '117', '103', '137', '126', '324', '124', '109', '80', '129', '110', '135', '140', '88', '132', '139', '84', '136', '90', '111', '116', '133', '76', '121', '300', '104', '93']
['101', '100', '125', '102', '134', '115', '123', '147', '86', '148', '87', '82', '128', '130', '144', '112', '92', '120', '97', '146', '79', '77', '131', '150', '105', '106', '81', '96', '141', '83']