['Victor']
['Darlene']
['Ellis']
['Tanya']
['Sharon', 'Rhonda', 'Roger', 'Kristine', 'Imogene', 'Fernando', 'Catherine', 'Raul', 'Domingo', 'Gertrude', 'Michele', 'Laura', 'Bernard']
['Crystal']
['Edwin']
['Mary']
['Kerri']
['Steve']
['Thelma']
['Dale']
['David']
['Danny']
['Elia']
['Rachel', 'Ruby', 'Douglas', 'Irving', 'Cesar', 'Randolph', 'Diana', 'Glenna', 'Judith', 'Inez', 'Kisha', 'Winifred', 'Brandon', 'Lorraine', 'Georgette', 'Evelyn', 'Everett', 'Shirley', 'Carmelita', 'Garrett', 'April', 'Lahoma', 'Berta', 'Andrew', 'Gladys', 'Harvey', 'Carlos', 'Roy', 'Audrey', 'Sally', 'Esther', 'Marion', 'Stephany', 'Dorothy', 'Corey', 'Marco', 'Donald', 'Helen', 'Annette', 'Monica', 'Peggy', 'Ronda', 'Patrick']
['Pamella']
['Fred']
['Jimmy']
['Melissa']
['Moses', 'Selina', 'Myron', 'Elizabeth', 'Alfred', 'Del', 'Joshua', 'Ida', 'Theresa', 'Bradley', 'Lillian', 'Virginia', 'Marjorie', 'Kellie', 'Ingeborg', 'Mario', 'Larry', 'Norman', 'Jonathan', 'Eva', 'Daniel', 'Ryan', 'Bonnie', 'Anthony', 'Bessie', 'Lewis', 'Arturo', 'Cassie', 'Ernestine', 'Tommy', 'Alice', 'William', 'Will', 'Gwen', 'Gordon', 'Philip', 'Andrea', 'Alex', 'Martin', 'Linda', 'Jeffery', 'Travis', 'Kristin', 'Donna', 'Kenneth', 'Dorothea', 'Erik', 'Jesus', 'Ronald', 'Tara', 'Tamika', 'Adele', 'Myriam', 'Betty', 'Marlene', 'Sylvia', 'Warren', 'Albert', 'Rafael', 'Miguel']
['Bertha', 'Rebecca', 'Justin', 'Robyn', 'Rolf', 'Maureen', 'Jacque', 'Jose', 'Bobby', 'Jane', 'Frank', 'Gloria', 'Sheryl', 'Stacy', 'Lucy', 'Raymond', 'Beulah', 'Richard', 'Alison', 'Jason', 'Lawrence', 'Alicia', 'Darrell', 'Freda', 'Steven', 'Curtis', 'Geraldine']
['Lyle']
['Lessie']
['Clayton', 'Derek', 'Herbert', 'Ellen', 'Reinaldo', 'Juan', 'Mae', 'Heather', 'Nina', 'Carmen', 'Wendy', 'Marlin', 'Morris', 'Dawna', 'Gerardo', 'Priscilla', 'Michael', 'Charles', 'Carol', 'John', 'Phillip', 'Ursula', 'Molly', 'Chris', 'Willie', 'Brian', 'Mike', 'Roberto', 'Gary', 'Cassandra', 'Jo', 'Stacie', 'Danielle', 'Ruth', 'Paula']
['Sofia']
['Cheryl']
['Elsie']
['Kerrie']
['Jessica']
['Jeff']
['Hugh']
['Raphael']
['James']
['Emmie']
['Debra']
['Marian']
['Bruce']
['Wesley']
['Kelly']
['Lori']
['Jeffrey']
['Lulu']
['Annalee']
['Frederick']
['Reginald']
['Martha']
['Jeremy']
['Morgan']
['Burl']
['Clyde']
['Christian', 'Reuben', 'Tuan', 'Calvin', 'Craig', 'Wilson', 'Timothy', 'Deborah', 'Angela', 'Marcella', 'Gilda', 'Olivia', 'Peter', 'Juanita', 'Ernest', 'Christina']
['Rosalyn']
['Thomas']
['Marquerite']
['Melanie']
['Pat']
['Angelica']
['Charlotte']
['Adam']
['Kimberly']
['Jennifer']
['Eura']
['Jacob']
['Kevin']
['Ralph']
['Lana']
['Paul', 'Lynne', 'Karen', 'Mack', 'Mable', 'Gail', 'Lucille', 'Pauline', 'Matthew', 'Susan', 'Jean', 'Lloyd', 'Norma', 'Kathryn', 'Lucie', 'Rick', 'Deanna', 'Quintin', 'Tracy', 'Troy', 'Kim', 'Terry', 'Wallace', 'Beth', 'Phyllis', 'Blair', 'Anna', 'Roosevelt', 'Doris', 'Gerald', 'Patricia', 'Ann', 'Belinda', 'Marilyn', 'Ray', 'Emery', 'Samuel', 'Judy']
['Matt']
['Mark']
['Roberta']
['Leigh']
['Gregory']
['Antonio']
['Ricky']
['Lydia']
['Willis']
['Christine']
['Irene']
['Toni']
['Latisha']
['Don']
['Ashley']
['Robin']
['Nicole']
['Vella']
['Margaret']
['Josephine', 'Jodi', 'Fredda', 'Caridad', 'Katherine', 'Miles', 'Harold', 'Marcelino', 'Dana', 'Dawn', 'Nola', 'Lilian', 'Mabel', 'Margert', 'Theodore', 'Scot', 'Cornelius', 'Wanda', 'Nancy', 'Robert', 'Leanne', 'Constance', 'Barbara', 'Selma', 'Shannon', 'Laurie', 'Joni', 'Eugene', 'Kaitlyn', 'Nelson', 'Glen', 'Lisha', 'Loraine', 'Michelle', 'Carole', 'Ivonne', 'Veronica', 'Suzie', 'Brenda', 'Sherri']
['Susanna']
['Rosie']
['Jesse']
['Dennis']
['Laurence']
['George']
['Sylvester']
['Beverly']
['Lane']
['Raeann']
['Margarito']
['Natalie']
['Joanne']
['Alexander']
['Louis']
['Tim', 'Dean', 'Krysten', 'Sarita', 'Jorge', 'Stephanie', 'Edward', 'Stephen', 'Maryann']
['Ana']
['Joann']
['Booker']
['Pablo']
['Therese', 'Eric', 'Lonnie', 'Teresa', 'Ouida', 'Eleanor', 'Sam', 'Connie', 'Janene', 'Guy', 'Kathleen', 'Wayne', 'Lena', 'Amy', 'Eugenia', 'Stanley', 'Rosalee', 'Grant', 'Walter', 'Rosa', 'Reggie', 'Kylie', 'Keri', 'Karren', 'Carl', 'Alvin', 'Derrick', 'Tony', 'Joseph', 'Christopher', 'Cathy', 'Pete', 'Wilma', 'Joe', 'Bethany', 'Hedwig', 'Janet', 'Pamela', 'Fredrick', 'Marie', 'Emily', 'Clarence', 'Andres', 'Seth', 'Amos', 'Leona', 'Winnifred', 'Andre', 'Polly', 'Cecile', 'Francisco', 'Jeanine', 'Viola', 'Glennie', 'Ollie', 'Maria', 'Leticia', 'Kirk', 'Mildred', 'Cecilia', 'Jayme', 'Cory', 'Cindy', 'Clarissa']
['Mireya']
['Ward']