['57', '362']
['1', '249', '89', '301', '255']
['242', '202', '282', '122']
['103', '385', '77', '140', '251']
['4', '183']
['377', '278']
['48', '53', '78', '15', '264']
['76', '107', '348', '16', '352']
['200', '170']
['209', '342', '337', '214']
['191', '85', '143']
['20', '233', '273']
['312']
['139', '325', '313', '102']
['14', '271', '314', '357']
['215', '180', '83', '18']
['32', '321', '316', '366', '324', '270', '22', '274']
['392', '257', '49', '281']
['149']
['113', '363', '219', '108']
['220', '370', '193']
['359', '221', '55', '300', '43', '12', '328', '292', '275']
['203', '272']
['147', '115', '50', '194']
['254', '347', '11']
['125', '71', '190', '52', '317', '207', '289']
['153']
['127', '307', '224', '6', '112']
['368']
['159', '91', '229', '369']
['230', '330']
['31', '234', '343', '84', '210', '36', '44']
['87', '386', '232']
['33', '192', '211', '247', '110', '396', '94', '236', '96']
['164', '134', '334', '161', '388']
['284', '51', '37']
['150', '130', '336', '167', '111', '372', '187', '42']
['181']
['38', '98', '238', '319', '69', '243', '308']
['39', '138', '239', '339', '90', '142', '349']
['40', '367', '231', '26']
['226', '341']
['379', '261', '165']
['340']
['109', '201', '244', '346', '260']
['88']
['35', '146', '246', '141', '390', '315', '174', '350']
['47', '205', '100', '17', '178', '218', '3', '128']
['384']
['318', '101']
['250', '381']
['237', '351']
['374', '263', '63', '361']
['306', '23', '129', '225']
['118', '154', '97', '391', '378', '389', '280']
['268']
['387', '256', '285']
['333', '145', '24', '163', '335', '277']
['58', '298', '204', '195']
['29', '259', '121', '72']
['168', '173', '360', '309']
['258', '213', '80', '60', '124']
['228', '162', '0']
['398', '119', '152', '68', '276']
['364', '305']
['41', '265', '267', '223']
['160', '245']
['67', '365', '73', '323', '136', '179']
['166', '197', '62', '120']
['208', '144']
['186', '235', '320', '262', '358']
['79', '56', '326', '106']
['172', '21', '158', '332']
['240', '299', '287', '373', '155', '248']
['114']
['75', '175', '303']
['7', '176', '311', '5']
['177', '156']
['371']
['375', '304', '288', '93', '30', '9', '199']
['241', '380']
['356', '54', '116', '185', '123', '293', '322']
['82', '182', '302', '148', '151']
['171', '283', '383', '105']
['10', '184', '286']
['81']
['86', '344', '227', '132', '329', '27', '99']
['157', '135']
['61']
['279', '189', '66', '354']
['46', '198', '290', '92']
['353', '331', '291', '382', '70', '206']
['133', '74', '345']
['126', '393', '25']
['355', '294', '394', '327', '28', '310', '104']
['95', '295', '395', '137', '117']
['59', '196', '296', '188', '212', '376', '8']
['19', '266', '297', '397', '269', '45', '13', '253']
['34', '169', '64', '252', '2', '338']
['222', '131', '216', '399', '217', '65']