['Toya', 'Vernia', 'Delmar', 'Heide', 'Janetta', 'Brendon', 'Marcie', 'Rodrigo', 'Kareem', 'Sherwood', 'Ryann', 'Kristopher', 'Allena']
['Sharilyn', 'Jan', 'Clarissa', 'Lashay', 'Jacque', 'Florencio', 'Xavier', 'Lucas', 'Hortense', 'Renetta', 'Sharan', 'Johnny', 'Nathalie', 'Tameika']
['Sharla', 'Horace', 'Ema', 'Lue', 'Louise', 'Vivien', 'Lamonica', 'Alexandra', 'Clarinda', 'Eustolia', 'Darrel', 'Marquis']
['Rolando', 'Tiffani', 'Dewayne', 'Kitty', 'Zoraida', 'Darwin', 'Pearlie', 'Charisse', 'Kurtis', 'Marvis', 'Imogene', 'Chan', 'Rachael']
['Sharlene', 'Carson', 'Kristi', 'Stanford', 'Jay', 'Nicole', 'Tressa', 'Eve', 'Leonard', 'Alethia', 'Byron', 'Deana', 'Osvaldo', 'Clinton', 'Jeremy']
['Hilario', 'Nickolas', 'Lola', 'Bonnie', 'Pa', 'Gerard', 'Sharell', 'Milissa', 'Marci']
['Isabel', 'Honey', 'Loria', 'Jefferey']
['Grant', 'Jeffrey', 'Susan', 'Chester', 'Marlo', 'Alane', 'Hershel', 'Nohemi', 'Treena', 'Eufemia']
['Oscar', 'Millicent', 'Caitlyn', 'Angeline', 'Alvin', 'Juliet', 'Rima', 'Miranda', 'Earnest', 'Oneida', 'Leilani', 'Susannah', 'Cristi']
['Lauren', 'Marilynn', 'Herlinda', 'Christiane', 'Tammi', 'Deirdre', 'Esperanza', 'Tyisha']
['Theo', 'Cortney', 'Joelle', 'Leila', 'Felix', 'Rosalba', 'Percy', 'Irena', 'Adah']
['Neida', 'Reita', 'Tamisha', 'Alex', 'Tanisha', 'Harvey', 'Meagan', 'Shonda', 'Clarice', 'Jama', 'Claudie', 'Gisela', 'Emmanuel']
['Artie', 'Naida', 'Dion', 'Eugene', 'Garland']
['Kris', 'Stephani', 'Hassan', 'Kelly', 'Carolee', 'Nieves', 'Griselda', 'Michaela', 'German']
['Enola', 'Kimbra', 'Cleotilde', 'Lucia', 'Irma', 'Elliott', 'Oma', 'Lana', 'Arcelia']
['Trey', 'An', 'Latia', 'Jennie', 'Savanna', 'Lisa', 'Wes', 'Antoinette', 'Junior', 'Lilly', 'Almeta', 'Frederic', 'Bertha', 'Kirstin', 'Terry', 'Jami']
['Dong', 'Margart', 'Odell', 'Marcella', 'Carmon', 'Joan', 'Dorene', 'Ok', 'Tina', 'Madison']
['Elena', 'Valorie', 'Selma', 'Raul', 'Chun', 'Murray', 'Lyn', 'Stanley', 'Ron', 'Ocie', 'Freddie', 'Kasey', 'Zena', 'Jesus']
['Saul', 'Glenna', 'Glenda', 'Charmaine', 'Chas', 'Aaron', 'Shelton', 'Flavia']
['Xuan', 'Kyung', 'Hui', 'Logan', 'Elicia', 'Verona', 'Angella', 'June', 'Merrill', 'Clyde', 'Loura']
['Vernon', 'Dora', 'Tai', 'In', 'Renea', 'Vincenzo']
['Clifton', 'Martin', 'Randall', 'Elfrieda', 'Porter', 'Clara', 'Piedad', 'Rita', 'Marion', 'Inga', 'Riley', 'Dagmar']
['Latoya', 'Alicia', 'Hyun', 'Leontine', 'Kendall', 'Robert', 'Shaun']
['Darnell', 'Gerardo', 'Son', 'Orval', 'Camelia', 'Fanny', 'Rosalee', 'Roxane', 'Beverley', 'Altagracia', 'Edmond', 'Laticia', 'Sheldon', 'Trena', 'Dewitt', 'Kylie', 'Annabel']
['Danita', 'Ambrose', 'Winford', 'Danial', 'Vada', 'Shavon', 'Antonette', 'Spencer', 'Houston', 'Alton', 'Leonida', 'Elvie']
['Dusti', 'Raleigh', 'Russell', 'Laraine', 'Alvera', 'Lyndon', 'Tamala', 'Joanne', 'Antonina', 'Mariano', 'Taneka', 'Rachel', 'Amada', 'Cassie', 'Marcos', 'Jeanette', 'Olevia', 'Anabel']
['Lizabeth', 'Elenora', 'Naomi', 'Hiroko', 'Eloisa', 'Lezlie', 'Mariah', 'Helene', 'Alfred', 'Loren', 'Joye', 'Annamarie']
['Kay', 'Retta', 'Randa', 'Audie', 'Jae', 'Travis', 'Chance', 'Ella', 'Claretha', 'Pinkie', 'Florinda']
['Garret', 'Aretha', 'Destiny', 'Doyle', 'Jina', 'Whitney', 'Refugio', 'Marquitta', 'Yevette', 'Louella', 'Kim', 'Mariette', 'Tarah', 'Princess', 'Phylis', 'Lasonya', 'Marvin']
['Hayden', 'Clarence', 'Lorelei', 'Elvia', 'Tracie', 'Chang', 'Nadia', 'Hillary', 'Oswaldo', 'Easter', 'Alexa', 'Jade', 'Dorthea', 'Debora']