['0', '50', '15', '218']
['72', '165', '194', '54', '233', '55']
['93', '52', '152', '230', '59']
['32', '103', '115', '104', '114']
['244', '221', '127']
['5', '4', '249', '155', '154']
['144', '150']
['61', '66', '63', '62']
['109', '58', '108', '187', '200', '107']
['42', '110', '8', '75']
['19', '16', '14', '25', '210', '3']
['135', '65', '143', '138', '64']
['12', '125', '162', '212', '13', '11']
['226', '237', '122', '238', '231', '236']
['74', '17']
['214', '247', '203', '215']
['60', '153', '164', '166', '216', '57']
['68', '67', '117', '167', '89', '46']
['113', '112', '118', '23', '111']
['121', '197', '246', '219']
['116', '70', '188', '100']
['198', '9', '10', '1', '7', '6']
['227', '81', '208', '172', '41']
['38', '151', '156', '69', '196']
['24', '124', '174', '224']
['160', '209', '202', '175', '157', '159']
['148', '180', '126', '176', '130', '179']
['145', '184', '177', '47', '183']
['90', '78', '178', '228', '239', '240']
['142', '79', '80', '229', '120']
['48', '248']
['73', '171', '98', '181', '245']
['45', '182', '222', '225', '185']
['205', '170', '206', '158', '201', '204']
['232', '134', '234', '131', '133', '132']
['35', '85', '189', '191', '235', '190']
['26', '18', '34', '31', '27', '30']
['173', '87', '88', '86', '207']
['83', '161', '211', '97', '163', '213']
['39', '37', '139', '36', '140']
['51', '20', '21', '56', '149', '53']
['129', '91', '141', '44', '128']
['137', '220', '192', '136']
['92', '123', '168', '193', '243']
['241', '33', '101', '105', '106', '102']
['82', '95', '77', '195', '76', '84']
['94', '96', '146', '169']
['22', '217', '147', '119', '242']
['40', '29', '2', '186', '28']
['43', '99', '71', '199', '223', '49']