['60']
['68']
['403']
['353']
['208']
['230']
['7']
['262', '402', '243', '366', '298', '383', '292', '365', '297']
['207']
['10']
['11']
['197']
['237']
['238']
['282']
['240']
['17']
['18']
['19']
['384']
['127']
['267']
['387', '327', '335', '377', '380', '410', '228', '356', '227', '295', '225']
['389']
['125']
['26']
['251']
['252']
['382']
['423']
['325']
['316']
['426']
['118']
['126']
['36', '157', '109', '58', '176', '56', '210', '102', '96', '69', '184', '110', '152', '140', '223', '78', '198', '66', '164', '14', '174', '192']
['391']
['8', '121', '106', '187', '215', '79', '130', '93', '179']
['425']
['234']
['222']
['42']
['260']
['28']
['345']
['46']
['400']
['272']
['209']
['274']
['23']
['326']
['189']
['408', '417', '246', '299', '385', '398', '305', '317', '405', '336', '275', '312', '294', '247', '388', '438', '291', '446', '283']
['236']
['84', '30', '12']
['57', '88', '171', '91', '194', '67', '203', '221', '24', '190', '2']
['427']
['20']
['311']
['61']
['361']
['264']
['122']
['289']
['136']
['407']
['442']
['436']
['85']
['153']
['54']
['355', '401', '354', '414', '288', '232', '249', '248', '445', '286', '277', '341', '396']
['359']
['35', '165', '9']
['418']
['319']
['245']
['344']
['74']
['431']
['137']
['83', '95', '80', '139', '131', '146', '25', '196']
['280']
['149']
['161']
['53']
['433']
['313']
['92']
['363']
['256']
['420']
['428', '318', '367', '421', '255', '242', '358', '320', '276', '416']
['166']
['40']
['97', '134', '89', '71', '128', '104', '172']
['148']
['163']
['324']
['101']
['226']
['103']
['108']
['284']
['330']
['348']
['270']
['374']
['334']
['173']
['241']
['337']
['114']
['308']
['340']
['266', '285', '362', '268', '339']
['342']
['343']
['206']
['45']
['346']
['347']
['328']
['349']
['259']
['351']
['352']
['182']
['321']
['160']
['132']
['332']
['99']
['142']
['82']
['303']
['331']
['105']
['195']
['141']
['124']
['235']
['144']
['369']
['370']
['304']
['120']
['373']
['212', '217', '77', '44', '218', '191', '111', '31', '178']
['151']
['435']
['338', '273', '432', '314', '322', '372', '231', '394']
['39']
['155']
['156', '107', '168', '98', '162', '119', '32', '41', '59', '129', '63', '213', '181', '21', '3', '115', '86', '6', '87']
['100']
['199']
['159']
['265', '244', '395', '360', '310', '429', '350', '368', '386', '287', '329', '412', '300', '444', '302', '434', '315', '333', '323']
['250']
['123']
['364']
['306']
['214']
['253']
['261', '357', '379', '263', '409', '278', '406', '239', '257', '293', '279', '424', '415', '290', '437', '378']
['392']
['393']
['170']
['371']
['229']
['397']
['147']
['175', '43', '50', '133', '29', '1']
['81']
['269']
['381']
['13']
['404']
['439']
['52']
['183']
['281']
['185']
['186']
['188']
['411']
['413']
['309']
['205']
['296']
['65']
['138']
['419']
['48']
['399']
['233']
['254']
['76']
['301']
['202', '33', '51', '117', '27', '73', '169', '5', '200', '34', '64', '145', '113']
['49']
['204']
['307']
['430']
['422']
['211']
['375']
['443']
['376']
['440']
['390']
['22']
['94']
['15']
['441']
['154']
['143']
['220', '216', '201', '112', '116', '158', '38', '37', '4', '180', '193', '55', '219', '62', '70', '75', '72', '167', '16', '135', '150', '177', '90']
['47']
['271']
['258']
['224']