['253', '22', '121', '300', '108', '247', '455']
['189', '122', '452', '403', '221', '216', '25']
['449']
['430']
['27']
['370']
['433', '368', '329', '415', '242', '268', '466']
['30']
['465']
['441', '16', '73', '476', '378', '361', '139']
['494']
['342']
['70']
['360', '103', '201', '349', '249', '496', '380']
['97', '468', '431', '5', '262', '140', '369']
['258', '382', '173', '126', '273', '219', '303']
['15', '148', '180', '105', '96', '282', '398']
['316', '212', '1', '106', '244', '56', '492']
['43']
['362']
['385']
['326', '228', '222', '79', '72', '493', '66']
['470']
['473', '291', '146', '240', '319', '383', '437']
['38', '88', '177', '235', '354', '206', '495']
['254', '102', '20', '248', '357', '490', '353']
['270', '179', '295', '406', '203', '331', '297']
['309']
['55', '317', '340', '150', '419', '475', '472']
['256']
['33', '211', '372', '436', '50', '147', '407']
['443', '64', '26', '238', '352', '214', '128']
['409']
['6', '182', '84', '351', '181', '77', '90']
['348', '271', '335', '91', '330', '59', '42']
['187', '14', '365', '119', '386', '31', '287']
['62', '367', '196', '68', '394', '198']
['402']
['135']
['54', '175', '168', '143', '58', '388']
['463']
['184', '366', '257', '260', '94', '347', '458']
['410', '358', '28', '87', '293', '223', '107']
['334', '46', '19', '274', '104', '37', '429']
['138', '133', '467', '205', '234', '320', '137']
['489', '192', '114', '308', '241', '127', '413']
['377']
['98']
['131', '166', '469', '448', '426', '389', '345']
['110', '281', '278', '305', '63', '288', '461']
['226', '363', '405', '178', '160', '356']
['338', '167', '471', '61', '290', '47', '296']
['67']
['83', '89', '432', '207', '210', '336', '85']
['457']
['71', '208', '197', '453', '364', '213', '333']
['280', '373', '23', '82', '301']
['92']
['117']
['484']
['112']
['101', '130', '434', '411', '269', '86', '265']
['312']
['57', '250', '232', '424', '123', '451', '220']
['459', '99', '266', '416', '35']
['149', '321', '200', '275', '259', '488', '171']
['2', '289', '299', '399', '24', '186', '343']
['41', '298', '225', '243', '313', '315', '18']
['387', '53', '170', '209']
['142', '478', '95', '322', '414', '486']
['393', '307', '74', '327', '69', '218', '420']
['375', '44', '45', '93', '302', '318', '421']
['371', '199', '267', '158', '144', '442', '75']
['263', '233', '125', '480', '417', '344']
['425', '392', '304', '118', '129', '251', '435']
['460', '193', '404', '401', '272', '276', '81']
['474', '323', '156', '332']
['65', '153', '314', '134', '162', '339', '384']
['204']
['172', '438', '440', '325', '418', '155', '252']
['52', '21', '379', '229', '292', '60', '215']
['391', '359', '191', '337', '154', '483', '0']
['111', '217', '328', '165', '255', '446', '491']
['152', '456', '9', '395', '113', '231', '100']
['115', '485', '286', '159', '49']
['390', '224', '428', '17', '283', '422', '8']
['145', '284', '227', '239', '236', '78', '4']
['109', '499', '324', '194', '36', '450', '141']
['76', '439', '444', '40', '397', '116']
['39', '169', '479', '80', '230', '164', '381']
['185', '12', '350', '163', '32', '487', '202']
['355', '306', '151', '482', '161', '51', '454']
['11']
['13', '190', '310', '261', '400', '176', '481']
['7', '374', '498', '183', '396', '188', '174']
['279', '120', '3', '195', '497', '29', '132']
['462', '246', '237', '157', '464', '245', '427']
['412', '477', '34', '447', '136', '408']
['48', '285', '294', '277', '341', '311']
['264', '346', '423', '376', '445', '124', '10']