['14', '464', '135', '328', '326', '462', '106']
['22', '80', '103', '359', '303', '320', '421', '453', '450', '357', '30', '458', '107', '400', '10', '292', '294', '167']
['2', '113', '104', '144', '102', '105', '142', '184', '69']
['128', '124', '205', '246', '207', '366', '204', '317', '242', '198']
['208', '361', '4']
['443', '449', '117', '396', '398', '224', '392']
['6', '96', '368', '132', '261', '363', '414', '362', '93', '227', '263']
['164', '150', '160', '310', '199', '313', '350', '191', '466', '190', '161', '230', '319']
['8', '248', '413', '352', '493', '365', '36', '296', '343', '157', '299', '485']
['9', '409', '193', '448', '53', '469', '387', '406', '333', '442', '401', '332', '444']
['61', '101', '163', '339', '265', '460', '367', '459', '417', '100', '416', '330', '477', '329']
['52', '415', '244', '383', '158', '109', '245', '231', '154', '156', '45', '355']
['98', '165', '266', '91', '422', '131', '115', '264']
['454', '64', '331', '455', '358', '327', '451', '336']
['404', '120', '250', '200', '269', '260', '281', '420', '473', '276', '470', '433', '268', '16', '195', '424', '21', '457']
['15', '491', '411', '85', '341', '87', '372', '371', '291', '186', '13']
['437', '57', '178', '322', '373', '121', '475', '389', '155']
['221', '272', '220', '226', '175', '307', '78', '48', '212']
['222', '428', '426', '425', '26']
['97', '70', '62', '149', '73', '274', '308', '376', '159', '148', '309', '143', '318', '72']
['31', '194', '441', '293', '7', '71', '37', '192']
['169', '18', '123', '252', '427', '375', '378', '315', '312', '162', '288', '484', '127', '251', '349']
['54', '240', '140', '50', '20', '379', '430', '305', '492', '280']
['23', '435', '24', '5', '388', '19', '25', '384', '17', '302', '11', '346', '249']
['481', '38', '334', '486', '182', '338', '381', '147', '483', '27', '12', '489', '345']
['108', '118', '258', '257', '255', '393', '247']
['174', '463', '173', '374', '215', '233', '314', '316', '179', '210', '211']
['197', '283', '217', '214', '297', '201', '218']
['494', '79', '32', '287', '286', '229', '243', '168', '364', '369', '77', '356', '282', '410']
['29', '256', '471', '279', '59', '278', '324', '386', '337', '129', '479', '55', '216']
['446', '28', '234', '285', '284', '438', '488', '306', '496', '377', '137']
['209', '75', '456', '110', '39', '490', '301', '405', '114', '495', '403', '418', '206', '0']
['436', '196', '74', '185', '171', '181', '94', '465', '461', '177', '189', '237', '499']
['33', '467', '482', '68', '60']
['67', '86', '136', '235', '232', '166', '340', '354', '348', '342', '497', '351', '238']
['35', '219', '385', '478', '290', '126', '370', '474', '130', '472', '122', '360', '476', '382', '325', '81', '65', '390']
['300', '321', '138', '270', '275', '271', '273', '90', '380']
['139', '241', '111', '134', '445', '440', '447']
['187', '89', '116', '431', '84', '344', '267', '423', '82', '151', '153', '262', '83']
['439', '170', '239', '76', '419', '172', '498', '323', '394', '92']
['395', '56', '125', '295', '391', '397', '298', '203', '133']
['353', '223', '434', '399', '34', '225']
['1', '146', '407', '408', '228', '141']
['43', '66', '145', '51', '119', '42', '49']
['254', '236', '335']
['402', '213', '487', '311', '480', '176']
['46', '277', '253', '202', '259', '47']
['289']
['63', '99', '41', '432', '88', '452', '95', '429', '58']
['412', '40', '180', '44', '188', '183']
['112', '152', '468', '347', '304', '3']