['153', '14', '161', '149', '16', '59', '12', '145', '151', '147']
['2', '32', '71', '214', '74', '212', '242', '210', '240', '216']
['3', '7', '9', '123', '1', '5', '11', '229', '121']
['57', '160', '154', '61', '156', '55', '63', '159', '157', '162']
['58', '60', '264', '266', '125', '268', '62', '263', '132', '134']
['6', '98', '97', '96', '95', '8', '191', '93', '99', '4']
['84', '69', '67', '219', '90', '223', '225', '217', '88', '221']
['198', '38', '258', '137', '188', '256', '194', '196', '192', '190']
['226', '232', '168', '228', '247', '249', '170', '251', '166', '230']
['172', '174', '65', '79', '178', '220', '176', '77', '75', '73']
['260', '262', '208', '101', '92', '270', '254']
['183', '42', '141', '139', '143', '218', '209', '44', '40']
['37', '43', '193', '39', '45', '31', '33', '195', '197', '41']
['237', '243', '235', '231', '119', '241', '224', '233', '222', '239']
['15', '35', '26', '131', '135', '173', '129', '133', '127', '17']
['124', '122', '234', '155', '120', '118', '126']
['94', '47', '107', '165', '167', '103', '169', '105', '163', '171']
['201', '48', '205', '207', '50', '164', '203', '46', '52', '54']
['130', '253', '257', '255', '186', '261']
['80', '187', '76', '189', '181', '185', '78']
['51', '245', '140', '138', '13', '53', '142', '136', '144', '49']
['22', '206', '252', '91', '202', '246', '204', '24', '250', '248']
['23', '117', '83', '113', '56', '25', '111', '115', '19', '21']
['100', '106', '102', '244', '108']
['70', '66', '64', '175', '28', '30', '34', '68', '72', '36']
['184', '227', '146', '259', '211', '215', '213', '180']
['238', '265', '179', '177', '86', '236', '267', '109', '82', '269']
['27', '87', '20', '148', '104', '150', '85', '152', '89']
['29', '18', '114', '200', '112', '81', '158', '116', '10']
['128', '110', '182', '199']