['ZJQQO', 'BVCTY', 'XFNKQ', 'UDTFQ', 'SJJMM']
['DFBMK', 'KQUJH', 'QYWKX', 'PQDFC', 'KCHSD']
['QBVUY', 'KYKCO', 'NUSHB', 'HATBR', 'KXMSB']
['MXMMA', 'LBKGE', 'XUYPR', 'DVLFX', 'QSYML']
['OXRUQ', 'SZXFW', 'ZJPJO', 'ORRXP', 'WJAIQ']
['TAHXC', 'DSQUZ', 'MEKWP', 'FZRBE', 'VQAKV']
['ENWEP', 'WLCAR', 'IAADS', 'ONQWA', 'WOIJX']
['NKCOJ', 'QBZQQ', 'KUMCW', 'XXFSV', 'TFWCC']
['BNJLP', 'WNYYG', 'TFEWH', 'QNUDR', 'NSDMC']
['ZJNIT', 'AHMRO', 'ZRVWH', 'XXRUC', 'CIOFH']
['FZQXE', 'BBVXC', 'FEUEQ', 'FJPVZ', 'HGJEC']
['PSZDK', 'IGAXC', 'PECLI', 'TAIVA', 'HXXMK']
['NHQWU', 'GUDYJ', 'EYFRR', 'WAQDW', 'XBLXM']
['PGHQU', 'GAEKQ', 'JEBNF', 'ZQDIP', 'EFKRH']
['WJIWZ', 'VXLZU', 'VWJWK', 'FVYLB', 'GICKM']
['XWMKT', 'CQBIT', 'LPHWP', 'QCHPG', 'VATKD']
['FSTKF', 'NWAHL', 'TYMOI', 'QVNNO', 'HSIWG']
['IBUGB', 'ACMPF', 'LIQGP', 'OJGET', 'OKQTW']
['XNYRJ', 'EADHZ', 'AWDBE', 'ETYTK', 'OAGEZ']
['VYDDY', 'OCOQX', 'VLQCW', 'ZPTPS', 'BPZOY']
['VNVFZ', 'BNYBV', 'DUAEB', 'QSVBC', 'FZBVB']
['MXBHP', 'LYGHF', 'JXGHX', 'IZZTZ', 'SROSJ']
['CBJEL', 'CPTCX', 'AWUBI', 'HFDOF', 'GWJWE']
['WSVIR', 'SAVNS', 'BPLLS', 'KSCIB', 'NSTKH']
['VLEXY', 'TEFPC', 'HNXEZ', 'XAOMD', 'KDZKT']
['KENPF', 'HWSJL', 'DKSJV', 'HAXVF', 'TBPZM']
['CIPCP', 'RCZHM', 'QYLAH', 'CSQHY', 'CIILB']
['FCJLJ', 'OMYLR', 'CUUFQ', 'VXIFI', 'WCFRY']
['HCVBR', 'ARMIC', 'RFWKF', 'XEEVL', 'OVYDG']
['HKVZW', 'AICHQ', 'UGKUC', 'UJESQ', 'YFRIJ']
['WHRVK', 'PXCKJ', 'YJCIZ', 'WAHPX', 'YXPNV']
['CBNUD', 'NDLFM', 'JTHWI', 'JWSRE', 'ZHVLK']
['SKBJW', 'QIALM', 'AILUZ', 'ERTVL', 'IAMKK']
['CFMPM', 'FELNZ', 'ZNMAJ', 'YWCZV', 'DLKKW']
['GEQFC', 'UCQZE', 'DFVZW', 'VPSEI', 'SRUUN']
['YQPNL', 'QCRLR', 'DBIOJ', 'TVCFA', 'IXMQO']
['WTGUO', 'HNKDE', 'NCDJQ', 'JHGWB', 'XBSXA']
['PVVAV', 'RWZXF', 'KGIPC', 'NSAJQ', 'SYIZZ']
['SGTRH', 'PABIC', 'BTWAZ', 'MRXML', 'ZBJTS']
['FGDHQ', 'UCLPW', 'VFFHE', 'OENWP', 'ZIJNW']
['ENKVR', 'OVYUV', 'SGRXP', 'GLIPE', 'QQXNO']
['OLFRP', 'JAFZN', 'CKHRK', 'QGRPC', 'UGVLA']
['PKHDM', 'GJRAV', 'ZUTJZ', 'AGDTK', 'ERQBP']
['EGIIY', 'GZQDO', 'PSVNQ', 'BJTHH', 'RDCTS']
['IZMEQ', 'VGUGP', 'JOZYK', 'QGGOH', 'WUCQA']
['AXQPJ', 'SHLYA', 'QQUYY', 'RQZPM', 'EWNSH']
['CPJBS', 'PQAHJ', 'OQSOU', 'IRAUO', 'VQDCT']
['GBGAG', 'UBCVC', 'INTFC', 'PKBGA', 'EBLCO']
['DVRRV', 'THQAC', 'IVZGD', 'UJHDY', 'FCWUA']
['QECFT', 'CVNCZ', 'CHIJG', 'MWVBQ', 'BLHOQ']
['HTJHJ', 'ACJRU', 'TTIDN', 'XBTFE', 'JMYIA']
['CIUZU', 'RJIED', 'VBRPO', 'TBZDI', 'MQDQQ']
['XCTJB', 'QIZOX', 'QUECI', 'LIGPC', 'ALXRH']
['EAEIR', 'ABYHN', 'SFQST', 'YWPLR', 'GOXXP']
['TKYGG', 'TNZEA', 'CKFJL', 'ZEPYJ', 'UHYVL']
['SGXHX', 'EHMWV', 'EAITX', 'EHHWX', 'VIPLF']
['KRWXO', 'KHNJL', 'VATRQ', 'BWWYB', 'VTOZN']
['FDGQA', 'BGOJW', 'YJPCO', 'TKJBK', 'UHSWZ']
['TLZCG', 'WDGCR', 'OKPQW', 'NVSYK', 'SRFIJ']
['GVYUW', 'KEMJT', 'MIKDS', 'WWYEF', 'KXUES']
['LNIAF', 'CCNPM', 'QPVND', 'JCOPI', 'IRNCA']
['OZZTI', 'XGNPD', 'GNCHO', 'SIGOM', 'TFGVT']
['LVBGW', 'EOCJX', 'VGCRP', 'MYAVD', 'WGGGP']
['RMJIF', 'OUQMM', 'TUSMK', 'CIBMR', 'CLLNQ']
['GCQTP', 'QGXZJ', 'VSPLU', 'YBAFX', 'ZCVZT']
['XUHAP', 'DCJPL', 'IKHTD', 'SMSHQ', 'RJDRX']
['SVMGK', 'FXUHH', 'DSUJE', 'LSZMU', 'UZKCN']
['NLRBO', 'WPGRW', 'PTRTD', 'FXFUX', 'JQBSO']
['FBWOW', 'OTQON', 'UHOTV', 'DKHZJ', 'OXRDD']
['QAOAR', 'VVCGQ', 'YQSUZ', 'ECNTU', 'ZLQYF']
['BBKUO', 'YORBA', 'YNIQG', 'XIDUV', 'MESKQ']
['LCHJI', 'UFVEC', 'IGQNP', 'KPECP', 'RURLC']
['OSLVS', 'ALMIE', 'RUYNY', 'APXMD', 'SEYUH']
['IGUWL', 'MTCGB', 'RUGKU', 'ZYPEK', 'PLFWC']
['WUTXG', 'SPHAJ', 'RMUXW', 'UQKOV', 'BEIFF']