['377', '117', '272', '171', '487', '400', '78', '132', '0', '195', '375', '368', '223', '376', '38', '378']
['251']
['2', '152', '134', '391', '99', '352', '150', '393', '199', '90', '234', '184']
['200', '103', '111', '102', '215', '416', '7', '425', '197', '121']
['300', '258', '203', '79', '80', '205', '207', '101']
['154', '278', '155', '255', '67', '447', '72', '130', '138', '120', '128', '71', '421', '70', '74', '462', '27', '210', '448', '253']
['6', '56', '106', '109', '4', '256', '485', '213', '219', '279', '454', '406', '5', '327', '107', '455', '453', '451', '452', '257']
['23', '57', '270', '372', '235', '182', '457', '459', '68', '353', '479', '60', '211', '88', '95', '355', '245', '247', '86', '248', '100', '21', '47', '29', '145', '214', '246', '273', '264', '343', '276', '17']
['208']
['59', '156', '147', '308', '309', '316', '429', '51', '157', '175', '306']
['288', '287', '216', '319', '202', '360', '11', '218', '204', '186', '30']
['97']
['12', '330', '112', '338', '267', '464', '312', '230', '244', '434', '110', '481', '76', '119', '408']
['170']
['390', '164', '161', '277', '364', '162', '283', '163', '399', '104']
['15', '65', '115', '48', '66', '265', '43', '465', '13', '217', '131', '133', '463', '139', '484', '458', '367', '354', '81', '83', '84', '467', '356', '46', '313', '394', '436', '160', '405', '280']
['417', '166', '14', '20', '169', '311', '262']
['18']
['26', '22', '118', '423', '227', '339', '318', '225', '418', '468', '424', '212', '414', '419', '275', '328', '266', '412', '261', '420', '466', '410', '344', '296', '488', '297', '3', '366', '332', '292', '158', '478', '359', '105', '40', '310', '263', '36', '190', '298']
['456']
['358']
['153', '221', '320', '243', '329', '135']
['403', '461', '16', '369', '370', '396', '409', '472', '167', '407', '196', '127', '69', '404', '224', '129', '61', '1', '140', '426']
['433', '123', '386', '176', '58', '325', '53', '122', '64', '28', '480']
['324', '192', '62', '449', '180', '9', '44', '191', '55']
['25', '34', '483', '290', '299', '173', '291', '282']
['347', '126', '349', '445', '326', '477', '340', '476', '52', '314', '125', '398', '303', '397', '350', '289', '124', '274', '222', '301', '177']
['392', '92', '443', '206', '37', '415', '413', '269', '342']
['450', '143', '116', '172', '444', '428', '114', '401', '427', '31', '149', '141', '91', '144', '93', '254', '142', '108']
['304', '348', '179', '229', '446', '159', '422', '473', '220', '193', '474', '469', '322', '475', '73', '321', '337', '185', '371', '183']
['181']
['87', '346', '187', '94', '331', '323', '209', '188', '189', '201', '430', '198', '432', '24', '85']
['165']
['50']
['362', '387', '384', '228', '315', '39']
['385', '41', '42', '351', '333', '381', '383', '82']
['334', '136', '148', '236', '286', '336', '33', '357', '486', '438', '268', '174', '237', '260']
['285', '471', '435', '284', '437']
['363']
['335', '89', '238', '239', '389', '281', '380', '402', '10', '19', '63']
['373', '240', '271', '440', '431', '45', '382', '411', '361', '98', '249']
['8', '259', '252', '302', '250']
['379', '374', '242', '442', '35', '32', '441', '307', '137', '305', '241', '168']
['146']
['231', '233', '77', '194', '341', '75', '232']
['96', '482', '489', '295', '345', '395', '439', '388', '54', '294', '151', '226', '470', '293']
['178']
['113']
['317']
['49', '365', '460']