['60', '289', '334', '109', '360', '51', '294', '172', '368', '72', '467', '47', '492', '365', '36']
['44', '151', '255', '207', '340', '275', '457', '174', '341', '309', '5', '411', '423', '244', '279', '232', '307', '34', '118']
['427', '89', '208', '35', '191', '335', '354', '217', '113', '153', '182', '460', '145', '62', '79']
['470', '245', '331', '70', '367', '357', '443', '418', '449', '102', '252']
['193', '148', '338', '90', '50', '99', '311', '154', '30', '410', '82', '372', '37', '268', '224', '1', '288', '142', '385', '110', '431']
['133', '339', '386', '130', '393', '356', '32', '112', '105', '237', '429', '238']
['318', '304', '176', '223', '61', '29', '222', '103', '264', '373', '325', '257', '225', '211', '227', '160', '484']
['171', '437', '128', '184', '196', '68', '135', '391', '64', '108', '134', '243', '490', '55', '84', '361', '179', '48', '432', '317', '15', '33', '28', '364', '18', '49', '13']
['498', '210', '438', '336', '215', '344', '213', '246', '152', '414', '436', '319', '40', '123', '310', '162', '26', '278', '234', '409', '209']
['250', '308', '4', '497', '59', '472', '430', '124', '355', '235', '75', '280', '63', '199', '448', '286', '24', '119', '306', '175']
['115', '417', '8', '358', '326', '42', '493', '320', '473', '87', '200', '165', '6', '27', '19', '474']
['394', '86', '405', '369', '195', '249', '241', '330', '183', '111', '181', '256']
['478', '127', '475', '258', '100', '266', '85', '407', '114', '284', '80', '97', '125', '302', '376']
['441', '425', '177', '296', '81', '141', '347', '387', '378', '351', '440', '287', '265', '43', '392', '12', '71', '73', '131', '487']
['395', '31', '259', '247']
['11', '260', '408', '107', '292', '190', '282', '267', '342', '332', '397', '66', '253', '74', '221', '343', '482']
['291', '220', '132', '194', '491', '316', '348', '477', '261', '23', '77', '274', '189', '337', '400', '272']
['421', '202', '14', '17', '201', '402', '480', '2', '101', '352', '464', '116', '262', '375', '106', '456']
['388', '370', '230', '374', '366', '479', '228', '463', '122', '233', '167', '495', '95', '187', '379', '349']
['277', '3', '444', '144', '93', '198', '156', '419', '346', '273', '83', '9', '415', '298', '216', '312', '149', '451', '303']
['226', '88', '139', '462', '445', '459', '271', '300', '496', '293', '39', '192', '426', '25', '157', '283']
['263', '229', '424', '138', '98', '52', '58', '315', '353', '143', '164', '290', '281', '295', '403', '461']
['450', '248', '324', '205', '136', '38', '0', '458', '10', '468', '362', '239', '231', '439', '168', '323']
['54', '204', '428', '383', '166', '21', '442', '163', '129', '476', '301', '96', '447', '270']
['161', '92', '389', '76', '197', '212', '453', '380', '499', '16', '218', '69', '203']
['276', '399', '186', '322', '455', '251', '406', '20', '452', '390', '404', '188', '329', '314', '94', '333', '53']
['214', '155', '483', '327', '104', '398', '488', '485', '254', '78', '420']
['469', '180', '240', '359', '382', '412', '65', '41', '285', '471', '377', '435', '178', '170', '371']
['466', '206', '147', '384', '297', '269', '120', '299', '401', '242', '150', '494', '422', '67', '46', '169', '489', '481', '363', '396', '321', '159', '350']
['45', '140', '185', '486', '416', '219', '454', '121', '446', '465', '305', '158', '345', '236', '146']
['313', '56', '381', '413', '57', '22', '91', '117', '173', '7', '126', '137', '328', '433', '434']