['aoy']
['ahc']
['adp', 'anr', 'ajl', 'apo', 'abz', 'ajs', 'afc', 'ahg', 'ark', 'ags', 'ajg', 'aha', 'apw', 'asf', 'ajr', 'akm', 'aqd', 'aix', 'aax', 'aln', 'apl', 'acb', 'aoa', 'aii', 'aqj', 'arm', 'agu', 'arx', 'ahe', 'ael', 'acv', 'asv', 'acz', 'apj', 'any', 'aof', 'ajy', 'akg']
['arw']
['ard', 'alu', 'aso', 'aeo']
['aej', 'ajd', 'aqa']
['afs']
['arc']
['ame', 'aho']
['ahy', 'aab', 'alh', 'abd']
['aaj', 'aci', 'age', 'aiz', 'anw', 'agg', 'ars', 'anc', 'aaz', 'api', 'aqv', 'anb', 'amt', 'acp', 'apn', 'adl', 'aqo', 'anu', 'aqy', 'afk', 'akl']
['aal', 'aoj', 'aen', 'aee', 'aju', 'alr', 'aom', 'aqh', 'ahl', 'anm', 'aok', 'afn', 'afi', 'abf', 'abo', 'asr', 'apd']
['aam', 'aei', 'arl', 'amf', 'aoi', 'adg', 'akd', 'abb', 'akz', 'aje', 'alb', 'akt', 'ajk', 'ank', 'asg', 'acq', 'ata', 'ane', 'agn']
['aeh', 'aks', 'acn', 'asw', 'aop', 'anz', 'ajw', 'aar', 'als', 'amx', 'aer', 'aqe', 'adw', 'aoh', 'aeu', 'alj', 'aas', 'akw', 'akp', 'aqn', 'ash', 'ajp', 'arg']
['ara', 'acw', 'abe', 'amg', 'afy', 'alw', 'aey', 'agq', 'ajn', 'adc', 'arh', 'aqq']
['aeb']
['aex']
['aat', 'aml', 'asc', 'afu', 'ate', 'ang', 'amj', 'adb', 'aru', 'aob', 'adz', 'anh']
['aff', 'ads']
['aot', 'act', 'akj', 'aay', 'apf', 'acd', 'abx', 'agf', 'ail', 'acx', 'aiu', 'aqm', 'aod', 'ann', 'asi', 'aec']
['ale', 'abu', 'aaa']
['ary', 'aie', 'aqf', 'agv', 'aol', 'acg', 'aem', 'aed', 'acj', 'afw']
['ape', 'asa', 'agw', 'asz', 'aio', 'apb', 'ahr', 'ali', 'aqg', 'adx', 'all', 'ajo', 'aaq', 'aki', 'arq', 'aef', 'aag', 'aqx', 'ahu', 'aqs', 'aph', 'afl', 'aai']
['alq', 'ahh', 'afx', 'aoo', 'adm', 'and', 'aps', 'afr']
['app']
['asd', 'acy', 'agx', 'aae', 'alo', 'adu', 'ahf', 'amd', 'agb']
['afb', 'ais', 'afo', 'alt', 'air', 'agm']
['asp']
['apk', 'afp', 'aev', 'adr', 'ajb', 'aak', 'aor', 'agt', 'aqz']
['acu', 'akc']
['aez', 'aqt', 'ahb', 'amm']
['atc', 'aaw']
['alp', 'ade', 'abt', 'abn', 'apm', 'aib', 'amw', 'adv', 'asj', 'alz', 'afv', 'aky', 'afq', 'aca', 'aaf', 'agy', 'ada', 'ace']
['abh', 'alv', 'ase', 'adq', 'agk', 'aew', 'aco', 'asl', 'alk', 'apy', 'afd', 'asb', 'aqi', 'apq', 'aiw', 'acr', 'agl', 'alx', 'amv', 'ask', 'abg', 'anl', 'amu', 'aik']
['afe', 'amb', 'abr', 'aip', 'aid', 'aan', 'asx', 'aka', 'aov', 'anq', 'ald']
['aig', 'aif', 'ahd', 'aah', 'aon', 'acl', 'abq', 'agh', 'akf', 'apx', 'agr', 'ajq', 'arz', 'amr']
['apv', 'ady', 'ajc', 'ala', 'agp', 'aqu', 'ass', 'asn', 'arr', 'amh', 'afm', 'abm', 'aou', 'aav', 'amc', 'abs']
['abl', 'adh', 'ami', 'alf', 'aiv', 'aad', 'amz', 'aox', 'aij', 'ahj', 'aih', 'agz', 'apa', 'add', 'aog', 'ahs', 'afa', 'ain', 'are', 'aap', 'ahk', 'agc', 'anx', 'abp', 'adi', 'apu', 'atb', 'amy', 'aic', 'aly', 'aku', 'adk', 'afz', 'akb', 'ano', 'ahm', 'ahq', 'adf']
['arn']
['ast', 'aji', 'aqr', 'aoc', 'akh', 'asu', 'ajh', 'aby', 'arb']
['ahx', 'acf', 'akn', 'aba', 'ait', 'ajv', 'aea', 'anp']
['asq', 'ahp']
['asm', 'ajf', 'ado', 'abc', 'amk', 'ahz']
['afj']
['adn']
['acm']
['ajz', 'amp', 'aoe', 'ani', 'anv', 'alg', 'apt', 'acs', 'ajm', 'apz', 'aoq', 'aos', 'ans', 'aqk', 'aeq', 'aim', 'alc', 'akv', 'ahv', 'aqp', 'abv', 'aeg', 'ant', 'akk']
['alm', 'adt', 'ahi', 'aao', 'abj', 'akr', 'anj', 'adj', 'arf', 'arp', 'ari', 'acc', 'aac', 'aql', 'aek', 'arj', 'anf', 'ack', 'aga', 'ajx', 'amq', 'atf', 'ajj', 'ahn', 'ams', 'apc', 'aqb', 'aia', 'agi', 'aqc', 'amn', 'ake', 'ajt', 'aro', 'abi', 'ach']
['abw', 'aau', 'aiy', 'abk', 'aja', 'akx', 'ako']
['aoz', 'ago', 'apg', 'atd', 'aht', 'aqw', 'aiq', 'asy', 'aep', 'aft', 'agd', 'apr', 'akq', 'ahw', 'aes', 'amo', 'art', 'arv', 'ana', 'agj', 'aow', 'afh', 'aet', 'afg', 'ama']