['46', '109', '176']
['60', '178', '236', '7', '86']
['96', '33', '79', '63', '107']
['3', '207', '188']
['12', '35']
['246']
['66', '124', '140', '117']
['5', '24']
['25', '128', '170', '95', '20', '104']
['9', '171', '182', '114']
['83', '91', '230']
['11', '92', '22', '250']
['69', '0']
['94', '68', '185']
['14', '121', '179', '209', '263']
['89', '8', '27', '134', '168', '266']
['16', '50', '180', '129', '243']
['251']
['99', '108', '152', '136', '75', '259']
['220', '43', '226', '262', '177']
['49', '101', '201', '174', '76', '31', '252']
['77', '183', '206', '45']
['242', '232', '30', '82']
['195']
['113', '267', '247', '190']
['146', '194', '187', '80', '90', '26', '139']
['28', '32', '269', '224', '163', '225']
['258', '58', '23']
['81']
['29', '110', '73', '241']
['149', '70', '15', '62']
['85', '193', '93', '4', '44', '253']
['61', '131', '122']
['10', '17', '78']
['192', '55', '84']
['162']
['64', '256', '255', '200']
['254', '228', '199', '13']
['119', '37', '245', '244']
['54', '189']
['148', '59']
['41', '181', '239', '165']
['42', '123', '116', '227', '39', '105']
['100', '2', '167', '56', '216']
['186', '115', '205']
['211', '198', '248', '145']
['231']
['249', '135', '219']
['48']
['141', '130', '197']
['235', '222', '71']
['132', '175', '202']
['52', '133', '214', '268']
['53', '97', '215', '154', '218', '72']
['172', '36', '155', '265']
['160', '111', '217']
['102']
['120', '237', '34']
['173', '19']
['112', '221']
['127', '203']
['142', '156']
['147', '126', '208']
['1']
['212', '210']
['238', '204']
['257', '143', '21', '40']
['67', '264', '229', '164']
['6', '88', '213', '38', '87', '18']
['260', '74']
['98', '151', '103', '137']
['169', '233', '166', '65']
['261', '196', '234', '153']
['191', '125']
['47']
['144']
['157']
['158', '223', '51']
['159', '240', '138', '184']
['118', '57', '150']
['161', '106']