['154', '19', '107', '220', '116']
['48']
['224', '123', '56', '91', '186']
['198', '237']
['150']
['216', '61', '208', '222', '24']
['69']
['232']
['140', '197']
['171', '244', '235', '7', '187', '184', '13']
['231']
['243']
['168']
['41']
['105']
['203']
['117']
['3']
['83']
['147']
['96']
['80']
['129']
['145']
['95']
['122', '20', '173']
['196']
['191', '34', '4', '92', '68']
['242']
['76', '38', '45', '153', '225', '247', '70', '1']
['179']
['51']
['111']
['236']
['58', '246']
['100']
['75', '86', '211', '155', '87', '229']
['42']
['0']
['40']
['98']
['5']
['175']
['201']
['136']
['158', '223']
['53']
['205']
['161']
['130']
['230']
['172']
['249']
['57', '127', '228']
['213']
['202']
['226']
['62']
['49']
['106']
['181']
['11']
['93']
['233']
['133']
['156']
['67', '8', '192', '43', '165', '115', '78', '189', '190']
['170', '121']
['126']
['9']
['209']
['160']
['149', '64', '219', '234', '94', '125', '215', '50', '10', '248', '200']
['210']
['63', '118']
['114']
['167']
['110']
['132']
['22', '137', '239', '245', '14', '26', '82', '141', '18', '113', '17']
['60']
['177']
['97', '37', '174', '131', '128', '138', '134']
['36']
['193', '108', '157', '241', '33', '112', '176']
['74', '44', '151', '169']
['199', '99', '119']
['25']
['81']
['204']
['142', '52']
['16']
['65']
['72']
['84']
['188', '180', '139', '28', '182', '163', '194', '6', '71', '104', '178', '12']
['195']
['135', '146', '218', '2']
['109']
['27', '23']
['164']
['59']
['185']
['55', '89', '207', '32', '77', '102']
['120', '31']
['90']
['66']
['30']
['73']
['54']
['144']
['238', '39', '47', '85', '162', '159', '101', '21', '212']
['183']
['143']
['46', '217']
['15']
['221']
['88', '79']
['240', '35']
['152']
['148']
['227']
['29']
['214']
['103']
['166', '206', '124']