['68lol', '374lol']
['16lol']
['473lol', '210lol']
['271lol', '180lol', '474lol', '408lol']
['406lol', '50lol']
['170lol', '79lol', '213lol', '207lol', '31lol', '309lol', '65lol', '423lol']
['21lol']
['409lol', '268lol', '488lol', '212lol', '188lol', '41lol', '447lol', '402lol']
['411lol', '350lol']
['220lol', '253lol', '23lol', '259lol', '452lol', '314lol']
['377lol']
['294lol', '311lol']
['349lol', '453lol', '77lol', '391lol', '413lol', '37lol', '27lol', '176lol']
['12lol']
['103lol', '394lol', '231lol']
['443lol', '359lol', '47lol', '450lol', '83lol', '217lol']
['0lol', '224lol', '364lol', '265lol', '223lol', '234lol', '95lol', '179lol', '387lol', '230lol', '337lol']
['92lol']
['328lol']
['444lol', '480lol', '156lol', '252lol', '381lol', '448lol', '26lol', '1lol', '429lol', '87lol', '280lol', '63lol', '100lol', '35lol', '256lol', '227lol', '162lol']
['468lol']
['361lol', '362lol', '209lol', '242lol', '80lol', '407lol', '395lol', '326lol', '479lol', '59lol', '124lol', '81lol', '19lol', '273lol', '342lol']
['333lol']
['40lol']
['134lol', '243lol']
['168lol', '193lol', '36lol', '195lol', '341lol', '386lol']
['325lol', '136lol']
['72lol', '122lol', '390lol', '494lol', '208lol', '130lol']
['155lol', '348lol', '52lol', '338lol', '89lol']
['82lol']
['114lol', '493lol', '441lol', '463lol', '110lol', '293lol', '422lol', '267lol']
['352lol']
['109lol']
['279lol', '371lol', '34lol', '303lol', '148lol', '154lol', '285lol', '9lol', '202lol']
['149lol', '346lol', '158lol', '249lol', '312lol', '434lol', '196lol']
['90lol', '482lol', '368lol', '194lol', '129lol', '32lol', '322lol', '127lol', '117lol']
['306lol', '305lol', '353lol', '410lol', '292lol', '475lol', '439lol', '214lol', '43lol', '433lol']
['250lol', '331lol', '492lol', '392lol']
['118lol']
['198lol']
['388lol', '133lol', '119lol']
['478lol', '51lol']
['424lol', '22lol', '451lol', '283lol', '165lol']
['442lol', '455lol', '284lol', '190lol', '74lol', '499lol']
['245lol', '357lol']
['97lol', '380lol', '404lol']
['360lol', '316lol', '102lol', '496lol', '15lol', '481lol', '355lol']
['465lol']
['62lol']
['30lol', '486lol', '6lol', '298lol', '177lol', '93lol', '313lol', '490lol']
['85lol', '137lol', '125lol', '327lol', '324lol', '14lol', '186lol', '167lol', '131lol', '426lol', '2lol', '99lol']
['464lol']
['10lol']
['263lol']
['431lol', '343lol', '201lol', '54lol', '483lol', '218lol']
['132lol', '332lol', '484lol', '185lol', '398lol', '339lol', '317lol', '151lol', '372lol', '477lol', '222lol', '260lol', '487lol', '183lol', '370lol', '142lol', '418lol', '191lol', '24lol', '467lol']
['373lol', '205lol']
['126lol', '489lol', '178lol', '33lol', '121lol', '459lol']
['3lol', '270lol', '226lol', '318lol', '141lol', '289lol', '307lol', '396lol']
['436lol', '11lol', '476lol', '228lol']
['414lol', '308lol', '297lol', '397lol', '28lol']
['416lol', '138lol']
['184lol', '229lol']
['159lol']
['471lol']
['336lol', '7lol', '143lol', '458lol', '64lol', '278lol', '275lol', '169lol', '266lol', '150lol', '91lol', '73lol', '261lol', '329lol', '53lol', '13lol']
['351lol', '161lol']
['335lol']
['225lol', '393lol', '108lol', '389lol', '135lol', '219lol', '457lol', '340lol', '405lol', '211lol']
['295lol', '454lol', '17lol', '321lol', '105lol', '272lol', '86lol', '497lol', '421lol', '344lol', '435lol', '385lol', '221lol', '495lol', '215lol', '246lol', '287lol', '247lol', '66lol', '120lol']
['376lol']
['139lol']
['438lol', '113lol']
['449lol']
['498lol']
['419lol']
['182lol', '401lol', '76lol', '238lol', '363lol', '116lol', '70lol', '94lol', '330lol', '282lol', '383lol', '157lol', '369lol', '269lol', '46lol', '42lol', '462lol', '166lol', '415lol', '466lol', '104lol']
['163lol', '274lol', '174lol', '140lol']
['446lol', '315lol', '160lol', '254lol', '375lol']
['60lol', '75lol', '262lol', '281lol', '299lol', '203lol', '153lol']
['39lol', '300lol']
['460lol', '192lol']
['472lol', '241lol', '382lol', '427lol', '440lol', '20lol', '248lol', '175lol']
['258lol', '367lol']
['334lol', '25lol', '199lol', '366lol', '71lol', '164lol', '291lol', '181lol']
['55lol']
['67lol']
['48lol', '38lol', '128lol', '152lol', '69lol', '239lol', '172lol', '403lol', '240lol', '288lol']
['323lol']
['244lol']
['204lol']
['98lol', '301lol', '461lol', '264lol']
['384lol', '257lol', '189lol', '319lol', '304lol', '358lol', '232lol', '345lol']
['347lol', '251lol', '8lol', '49lol']
['425lol', '197lol', '290lol', '412lol', '146lol', '123lol', '29lol', '286lol', '147lol', '57lol', '470lol', '296lol', '233lol', '58lol', '255lol', '78lol', '456lol']
['420lol', '101lol', '173lol', '437lol', '84lol', '144lol', '379lol', '356lol', '88lol', '5lol']
['276lol']
['430lol']
['399lol', '96lol', '378lol', '56lol', '145lol']
['277lol', '106lol', '18lol', '445lol']
['400lol', '187lol']
['61lol', '44lol', '200lol', '171lol', '107lol', '428lol', '237lol', '115lol', '302lol', '236lol']
['491lol', '111lol', '417lol', '235lol']
['485lol']
['45lol', '4lol', '469lol', '365lol']
['432lol', '320lol', '354lol', '206lol', '310lol', '112lol', '216lol']