['97', '57', '192', '65', '124', '180', '272', '294', '96', '62', '94', '148', '249', '8', '273']
['171', '71']
['20', '211', '34', '242', '228', '125', '88', '140', '298', '202', '22', '191', '66', '129']
['286']
['278']
['35', '105', '204', '213', '214', '243', '68']
['233', '126', '267', '216', '114', '255', '5', '29', '98', '31', '102', '72', '61']
['101', '13', '291', '122']
['146', '276', '95', '133', '0', '183', '143', '232', '292', '60', '222']
['9', '285', '45', '260', '53', '154', '14', '195', '112', '203', '27']
['254', '70', '32', '85', '48', '90', '151', '230', '201', '284', '107', '38']
['1', '123', '268', '74', '99', '209', '109', '225', '64', '39', '75', '187', '23', '160', '18']
['28', '46', '161', '153', '172', '264', '115', '106']
['81', '231', '217', '169', '179', '163', '26', '175', '261', '275', '194', '282', '80', '42', '83']
['7', '58', '174', '155', '279', '19', '111', '145', '139', '33', '137', '43', '150', '3', '246']
['10', '219']
['16', '240', '40', '221', '166', '67', '229', '226', '12', '238', '76']
['113', '47', '208', '147', '196', '288', '178', '266', '159', '59', '210', '130', '296', '117', '91']
['235', '176', '152', '132', '200', '77', '118', '93', '258', '142', '165', '69', '244', '89', '6']
['51', '49', '108', '37', '198', '50', '11', '280', '188', '136', '164', '103', '197', '256']
['110', '218', '295', '297', '135', '138']
['271', '120']
['170', '270', '144', '293', '156', '290', '168', '223', '220', '287', '25']
['247', '252', '121', '245', '158', '263', '253', '277', '265', '262', '207', '100', '92', '84']
['241', '134', '79', '289', '234', '193', '131', '186', '236', '239', '212']
['56', '44', '190', '55', '30', '274', '167']
['73', '181', '116', '41', '299', '162', '206', '2', '224', '248', '15', '17', '78', '259']
['141', '87', '199', '24', '237', '250', '182', '86', '4', '185', '52', '257', '36', '82', '21']
['227', '177', '184', '157']
['205', '119', '281', '128', '269', '251', '63', '189', '173', '215', '104', '127', '54', '283', '149']