['Brandi', 'Chanda', 'Annabela', 'Ashlie', 'Beatrice', 'Alice', 'Audy', 'Ardene', 'Brandie', 'Annabelle']
['Abra', 'David', 'Caroljean', 'Calida', 'Amy', 'Barbra', 'Athena', 'Alyda']
['Barbey', 'Blanche', 'Ailene', 'Caron', 'Abby', 'Augusta', 'Cami', 'Charin', 'Berni', 'Allegra']
['Carmel', 'Anabelle', 'Catie', 'Ashli', 'Alie', 'Bobbye', 'Carmelita', 'Cesya', 'Angil', 'Alexi']
['Brigida', 'Benita', 'Berri', 'Bobbie', 'Ambur', 'Cele', 'Aile', 'Babbie', 'Amabel']
['Anallese', 'Betty', 'Bryna', 'Athene', 'Brandise', 'Aliza', 'Andrea', 'Catherine', 'Arlie', 'Bobby']
['Andree', 'Berty', 'Annora', 'Charyl', 'Brigid', 'Blancha', 'Analiese', 'Charlot', 'Bride', 'Cammy']
['Adelice', 'Aimil', 'Alysa', 'Brittaney', 'Babs', 'Chiquia', 'Allissa', 'Ardella', 'Alejandra']
['Bethany', 'Adelheid', 'Alix', 'Cherye', 'Annabel', 'Berta', 'Bunny', 'Caren', 'Bellanca', 'Bobette']
['Cherrita', 'Caril', 'Bunni', 'Carlyn', 'Alvira', 'Ariela', 'Bernardina', 'Belva', 'Christel', 'Callida']
['Cariotta', 'Christal', 'Asia', 'Carolyn', 'Belita', 'Bess', 'Arlina', 'Andi', 'Cody', 'Camel']
['Bertine', 'Aeriel', 'Caryl', 'Annamaria', 'Aili', 'Calli', 'Christabella', 'Alayne', 'Bettine']
['Christan', 'Blythe', 'Aaren', 'Casandra', 'Berna', 'Carri', 'Bernete', 'Adorne', 'Alverta', 'Babara']
['Bernadine', 'Alys', 'Beverie', 'Anica', 'Anastassia', 'Bren', 'Catlaina', 'Alisun', 'Bernardine']
['Carina', 'Cassondra', 'Agnola', 'Aurore', 'Antoinette', 'Camella', 'Angel', 'Carrissa', 'Blinnie']
['Catlee', 'Bobinette', 'Amargo', 'Allix', 'Arlene', 'Catharine', 'Bibbie', 'Alissa', 'Carena', 'Carlye']
['Anabal', 'Astrix', 'Brandea', 'Ali', 'Benetta', 'Anatola', 'Catriona', 'Alexandrina', 'Cacilia']
['Carole', 'Chiarra', 'Cheslie', 'Chelsey', 'Cathrine', 'Austina', 'Brandy', 'Aubrette', 'Ara', 'Alikee']
['April', 'Anne', 'Bliss', 'Aurelea', 'Cammi', 'Addi', 'Angelina', 'Bert', 'Caryn', 'Barbaraanne']
['Cal', 'Celestine', 'Ada', 'Billie', 'Caro', 'Penny', 'Carlee', 'Angela', 'Charmion', 'Annelise']
['Binni', 'Ashlen', 'Avis', 'Anthiathia', 'Christyna', 'Bobbee', 'Bamby', 'Betteann', 'Ardra', 'Billy']
['Babbette', 'Anjela', 'Calla', 'Babette', 'Celestyn', 'Cherilyn', 'Babita', 'Alexia', 'Amanda', 'Alicea']
['Candra', 'Adoree', 'Carmine', 'Angie', 'Charleen', 'Anastasia', 'Christye', 'Almeda', 'Arliene']
['Candis', 'Charity', 'Ardeen', 'Bill', 'Bonnee', 'Cassy', 'Andriana', 'Agatha', 'Betti', 'Alanah']
['Barbabra', 'Carolina', 'Agace', 'Anet', 'Casie', 'Annadiane', 'Carlynn', 'Cherise', 'Anni', 'Caralie']
['Aveline', 'Bridgette', 'Brier', 'Aubine', 'Chelsy', 'Bessy', 'Celie', 'Auroora', 'Billi']