['221', '182']
['1', '9', '10', '12']
['185', '184']
['51', '93']
['74', '92', '149', '111', '64']
['95']
['153', '180', '195', '176', '199', '152', '188', '166']
['172']
['227', '208', '210', '167', '230']
['47', '4', '209', '31', '16', '30', '15', '38', '19']
['75', '89']
['247']
['48', '27', '34', '49']
['232']
['76', '72', '65', '68']
['228']
['116', '234']
['14']
['213', '218']
['119', '23', '41', '13', '3']
['82', '146', '58', '85', '118', '109', '134', '115']
['121']
['123', '108', '125', '110', '122']
['142']
['183']
['240', '154']
['101', '102']
['29']
['127', '25']
['112', '129', '239', '145', '138', '105']
['248', '201', '236', '84', '28', '2']
['151']
['32', '17', '5', '40']
['42', '37', '46']
['143', '133']
['86', '73', '235', '225', '229', '59', '216', '231', '61']
['79']
['178', '88', '203']
['87', '194', '159', '161']
['204', '139']
['35']
['104', '144']
['224', '222', '52', '226']
['135', '165', '198', '131', '106']
['44', '45', '24', '147', '0', '8', '33']
['174']
['50']
['11', '22']
['140']
['36']
['26', '120']
['233']
['83', '55', '71', '243', '244']
['217']
['107']
['250']
['56']
['128']
['126']
['103']
['249']
['141', '117', '130']
['223']
['100', '94']
['189']
['148', '137', '206']
['241']
['60']
['80']
['69', '53', '57', '90']
['20', '197']
['171', '175', '169', '99']
['39']
['97']
['113']
['220', '54']
['155', '179', '196', '193']
['7', '18']
['214', '237', '246']
['162']
['242']
['63', '21']
['158']
['6']
['215']
['219']
['96', '70', '77']
['91', '66', '124', '114', '62', '168']
['190']
['78']
['132']
['177', '181', '157', '187', '163', '136', '150', '156', '192', '186']
['191']
['67']
['43']
['98', '205', '160', '173']
['164']
['81']
['202', '212', '207', '238', '211', '170', '200']
['245']