['224', '228', '180', '287', '98', '360', '81', '261', '243', '264', '330', '114', '378', '50', '115', '331', '338', '401', '89', '233', '85']
['318', '209', '392', '51', '147', '158', '39', '290', '278', '359', '249', '344', '312', '272', '99']
['275']
['159', '60', '399', '183', '103', '382', '388', '208', '386', '279', '276', '166', '202', '291', '354', '32']
['34', '64', '160', '271', '154', '82', '214', '195', '119', '31', '80']
['65', '95', '125', '348', '15', '26', '165', '167', '152', '310', '186', '284', '321', '373', '170', '305', '301', '117', '0', '397']
['269', '35', '262']
['222']
['175']
['172', '185', '129', '11', '380', '74', '124', '67', '308', '128', '19', '293', '285', '298', '352', '219']
['206', '377', '100', '49', '63', '207', '210', '131', '311', '329', '320', '314', '86', '391', '340', '351', '270', '216', '17', '323', '138', '416', '2']
['263', '12', '127', '370', '353', '30', '265', '255', '341', '248', '187', '155', '239', '174', '184', '277', '215', '326', '408', '204']
['295', '146', '411', '230', '280', '385', '289', '235', '402']
['43', '260', '211', '163', '193', '130', '143', '283', '171', '396', '349', '52', '69', '251', '201', '104', '234', '237', '190', '20', '303', '97', '250', '226']
['355', '112', '25', '173', '92', '379']
['375', '38']
['6', '53', '162', '196', '335', '256', '78', '18', '188', '1', '164', '343', '37', '141', '273', '44', '118', '203', '418', '109', '3', '364', '288', '71']
['404', '227', '347', '70', '407', '66', '362', '101']
['245', '133', '316', '221', '212', '258', '14', '244', '135', '151', '122', '309', '153', '390', '142', '205', '59', '13', '325', '294', '8', '315', '372']
['414']
['105', '313', '241', '381', '73', '400', '333', '384', '218', '339', '5', '406', '307']
['84']
['22', '254', '96', '395', '197', '324', '409', '292', '181', '77', '412', '232', '223', '45', '48', '21', '345', '342', '83', '281', '107', '383', '36', '87', '367']
['393', '76', '332', '253', '299', '282', '145', '200', '267', '231', '126', '368', '225', '110', '132', '58', '300', '346', '394']
['54', '134', '389', '136', '93', '199']
['149', '371', '75', '61', '46', '410', '398', '116', '229', '55', '47', '111', '242', '182', '113', '236', '189', '137', '72']
['7', '56', '41', '366', '296', '176', '191', '140', '266', '194', '363', '356', '376', '274', '403', '217', '304', '91', '178', '62', '240', '198', '259', '23', '9', '419', '357', '16', '297', '90']
['27', '246', '317', '150', '123', '177', '168', '57', '319', '139', '108', '247', '102', '302', '336', '169', '4', '42']
['28', '413', '417', '148', '220', '157', '387', '268', '306', '328', '358', '156', '327', '238', '415', '40', '322', '257', '33', '179', '365', '374', '361', '144', '68']
['29', '79', '213', '337', '94', '405', '24', '252', '161', '192', '121', '334', '350', '120', '10', '286', '369', '88', '106']