['466', '382', '449', '418', '229', '328', '325', '180', '348', '220', '261', '280', '259', '340', '381', '169', '313', '441', '352', '365']
['2', '42', '19', '258', '417', '141', '181', '108', '221', '339', '152', '199', '249', '341', '208', '421', '18', '174', '393', '422', '107', '198', '276', '4']
['260', '22', '344', '82', '102', '100', '83', '210', '201', '59', '360', '394', '281', '444', '322', '343', '21', '20', '443', '442', '461', '462', '233', '398', '87']
['44', '43', '64', '143', '356', '123', '142', '163', '183', '191', '243', '263', '97', '303', '342', '370', '6', '7', '363', '416', '52', '162', '8', '244', '98', '315', '242', '53']
['60', '145', '104', '144', '184', '465', '1', '25', '324', '368', '146', '464', '279', '103', '323', '133', '410', '90', '308', '240']
['5', '136', '65', '105', '125', '438', '186', '185', '172', '224', '264', '265', '272', '304', '473', '498', '364', '385', '404', '110', '106', '485', '171', '135', '267', '305', '48', '3', '345', '472']
['428', '158', '101', '285', '351', '424', '165', '390', '206', '384', '194', '286', '306', '491', '36', '490', '427', '446', '195', '35', '383', '34', '391']
['402', '27', '283', '250', '225', '127', '168', '188', '62', '335', '247', '361', '26', '307', '277', '109', '268', '89', '84', '23', '85', '440', '353', '284', '405', '439']
['147', '28', '489', '386', '294', '202', '129', '148', '167', '128', '380', '295', '397', '387', '289', '327', '200', '41', '388', '408', '403', '293', '209', '488', '290']
['452', '454', '426', '347', '252', '149', '245', '423', '463', '455', '469', '471', '228', '164', '350', '207', '166', '409', '251', '291', '468', '406', '451', '111']
['9', '432', '0', '70', '116', '130', '401', '170', '310', '10', '270', '318', '337', '309', '269', '301', '450', '470', '205', '319', '359', '196']
['346', '51', '39', '150', '182', '474', '429', '271', '40', '332', '331', '484', '371', '448', '88', '431', '193', '134', '151', '67', '413', '47', '173', '372']
['266', '137', '275', '92', '159', '246', '430', '212', '46', '253', '45', '160', '320', '278', '480', '66', '81', '336', '29', '30', '11', '389', '12', '211', '287', '321', '91', '192']
['13', '433', '235', '24', '94', '138', '203', '213', '453', '50', '214', '419', '392', '412', '434', '420', '68', '95', '14', '190']
['187', '122', '415', '74', '93', '15', '326', '61', '234', '63', '273', '411', '314', '334', '374', '262', '414', '121', '475', '494', '375', '124', '161']
['115', '55', '49', '114', '407', '467', '355', '73', '71', '288', '72', '126', '54', '69', '231', '495', '282']
['16', '366', '367', '76', '96', '329', '156', '176', '216', '236', '256', '373', '32', '177', '227', '197', '248', '349', '436', '456', '476', '496', '437', '86', '226', '120', '113', '215', '75', '330', '369', '31', '395', '112', '302', '99']
['378', '487', '56', '131', '297', '447', '299', '316', '376', '218', '154', '257', '241', '296', '317', '238', '377', '175', '457', '477', '57', '298', '493', '481', '204', '153', '492', '155', '425', '486']
['311', '38', '58', '79', '435', '354', '483', '179', '217', '239', '300', '312', '274', '482', '338', '357', '80', '230', '178', '478', '497', '17', '37', '157']
['255', '77', '222', '78', '33', '358', '139', '445', '458', '396', '219', '237', '333', '460', '140', '189', '379', '399', '232', '459', '479', '499', '117', '118', '132', '362', '223', '292', '400', '119', '254']