['278', '2', '198', '127', '447', '444', '296', '170', '11117', '50', '153', '1118', '99', '59', '78', '56', '130', '107', '6', '31', '30']
['426', '429', '228', '159', '337', '156', '297', '158', '257', '166', '32', '194', '215', '85', '100', '101', '219', '352', '273', '457', '11115']
['236', '47', '113', '239', '365', '442', '446', '271', '33', '449', '220', '141', '120', '231', '40', '275', '63', '270', '330', '235', '339', '161', '388']
['103', '221', '431', '348', '379', '351', '11124', '397', '272', '11116', '420', '11112', '182', '428', '380', '102', '81', '459', '276', '150', '104', '207', '98', '285', '205', '423', '151', '203', '199']
['466', '374', '237', '463', '356', '249', '11127', '224', '142', '248', '390', '143', '251', '354', '216', '247', '326', '66', '424', '401', '67', '163', '281', '26', '160']
['467', '336', '421', '17', '465', '341', '308', '289', '274', '225', '372', '200', '144', '123', '464', '403', '193', '375', '258']
['172', '49', '422', '213', '382', '187', '315', '359', '245', '329', '185', '427', '415', '196', '367', '370', '277', '455', '60', '440']
['438', '29', '398', '430', '65', '316', '373', '264', '227', '147', '165', '305', '92', '87', '335', '290', '86', '93', '1113', '300', '11128', '155']
['456', '34', '418', '73', '74', '10', '265', '7', '355', '238', '417', '180', '72', '462', '400', '358', '350', '253', '244', '286', '11120', '8']
['138', '269', '53', '333', '306', '190', '266', '183', '347', '177', '188', '309', '134', '229', '94', '357', '54', '1115', '71', '129', '331', '261', '232']
['11119', '82', '96', '241', '334', '267', '310', '209', '11113', '95', '437', '55', '91', '404', '18', '412', '46', '139', '173']
['83', '405', '124', '11123', '307', '250', '396', '11118', '268', '121', '378', '136', '349', '125', '61', '393', '135', '343', '51', '439', '119', '381', '369', '317']
['186', '443', '416', '376', '115', '167', '118', '340', '122', '218', '70', '259', '149', '36', '116', '97', '76', '262', '22', '11114', '41', '414', '75', '387', '179']
['39', '176', '11', '377', '189', '325', '230', '283', '184', '84', '282', '178', '338', '287', '117', '452', '58', '181', '37', '299', '1112']
['0', '154', '204', '38', '408', '292', '460', '11110', '42', '11122', '132', '394', '383', '140', '206', '11126', '293', '174']
['11129', '344', '360', '137', '345', '133', '364', '362', '148', '68', '25', '346', '105', '363', '441', '294', '145', '1117']
['450', '435', '4', '314', '368', '328', '208', '321', '319', '222', '399', '1', '157', '106', '451', '11121', '454', '389', '371', '5', '246', '152', '3', '434', '210', '240']
['1111', '169', '252', '342', '226', '302', '255', '43', '234', '44', '168', '197', '1114', '88', '21', '48', '27', '291', '322', '318', '171', '112', '201']
['391', '332', '453', '395', '361', '353', '303', '445', '301', '304', '392', '279', '298', '402', '64', '432', '89', '90', '1119', '14', '433', '175']
['410', '52', '411', '384', '211', '327', '20', '419', '195', '114', '385', '256', '131', '19', '109', '126', '69', '192', '15', '128', '16', '1116', '323', '284', '217', '425', '324']
['409', '24', '366', '23', '311', '288', '108', '458', '110', '320', '35', '111']
['312', '413', '386', '13', '202', '242', '11111', '191', '162', '295', '45', '57', '62', '260', '9', '28', '212', '448']
['164', '313', '223', '243', '254', '280', '263', '233', '214', '80', '77', '461', '11125', '406', '436', '12', '146', '407', '79']