['NOP', 'QIK', 'NUG', 'ZNQ', 'KVY', 'RIX', 'QTQ', 'UKF', 'FTI', 'CCY', 'VYF', 'BDX', 'FMU', 'OFJ', 'QCJ', 'GMF', 'FUR', 'GBL', 'WMY', 'JTZ', 'DMP', 'AWX', 'DYU', 'PCL', 'NDJ']
['NJD', 'EUK', 'BBZ', 'ALL', 'WYK', 'EBA', 'OEN', 'PBP', 'MVB', 'PME', 'IPG', 'XQI', 'TFQ', 'KVD', 'NLS', 'SFK', 'LWH', 'DJA', 'EEA', 'XJW', 'OLD', 'LMU', 'FTE', 'KXZ', 'MJR']
['XPW', 'WGY', 'WKY', 'ABC', 'HBC', 'OZT', 'IDJ', 'TVY', 'PMO', 'TBN', 'GYM', 'XDE', 'QYA', 'RNU', 'IEK', 'TUK', 'UCH', 'YYC', 'SCX', 'QBJ', 'GUQ', 'ARV', 'VTH', 'DTS', 'QJK']
['QTR', 'INO', 'TMD', 'RSG', 'CRF', 'ZFU', 'HXF', 'ALI', 'UZY', 'QLH', 'WCB', 'FXI', 'CEY', 'LUT', 'IKB', 'RYA', 'EDD', 'KDV', 'NGH', 'SUT', 'YTQ', 'JJB', 'DHT', 'TFN', 'KNZ']
['NLI', 'ZJU', 'XRV', 'RNM', 'DTU', 'HCD', 'JZA', 'NGI', 'GUR', 'WER', 'CGD', 'MED', 'HPV', 'DWU', 'EWG', 'MLH', 'NWB', 'VMW', 'KMD', 'CUZ', 'YTR', 'IIT', 'GPL', 'FDS', 'IAM']
['DAT', 'LLX', 'SDH', 'CFJ', 'DMH', 'UEN', 'AQN', 'DTW', 'NXU', 'KJN', 'VFM', 'JHO', 'VXB', 'MUL', 'FWB', 'MAC', 'WZL', 'MSC', 'YWW', 'SCS', 'KAJ', 'UDD', 'YNR', 'UIO', 'EAA']
['QZB', 'JXZ', 'TKB', 'GUT', 'VWR', 'FWA', 'WDF', 'SNW', 'JGS', 'CJB', 'UZU', 'FCJ', 'AJB', 'VMJ', 'XVF', 'UHU', 'ESU', 'BLK', 'FPR', 'GWT', 'YHX', 'PVQ', 'YYU', 'SNS', 'CDZ']
['PAS', 'GUE', 'APD', 'JKL', 'RDG', 'MOH', 'OCI', 'ZQN', 'EPR', 'RJS', 'QMI', 'TBT', 'KMP', 'UGW', 'MIE', 'IKN', 'GGM', 'GSB', 'QAM', 'BCW', 'AMV', 'XXQ', 'OVZ', 'YOA', 'IPK']
['YKF', 'MVS', 'FHI', 'YKR', 'PON', 'YVQ', 'LOQ', 'IQJ', 'MMS', 'QLI', 'MUV', 'ODG', 'WLU', 'ECG', 'RKO', 'WJI', 'CIH', 'XOE', 'JOQ', 'EQX', 'HIG', 'RBJ', 'WWL', 'LZP', 'ACP']
['TDJ', 'AYK', 'RUP', 'RYT', 'XHQ', 'IFU', 'FJH', 'KZQ', 'FOW', 'HMT', 'XCX', 'THJ', 'RSJ', 'SNM', 'WWT', 'HGD', 'PTX', 'SCZ', 'YSM', 'ZKY', 'CAO', 'UMO', 'JUQ', 'RZW', 'KLS']
['UFK', 'CHA', 'NDI', 'EKJ', 'PGE', 'QDB', 'PKK', 'LBW', 'LZE', 'FTL', 'EDP', 'BEQ', 'SGO', 'MIN', 'NXI', 'HJA', 'UNW', 'OHR', 'JVR', 'IKW', 'NSI', 'LHQ', 'EOF', 'TQM', 'OXU']
['YER', 'CGQ', 'SMM', 'XNY', 'BFH', 'HYW', 'HNC', 'ARM', 'DOT', 'EBB', 'ACJ', 'SFJ', 'DAW', 'QIB', 'VRD', 'GGA', 'DZR', 'IIY', 'KLV', 'XEN', 'MNB', 'TFT', 'JDC', 'TSS', 'LGP']
['EZU', 'ZRO', 'POJ', 'VQR', 'GFL', 'ZPA', 'LHD', 'POC', 'WTX', 'HHK', 'XWK', 'NHA', 'ZCY', 'RXD', 'SCK', 'HPH', 'MLN', 'ZCF', 'BTJ', 'JSL', 'UOM', 'CNU', 'YDL', 'TGH', 'AZD']
['ASO', 'UHE', 'VZX', 'WSD', 'PIL', 'SAQ', 'HZF', 'SYQ', 'NPS', 'LXJ', 'DXK', 'XFW', 'YYJ', 'GEF', 'FPT', 'GUN', 'SFD', 'CDW', 'SGT', 'MSE', 'BJR', 'JII', 'QVI', 'ELJ', 'ZBU']
['DFW', 'YSD', 'YSP', 'BZI', 'QNG', 'FSW', 'JMO', 'SRB', 'PAU', 'OII', 'SQS', 'YYG', 'FOD', 'WHJ', 'TVZ', 'JZV', 'KLZ', 'RKH', 'PAX', 'YAR', 'IUE', 'ZFK', 'YUG', 'UKO', 'JMT']
['HQB', 'POR', 'VAC', 'PVS', 'MBZ', 'IPY', 'SUQ', 'BHL', 'DNE', 'RIA', 'YLS', 'PJW', 'PGO', 'VWX', 'QQN', 'JXM', 'NQL', 'BCI', 'IDO', 'SUP', 'IUY', 'FJL', 'WED', 'KLM', 'TMR']
['FXX', 'LZI', 'YEN', 'YKH', 'ITN', 'XIY', 'FWN', 'DRX', 'OON', 'LJA', 'PYK', 'ZGL', 'FXH', 'QTJ', 'HGF', 'CXP', 'TWL', 'QFE', 'FKU', 'PZA', 'MJV', 'ULP', 'FEV', 'ZIT', 'JME']
['LWA', 'ROL', 'SQR', 'WJS', 'CFP', 'AGI', 'SRP', 'GPH', 'CYA', 'LTC', 'AIM', 'ONX', 'GLR', 'XKQ', 'GXJ', 'XVQ', 'MZP', 'BIN', 'JWQ', 'WCD', 'TGW', 'HXZ', 'SFB', 'AYJ', 'FCU']
['ZFO', 'NFI', 'RUR', 'WIF', 'RYE', 'ALG', 'VCY', 'ELO', 'GGP', 'TQB', 'KUO', 'KNO', 'FQC', 'HUN', 'YPX', 'EBY', 'PDU', 'MCI', 'VFV', 'NTW', 'AHE', 'CZB', 'MWQ', 'ZBF', 'NNG']
['HTW', 'CHR', 'WUI', 'IFO', 'BRY', 'JZY', 'YKQ', 'QRE', 'NDB', 'YDT', 'QEP', 'SDF', 'XEO', 'DMN', 'KSW', 'IYH', 'DCZ', 'IYD', 'TLC', 'UTL', 'KEQ', 'IPV', 'MYN', 'AUL', 'MUO']