['052', '130', '216', '296', '282', '043', '276', '198', '436', '307', '445', '471', '435', '434', '429', '442', '425', '046', '033', '448', '034', '042']
['368', '412', '396', '388', '423', '051', '356', '102', '405', '384', '067', '375', '419', '497', '463', '393', '410', '386', '379', '413', '383', '107', '029', '377', '001']
['350', '348', '068', '134', '153', '013', '244', '367', '271', '056', '352', '214', '338', '062', '243', '358', '129', '357', '240', '360', '355', '070', '268', '341', '479']
['025', '075', '259', '237', '157', '262', '201', '354', '245', '267', '490', '323', '053', '231', '211', '261', '229', '389', '257', '074', '476', '381', '100', '072', '398']
['227', '241', '404', '207', '408', '081', '224', '420', '077', '378', '478', '427', '233', '222', '159', '236', '041', '329', '431', '249', '242', '403']
['136', '027', '049', '071', '283', '040', '239', '036', '443', '498', '361', '014', '031', '286', '138', '038', '371', '299', '060', '065', '407', '064', '183']
['096', '326', '302', '008', '265', '260', '318', '418', '308', '270', '057', '314', '380', '079', '391', '301', '251', '143', '387', '125', '250']
['200', '139', '205', '204', '203', '328', '208', '376', '369', '401', '235', '491', '444', '221', '373', '487', '110', '209', '238', '220', '483', '345', '488', '414']
['437', '288', '335', '310', '131', '305', '004', '092', '141', '359', '234']
['400', '185', '333', '447', '303', '315', '339', '010', '440', '284', '337', '426', '177', '047', '000', '366', '255', '317', '290', '449', '146', '144', '127', '017']
['433', '446', '316', '189', '254', '344', '252', '273', '182', '340', '120', '272', '266', '280', '190', '082', '347', '274', '032', '334', '291', '263', '325', '226']
['297', '021', '430', '248', '469', '309', '472', '450', '022', '319', '169', '460', '019', '015', '499', '473', '006', '321', '009', '020', '457', '474', '246', '016', '023']
['180', '174', '166', '188', '210', '196', '202', '164', '496', '069', '063', '097', '332', '073', '422', '441', '191', '213', '018', '156']
['492', '140', '424', '461', '145', '306', '103', '465', '289', '256', '409', '453', '466', '066', '294', '452', '330', '058', '112', '137', '247', '045', '292', '293']
['225', '080', '232', '477', '168', '217', '322', '278', '300', '085', '230', '094', '311', '269', '035', '076', '454', '312', '095', '228', '044', '336', '277', '342']
['451', '186', '133', '287', '176', '199', '195', '026', '126', '050', '132', '455', '281', '194', '149', '197', '279', '285', '275', '298', '295', '007', '181']
['327', '037', '364', '170', '464', '346', '012', '351', '343', '428', '119', '462', '349', '353', '458', '467', '362', '468', '432', '370', '218', '372', '374', '192']
['128', '003', '083', '392', '258', '489', '091', '088', '215', '385', '148', '206', '495', '494', '011', '123', '078', '089', '484', '005', '002', '087', '493', '394', '481']
['320', '363', '059', '106', '086', '121', '124', '115', '122', '108', '113', '397', '105', '109', '084', '365', '480', '090', '416', '399', '054', '111', '098', '093', '313']
['253', '172', '485', '160', '155', '459', '456', '117', '162', '171', '150', '161', '158', '154', '147', '179', '331', '304', '163']
['470', '048', '116', '024', '406', '030', '439', '219', '193', '264', '438', '099', '482', '324', '402', '421', '135', '039', '395', '486', '028']
['411', '118', '475', '178', '175', '184', '152', '165', '212', '114', '390', '104', '417', '151', '101', '382', '142', '173', '415', '055', '187', '223', '167', '061']