['172', '419', '110', '230', '339']
['482', '347', '101', '372', '6', '328', '268', '461', '404', '221', '396', '468', '222', '469', '227', '261', '373', '37', '219']
['481', '190', '23', '283', '424', '84', '173', '151', '107', '431', '270']
['323', '266', '89', '182', '197', '104', '238', '179', '194', '105', '180', '106', '178', '389', '185', '186', '187', '183', '317', '117', '191', '153', '133', '88', '483', '141', '103', '319']
['397', '457', '52', '269', '327', '460', '374', '126', '407', '206', '138', '368', '166', '120', '144', '440', '450', '181', '441', '237', '27', '444', '402', '350', '385', '416', '455', '49']
['167', '456', '320', '215', '302', '236', '214', '192', '170', '146', '449', '129', '162', '369', '298', '165', '114', '198', '157', '13', '116', '207', '174', '420', '24', '53', '476', '428']
['421', '438', '213', '479', '458', '301', '279', '112', '235', '433', '274', '249', '147', '212', '439', '390', '436', '137', '467', '66', '145', '295', '422', '466', '136', '26', '338', '427']
['463', '10', '229', '79', '77', '76', '478', '278', '164', '71', '417', '475', '259', '91', '69', '102', '290', '87', '73', '472', '169', '357', '72', '74', '20', '285', '443', '119', '363', '86', '343', '361', '329']
['240', '415', '128', '387', '188', '332', '189', '272', '403', '401', '346', '15', '257', '4', '413']
['275', '96', '434', '276', '7', '277', '267', '17', '92', '100', '264', '201', '127', '95', '203', '82', '93', '265', '243']
['473', '429', '281', '406', '163', '311', '325', '253', '310', '209', '324', '322', '318', '152', '158', '171', '409', '321', '284', '44', '205', '309', '258', '411', '326', '228', '155', '245', '426', '399', '412', '308', '315', '234', '199', '223', '65', '314', '459', '67', '130']
['196', '271', '351', '377', '362', '28', '31', '208', '256', '142', '39', '98', '303', '280', '32', '217', '247', '282', '41', '241', '355', '299', '446', '260', '263', '452', '29', '365', '36', '297', '204', '425', '122', '40', '442', '313']
['471', '405', '248', '226', '251', '254', '85', '341', '342', '312', '135', '296', '60', '244', '255', '68', '81', '388', '360', '80', '64', '99']
['451', '382', '51', '159', '54', '200', '381', '184', '38', '118', '83', '123', '349', '75', '395', '57', '59', '121', '177', '143', '63', '453', '246', '160', '316', '430']
['447', '168', '380', '273', '9', '379', '12', '14', '11', '61', '139', '16']
['224', '359', '21', '291', '292', '354', '293', '348', '358', '56', '371', '294', '288', '364', '233', '62', '356', '131', '30']
['445', '423', '35', '335', '336', '345', '225', '45', '232', '474', '42', '330', '231', '48', '154', '448', '250', '331', '43', '352', '304', '58']
['307', '378', '394', '353', '334', '132', '306', '134', '90', '148', '391', '337', '392', '454', '156', '376', '94', '340', '78']
['465', '108', '97', '333', '193', '125', '393', '216', '161', '113', '470', '124', '239', '262', '370', '2', '218', '344', '211', '220', '111', '408', '242', '400', '480']
['3', '398', '19', '414', '462', '140', '55', '33', '386', '410', '477', '252', '437', '305', '149']
['300', '210', '5', '375', '25', '435', '418', '70', '1', '109', '34', '383', '50', '22', '195', '47', '432', '464', '176']
['287', '202', '18', '46', '286', '366', '150', '115', '0', '175', '8', '384', '289', '367']