['261', '398', '18', '77', '108', '150']
['114', '47', '30', '324', '477', '154', '435']
['355', '155', '473', '106', '126', '470']
['223', '214', '7', '131', '478']
['226', '183', '391']
['269', '347', '252', '62']
['454', '292', '343', '432']
['27', '177', '480', '368', '92']
['356', '205', '139', '75', '8', '451', '483', '402']
['409', '100', '456']
['387', '302', '191', '2', '460']
['490', '224', '225', '331', '298', '469', '442']
['4', '231', '227', '175']
['438', '80', '406', '1', '310', '52']
['254', '303', '147', '315', '407']
['170', '113', '169', '428', '330']
['267', '462', '123', '158']
['472', '199', '180', '162', '443', '172', '426', '66']
['16', '118', '251', '90']
['312', '253', '481', '102']
['197', '337', '32', '148']
['124', '485', '127', '46', '64']
['275', '211']
['137', '240', '419', '229', '396']
['282', '239', '132', '34', '241', '55']
['88', '53', '156', '495', '28', '35', '248', '117']
['450', '164', '73', '208', '194', '242']
['400', '105', '104', '350']
['482', '65', '414', '280']
['112', '360', '479', '6']
['174', '283', '67', '22', '70', '130']
['259', '388', '295', '12', '166', '171', '425']
['217', '382', '361', '94', '441']
['48', '60', '390', '370']
['265', '82', '488', '389', '238', '338', '286']
['213', '381', '232']
['299', '135', '244', '464', '313']
['484', '342', '411', '430', '185', '413', '264', '69']
['85', '403', '142', '144']
['474', '489', '444']
['39', '84', '423', '448']
['305', '11', '431', '36', '184', '416']
['87', '149', '335', '207']
['311', '326']
['245', '40', '349']
['339', '152', '399', '420', '29']
['418', '439', '218', '122', '161', '393', '273']
['195', '198', '466', '204']
['494', '270', '320', '41', '332', '13']
['71', '179', '395', '351', '297']
['95', '447', '25', '384', '357', '301']
['433', '96', '424', '496', '327']
['72', '129', '497', '247']
['296', '329', '307', '436', '50']
['178', '215', '293', '37', '401', '43']
['26', '187', '493', '346', '51', '42']
['415', '499', '20', '392', '210']
['279', '491', '452', '157', '250', '317']
['58', '111', '120', '63', '289', '345', '366', '344']
['467', '446', '233']
['146', '128', '300', '192']
['427', '487', '367', '17']
['476', '405', '99', '54']
['14', '376', '133']
['358', '287', '321', '455', '160', '15']
['359', '209', '107', '341', '364', '45']
['445', '103', '266', '272', '348']
['440', '202', '256', '385', '372', '33']
['143', '119']
['5', '181', '486', '278']
['56', '200', '49', '375', '255', '410', '9']
['74', '362', '68', '138', '271', '304']
['221', '38', '116', '173', '319', '309', '378', '461']
['288', '459', '134', '151', '353', '457', '230']
['136', '228', '374', '498']
['101', '373', '263', '190']
['196', '306', '453']
['0', '291', '468', '463', '371']
['323', '318', '284', '458', '186', '449']
['333', '167', '141', '262']
['78', '383', '234', '377', '334', '89']
['219', '159', '394', '322', '328', '429']
['189', '109', '235', '176', '220', '237']
['258', '93', '23', '91']
['153', '475', '340', '125', '246']
['201', '281', '434', '290', '57', '98', '404']
['276', '397', '145', '140', '24', '83', '61']
['182', '3', '352', '492', '222', '422', '465', '408', '417']
['97']
['236', '76', '21', '203', '168']
['193', '81', '115', '380', '471', '325']
['206', '121', '260']
['379', '277', '365', '316']
['421', '386', '165', '188']
['268', '19', '249', '110', '59', '354']
['86', '44', '336', '257', '212']
['216', '10', '163', '79', '412', '243']
['437', '369', '274', '31', '363']
['308', '294', '285', '314']