['418', '97', '79', '461', '470', '10', '18', '375', '13', '443', '280', '29', '127', '123']
['1', '338', '174', '173', '410', '329', '151', '77', '163', '368', '293', '401', '343', '395', '347', '385', '197', '279', '109', '451', '110', '346', '19', '309', '187', '48', '428', '40', '69']
['367', '87', '363', '337', '477', '353', '140', '80', '480', '207', '365', '489', '152']
['131', '236', '497', '314', '366', '399', '95', '142', '376', '214', '26', '96', '464', '301', '283', '209', '126', '49', '134']
['74', '259', '498', '154', '268', '185', '50', '76', '56', '129', '335', '492']
['5', '30', '457', '133', '105', '393', '233', '12', '9', '274', '146', '89', '406', '298', '380', '405', '71', '455', '170', '53', '159', '204', '313', '483', '135', '414', '308', '132', '153', '112']
['82', '373', '36', '304', '156', '326', '434', '177', '262', '310', '72', '377', '370', '243', '472', '232']
['115', '499', '359']
['471', '33', '108', '158', '183', '208', '155', '390', '384', '430', '438', '202', '291', '25', '447', '143', '302', '189', '333', '149', '411', '203', '100', '425', '306', '206', '396', '257', '490', '254']
['205', '190', '59', '45', '404', '422', '246', '234', '284', '319', '332', '354', '251', '241', '350', '231', '195', '474', '73', '318', '487', '111', '269', '465', '357', '452']
['124', '2', '28', '466', '14', '360', '432', '267', '75', '104', '94', '168', '495', '103', '102', '488', '43', '20', '355', '473']
['181', '423', '136', '211', '345', '21', '147', '64', '450', '454', '165', '287', '145', '328', '334', '86', '98', '227', '179', '3', '101']
['55', '122', '467', '212', '219', '125', '485', '324', '265', '90', '340', '305']
['51', '178', '88', '113', '409', '349', '188', '213', '364', '288', '417', '138', '388', '413', '441', '144', '258', '387', '431', '186', '275', '321', '344', '475', '252', '225', '426', '37', '242', '81']
['68', '54']
['120', '117', '27', '445', '339', '32', '34', '336', '290', '193', '270', '351', '381', '239', '440', '235', '436', '446', '118', '6', '184', '60', '459', '62', '437', '458', '167', '330', '182', '278']
['16', '41', '141', '116', '11', '83', '191', '216', '323', '296', '316', '341', '412', '391', '416', '463', '84', '312', '299', '245', '460', '238', '160', '496', '453', '23', '215', '444', '397', '382']
['285', '176', '289', '256', '192', '469', '253', '276', '172', '322']
['481']
['35', '44', '327', '342', '247', '196', '194', '317', '325', '294', '66', '415', '157', '494', '286', '128', '386', '4', '282', '315', '448', '358', '362', '92', '273', '493', '91', '392', '15', '228']
['137', '70', '217', '162', '264', '63', '220', '164', '383', '85', '420', '263', '65', '442', '400', '297', '244', '486', '24', '266', '476', '7', '61', '139', '371', '479', '130', '419', '161', '295']
['46', '361', '421', '22', '255', '307', '8', '221', '237', '292', '352', '39', '468', '169', '482', '201', '462', '42', '210', '491', '408', '240', '119', '429', '435', '226', '402', '121', '300', '58']
['478', '281', '379', '372', '93', '17']
['229', '403', '222', '148', '407', '198', '223', '248', '331', '107', '78', '348', '57', '398', '47', '439', '150', '374', '277', '389', '427', '394', '369', '114', '218', '303', '433', '166', '200', '175']
['261', '272', '99', '106', '271', '38', '199', '224', '249', '250', '320', '378', '424', '449', '171', '484', '0', '311', '356', '52', '260', '180', '456', '230', '67', '31']