['261', '248', '148', '222', '158', '370']
['62', '377', '116', '455', '371', '459']
['2', '0', '150', '224', '227', '12', '226']
['300', '77', '388', '83', '299', '373', '78', '81']
['16', '19', '446', '50', '374', '100', '14']
['5', '96', '153', '334', '320', '124', '110', '89', '47', '75', '425', '474', '145', '117', '61', '383', '33']
['191', '154', '157', '270', '468', '64', '160']
['435', '155', '229', '303', '355']
['342', '82', '336', '338', '452']
['9', '237', '244', '301', '305', '306', '453']
['10', '84', '216', '8', '86', '380', '207', '88']
['11', '85', '98', '7', '307', '31', '104']
['372', '470', '234', '1', '141', '456', '344', '295', '288', '358', '463', '302', '442', '449', '337', '190', '428', '365', '414', '393']
['263', '458', '169', '309', '457']
['162', '109', '384', '161']
['386', '40', '163', '389', '311', '385', '292']
['391', '240', '164', '238', '312', '51', '241']
['17', '44', '165', '239', '313', '180', '461', '308', '310']
['92', '166', '376', '314', '151', '253']
['93', '167', '460', '315', '318', '321']
['20', '197', '196', '242', '316', '390', '174', '202']
['21', '95', '65', '30', '317', '66', '63', '23', '69']
['243', '419', '170', '341', '106', '168', '171']
['97', '255', '319', '467']
['266', '159', '172', '246', '181', '177', '90', '175', '268']
['407', '99', '173', '247', '395', '6']
['26', '445', '290', '396', '360']
['27', '245', '250', '249', '394', '397', '392']
['259', '378', '478', '260', '447', '398', '265', '379']
['405', '103', '323', '251', '401', '399', '473', '325']
['322', '178', '328', '326', '400']
['152', '415', '179', '495', '327', '496', '277']
['32', '387', '254', '252', '257', '28', '256']
['29', '403', '477']
['183', '182', '330', '186', '176', '329']
['35', '236', '34', '332', '39', '231', '37']
['36', '184', '258', '476', '480']
['479', '433', '333', '25', '481']
['38', '112', '284', '188', '115', '408', '482', '406', '114', '410', '118']
['113', '187', '76', '335', '409']
['324', '43', '484', '228', '156', '235', '483', '487']
['41', '195', '189', '13', '411', '485', '193']
['42', '289', '488', '264', '230', '412', '48']
['469', '472', '206', '471']
['91', '451', '192', '24', '3', '94', '402', '276', '339', '87', '304', '185', '486', '381', '73', '80', '430']
['45', '59', '267', '111', '105', '489', '107', '108']
['46', '120', '194', '119', '101', '123', '490', '491']
['121', '283', '269', '198', '280']
['122', '143', '492']
['49', '416', '271', '345', '54', '493']
['102', '18', '343', '272', '346', '420', '494', '423', '422']
['465', '125', '199', '132', '347', '462', '464']
['52', '126', '200', '130', '348', '287', '293', '131', '128']
['53', '127', '72', '275', '273']
['79', '424']
['55', '58', '203', '475', '375', '205']
['56', '274', '204', '232', '352', '426', '60', '57']
['350', '431', '432', '353', '427', '429']
['209', '413', '417', '281', '349', '418']
['149', '450', '454', '354', '147', '225', '448']
['134', '208', '282']
['135', '359', '362', '357', '443']
['356', '136', '210', '215', '437', '434']
['15', '137', '211', '285', '129', '262']
['133', '138', '212', '286', '22', '279']
['139', '213', '361']
['4', '214', '331', '298', '436']
['67', '382', '404', '363', '421']
['68', '233', '368', '278', '364', '438', '369', '366']
['466', '340', '291', '439']
['70', '144', '71', '140', '440', '142', '74']
['218', '351', '219', '367', '441', '444']
['201', '146', '220', '294', '296', '297']
['223', '221', '217']