['37', '85', '391', '126']
['214', '477', '151', '430', '394', '436', '87', '188', '412', '351']
['2', '52', '411', '272', '240', '402', '55', '237', '84', '28', '348', '359', '489']
['153', '243', '48', '167', '498', '321']
['325', '120', '187', '17', '56', '102', '310', '134']
['389', '452', '392', '255', '460', '44', '415', '281']
['40', '29', '496', '206', '370', '381', '450']
['7', '305', '317', '257', '307', '198', '5', '457', '390', '438', '152', '90', '203', '407', '127', '100', '289']
['3', '108', '448']
['239', '59', '474', '78', '209', '259', '80', '459', '146', '268', '368', '235', '0', '115', '428', '365', '302', '215']
['349', '110', '16', '138', '360', '249', '202']
['148', '161', '338', '311', '361', '45', '409', '86', '173']
['267', '162', '241', '353', '446', '441', '158']
['179', '276', '163', '213', '369', '363', '463', '121', '342', '316', '205', '377']
['14', '222', '352', '458', '22', '231', '57', '384', '4', '76', '54', '194', '266', '186', '357']
['77', '65', '217', '396', '238', '234', '34', '251', '20', '465', '247', '355', '248', '299']
['344', '116', '166', '216', '219', '416', '13', '9', '61', '199', '269', '81', '347']
['98', '119', '18', '314', '200', '367', '475', '362', '38', '175', '208']
['15', '168', '144', '468', '323']
['69', '95', '169', '427', '469', '236', '327', '494']
['136', '70', '170', '320', '141', '471']
['21', '71', '221', '271', '68', '466', '421', '470', '262', '159', '147', '261', '418', '306']
['182', '122', '278', '252', '322', '372', '422', '472', '354', '114', '401', '400', '410', '245']
['150', '223', '273', '346', '481', '423', '473', '467', '331', '456', '35']
['181', '124', '184', '274', '451', '109', '277', '103', '244', '293', '201', '60', '440']
['25', '125', '172', '53', '374', '63', '145', '328', '46']
['26', '429', '183', '204', '417', '406', '435']
['27', '356', '229', '51']
['487', '398', '128', '178', '228', '358', '478', '414', '275', '420', '364', '285', '445', '211']
['42', '376', '304', '479', '373', '180', '280', '258']
['30', '447', '330', '380', '399', '123']
['480', '431']
['171', '393', '444', '491', '232', '189', '382', '432', '482', '142', '140', '212']
['133', '176', '233', '250', '333', '433', '295', '488', '490', '207', '75', '88']
['315', '230', '292', '284', '334', '66', '425', '337', '308', '1', '329']
['408', '135', '218', '335', '8', '224', '497', '303', '426', '67', '279']
['36', '404', '6', '253', '286', '336', '93', '177', '157', '318', '130', '131', '105', '19', '484', '101', '442', '79', '73']
['137', '287', '449', '492', '437', '350', '312']
['486', '288', '97']
['39', '89', '106', '260', '439', '379', '227', '155', '112', '118', '309', '160']
['263', '190', '62', '242', '149', '383', '270', '313', '132']
['91', '375', '47', '485', '454', '434']
['92', '192', '343', '386', '113', '453', '41', '154']
['43', '220', '264', '193', '476', '111', '82', '443', '493', '129', '72', '290', '174', '210', '387', '49', '388', '324']
['23', '94', '462', '83', '294', '96', '301', '117', '24', '340', '495', '282', '226', '319', '378', '197', '164', '191']
['464', '371', '332', '195', '104', '298', '403', '405', '326', '254', '455']
['256', '196', '246', '296', '12', '165', '424', '156', '419', '265', '185', '339', '58', '366', '31', '50']
['483', '297', '291', '64', '341', '139']
['11', '10', '461', '345', '413', '33']
['99', '397', '143', '107', '300', '283', '225', '499', '395', '32', '74', '385']