['183', '186', '224', '107', '150', '56', '302', '153', '253', '94', '116', '115']
['24', '18', '8', '33', '288', '144', '231', '254', '148', '226', '221', '262', '295', '172', '6', '26']
['100', '300', '156', '232', '211', '303', '255', '61', '120', '261', '163']
['187', '122', '202', '216', '128', '279', '274', '266', '48', '63', '269', '31', '260', '209']
['109', '42', '53', '95', '75', '305', '9', '25', '126', '277', '38', '198', '151', '304', '296']
['14', '158', '97', '149', '99', '135', '227', '291', '222', '58', '299', '130', '308', '65', '155', '286', '49', '280']
['220', '91', '272', '215', '167', '275', '228', '259', '258', '235', '43', '168', '270', '52', '138', '240', '267', '179']
['104', '213', '145', '32', '169', '313', '41', '90', '293', '223', '181', '174', '102', '67', '214', '69']
['195', '30', '287', '239', '178', '248', '175', '271', '180', '3', '188', '212', '110', '189', '112', '245', '16', '76']
['55', '101', '89', '170', '176', '19', '132', '10', '230', '312', '28', '131', '11', '125', '301', '36']
['311', '79', '21', '7', '62', '98', '297', '146', '282', '233', '136', '219', '46', '105', '1', '201', '64']
['208', '34', '134', '60', '184', '194', '290', '87', '88', '83', '306', '142', '103']
['12', '35', '196', '265', '157', '309', '273', '72', '80', '141', '310', '4', '124', '57', '294', '137']
['40']
['193', '2', '106', '127', '45', '118', '256', '166', '81', '119', '281', '210', '197', '229', '54', '123', '203']
['206', '13', '140', '298', '276', '70', '50', '289', '114', '20', '59', '283', '143', '68', '252', '247']
['192', '92', '249', '257', '177', '85', '217', '121', '27', '250', '225', '237', '71', '96', '22', '307', '284', '44']
['292']
['246', '278', '5', '82', '164', '171', '285', '117', '263', '139', '111', '234', '173', '147', '190', '159', '185', '152']
['47', '51']
['73', '17', '268', '77', '129', '133', '238', '74', '161', '200', '0', '218', '84', '162']
['160', '182', '251', '207', '66', '199', '204', '39', '78']
['37', '29', '23', '191', '15', '165', '113', '242', '154', '93', '264', '243', '241', '108', '205', '86', '244', '236']