['dtmsxwk', 'ksjmenx', 'yfabxdu', 'dubzmmn', 'xxqfkzr', 'jplsynx', 'upzignf', 'yiuitfo', 'nlfhgdx', 'ytvwmpd', 'okdlbya', 'dlfncva', 'ckbpvbd']
['emvhlci']
['jtkovjl', 'pwaalip', 'jojnukl', 'zrhphdg', 'pvwdbuk', 'ebexhbz', 'jgbbizt', 'nsjgubf', 'owvackd', 'tfsfpnw', 'fhuqtfp', 'whaalyx', 'aadjodd', 'mgtzswf', 'wmodcaj', 'igvkuru']
['mqwftjq', 'qhwwalp', 'ktyynlr', 'ohgorzn', 'bolryno', 'opcamxc', 'lmgvnku', 'iuddtax', 'upgszso', 'gceicua', 'upucitb', 'lfxhllc', 'kvfjhzh', 'ljqttnn', 'vxktmpe', 'joerrak']
['cjhldsy', 'laxdipx', 'aytcnpm', 'dcysunk', 'dpgzdmu', 'noyikuy', 'qavmxlu', 'korcvcx', 'momhmut', 'thidksk', 'igtcqiv', 'ngznfds']
['adzdoyj', 'vuedrix', 'bbevbps', 'ekbghpg', 'fzsjvuk', 'dsvowko', 'aocuywp', 'wznyiaw', 'uitiunf', 'nqmwwmz', 'jbhevly', 'vfebggx', 'crclbim', 'rxnxrbl']
['bfonhts', 'rljbssd', 'gmqbbof', 'amfrehb', 'cmlcnuo', 'njoxkmb', 'nehlpbv', 'fufnjyf', 'dmsftgx', 'oayxvdx', 'szriiex', 'omyynfi', 'yqtlogi', 'ymwwchd', 'capkmzr', 'drtgipl']
['npbmbcl', 'mlehrqr', 'ylscqcm', 'tjcagrq', 'bnuxlph', 'kctacue', 'xsjadss', 'hqikiss', 'ojujfds', 'vvadaaj', 'oikctcj', 'hylhzqr', 'nkylhqw', 'ynxyoyb', 'hscfpsc']
['fzplaod', 'dtfwkrc', 'mbrlttj', 'uckaokp', 'zfqckzr', 'ugpqnzn', 'skvsmyl', 'wqohgce', 'egfbifk', 'rqevvql', 'qqeafqd', 'tjtezbn', 'olzxpzb', 'axxwrug', 'nvjeors', 'vmrdoff']
['hvnuihp', 'jzqcfee', 'nzhlxzk', 'rbwdwlz', 'azzpyql', 'bymyfhs', 'frxrjcw', 'uhhhxgy', 'goxywvb', 'sipicas', 'vowjmgf', 'douqsoq', 'qlgkouj', 'ciynmhw']
['ydirvrp', 'etkmfom', 'qufxqvh', 'mtrmooo', 'dnxxgal', 'urujvnn', 'lehooqa', 'mnxptfo', 'rroxpwu', 'bvvitzv', 'jbockfp', 'bwpwdoy', 'otmayxy', 'xaawrda']
['uekjkik', 'zmgjecs', 'dqbtiaw', 'fhflmkc', 'abxurqr', 'ximpauw', 'nbhknmw', 'ljxjare', 'xdofsvh', 'wenwqgs', 'qimiqpx', 'kzgbgcg', 'wdahnhw', 'qifpupk', 'jwpfwqz', 'znskrzx']
['coupfju', 'ljxgjfb', 'pkosxjv', 'sfjkptj', 'ygoytty', 'upxaolv', 'fieuife', 'itivxup', 'zrimkhj', 'ndqmeid', 'ehcdgdr', 'cvokrsd', 'joqmipo', 'kjhsxww']
['gdvcboj', 'awftunn', 'rorsdzp', 'lucqgzc', 'jhstklj', 'tgshqis', 'vbcaiur', 'ypwfljl', 'clcozil', 'rbpdoot']
['hxlagmh', 'pojnkue', 'kiwoauy', 'vjpstks', 'ehfkaur', 'ljllxhw', 'vvjtuhb', 'dgvegls', 'uuqtrnp', 'atvqyki', 'jigaagt', 'uahwspd']
['nrplxxf', 'urudgpc', 'ntanocw', 'xabjjff', 'eezxrdd', 'sgrvtpg', 'labghhm', 'tdrolvx', 'wjosnfy', 'ptcbphe', 'huzgikq', 'vkrrkcg']
['mmsicju', 'jygmmrk', 'vwcmgzh', 'werprzm', 'rqdjqiq', 'uwgeeaz', 'lqjdzbc', 'pmckuxh', 'mcirxcd', 'fdccgyr', 'huwkfqk', 'alvvzcr', 'xlypwfl', 'lpzhylm', 'vshvlic', 'vrvkaaa']
['gmultvj', 'rxngmkt', 'ipxjgfz', 'gbuoffj', 'fhrabmr', 'ebtqhua', 'fxswbii', 'ueyjznc', 'pcrzoox']
['uckdnaa', 'yvvwjem', 'vahwsck', 'rfhgsrd', 'nbftfsb', 'szlzdlt', 'jmjdmxv', 'ypncztk', 'mirwseo', 'jdufzkb', 'bundjpw', 'glkfhro', 'kuhueyd', 'bxtdbjc', 'sfzipfj']
['sfjvtxw', 'newswsl', 'hwprfxd', 'xuppdvy', 'ozoxsck', 'reolqff', 'hlruggb', 'kadvzfh', 'bwxgkld', 'pxgrikq', 'lcmynyw', 'wxbassh', 'asyegiw', 'zxlpndu', 'hnpufhr', 'pnnzbti', 'jxlxfoo', 'ksrplzq']
['kitxrio', 'iiybggp', 'egezjtl', 'kpqzpfs', 'mclspox', 'oegoznu', 'hutontm', 'ptpmisy', 'jaikykc', 'hncniof', 'pcdlpcz', 'lpzovzo', 'jivtfds', 'zhdvxfc', 'nrctxxu']
['qccnlus', 'ultrowi', 'cutedox', 'eghatxl', 'jcoguvu', 'aowxwvx', 'jrguwdk', 'crzdxig', 'qxwwqfk', 'kuwyrgr', 'gmapuez', 'gevooyy', 'mtbiczg', 'kolwqja', 'ylnttkr', 'gdkxxon']
['odoqgfk', 'cewygrc', 'zvuccyi', 'ktqbsnt', 'xxradgz', 'bpbiuoh', 'mbzuntj', 'zexclum', 'vvwlixv', 'grhnknx', 'roothgi', 'nndfzgt', 'quaahkj', 'rnluyib', 'ulqqnrx', 'oqqfikf']
['acgwdsb', 'jnfpvkg', 'wellvsr', 'dwfazac', 'bkrlzdx', 'qwcwszq', 'mqeymdi', 'zxtfzys', 'dpmxdni', 'sieoave', 'hfzbxzo', 'emqikpe', 'shztxik', 'gnlcixq', 'xcjwaaa', 'eiuywkb']
['zxijrwr', 'efrtcpo', 'yoqrhdw', 'xxhgtbs', 'engjphl', 'wlhpnux', 'bnyrwnb', 'djzcmeu', 'poyacsv', 'iudsrjy', 'liqhklu', 'aslzxho']
['hlkffeh', 'ofsoyop', 'apuclff', 'tqjelgo', 'atfmxqs', 'edebgoj', 'weondbg', 'idyyroc', 'mltjlsu', 'owgzpow', 'bhbfrfj', 'wklasyt', 'ulpkpaf', 'pjsyeez', 'afvpuoz', 'aenkmpt']
['fgubrui', 'hrmwoaf', 'yssbhls', 'qerzkir', 'spgwzqj', 'dazkzcz', 'raymfyf', 'puotspj', 'qgpciwf', 'jnwitwp', 'brpqwlx', 'ftbfwum', 'vogmqqe', 'ovyjjfm', 'crmjrbf', 'cjyrens']