['354', '22', '27', '126', '482', '132', '139', '176', '220', '400', '392', '151', '174', '395', '279', '76', '161', '394', '486', '20', '333', '87', '350', '185', '65', '55', '13', '71', '116']
['1', '446', '487', '93', '290', '478', '287', '445', '463', '485', '134', '124', '181', '149', '42', '136', '157', '38']
['200', '314', '169', '142', '152', '353', '108', '166', '349', '110']
['44', '69', '113', '135', '274', '267', '140', '396', '483', '194', '206', '363', '347', '150', '146', '285', '8']
['12', '105', '68', '284', '398', '331', '123', '67', '213', '494', '476', '356', '479', '209', '293', '466', '63', '265', '492', '29', '271', '475', '195', '495', '240', '244', '488', '45', '48']
['298', '324', '102', '155', '406', '159', '203', '225', '168', '269', '291', '196', '335', '357', '360', '401', '202', '66', '389', '328', '89', '56', '437', '441', '90', '397', '277']
['278', '160', '182', '121', '455', '248', '338', '292', '266', '380', '452', '491', '497', '454', '489', '246', '257', '272', '184', '226', '179']
['36', '73', '362', '183', '415', '422', '11', '425', '420', '115', '171', '167', '85', '443', '131', '276']
['472', '30', '264', '189', '234', '289', '247', '228', '250', '120', '237', '270', '130', '404', '448', '470', '33', '431', '444', '186', '219', '432', '260', '222', '241', '119', '6', '428', '255', '262', '239']
['31', '218', '75', '141', '77', '15', '229', '165', '295', '317', '427', '498', '21', '493', '280', '436', '435', '154', '32', '177', '158', '490']
['138', '358', '98', '439', '364', '252', '308', '340', '304', '341', '412', '332', '88', '95', '484', '419', '251', '49', '375', '9', '303', '477', '137', '188', '94', '393', '178', '309']
['18', '204', '288', '372', '460', '456', '297', '208', '459', '429', '451', '107', '450', '453', '86', '78', '216', '434', '281', '312', '402', '301', '91', '430']
['34', '306', '378', '275', '144', '210', '254', '5', '263', '342', '386', '403', '361', '344', '17', '405', '376', '366', '348', '383', '442', '387', '207', '215', '249', '83', '147', '187', '60', '51', '464', '164', '97']
['145', '282', '321', '2', '319', '0', '214', '311', '268']
['14', '24', '80', '352', '447', '379', '256', '28', '61', '346', '52', '7', '336', '471', '449', '399', '473', '474', '117', '175', '129', '192', '180', '199', '162', '104', '109', '391', '133']
['190', '37', '59', '46', '103', '327', '143', '191', '82', '235', '54', '374', '323', '345', '367', '411', '407', '242', '205', '233', '197', '172', '343', '198', '417', '410', '101', '58', '112', '337', '408', '231', '423', '499', '409', '25', '469', '223', '230', '416']
['467', '221', '245', '480', '258', '100', '302', '368', '390', '148', '10', '19', '300', '359', '156', '355', '468', '47', '462', '50', '122']
['39', '461', '286', '294', '259', '369', '457', '458']
['388', '84', '106', '339', '465', '127', '99', '370', '421', '385', '23', '70', '16', '118', '418', '173', '384', '26', '382', '316', '224']
['236', '41', '424', '243', '81', '201', '217', '299', '283', '326', '413', '53', '496', '40', '238', '62', '414']
['64', '325', '330', '313', '433', '92', '334', '273', '193', '57', '438', '35', '481', '72', '96', '426', '315', '232']
['125', '43', '3', '163', '211', '153', '381', '4', '440', '320', '307', '329', '351', '373', '111', '170', '377', '114', '128', '212', '318', '305', '253', '261', '365', '310', '79', '322', '296', '74', '371', '227']