['281', '1', '339', '140', '291', '3', '209', '260', '280', '28', '340', '278', '290', '104', '2', '279', '29']
['12', '15', '61', '11', '317', '161', '220', '221', '19', '176', '18', '16', '20', '60', '162', '17', '241', '222', '142', '160']
['22', '299', '62', '21', '64', '122', '182', '183', '300', '89', '383', '322', '56', '288', '382', '36', '331', '139', '63', '65', '184']
['202', '362', '192', '234', '195', '302', '203', '223', '235', '191', '303', '204', '149', '363', '287', '53', '6', '286', '193', '194', '75', '5', '301']
['296', '127', '84', '124', '171', '318', '77', '151', '307', '172', '87', '364', '306', '360', '128', '365', '125', '361', '31', '32', '150', '126']
['242', '326', '198', '351', '111', '350', '145', '165', '197', '341', '327', '112', '243', '166', '325', '324', '252', '44', '323', '253', '164', '144', '88', '110']
['46', '143', '48', '313', '186', '335', '196', '266', '333', '47', '267', '49', '334', '45', '336', '268', '185']
['371', '107', '358', '227', '366', '359', '370', '367', '369', '226', '342', '106', '105', '328', '261', '329', '330']
['240', '381', '86', '51', '108', '230', '109', '40', '41', '368', '380', '265', '50', '264', '23', '229', '263']
['9', '121', '320', '169', '8', '199', '289', '120', '4', '30', '168', '244', '321', '7', '102', '103', '167', '170', '10']
['215', '70', '131', '163', '130', '190', '132', '148', '123', '270', '216', '129', '83', '384', '76', '214', '147', '217', '385', '141', '187', '271', '269', '146']
['238', '259', '117', '316', '54', '118', '315', '251', '85', '314', '138', '275', '55', '237', '119', '116']
['181', '374', '373', '179', '152', '345', '393', '348', '355', '292', '200', '332', '352', '372', '392', '353', '346', '347', '180', '282', '178', '228', '201', '283', '344', '349', '343']
['33', '93', '391', '81', '153', '68', '233', '82', '390', '66', '94', '92', '319', '91', '90', '69', '67']
['14', '34', '389', '376', '174', '173', '274', '294', '35', '354', '273', '388', '293', '13', '133', '377', '71']
['26', '27', '115', '284', '175', '24', '285', '255', '295', '114', '254', '25', '113', '154']
['357', '157', '156', '213', '155', '212', '236', '256', '386', '356', '387', '396', '276', '211', '277', '397', '72', '74', '73', '375', '272', '398']
['37', '52', '97', '137', '338', '246', '247', '308', '100', '309', '101', '337', '95', '224', '96', '250', '249', '225', '248', '98', '99']
['205', '304', '58', '257', '158', '189', '258', '188', '159', '312', '207', '208', '311', '57', '262', '206', '305', '310']
['0', '39', '59', '79', '395', '245', '232', '219', '239', '136', '42', '231', '38', '379', '399', '394', '43', '78', '135', '134', '298', '210', '297', '80', '177', '218', '378']