['0', '68']
['220', '51', '301', '352', '269']
['102', '232', '235']
['135', '303', '300', '132']
['4', '191', '234', '304']
['5', '114', '29']
['152', '358', '206', '174']
['104', '107', '207', '93']
['318', '315', '308', '319']
['9', '109']
['325', '89', '55', '338', '91', '326']
['307', '111', '108', '311']
['12', '212', '160']
['113', '385', '313', '208']
['62', '314']
['344', '115', '215', '276', '219']
['116', '310']
['399', '117', '396', '317']
['195', '330', '193', '279']
['291', '387', '320']
['393', '78', '61', '286', '169']
['355', '321', '50']
['22', '21', '222', '309', '187']
['23', '218', '223', '153', '19', '397']
['24', '124', '324', '65', '125']
['210', '101', '180', '184', '209', '329']
['126', '226', '266']
['277', '350', '351', '244']
['25', '364', '328']
['294']
['263', '130', '230', '228', '134']
['31', '343', '162', '312', '265']
['32', '198', '270', '176', '260', '60']
['81', '159']
['35', '110', '334', '39']
['302', '213', '335', '264']
['36', '136', '137', '336', '306']
['37', '166', '261', '38']
['57', '144', '139', '56']
['183', '298', '297']
['123', '340', '342']
['41', '175', '257', '341', '354', '40']
['42', '186', '242']
['386', '143', '384']
['44', '17', '16', '18']
['245', '345']
['46', '66', '49']
['47', '147', '151', '83', '45', '271', '145']
['97', '189', '188', '203']
['346', '224', '349', '158']
['150', '148', '105', '202']
['201']
['252', '6', '52', '3', '1', '133']
['233', '253', '353']
['54', '375', '53']
['248', '165', '249']
['316', '356', '122', '112', '121']
['179', '157', '140', '28', '142']
['58', '155', '258', '259', '243', '26']
['138', '254', '359']
['267', '331', '360', '87']
['236', '161', '237', '163', '366']
['120', '357', '333', '362', '332', '88']
['284', '361', '238', '363']
['164', '82', '2', '347']
['247', '365', '367']
['239', '388', '389', '178']
['98', '149']
['200', '43', '229', '211']
['69', '246', '71']
['70', '170', '168', '221']
['250']
['34', '273', '272', '372', '13', '251']
['73', '173', '146', '373', '100']
['305', '274', '374', '64', '67', '156']
['75', '141', '275', '119', '8', '74']
['76', '106', '287', '376']
['77', '84', '27', '86']
['292', '214', '278', '378', '377', '171']
['79', '337', '63', '379', '118']
['80', '225', '280', '85']
['182', '181', '281', '381']
['369', '380', '282', '382', '327', '285', '371']
['391', '395', '283', '383', '392']
['177', '10', '127', '131', '128', '33']
['59']
['14', '185', '289', '256', '323', '322', '296']
['48']
['255', '368', '288', '339']
['348', '227', '231']
['90', '190', '290', '262', '72']
['241', '7', '154']
['92', '129']
['11', '15', '293', '20', '217', '216']
['94', '205', '194', '394', '192', '204']
['95', '240', '295', '30', '299']
['96', '370', '99', '103']
['197', '390']
['167', '172', '398']
['199', '196', '268']