['0', '86', '130', '492', '80', '100', '160', '180', '200', '199', '240', '472', '453', '300', '340', '360', '297', '224', '298', '414', '302', '310', '473', '495', '250', '469', '246', '53']
['82', '21', '41', '321', '324', '121', '194', '26', '181', '201', '221', '241', '281', '301', '87', '318', '381', '226', '178', '379', '115', '341', '370', '108', '291', '441', '274', '270']
['2', '173', '133', '189', '350', '17', '4', '57', '70', '322', '77', '382', '442', '462', '78', '42', '314', '22', '399', '380']
['3', '30', '43', '459', '361', '123', '295', '13', '491', '249', '172', '58', '161', '363', '478', '62', '125', '277', '142', '66', '275', '7', '134', '428', '425', '208']
['24', '96', '352', '124', '144', '164', '252', '51', '68', '463', '101', '342', '209', '421', '464', '223', '406', '163', '37', '332', '330', '449']
['25', '90', '465', '182', '165', '484', '259', '339', '245', '265', '305', '325', '157', '445', '456', '84', '69', '347', '489', '174', '149', '61', '102', '212', '283', '75']
['477', '107', '319', '126', '251', '368', '49', '105', '326', '230', '81', '135', '261', '55', '448', '98', '158', '117', '211']
['433', '405', '47', '67', '386', '220', '333', '242', '216', '227', '307', '118', '373', '23', '447', '384', '487', '309', '467', '417', '395', '443', '154', '490', '365']
['48', '264', '147', '306', '128', '308', '153', '268', '112', '27', '344', '45', '408', '151', '387']
['431', '29', '205', '89', '169', '271', '257', '335', '74', '488', '457', '218', '119', '304', '409', '63', '287', '284', '14', '461', '196', '411', '64', '187', '353', '375', '97', '415']
['400', '243', '111', '110', '40', '150', '18', '190', '210', '39', '183', '460', '85', '446', '390', '410', '430', '450', '470', '355', '91', '483', '328', '466', '114', '192', '349', '429', '458', '362']
['367', '436', '103', '234', '148', '106', '401', '311', '331', '315', '391', '9', '471', '346', '204', '479', '439', '88', '177', '422', '5']
['95', '303', '132', '152', '193', '229', '329', '248', '292', '312', '383', '413', '372', '233', '412', '432', '452', '222', '286', '99', '120', '109', '299', '420', '136', '11', '440']
['203', '73', '93', '1', '188', '288', '213', '434', '364', '313', '104', '280', '393', '72', '454', '137', '404', '60', '168', '494', '435', '94', '282', '71']
['253', '116', '217', '38', '279', '394', '254', '294', '334', '10', '374', '206', '293', '418', '474', '228', '162', '6', '407', '444', '170', '348', '31', '202', '392', '131', '468']
['15', '35', '416', '56', '12', '20', '28', '481', '175', '278', '215', '255', '146', '235', '351', '79', '219', '184', '455', '260', '76', '141', '317', '92', '140', '369', '176', '122', '423', '52']
['16', '36', '44', '419', '427', '156', '59', '207', '236', '256', '276', '159', '476', '493', '396', '486', '426', '32', '496', '316', '272', '451', '289', '143', '267', '497', '195', '402', '167']
['262', '343', '485', '237', '482', '376', '357', '397', '290', '186', '266', '46', '232', '54', '475']
['296', '323', '191', '155', '34', '327', '424', '238', '258', '273', '244', '247', '338', '225', '378', '185', '65', '438', '345', '498', '171', '166', '83', '129', '371', '285', '398', '377', '358', '263']
['19', '366', '269', '403', '139', '336', '179', '239', '356', '214', '50', '359', '437', '198', '385', '8', '127', '499', '354', '320', '197', '389', '480', '145', '388', '337', '138', '33', '231', '113']