['0', '30', '133', '90', '120', '166', '12', '481', '104', '270', '265', '360', '272', '106', '447']
['1', '31', '59', '91', '409', '151', '376', '180', '200', '361', '145', '421', '211', '210', '277', '374', '381']
['2', '32', '92', '144', '182', '229', '390', '302', '332', '131', '230', '422', '482', '116', '417', '3', '420']
['33', '327', '37', '123', '306', '129', '213', '243', '468', '259', '333', '363', '433', '102', '125', '365', '378', '429', '85']
['280', '61', '261', '438', '154', '26', '24', '330', '274', '113', '345', '377', '394', '424', '449', '135', '194']
['498', '380', '65', '337', '250', '371', '185', '215', '245', '305', '335', '450', '395', '425', '52', '462', '240', '356', '407']
['6', '489', '370', '156', '222', '20', '246', '276', '84', '336', '147', '157', '456', '216', '359', '439', '83', '40']
['289', '41', '97', '98', '127', '119', '487', '247', '234', '307', '25', '397', '427', '457', '217', '165', '364', '414']
['8', '38', '68', '267', '128', '188', '49', '248', '58', '338', '368', '428', '67', '149', '152', '479']
['9', '446', '69', '459', '44', '159', '279', '249', '372', '309', '399', '452', '99', '490', '22', '174', '480', '304', '275']
['264', '383', '160', '220', '483', '4', '310', '454', '126', '391', '205', '455', '471', '168', '231', '347']
['11', '410', '71', '183', '499', '161', '191', '78', '251', '281', '311', '340', '401', '122', '115', '242']
['389', '223', '72', '423', '132', '162', '192', '186', '282', '107', '342', '402', '418', '209', '492', '198', '413', '121', '35']
['271', '43', '73', '465', '273', '163', '13', '269', '253', '189', '384', '171', '373', '403', '463', '100', '385', '488', '109']
['14', '435', '256', '175', '323', '224', '263', '388', '404', '464', '494', '328', '398', '387', '339']
['66', '349', '460', '484', '496', '285', '226', '367', '405', '199', '495']
['221', '46', '5', '411', '196', '315', '286', '316', '346', '235', '195', '474', '62', '431', '93']
['17', '296', '77', '238', '137', '167', '197', '255', '451', '7', '284', '170', '244', '437', '467', '95', '88', '158', '227']
['117', '48', '76', '108', '258', '308', '318', '348', '408', '124', '358', '334', '201', '366', '466']
['19', '239', '15', '369', '139', '29', '28', '212', '303', '18', '45', '379', '301', '469', '153', '325', '36', '430', '453', '461']
['486', '50', '225', '392', '140', '386', '155', '260', '290', '350', '63', '176', '441', '470', '436', '138', '94', '208']
['326', '51', '81', '111', '141', '343', '64', '291', '321', '351', '136', '34', '252', '375']
['112', '172', '322', '232', '262', '16', '295', '352', '382', '412', '42', '472', '254']
['86', '241', '143', '173', '203', '233', '190', '293', '164', '353', '89', '443', '473', '87', '82', '355']
['314', '362', '491', '204', '187', '278', '294', '324', '313', '444', '110', '434', '105', '406', '317', '80', '228']
['55', '287', '202', '134', '400', '177', '357', '219', '478', '445', '54', '331', '319']
['320', '56', '23', '101', '146', '184', '206', '47', '266', '236', '21', '150', '416', '39', '476', '292', '114', '96', '75', '396']
['27', '57', '193', '475', '283', '207', '458', '297', '497', '214', '10', '477', '130']
['257', '288', '118', '179', '178', '393', '60', '268', '298', '312', '344', '74', '448', '415', '79', '237', '485']
['169', '440', '493', '426', '432', '148', '181', '218', '442', '299', '329', '70', '419', '341', '354', '53', '142', '103', '300']