['308']
['187']
['202']
['303']
['104']
['147']
['249']
['107']
['395']
['378']
['410']
['111']
['70']
['413']
['78']
['15', '315', '196', '76', '347', '309', '475', '83', '275', '457', '225', '151', '44', '176', '466', '464', '99', '58', '190', '345', '233', '281', '408', '138']
['316']
['417']
['314']
['319']
['21']
['320', '121', '242', '432', '489', '55', '304', '455', '390', '100', '382', '144', '3', '80', '194', '162', '499', '68', '285', '125', '206', '216', '16', '317', '69', '75', '301', '193', '381', '291', '433', '191', '492', '493', '237', '401', '12', '387', '329', '279', '236', '90', '491', '42', '260', '117', '407']
['422']
['172']
['324']
['197']
['150']
['227']
['434']
['376']
['230']
['280']
['85']
['427']
['228']
['135']
['208']
['137']
['459']
['93']
['240']
['141', '222', '300', '129', '72', '149', '397', '449', '18', '471', '250', '439', '226', '184', '258', '436', '273', '465', '41', '106', '389', '344', '264', '375', '0', '430', '255', '201', '461', '224', '200', '186', '65', '164', '180', '337', '35', '426', '2', '306', '248', '438', '318', '498', '431', '338', '56', '437', '476', '369', '357', '441', '311', '132', '153', '140', '326', '127', '362', '66', '160', '442', '263', '346', '380']
['302']
['28']
['368']
['274']
['46']
['247']
['48']
['49']
['118']
['272']
['360']
['470']
['54']
['84']
['327']
['57']
['365']
['159']
['414']
['261']
['62']
['220']
['13']
['296']
['166']
['67', '167', '267', '367', '467', '207', '25', '254', '299', '136', '335', '53', '122', '330', '348', '423', '209', '312', '364', '148', '358', '156', '334', '45', '409', '181', '468', '61', '456', '412', '336', '33', '443', '169', '383', '495', '79', '363', '165', '60', '262', '43', '458', '497', '359', '178', '321', '243', '179', '404', '354', '451', '39', '101', '139', '385', '257', '361', '24', '269', '420', '341', '384', '210', '174', '294', '234', '350', '219', '188', '119', '114']
['212']
['469', '322', '487', '256', '246', '232', '113', '50', '485', '486']
['170']
['371']
['472']
['373']
['1']
['146']
['288']
['77', '277', '377', '478', '32', '425', '343', '278', '37', '112', '270', '349', '71', '444', '340', '22', '406', '462', '494', '239', '218', '483', '96', '116', '333', '161', '448', '154', '488', '86']
['419']
['479']
['231', '29']
['474']
['82', '182', '282', '145', '480', '158', '482', '199', '391', '252', '11', '142', '328', '435', '81', '421', '440', '271', '94', '310', '204', '353', '429', '120', '8', '424']
['214']
['47']
['128']
['115']
['87']
['388']
['418']
['473']
['295']
['192', '292', '392', '5', '245', '415', '259', '454', '163', '405', '205', '463', '332', '289', '173', '394', '203', '268', '211', '238', '370', '402', '393', '64', '445', '19', '496', '9', '386', '266', '241', '17', '331', '223', '89', '155', '74', '133', '265', '396', '293', '283', '10', '323', '452', '416', '134', '372', '51', '325', '143', '251', '400', '490', '366', '14', '177', '4']
['38']
['313']
['26']
['109']
['297']
['98', '198', '298', '398', '189', '235', '411', '253', '124', '183', '168', '20', '130', '31', '73', '105', '307', '481', '102', '379', '36', '23', '88', '460', '215', '355', '342', '30', '221', '195', '131', '63', '34', '446', '59', '450', '428', '123', '374', '95', '244', '453', '351', '97', '110', '92', '339', '108', '352', '447', '171', '287', '185', '356', '152', '52', '477', '213', '126', '157', '27', '6', '290', '305', '229', '175', '217', '276', '286', '284', '91', '40', '103', '484', '7', '403']
['399']