['9794', '9772', '166', '249']
['2', '62', '9834', '63']
['9909', '85', '167', '9830']
['9998', '9915', '9851']
['225']
['9905', '9780', '9832', '9893']
['4', '3', '9919']
['9914', '9831']
['5', '233']
['9935']
['6', '88', '181']
['9994', '9912', '9890', '9891']
['9757', '89', '172']
['9755', '9911', '9828']
['8', '90', '173', '9973']
['170', '9910', '9827', '9826']
['66', '91', '174']
['9991', '9970']
['10', '92', '175']
['9750', '9908', '9825']
['9922', '93', '9965']
['9989', '9907', '9782', '9906']
['9783', '9779']
['25']
['13']
['9987', '9961', '103']
['9898', '9899', '9859', '164']
['9986', '33', '9821']
['18', '97', '9806']
['9985', '9903']
['16', '98', '171', '178']
['9984', '9800', '9819']
['179', '180', '9956']
['9947', '27']
['15', '100', '9971', '60']
['9816', '9900', '9817']
['9862', '101', '184', '9805']
['9852', '9853']
['20', '9962', '9888', '47', '9923']
['9980']
['9822', '9823']
['186', '9897', '9814', '56', '9920']
['22', '104', '187', '9981']
['9978', '9896', '9813', '9815']
['23', '105', '9955']
['9977', '9895', '9812']
['24', '119', '9979']
['9892', '9894', '9811']
['94', '9868', '95']
['9937', '9810']
['26', '108', '191', '9760']
['200']
['12']
['45', '9835']
['28', '110', '123', '204']
['9972', '9829', '84']
['29', '111', '9792']
['82', '9889', '83']
['9756', '112', '195']
['9999', '9925', '9990', '165']
['9963', '9795', '211', '9863']
['57', '9887', '9917', '226']
['32', '114', '68']
['9968', '9886', '9803']
['9941', '115', '120', '116']
['9967', '9885', '9802']
['34', '9866']
['222', '9951', '241', '9950']
['35', '9808', '9809']
['176', '9883', '9902']
['9848', '9849', '201']
['9966', '9939', '221']
['37', '203', '202']
['9881', '237', '9882']
['38', '9874', '106']
['102', '9880', '9879', '9818']
['121', '9901']
['9836', '9860', '9796']
['40', '122', '205', '36']
['9960', '150', '9871', '128']
['193']
['9841', '9877', '196']
['9876', '7']
['9958', '42', '9793', '21', '9797']
['43', '9858', '208', '168']
['9957', '9875', '9769', '9768']
['44', '9838', '245']
['182', '130', '9791', '9820']
['9933', '127', '210']
['247', '9873', '9790']
['9807', '240']
['9954', '9872', '9789', '192']
['189', '213', '212']
['9953', '113', '9788']
['48', '209', '9840']
['9952', '9870', '9787', '9']
['137', '131', '214']
['9884', '9869']
['216', '215']
['9988', '107', '9785']
['69', '133', '9847']
['9949', '9867', '9784']
['152', '134', '217', '153']
['9948', '199', '51', '198']
['53', '135', '218', '190']
['9983', '9753', '17']
['54']
['9946', '9864', '177']
['9774', '49', '220', '132']
['9857', '223']
['138', '151']
['9944', '19', '9781']
['154', '147']
['76', '9761', '9762', '232']
['9777', '140']
['9942', '230', '58', '9943']
['219', '141', '224']
['9904', '9824', '9776', '9775', '156']
['142', '86']
['9940', '9964', '146']
['61', '143']
['9982']
['125', '144', '124']
['9938', '9856', '9773']
['9751', '145', '228', '136']
['9975', '9855', '9976']
['9995', '9996', '229']
['9936', '9854', '64']
['65', '9916', '9799']
['9771', '9945', '9770']
['148', '231']
['9934', '9850', '185', '9778']
['149', '129', '59']
['1', '71', '30', '55']
['99', '9878', '9786']
['9928', '72']
['9926', '50', '74']
['9931', '118', '9766']
['70', '9930', '235']
['52', '239', '9765']
['9833', '236']
['9929', '9842', '117', '67']
['87', '139', '9798']
['96', '9846', '9763']
['73', '155', '238', '9804']
['9844', '9845']
['234', '31', '9969', '9992']
['9767', '9927', '9861']
['75', '157', '250', '39']
['159', '227']
['14', '158', '9801', '206', '207']
['9924', '197', '9759']
['77', '194', '242']
['9959', '9758', '41']
['78', '160', '243']
['11', '9843']
['79', '161', '244']
['9921', '9839', '9918']
['80', '162']
['126', '9993']
['81', '163', '246']
['169', '9837', '9754', '9932']
['183', '188']
['9974', '9997', '9865']
['109', '248', '9913']
['46', '9764', '9752']