['108']
['1', '31', '61', '91', '121', '131', '267', '271', '181', '211']
['2', '92', '62', '122', '152', '182', '212', '192', '74', '242', '32']
['3', '33', '0', '63', '210', '243', '273', '120', '90', '262', '30', '150', '60', '240', '123']
['244', '34', '64', '173', '124', '184', '4', '274', '154']
['109', '229', '35', '65', '289', '275', '185', '5', '198', '19', '125', '139', '259']
['6', '175', '286', '276', '216', '36', '126', '236', '86', '246', '96']
['7', '37', '67', '97', '105', '157', '217', '247', '127', '187']
['54', '59', '95', '230']
['39', '69', '129', '159', '189', '180', '284', '99', '9', '279']
['94', '40', '227', '241', '280', '160', '190', '137', '77', '130', '214', '220', '10', '100']
['191', '41', '71', '12', '11', '102', '297', '281', '132', '222', '282', '162']
['119', '42', '72', '161', '291', '81', '231', '252', '141', '21', '239', '201']
['13', '103', '133', '163', '43', '73', '223', '253']
['44', '14', '104', '134', '164', '194', '224', '83', '254', '233']
['15', '75', '45', '165', '195', '225', '255', '285', '135']
['166', '46', '76', '106', '136', '235', '226', '256', '16', '196']
['47', '111', '17', '158', '167', '197', '143', '8', '287', '171', '257', '98', '68', '128', '107']
['48', '78', '245', '168', '228', '258', '288', '18']
['283', '49', '101', '51', '251', '169', '199', '193', '79', '221']
['110', '50', '248', '140', '38', '188', '186', '290', '156', '80', '260', '170', '20', '218', '278', '66', '200']
['261', '151', '70', '250']
['52', '112', '142', '172', '153', '93', '215', '292', '213', '22', '202', '183', '232', '82', '155']
['53', '23', '113', '263', '293', '203']
['84', '114', '144', '174', '204', '234', '264', '294', '24']
['25', '55', '115', '145', '295', '270', '205', '265', '85']
['56', '272', '146', '266', '219', '116', '296', '249', '176', '206', '26']
['57', '87', '117', '147', '177', '207', '27', '268', '237']
['138', '58', '88', '118', '148', '178', '208', '238', '28', '298']
['277', '89', '269', '149', '179', '209', '29', '299']