['QNKIQE', 'SBM', 'MYN', 'TSSNJ', 'ZHDBW', 'E', 'DRLM', 'UBYG', 'OYJLB', 'QBB', 'THMU', 'KMU', 'XVU', 'ZTK', 'TYQL', 'MYSMZ', 'KJHR', 'GBSI', 'HOQPX']
['L', 'PQ', 'MOOKF', 'UXXBYF', 'BBB', 'KW', 'EU', 'WWF', 'NDMQJ', 'M', 'HO', 'ZULMQ', 'GI']
['DEXTSN', 'BAVHR', 'CAED', 'IU', 'HGT', 'JUXOIJ', 'WAXWZU', 'SEWIVO', 'FAF', 'GCSAZH', 'N', 'DQQ', 'JSMAHJ', 'AZN', 'ZW', 'YO', 'WTGA', 'AZGCQ']
['QGUYKQ', 'ICLIT', 'BNC', 'FAL', 'HPXSSF', 'EVDQNK', 'ZHCQG', 'NGUN', 'WPRTBZ', 'YOGJ', 'MV', 'X', 'ETSAG', 'MY', 'BQIFGG', 'AL', 'TQWWLG', 'IGSXN', 'OTXCZH']
['LNMCTV', 'BHKK', 'YXEJT', 'DFGWZZ', 'Y', 'FBW', 'HDJL', 'KCQRDN', 'TZTCA', 'SK', 'YII', 'UJ', 'ERR', 'UBWSTW', 'IE', 'WVHKC', 'CTRFIJ', 'HMURVX']
['QE', 'CCIYM', 'QDMX', 'EP', 'XEAARR', 'DVVKX', 'G', 'IMB', 'NO', 'BW', 'JL', 'NVLNXP', 'EWAZF', 'EYVVY']
['JMYQEA', 'FGPZAA', 'MISGHL', 'BPZAJ', 'OYDEJ', 'AJDT', 'XS', 'ARYSPZ', 'MMUK', 'LY', 'PE', 'HJW', 'OHZYQ', 'VL', 'ETBLO', 'SRJZQ', 'CMB', 'KPXJFJ']
['MLDT', 'RM', 'EYEWXP', 'XINMR', 'NDLUNW', 'PIGBG', 'AW', 'O']
['C', 'RUC', 'TXNP', 'NBJL', 'WBPB', 'AEV', 'LZQ', 'UU', 'YDDS', 'T', 'WELF', 'XLWRB', 'B', 'BSAEQ', 'HLT', 'V', 'A', 'JNJNE', 'ZYFXQ', 'OQV']
['CRAQYE', 'AB', 'UK', 'ET', 'IYCHS', 'JBJS', 'NS', 'D', 'YK', 'TUB', 'RWO', 'HHCPMB', 'QREJG', 'UI', 'ZVKC', 'LW', 'KLQR', 'JCM']
['MM', 'XU', 'MICOE', 'ZTR', 'LHILT', 'ZJUCNC', 'FXAQ']
['HH', 'VWK', 'CN', 'WCZSB', 'EM', 'RQRWJT', 'RWHILI', 'TGDTND', 'FPPMUW', 'JN', 'BGB', 'NDZ', 'LQ', 'UIUBC', 'TOR', 'USZM', 'NMU', 'ZAP', 'KRXDGO', 'GFNZL']
['NJAA', 'TJU', 'Z', 'NZDAU', 'FCB', 'QROYGT', 'VYGES', 'WFWU', 'QKT', 'OL', 'DBGM', 'HTA', 'AFH', 'CHR', 'EJOR', 'TTV', 'EDAKUV', 'MK', 'ACYQN']
['XLVUF', 'OIA', 'OVM', 'NAIN', 'ZDYFZU', 'VYBQIM', 'QNN', 'LWIA', 'IWP', 'VHUHI', 'H', 'KBV', 'RKCPEP', 'GDGZN', 'WK', 'LZLFY', 'PBRPX', 'GDFI', 'FVMBV', 'CNYXMO']
['JP', 'TCBKQ', 'S', 'FWRV', 'TAN', 'ORJB', 'HSHY', 'MRT', 'AQDX', 'SY', 'J', 'BX', 'HDJIQ', 'QREJV', 'GUOYX', 'PJG']
['DJS']
['TGKUE', 'ODIF', 'EHXPLS', 'OC', 'UXBDM', 'JCEYOL', 'FSZNT', 'SHT', 'NDF', 'FP', 'YEBV', 'BHT', 'TXCK', 'OEJ', 'KFBC', 'MXSFK', 'PRYXX', 'TB', 'MWKWWN', 'I']
['UVUBDR', 'VCFLXV', 'EMP', 'QIZWG', 'AH', 'KKFPQ', 'CFG', 'UEKXJH', 'LTHESD', 'ANW', 'YFFNQ', 'VOLULU', 'TN', 'POL', 'ZQAULZ', 'BJ', 'NTMT', 'XFGUIZ', 'FJTW', 'U']
['SGY', 'NP', 'SU', 'COYVMU', 'WZ', 'SUPLJO', 'XT', 'AY', 'ZVWR', 'MPYJWG', 'UHTMG', 'W', 'ZIIN', 'LJSX', 'KAZEK', 'RZU', 'FLLJ', 'AR']
['OFIPP', 'BFZ', 'KFYTH', 'DCBWSF', 'DLJMZC', 'EVTLXI', 'DJC', 'QYC', 'JJ', 'TRXUD', 'CVSPP', 'YQ', 'P', 'PHS']