['Eunice', 'Beverly', 'Reggie']
['Billie', 'Gail']
['Carol', 'Annie', 'Elvera', 'Ethel', 'Wanda', 'Dorothy', 'Lela']
['Rick']
['Rory', 'Emilee', 'Albert', 'Johnnie', 'Donna', 'John', 'Heidi']
['Desiree', 'Pauline', 'Lucy', 'Andre', 'Gordon']
['Alex', 'Johnathan', 'Brittany', 'Mavis', 'Vance', 'Porfirio', 'Katrina']
['Brandon', 'Ricardo', 'Deandre', 'Randy', 'Aron', 'Stanley', 'Lydia']
['Josie', 'Mary', 'Tim']
['Larry', 'Sharon', 'Monica', 'Todd', 'Steve']
['Mae', 'Bruce']
['Dawn', 'Lena', 'Erma', 'Milton', 'Casandra', 'Robin', 'Harry']
['Tonya']
['Ericka', 'Marcus', 'Amanda', 'Laurie', 'Kristen', 'Jerry', 'Janet']
['Lillie', 'Sheryl', 'Josephine', 'Virginia', 'Tanya', 'Samantha', 'Julie']
['Trenton', 'Gale', 'Colin']
['Ray', 'Octavia', 'Russel', 'Phillip', 'Curtis', 'Oscar']
['Sheldon']
['Margaret', 'Cathleen', 'Judith', 'Martha', 'Jami']
['Jessie', 'Guadalupe', 'Matilda']
['Sandra']
['Karen']
['Mona', 'Jessica', 'Kristina', 'Jeff', 'Craig', 'Jason']
['Cindy', 'Barbara', 'Anthony', 'Mildred']
['Hilton', 'Patrick', 'Carmen', 'Dolores', 'Debra', 'Kelli', 'Kathryn']
['Bernice', 'James', 'Mari', 'Sheila', 'Kenny', 'Scotty']
['Claudia']
['Matthew']
['Damian']
['Melvin', 'Brooks', 'Jewel', 'Houston', 'Regina', 'Mireya', 'Maureen']
['Gene', 'Anna', 'Cedric', 'Zachary', 'Emerson', 'Jennifer', 'Horace']
['Alice', 'Julia', 'Beatrice', 'Ted', 'Warren']
['Carolyn', 'Dottie', 'Lacey', 'Michelle', 'Grace', 'Marta', 'Bobby']
['Shaun']
['Kelly', 'Gerald', 'Carina', 'Peggy', 'Bonita', 'Doretha', 'Carlos']
['Randall', 'Derrick', 'Esther', 'Lori', 'Rueben', 'Dennis', 'Jewell']
['Antonietta', 'Matt', 'Michael', 'Minnie']
['Henry']
['Esta']
['Allen']
['Maryann', 'Edward', 'Joyce']
['Victoria', 'Rebecca', 'Sarah', 'Jacqueline', 'Alberta']
['Jasmine']
['Justin', 'Erica']
['Earl']
['Julius', 'Carl', 'Walter', 'Tracy']
['Chris', 'Melony', 'Marjorie', 'Quentin', 'Tammy', 'Charles', 'Isabelle']
['Harold']
['Myra', 'Thelma', 'Christopher', 'Terry']
['Jim', 'Harriett', 'Jeanette', 'Philip', 'Jeremy', 'Linda', 'Shirley']
['Elizabeth', 'Deborah', 'Renee', 'Alonzo', 'Melissa', 'Cheryl', 'Roberto']
['Eduardo', 'Salvatore', 'Steven', 'Barbra', 'Daniel', 'Kristine', 'Evan']
['Joe']
['Phyllis', 'Kurt', 'Stephen', 'Shane', 'Vicente', 'Marge', 'Charlotte']
['Clifford', 'Cameron', 'Molly', 'Fredrick', 'Stephanie', 'Robert', 'Mei']
['Leo']
['Ivan', 'Alvin', 'Paula', 'Benjamin']
['Adrian', 'Lawrence', 'Kenneth', 'Gloria', 'Diane', 'Lucia', 'Jodi']
['Kyle', 'Patricia', 'Hugo', 'Marie', 'Cesar', 'Nicholas', 'Lisa']
['Katherine']
['Lexie', 'Emily']
['Ralph']
['Miriam', 'Adam', 'Joan', 'Pat', 'Gregory', 'Dena', 'Janice']
['Edwin', 'Cara', 'Marion', 'Tomas', 'Anne', 'Melanie', 'Lorene']
['Eric', 'Fay', 'Christian', 'Maybell', 'Katie', 'Christine', 'Tommy']
['Louis', 'Debbie', 'Clyde', 'Eva', 'Tom', 'Olive', 'Raymond']
['Samuel', 'Daphne', 'Latonya', 'Weldon', 'Noma', 'Sally', 'Jeffrey']
['Argentina']
['Devon', 'Timothy', 'Dewayne', 'Sulema', 'Carrie', 'Shawna', 'Austin']
['Clara', 'Bernard']
['Catherine', 'Roberta', 'Ada', 'Theresa', 'Loretta', 'Claire', 'Joy']
['Jayne', 'Ella', 'Kim', 'Colleen', 'Kathleen', 'Jammie', 'Lidia']
['Helen', 'Fred', 'Frida', 'Merle', 'Bernie', 'Peter']
['Justine']
['Luis', 'Hillary', 'Pearl', 'Jean', 'Joel', 'Virgie', 'Geraldine']
['Wilbur', 'Corinne', 'Marybeth', 'Harriet']
['Bessie', 'Susan', 'Manuel', 'Betty', 'Megan', 'Danielle', 'Douglas']
['Brenda', 'Heather', 'Patrice', 'Jonathon', 'Joshua', 'Carlton', 'Hazel']
['Tommie']
['Marla', 'Shawn', 'Sara', 'Jeffery', 'Jerome', 'Leola', 'Lorena']
['Rafael', 'Raquel', 'Louise', 'Mark', 'Kelvin', 'Roger']
['Kathryne']
['Roy', 'George', 'Bernadette', 'Cyndy']
['Aileen', 'Patsy', 'Brett', 'Vickie']
['Lakesha', 'Leigh', 'Rhonda', 'Dwayne', 'Toni', 'Delia']
['Dan', 'Alan', 'Victor', 'Erik', 'Sam', 'Carroll', 'Wade']
['Ruth', 'Chelsea']
['Gladys']
['Christiana']
['Anita', 'Frank', 'Darrin', 'Vanessa', 'Fletcher', 'Evelyn', 'Arthur']
['Joseph', 'Barry', 'Antonio']
['Arline', 'Ladonna', 'Brian', 'Chester', 'Angel', 'Isaac']
['Cynthia']
['Pamela']
['Tabatha', 'Nathaniel', 'Mario', 'Cleo', 'Newton', 'Hector', 'Andrea']
['Vera', 'Tiara']
['Kay', 'Beatriz', 'Rena', 'Carole', 'Kimberly', 'Crystal', 'Ashley']
['Shante']
['Carla', 'Juan', 'Richard', 'Paul', 'Hildegard', 'Rocio', 'Abdul']
['Mitchell', 'Vicky', 'Lauren', 'Frances']
['William', 'Maria', 'Arturo', 'Rachel']
['Blanche', 'Levi', 'Gary', 'Nancy']
['Keith', 'Esperanza', 'Laura', 'Norma', 'Mamie', 'Doris', 'David']
['Felipe']
['Nellie', 'Lorenzo', 'Lowell', 'Gilbert']
['Ruthie']
['Krista']
['Rod']
['Lester']
['Lottie']
['Irene']
['Teresa']
['Thomas']
['Wilfredo', 'Ronald', 'Martin', 'Donald', 'Lucille', 'Johnny', 'Stacy']
['Shelly']
['Cheri', 'Jonathan', 'Lizzie']
['Gerard']
['Iris']
['Maxine']
['Antoinette']
['Ernest']
['Jane']
['Byron']
['Darryl']