['40', '17', '16', '224', '98']
['44', '89', '121', '92', '132', '245', '122', '91', '88', '127']
['142', '12', '82', '126', '83', '85', '11', '10', '210']
['151', '194', '186', '193', '165']
['4', '196', '84', '129', '164', '3', '171', '249', '173', '174']
['244', '207', '217', '125', '215', '205', '9', '247', '234', '233']
['48', '15', '163', '166', '246', '20', '123', '162', '24']
['7', '87', '90', '137', '8']
['235', '175', '180', '41', '133']
['227', '49', '34', '29', '241', '124', '5', '134']
['158', '153', '159', '161', '119', '200']
['131', '47', '185', '219', '220', '218', '27']
['170']
['213', '1', '212', '231']
['155', '156', '183', '209', '182', '184', '81']
['106', '55', '113', '99', '95', '103', '32']
['97', '2', '96', '136', '176', '216', '53', '214', '0', '51']
['240', '242', '179']
['25', '42', '28', '141', '195', '26', '13']
['19', '198', '128', '18']
['237', '60', '61', '239', '59', '148', '149', '139']
['222', '188', '190', '181', '221']
['117', '230', '238']
['23', '150', '223', '21', '70', '112']
['30', '39', '6', '100', '109', '107']
['77', '79', '120', '211', '168', '202']
['135', '152', '208', '146', '225', '226', '228', '206', '229']
['145', '203', '178', '147', '204']
['172', '75', '76', '43', '243', '187']
['189', '191']
['80', '138', '130', '66', '110', '140', '114', '111']
['31', '69', '86', '71', '68', '38', '46']
['93', '118', '94', '57', '56', '62']
['167', '177']
['14']
['35', '108', '115', '63', '22', '33', '67']
['36', '52', '116', '45', '50', '236', '64', '169', '54', '192']
['37', '201', '102', '157', '65', '248', '104', '160']
['78', '74', '73', '143', '72']
['105', '58', '199', '144', '154', '197', '232', '101']