['80']
['244', '46']
['27', '134', '25', '49', '61', '79', '140', '18', '96', '10', '52', '147', '12', '54', '74', '108', '110', '198', '232', '33', '214', '15', '58', '21', '63']
['225']
['22']
['86']
['17']
['235']
['125', '226', '93', '245', '205', '132', '53', '104', '78', '69']
['199', '5', '94', '201', '117', '32', '142', '194', '206', '35', '13', '193', '189', '131', '106']
['239']
['65', '26', '210', '128', '238', '250', '181', '143', '169', '243', '114', '149', '41', '179', '83', '112', '43', '146', '116', '184', '71', '212', '176', '38', '109', '233', '229', '129', '31', '231', '122', '207', '242', '200', '119', '227', '11', '57', '172', '183', '190', '167', '59', '70', '67', '16', '77', '236', '204', '196', '135', '247', '192', '88', '195', '151', '87', '92', '138', '180', '90', '166', '188']
['171']
['20']
['8', '223']
['173']
['168', '48', '76', '162', '127', '153', '249', '115', '178', '152', '7', '85', '91', '73', '155']
['124', '6', '84', '161', '197', '133', '241', '145', '40', '158', '137', '156', '203', '208', '165', '150', '81', '62', '175', '1', '36', '14', '98', '39', '211', '217', '4', '202', '228', '28', '209', '248', '164', '123', '170', '120', '160', '159', '107', '186', '23', '157', '45', '55', '42', '136', '240']
['130', '174']
['103']
['3']
['102']
['182', '218', '118', '105', '219', '221', '66', '29', '100', '215', '141', '75', '64', '154', '234', '177', '111', '24', '187', '72', '213', '237', '82', '34', '9', '37', '139', '99', '101', '148', '191', '163', '95', '222', '51', '121', '19', '89', '56', '126', '230', '68']
['50']
['224', '97', '47', '2', '144', '30', '44', '216', '220', '246', '60', '185', '113']