['D65E29', '3D046E', 'B85F11', '26DA83', 'C96CD6', 'BB986B', '026256', 'E81232', '0264AF', 'E0044F', '7D4045', '5B4152', 'CC4384', '1986A0', '5C91EE', '1E571E', 'A03FB7', 'ABE83F', 'BE3703', '380FF7']
['6DCBC8', 'EED7BB', 'B32674', '77042F', '60B803', '0AC7A0', '4AE7C7', '833C34', '9330C0', '1D9893', '0FC6EE', 'C34593', '244528', 'F4C13E', '89A551', '3E6399', '1C3933', '73F93C', 'C2A74D', '0B99EF']
['3E7F60', '81E0FA', 'FF3177', 'CC9A13', '93D432', '9C4F00', 'FBF275', '24A4D1', '66F8EA', 'B6FA16', '628552', 'D324E7', '30C157', '74ADA7', 'EF37A6', '42EE34', '46371B', '5451FF', '38EA17', '940AC5']
['D79D49', 'E4C3BA', '2BEC39', 'A4FCD1', '1E0B30', '05F2DC', '478A7C', '73271F', '39CAB7', '118FE2', '0FE5DD', '04279E', '75C017', 'CC08F5', '882258', '1F4650', '29D22B', '51197D', 'EC2626', 'B13536']
['E1A380', 'A4F4BB', '2961DB', '54C37C', '29267F', 'B4BD91', 'B2C27D', '920715', '7AADBC', 'B0C2D3', '7B325B', 'EB3718', 'D8492F', '71AC6D', '593AF4', '28CCA5', '3D830C', 'C4882F', 'CC66B0', 'E277CB']
['F448AE', '0C3AFF', 'E492E0', 'D2BDB6', 'AD6105', '219F75', '3963FC', '78DB65', '30EA83', '14A3E7', 'D83AF7', '9D8AD8', '18D668', 'D0E5BE', '81A0D3', 'D78532', '7FE1F2', '4DBE20', 'F28C7F', '8E8C76']
['F85131', 'CE0D10', '34ACF3', '6833E8', 'B49939', '5ADC6D', 'DCB902', 'BA7ED0', '33ABEE', '38515C', '1D39ED', '326662', '8883AC', '41AFC9', '917501', '8EC8D8', 'DDA295', '1FBE40', '316244', '83ACF7']
['82B105', '09CFE9', 'FD33F7', 'E46F9E', 'CD5322', '2EDC82', '5E2607', '4BBAFA', 'DBF47C', 'FECCAB', '6EEE66', '88FFF8', '7C8A3D', '4E8355', '206150', '593840', '4430C2', '90E78E', '6C5208', '9B09E5']
['FD1DAC', '88E0AE', '77B9A5', '3F75A9', '0E6FA7', '94AED5', '5AF312', '369765', 'A89402', '35DA72', '0C4437', '75002A', 'E2701A', '9C0B9D', '468F31', '1CAAAC', '415552', '5BEDDF', '1D4417', 'DE6241']
['FC75E7', '5C5B8D', '865328', 'DBDDB5', 'F8B91A', 'E33128', '503A55', '20C0D0', '3235BA', 'C07CCC', 'B4257C', 'F13455', '8FF839', '1743CD', 'C5416A', '400D20', '189812', '414B77', '6E3DED', 'F545E1']
['77EB41', 'EB7E6A', '672145', '539972', '113E1F', 'BC38A8', '8254EB', '747199', 'AB96B9', '187923', '823C51', 'F3EDD7', '0AFD91', 'E15D93', 'F4EDF8', 'C19610', '2819EE', 'F1B367', '5C016B', '7F8E1D']
['0231A4', '7B306C', '1D528C', '5D4F2F', '5ABFA9', 'D363AB', '82BD08', '929578', '565E46', '7C730C', '45CE10', '4C1D36', 'E9F19A', 'FE7E47', '2E4B9D', '00C269', '3EF396', '893D61', '1A770B', '7647CD']
['552199', '09FFA6', '398310', '052CC7', '160ED4', 'FFD642', '81A856', '273165', 'B00B7F', '5BC875', '6C3CD5', 'FCD63D', 'FBB00D', '6AFCAC', 'AF83FA', '1DD8D0', '47063A', '8963E1', 'EDB261', '0E78AA']
['99E133', 'C748A2', '3228BB', 'BCD2F5', '87EE7F', '5A3E90', '5F88E7', '6D4C8F', '8F75EC', 'D2EB79', '2D2248', 'F61AD7', '89372A', '58ED2B', '2215AE', 'CB5EDA', '5248A9', '029563', 'AC34B5', 'D6DD9E']
['7FADE3', '40C7FF', '0525B9', 'EE9200', 'BA6187', 'A911EF', '0A3E48', 'CD374A', '52FB79', 'D78522', '935873', '718436', '2B8E0B', '18AEFC', '55B952', '4C0FCD', 'CBE0EA', 'D8849E', '72D023', '6C1A62']
['22394B', '10BBE1', 'F1DB81', '5A5DE8', '26DB4C', '7848BA', '43FE78', '861E09', '420711', 'F9011B', '1D216B', '8ECA84', '25B295', '05473A', '0CFFC9', 'EB90EE', '605983', '80F9BC', '696B37', '9ABAFB']
['A4EAD9', 'A0DDCD', 'B2CB4D', '26B294', 'D9180C', '4FCF52', 'E77DD8', 'B6ACFC', '78E144', '01E026', 'D98FB6', 'D2F8E5', '5A681E', '068D28', 'C9EF6D', '2DE42A', 'B8B01F', 'B2A692', '9DF876', 'A1D29E']
['34E9FE', '6E7E64', '09944C', '00CD58', '255208', 'E1B665', '9CE56C', 'DB6CBF', '292CB3', '8DF985', '1D0C35', 'F7F9CB', '9FCB42', '2E6B38', '6BF4D3', '97D861', '5C4F81', '923B8C', 'CA893B', 'AAAF0B']
['5332A9', 'CED5FC', '037831', '8AC55C', '511040', '9C5DCF', '4EBF50', '69FD70', '3FAE1E', 'B38307', '26C6B9', 'FAB638', '1350AD', 'EFBA0C', 'EC35B5', 'B166D1', 'D6F426', 'D0E36A', '8D43AD', '15AA36']
['62BC31', '2B3DD7', '9D6554', 'BE5B1D', 'BB9072', 'E8C5B8', '82F466', '4AC817', 'C0A19A', 'B78EF9', '4D74EB', '2F584A', 'A34095', 'C54164', '6D4DDC', '5E4F6B', 'C1CAB9', '76131B', '31B17E', '177A03']
['D8A834', '2B8F4B', 'B2C529', 'DDB7C8', '1B06C5', '846154', 'C60FE7', '9BAC71', '1F6554', '2D4D61', 'D50881', '608F21', '4BC7D0', '83752D', '56B4C2', 'EB9D60', '8BEC15', '92C42A', '36FCBF', '099A40']
['29BFBC', 'B0F05D', 'FB3B86', '66547C', '992AEE', '2F46CD', 'C8F1A7', '1656DC', '95F017', 'F32B0B', 'D049CD', '43F505', '03B42D', '7CC3A7', 'F2B7FD', '3A0D10', '66B93A', '770A4C', '4BD8B1', '85CFC7']
['F9EB1F', '463E2C', '7334F9', 'A5F27A', '49EB71', '1866E0', 'B56D74', '3CB50A', '1600AD', '66C38E', '57FCD8', '52BFE5', '8806E7', '49EEB4', '98B1CA', 'E191B0', '848C87', '364B78', '5D5C76', '98497D']
['31C6A3', 'C69699', '9923B4', '943005', 'D31361', '601CA7', '739ABF', '31B801', 'F33ACF', 'C3678B', '9C4CA5', 'DF5F9C', 'DF44F5', '1330B3', '5C0D69', 'E93252', 'DFE9C6', 'EEF23E', '71AE93', '81DA52']
['035E05', 'E479C8', '94C20E', 'E8A38A', '3D4600', 'F37211', '2C02B7', '3B6837', '99392B', 'E7EFA5', '0D6A28', 'FCB503', '19EFAF', '2D56C1', 'C0EA59', '6246E1', 'D883C0', 'E3583F', '4A32EA', 'E4F6EF']