['0', '62', '249', '124', '155', '253', '248', '279', '64', '67', '157', '93', '250', '31', '252']
['190', '73', '85', '271', '272', '187', '273', '188', '259', '274', '86', '275', '260', '186', '189', '261']
['30', '14', '129', '126', '133', '125', '280', '144', '281', '29', '128', '130', '28']
['127', '158', '131', '132', '156', '159']
['168', '35', '53', '97', '98', '104', '177', '103', '166', '41', '115', '178', '165', '114', '169', '94']
['16', '282', '7', '191', '284', '283', '15']
['170', '162', '300', '223', '301', '299', '231', '171', '298', '288']
['263', '70', '194', '193', '234', '255', '79', '251', '204', '80', '202', '203', '81', '201']
['308', '307', '293', '309', '285', '292']
['113', '102', '258', '112', '101', '110', '111', '270', '269', '96']
['209', '214', '43', '134', '196', '197', '116', '208', '145', '56', '210', '57', '146', '211', '207']
['11', '95', '23', '10', '227', '218', '198', '228', '220', '199', '221', '212', '192', '24', '213', '222']
['12', '5', '242', '229', '32', '6', '34', '39', '13', '49', '38', '4', '47', '48', '2', '46']
['276']
['92', '76', '185', '68', '75']
['82', '21', '224', '91', '232', '90', '136', '225', '233', '83', '235', '71', '89', '72', '22']
['33', '45', '36', '37']
['264', '161', '140', '141', '266', '265', '268', '267', '256', '160', '139', '257']
['142', '173', '164', '172', '297', '174', '163', '17', '287', '296']
['19', '245', '195', '8', '215', '200', '205', '9', '230', '3', '20', '216', '18', '244', '1']
['236', '175', '206', '237', '226', '238', '176']
['77', '51', '40', '52', '69', '78', '50']
['217', '100', '254', '109', '108', '219']
['54', '25', '42', '55', '26', '27']
['240', '117', '148', '147', '241', '289', '303', '302', '290', '135', '239']
['182', '247', '246', '150', '149', '180', '167', '151', '179', '183', '181', '184']
['87', '74', '88', '119', '106', '291', '99', '105', '304', '120', '121', '305', '306', '118']
['65', '63', '66']
['59', '294', '152', '143', '137', '286', '44', '295', '58']
['153', '138', '277', '278', '154', '262']
['61', '122', '123', '84', '60', '243', '107']