['1', '63', '75', '331', '311', '36', '35', '9', '208', '392']
['106', '251', '122', '250', '410', '282', '266', '174']
['203', '65', '127', '421', '478', '224', '375', '437', '499', '139']
['4', '128', '225', '252', '500', '496']
['90', '85', '191', '253', '315', '441', '449', '135', '261']
['138', '64']
['397', '121', '193', '81', '269', '310']
['491', '32', '205', '439', '340', '365', '62', '99']
['153', '443', '55', '390']
['34', '329', '258', '17', '341', '206', '5', '415', '325', '256']
['73', '219', '198', '279', '308', '7', '39']
['376', '263', '194', '43', '374', '274']
['13', '247', '166', '108', '323', '380', '447', '470', '18', '463']
['61', '172', '262', '476', '364', '448', '370', '117', '393']
['330', '492', '197', '24']
['96', '459', '270', '249', '381', '466', '474']
['382', '232', '186', '485', '226', '389', '451', '11', '260', '2']
['86', '156', '328', '488', '19', '294', '236']
['228', '423', '143', '385', '267', '196', '304', '453', '333', '25']
['82', '77', '497', '440', '114', '221', '98']
['21', '217', '145', '20', '495', '141']
['48', '53', '146', '273', '299', '67', '394', '289', '445', '15']
['200', '386', '339', '68', '58', '435', '486', '349']
['362', '80', '396', '452', '173', '51', '227', '72']
['297', '87', '420', '192', '160', '167']
['26', '88', '343', '384', '473', '336', '409', '353', '436', '12']
['234', '89', '151', '213', '275', '461', '71', '220']
['28', '332', '369', '400', '462', '319', '202', '265']
['318', '347', '199', '215', '271', '357', '337', '455', '23', '126']
['30', '493', '316', '52', '278', '46', '102', '296', '245', '189']
['31', '142', '155', '83', '327', '320', '313', '460', '233', '312']
['244', '178', '280', '472', '190', '133', '276', '154', '401', '207']
['33', '95', '49', '281', '469', '483', '387', '94', '93', '432']
['456', '50', '388', '293', '450']
['355', '109', '195', '235', '361', '129']
['152', '444']
['132', '346', '209', '285', '402', '471', '342', '211', '100', '413']
['38', '162', '403', '307', '348', '324', '130', '467']
['163', '184', '45', '411', '149', '134', '418', '105', '188', '74']
['326', '92', '164', '264', '350', '22', '419', '144', '150']
['210', '103', '165', '431', '344', '101', '475', '148', '246', '91']
['97', '104', '137', '395', '230', '352', '414', '306', '407', '477']
['366', '229', '212', '218', '404']
['498', '434', '168', '287', '177', '416']
['107', '169', '78', '406', '40', '480', '479', '183', '295', '70']
['398', '292', '170', '338', '290', '334', '412', '243', '487', '379']
['131', '481', '125', '424', '6']
['76', '110', '254', '204', '358', '47', '454', '429', '179', '373']
['363', '111', '84', '69', '305', '484']
['112', '298', '360', '422', '187', '3', '371', '372']
['119', '175', '237', '408', '351', '377', '16', '123', '383', '405']
['176', '238', '259', '322', '317', '378', '201', '464', '277', '268']
['29', '283', '239', '140', '425', '314', '60', '44']
['54', '116', '161', '302', '489', '248', '216', '354']
['284', '482', '438', '241', '303', '158', '255', '27', '222', '223']
['118', '180', '242', '291', '257', '428', '490', '41', '417']
['113', '181', '147', '240', '309', '8', '321', '288', '231', '335']
['57', '115', '56', '458', '359', '42', '214', '14']
['171', '136', '10', '79', '159']
['442', '157', '301', '286', '468', '59', '494', '66', '457', '426']
['356', '185', '120', '367', '433', '300', '399', '391']
['124', '465', '368', '430', '446', '182', '427', '345', '272', '37']