['Adiana', 'Row', 'Hedwiga', 'Matilde', 'Noreen', 'Cristionna', 'Tiphanie', 'Morena', 'Charita', 'Tarra', 'Sile', 'Anette', 'Clarissa', 'Lotte', 'Edith']
['Quintana', 'Sheila', 'Zenia', 'Adriane', 'Nelie', 'Tani', 'Selinda', 'Terese', 'Tiffy', 'Sula', 'Kellsie', 'Sherrie', 'Alia', 'Lorie', 'Corly']
['Joelly', 'Estele', 'Lyda', 'Amalee', 'Lani', 'Debora', 'Neile', 'Oralee', 'Britney', 'Roslyn', 'Cassandra', 'Gaby', 'Patty', 'Randie', 'Dorine']
['Alexandrina', 'Silva', 'Corinne', 'Chelsy', 'Vicky', 'Malva', 'Vanni', 'Shoshana', 'Agnes', 'Dena', 'Charmine', 'Madelena', 'Cassondra', 'Jemie', 'Ronnica']
['Georgeanne', 'Shanie', 'Hortense', 'Jaynell', 'Teddi', 'Vinni', 'Nanon', 'Risa', 'Melinde', 'Brittan', 'Agneta', 'Joanna', 'Austina', 'Danni', 'Andie']
['Katti', 'Marcie', 'Nancie', 'Cherilynn', 'Netty', 'Aviva', 'Cindie', 'Lira', 'Kiele', 'Kara', 'Mella', 'Lisette', 'Mei', 'Yoshi', 'Serena']
['Allie', 'Erminia', 'Cristabel', 'Nicki', 'Mariellen', 'Andromache', 'Elvera', 'Faythe', 'Fawnia', 'Daphene', 'Oliy', 'Bonita', 'Rowena', 'Babara', 'Maddalena']
['Carroll', 'Yovonnda', 'Willi', 'Lorena', 'Paige', 'Tallie', 'Collete', 'Gerry', 'Veradis', 'Moyna', 'Sada', 'Kala', 'Kaitlynn', 'Desiri', 'Antonietta']
['Clemmie', 'Frankie', 'Latisha', 'Nissie', 'Tim', 'Sofie', 'Alyson', 'Demetria', 'Kathy', 'Lynnet', 'Marcella', 'Fernande', 'Stesha', 'Diane', 'Estella']
['Peg', 'Dita', 'Yetta', 'Natalya', 'Drusy', 'Else', 'Avivah', 'Kaitlin', 'Dyane', 'Ranice', 'Brigitte', 'Cathryn', 'Clemence', 'Inga', 'Kittie']
['Josepha', 'Shirl', 'Janice', 'Ruperta', 'Noell', 'Eve', 'Bekki', 'Gae', 'Jen', 'Jolie', 'Della', 'Ramonda', 'Carla', 'Marabel', 'Leanora']
['Johanna', 'Erica', 'Flory', 'Athena', 'Myrtle', 'Thia', 'Delly', 'Krissy', 'Jorrie', 'Catha', 'Fran', 'Dominica', 'Winifred', 'Cristen', 'Euphemia']
['Martina', 'Yolanda', 'Maxie', 'Tiffany', 'Ingunna', 'Colline', 'Starlin', 'Korney', 'Fredericka', 'Marijo', 'Brook', 'Carri', 'Agatha', 'Laverne', 'Eran']
['Idalina', 'Doris', 'Beatrice', 'Fania', 'Doroteya', 'Sileas', 'Bridgette', 'Reggi', 'Casi', 'Brunhilda', 'Stefa', 'Kathryn', 'Stormi', 'Missy', 'Marris']
['Agnese', 'Ulrike', 'Rhody', 'Kellie', 'Monique', 'Annice', 'Mufinella', 'Lulu', 'Stephannie', 'Vonni', 'Nedda', 'Tamra', 'Lesly', 'Belle', 'Georgiana']
['Jessamyn', 'Livy', 'Haley', 'Caryn', 'Rosene', 'Xylina', 'Valli', 'Roxane', 'Brear', 'Emelda', 'Conchita', 'Sandie', 'Tanitansy', 'Opal', 'Julie']
['Orsa', 'Angelica', 'Rhodia', 'Rivkah', 'Britteny', 'Lydie', 'Leda', 'Jacqui', 'Mechelle', 'Rosana', 'Gale', 'Meggi', 'Briny', 'Lorain', 'Helyn']
['Mirna', 'Marlie', 'Zulema', 'Arlee', 'Claudie', 'Sonni', 'Karie', 'Pammy', 'Paulina', 'Dotti', 'Kania', 'Gwennie', 'Sadye', 'Cheslie', 'Anastassia']
['Anabel', 'Ansley', 'Camala', 'Marisa', 'Eulalie', 'Bernice', 'Marlena', 'Melloney', 'Jesse', 'Anabelle', 'Gabbie', 'Millisent', 'Birgitta', 'Allene', 'Nicoli']
['Anabal', 'Mair', 'Gavra', 'Gianina', 'Idelle', 'Tamara', 'Rita', 'Dee', 'Addi', 'Diahann', 'Bertie', 'Harriet', 'Rosamond', 'Eolanda', 'Kathleen']