['332', '192', '32', '132', '252', '312', '92', '392', '76', '72', '52', '172', '272', '372', '12', '212', '152', '232', '292', '352']
['185', '106', '105', '266', '25', '346', '280', '286', '26', '6', '146', '186', '126', '206', '66', '306', '226', '265', '166', '325']
['155', '115', '95', '275', '295', '375', '135', '35', '235', '215', '355', '335', '94', '175', '195', '395', '334', '15', '327', '255']
['59', '399', '119', '379', '219', '319', '159', '199', '259', '299', '279', '239', '99', '359', '339', '19', '39', '139', '79', '164']
['397', '97', '246', '57', '157', '77', '137', '357', '317', '257', '177', '117', '297', '86', '337', '197', '17', '37', '377', '237']
['351', '211', '271', '46', '151', '311', '91', '51', '71', '251', '291', '331', '31', '371', '191', '131', '11', '111', '326', '391']
['208', '48', '85', '68', '8', '108', '179', '348', '268', '228', '148', '168', '288', '88', '188', '328', '308', '248']
['112', '4', '236', '336', '116', '196', '36', '256', '96', '136', '216', '324', '176', '316', '170', '356', '376', '56', '156']
['338', '386', '318', '98', '218', '78', '278', '38', '398', '18', '109', '309', '158', '118', '389', '238', '388', '229', '58', '258']
['9', '129', '269', '29', '249', '89', '169', '369', '289', '69', '189', '49', '329', '209', '120']
['353', '13', '193', '113', '73', '173', '53', '293', '213', '253', '233', '133', '33', '333', '153', '313', '393', '231', '171']
['128', '160', '260', '200', '40', '0', '220', '100', '277', '60', '180', '360', '300', '340', '240', '20', '80', '380', '140', '320']
['93', '242', '222', '273', '262', '102', '382', '162', '322', '182', '42', '373', '122', '22', '202', '82', '362', '302', '62', '368']
['83', '123', '103', '203', '223', '23', '143', '3', '303', '383', '243', '183', '363', '323', '63', '263', '330', '343', '217', '43']
['1', '161', '241', '345', '145', '221', '141', '225', '283', '165', '205', '65', '5', '305', '381', '385', '163', '285', '45', '125']
['214', '74', '154', '174', '234', '314', '274', '114', '194', '354', '54', '14', '294', '28', '374', '254', '34', '134', '394']
['341', '121', '342', '101', '301', '81', '358', '41', '281', '198', '344', '61', '21', '181', '321', '349', '149', '261', '361', '201']
['138', '2', '67', '315', '307', '142', '87', '55', '298', '282', '296', '75', '178']
['24', '384', '364', '124', '264', '184', '304', '396', '276', '244', '44', '144', '284', '104', '245', '204', '16', '64', '84', '224']
['50', '230', '30', '390', '90', '210', '350', '310', '10', '190', '150', '110', '250', '70', '130', '290', '370']
['267', '287', '167', '347', '127', '47', '247', '107', '387', '187', '365', '7', '367', '378', '147', '366', '27', '270', '227', '207']