['310', '463', '1', '177', '93', '333', '264']
['496', '328', '392', '375', '109', '498', '41', '279', '320', '145', '146', '499', '217', '144', '119', '158', '374', '286']
['326', '26', '9', '161', '485', '11']
['209', '185', '131', '442', '123', '44', '76', '254', '167', '37', '437', '229', '188', '206', '97', '270', '274', '436']
['240', '4', '150', '192']
['345', '412', '21', '98', '415', '88', '258', '362', '455', '113', '273', '198', '121', '431', '327']
['359', '456', '447', '51', '35', '348']
['403', '180', '211', '472', '173', '319', '115', '364']
['226']
['183', '266', '494', '369', '423']
['52', '111', '53', '199', '249', '422', '140', '56', '387', '272', '490', '492']
['340', '433', '137', '252', '207', '241', '152', '338', '332', '419', '42', '411', '296']
['245', '384', '378', '302', '208', '160', '205', '235', '453', '31', '57', '62']
['70', '214', '357', '99']
['298', '315']
['308', '132', '168', '289', '304', '481', '184', '43', '95', '301', '227', '13', '133', '312', '285', '430', '343', '136', '77']
['75', '408', '277', '263', '225', '105', '388', '246']
['179', '32', '262', '466', '193', '450', '478']
['86', '432', '125', '25', '381', '87', '441', '122', '169']
['94', '323', '418', '84', '196', '129', '489', '282', '314', '126', '12', '329', '307', '72', '346', '7']
['65', '20', '147', '402', '181', '29', '353', '363']
['464', '54', '395', '324', '365', '484', '291', '295', '228', '38']
['306', '85', '63', '325', '148', '45', '477']
['459', '427', '331', '3', '318', '114', '71', '376', '265', '350', '399', '33']
['449', '462', '100', '382', '15', '80']
['195', '78', '46', '355', '27', '242', '182', '398', '337', '101', '424', '170', '294', '149', '17', '219']
['379', '487', '469', '14', '256', '81', '135', '2', '271', '474', '385', '10', '397', '221', '491', '55', '91', '393']
['394', '339', '155']
['154', '454', '22', '197', '23', '467', '215']
['50', '231', '222', '28', '482', '66', '73', '321', '212', '49', '297', '138', '461', '386']
['164', '174', '497', '389', '354', '421', '367', '356', '19', '261']
['428', '322', '61', '151', '224', '89', '124', '92', '200', '479', '360', '107']
['238', '108', '458', '16', '400']
['58', '309', '401', '172', '335', '287', '280', '18', '143']
['347', '276', '187', '178', '260', '83', '404', '344', '251', '236', '293']
['218', '366', '269', '130', '90', '67', '440']
['116', '176', '488', '194', '405', '409', '128']
['475', '60', '407', '165', '457', '444', '141', '380', '435', '216', '292', '127', '446']
['439', '352', '368', '39', '425', '313']
['406', '190', '30', '275', '300', '40', '36', '248', '480', '358', '237', '317']
['445', '34', '106', '223', '139', '438', '486', '104', '342', '5', '452']
['390']
['175', '163', '201', '186', '159', '330']
['299', '112', '283', '230', '96', '361', '278']
['213']
['495', '117', '189', '24', '396', '434', '371', '468', '493']
['341', '416', '311', '336', '47', '118', '156']
['259', '8', '410', '420', '210', '473']
['102', '281', '233', '460', '483', '64', '305', '253']
['429', '257', '153', '247', '74', '134', '465']
['120', '48', '417', '303', '79', '191', '255', '110', '82', '157']
['103', '373', '243', '414', '451', '0', '383', '244', '413', '69', '59', '426']
['220', '142', '166', '234']
['284', '290', '202', '448', '349', '232', '162']
['288', '334', '476', '203', '370', '443', '268', '204', '267']
['372', '239', '351']
['391']
['250', '377', '470', '316', '171', '6', '68', '471']