['llllllll']
['wwwwwww', 'rrrr', 'xx', 'qqqq', 'OO', 'PPPPPP', 'qqqqqq', 'qqqqqqqq', '66', 'xxxx', 'PPPPPPP', 'x', 'w', 'rrrrrrrr', 'rrr', 'qqqqq', 'PPPP', 'OOOOO']
['lll', 'kkkkkkkk', 'gggggggg', 'kkkkkkk', 'DDDDD', 'AAA', 'OOOOOOO', 'AAAAA', 'kkkkkk', 'AAAAAAAA', 'AA', 'kkkk', 'hhhhhhhh', 'BBB', 'hh', 'ggg', 'lllllll', 'k', 'hhhhhhh', 'gg', 'l', 'kkk', 'll', 'CCCCCCC', 'hhhhh', 'hhh', 'h']
['111111', '11111111', '2222', '2222222', '111', '2', '11', '222', '222222', '22']
['PPPPP', 'ee', 'f', 'eeee', 'fff', 'e', 'ff', 'eee']
['FFFFFF', 'FFFFF', 'NNNNNNN', 'FFF', 'N', '444444', 'FFFFFFF', 'MMMMMMMM', 'NNN', 'i', 'M', 'MMM', 'NNNNN', 'NNNNNNNN', 'MM', 'NN', 'YYYYYYYY', 'E', 'jjjj', 'FFFFFFFF', 'EEEEE']
['6666666', '666666', 'RR', 'QQQQ', 'QQ', 'Q', 'RRRRRRRR', '5555555', 'RRRR', 'RRRRR', 'RRRRRRR', '5', 'QQQQQQQQ', 'RRR']
['wwwww', 'n', 'mmmmmmm', 'xxxxxx', 'mmmmmm', 'wwww', 'mmmmm', 'nnnn', 'SS', 'nnnnn', 'nnn', 'www', 'nnnnnnn', 'ww', 'TTTTTT', 'xxxxxxx', 'xxx', 'mm', 'xxxxxxxx', 'TTTTTTT', 'TTTT', 'wwwwwwww', 'mmmm']
['6', 'uuuuuuuu', '555555']
['pp', 'ppppp', 'oooo', 'pppppppp', 'eeeeee', 'XXXXXXXX', 'XXXX', 'XXXXX', 'XXX', 'ooooooo', 'WWWW', 'ppp', 'WWWWWWW', 'XXXXXX', 'pppppp', 'XXXXXXX']
['EEEEEEE', 'FFFF', 'EEE', 'EEEEEEEE', 'EEEE', 'F', 'ZZZZZ']
['888888', 'fffff', '8', '7', 'vvvv', '77777777', 'eeeee', '8888']
['555', 'DD', 'xxxxx', 'yyyy', '11111', '66666666', 'DDDD', 'llllll', 'MMMMM', 'DDDDDDD', 'MMMM', '55555555', 'yyyyy', 'kk', '666', '1111111', 'lllll', '6666', '55555', '1111', '5555', 'NNNNNN', 'wwwwww', '55', '1', '66666', 'kkkkk']
['bbbbbbbb', 'ggggg', 'zzz', 'WWWWWWWW', 'bbbbbbb', 'iii', 'yyy', 'gggggg', 'ggggggg', 'y', 'ii', 'aaaa', 'WWWWWW', 'g', 'ssssssss', 'jjj', 'hhhhhh', 'jjjjjjjj', 'tt', 'iiiii', 'hhhh', 'aaaaa', 'iiiiiiii', 'ssssss', 'gggg']
['C', '4', '4444444', '44444', '333', '44444444', '44', '444', '3333', '3', '33', 'CCCCC']
['MMMMMM', 'NNNN']
['iiiiiii', 'qqqqqqq', 'rrrrr', 'MMMMMMM', 'QQQQQQ', 'ccccc', 'j', 'rrrrrrr', 'RRRRRR', 'iiii', 'rr', 'qq', 'dddddddd', 'jj', 'qqq', 'dddd', 'ooo', 'cccc', 'ddddd', 'ppppppp', 'r', 'QQQ']
['jjjjjjj', 'jjjjj', 'KK', 'jjjjjj', 'KKKK', 'CCCC', 'LLLLLL', 'ZZZZZZZZ', 'LLLL', 'LLLLL', 'KKK', 'KKKKKKKK']
['YYYY', 'Z', 'ZZZZZZ', 'ZZZ', 'YY', 'ZZ', 'YYYYY', 'CC', 'YYYYYYY', 'nn', 'YYYYYY', 'Y', 'YYY', 'ZZZZ']
['77', '77777', 'III', '88888888', '88', 'JJJJ', 'vvvvvvvv', 'I', 'JJJ', 'II', '7777', 'JJJJJ', '7777777', 'JJJJJJJ', '88888', 'J', 'IIIIIII', 'JJJJJJJJ', 'IIIIIIII']
['IIIII', 'p', 'D', 'IIII', 'IIIIII', 'JJJJJJ', 'JJ']
['nnnnnnnn', 'R', 'A', 'P', 'nnnnnn', 'PPP', 'OOOOOOOO', 'm', 'OOOOOO', 'PP', 'mmmmmmmm', 'mmm', 'QQQQQ', 'O', 'QQQQQQQ', 'OOOO', 'PPPPPPPP', 'W', 'OOO']
['v', 'ccccccc', 'o', 'd', 'uuuuuuu', 'dd', 'LLLLLLL', 'UUUUUUUU', 'vvvvvv', 'cccccccc', 'UUUUUU', 'oooooo', 'uuuuuu', 'vvvvvvv', 'uuuu', 'uu', 'cc', 'dddddd', 'ooooo', 'LLL', 'UU', 'VVVV', 'L', 'vvv', 'vv', 'ddd', 'UUUUUUU', 'ddddddd', 'LL', 'c', 'u', 'uuu', 'pppp', 'cccccc', 'ZZZZZZZ', 'uuuuu', 'ccc', 'oooooooo', 'V']
['GGG']
['vvvvv', 'AAAAAA', 'U', 'VVVVVV', 'B', 'BBBBBBBB', 'UUU', 'BBBBBB', 'UUUU', 'VVV', 'VVVVVVVV', 'AAAAAAA', 'VV', 'UUUUU', 'BBBBB', 'VVVVVVV', 'VVVVV']
['aaaaaaa', '8888888', 'aa', 'AAAA', '888', 'BBBB', 'XX', 'TT', 'X', '777', 'BBBBBBB', 'WWW', 'bbbbb', 'WW', 'WWWWW', 'BB', 'bbbbbb', 'aaa', 'b', 'aaaaaaaa']
['z', 'EEEEEE', 'zzzz', '333333', 'KKKKKK', 'yyyyyyyy', 'eeeeeeee', 'KKKKK', 'oo', 'ffff', '33333333', '33333', 'KKKKKKK', 'EE', 'fffffff', 'zzzzz', 'yyyyyy', '22222', 'zzzzzzzz', 'ffffffff', 'yyyyyyy', 'K', 'LLLLLLLL', 'zz', '3333333', 'zzzzzz', 'FF', 'ffffff', 'eeeeeee', 'zzzzzzz', '4444', 'yy']
['777777', 'llll', 'S', 'rrrrrr', 'SSSS', 'TTTTT', 'SSSSSSS', 'TTT', 'SSS', 'SSSSS', 'TTTTTTTT', 'q', 'SSSSSSSS', 'iiiiii', 'SSSSSS', 'T']
['aaaaaa', 'bbb', 'sss', 's', 'ttttt', 'ss', 'tttttt', 'tttt', '22222222', 'ssss', 'tttttttt', 'ttt', 't', 'GGGGGG', 'sssssss', 'sssss', 'bbbb', 'a', 'bb', 'ttttttt']
['CCCCCC', 'HHHH', 'GGGGG', 'DDDDDDDD', 'HHHHHHH', 'DDDDDD', 'HHH', 'HHHHHHHH', 'H', 'GG', 'CCC', 'DDD', 'GGGGGGG', 'HH', 'CCCCCCCC', 'HHHHHH', 'GGGGGGGG', 'G', 'GGGG', 'HHHHH']