['23', '45', '410', '148', '194', '47', '389', '316', '484', '465', '409', '368', '343', '86', '100', '199', '96']
['370', '68', '294', '97', '149', '333', '192', '226', '353', '417', '449', '127', '378', '177', '49', '233', '326']
['276', '66', '98', '36', '201', '260', '275', '290', '322', '320', '466', '489', '92', '358', '446', '108', '349']
['3', '238', '217', '51', '351', '209', '195', '227', '493', '91', '171', '185', '102', '357', '128', '323', '439']
['390', '162', '203', '73', '426', '196', '451', '299', '124', '356', '388', '38', '452', '490', '321', '118', '421']
['5', '232', '103', '77', '296', '165', '197', '2', '112', '293', '398', '266', '207', '485', '229', '62', '174']
['57', '427', '460', '230', '55', '271', '4', '222', '454', '355', '318', '119', '46', '129', '85', '444']
['414', '39', '71', '168', '231', '219', '382', '362', '391', '228', '487', '43', '431', '434', '472', '481', '468']
['459', '104', '492', '116', '175', '52', '78', '314', '366', '467', '339', '344', '430']
['59', '41', '473', '105', '347', '268', '267', '367', '311', '281', '361', '477', '457', '305', '461', '256', '61']
['10', '74', '138', '186', '69', '405', '25', '158', '394', '433', '32', '198', '172', '212', '188', '306', '147']
['403', '120', '337', '480', '33', '235', '499', '26', '383', '395', '420', '393', '491', '56', '445', '295', '340']
['154', '288', '164', '169', '300', '332', '298', '428', '126', '435']
['13', '101', '279', '205', '237', '1', '301', '216', '115', '364', '58', '246', '153', '20', '84', '418', '146']
['53', '375', '110', '302', '170', '206', '35', '255', '236', '331', '450', '19', '462', '150', '334', '82', '269']
['132', '123', '111', '270', '401', '482', '90', '423', '121', '180', '399', '463', '495', '253', '50', '396', '160']
['387', '381', '437', '161', '402', '240', '272', '11', '336', '273', '432', '496', '67', '42', '76', '109', '360']
['113', '345', '163', '139', '37', '282']
['114', '0', '250', '220', '338', '107', '202', '151', '498', '182']
['313', '83', '291', '130', '404', '243', '483', '310', '458', '251', '286', '254', '327', '303', '210', '442', '80']
['264', '371', '308', '372', '211', '436', '141', '72', '179', '215']
['416', '65', '330', '386', '213', '407', '277', '309', '325', '373', '359', '469', '335', '475', '75', '136', '263']
['22', '54', '262', '289', '258', '34', '278', '307', '117', '259', '88', '122', '422', '166', '221', '40', '392']
['315', '8', '87', '183', '415', '173', '384', '471', '142', '140', '178', '81', '488', '176', '44', '494', '265']
['24', '406', '9', '16', '60', '280', '312', '354', '285', '408', '440', '448', '297', '152', '193', '200', '30']
['443', '70', '89', '6', '464', '249', '261', '99', '257', '397', '204', '441', '184', '374', '125', '14', '274']
['429', '239', '453', '12', '292', '181', '365', '456', '363', '346', '64', '94', '167', '145', '486', '214', '470']
['27', '208', '144', '155', '187', '106', '287', '143', '447', '379', '411', '377', '18', '329', '369']
['190', '248', '135', '324', '156', '17', '242', '252', '284', '21', '224', '380', '412', '245', '476', '48', '234']
['131', '241', '93', '424', '304', '425', '419', '376', '317', '218', '400', '413', '348', '385', '225', '478', '438']
['341', '342', '474', '28', '244', '350', '157', '7', '455', '133', '319', '134']
['31', '63', '95', '497', '159', '191', '223', '79', '283', '328', '29', '189', '247', '137', '479', '352', '15']