['247', '129', '103', '292', '488']
['104', '84', '163', '75', '17', '77', '246', '190', '110', '280', '114', '23', '124', '275', '158', '175', '106', '230']
['243', '25', '42', '307', '234', '279', '242', '342', '402', '487', '128', '257', '485', '259', '313', '256', '441', '454', '445', '486', '201', '384', '173', '248', '225', '468']
['317', '245', '394', '283', '303', '323', '343', '363', '294', '403', '440', '350', '364', '481', '458', '407', '321', '456', '312', '296', '209', '452', '153', '231', '98', '385', '202', '357', '390', '389']
['102', '24', '218', '362', '430', '399', '351', '113', '304', '372', '253', '54', '70', '178', '217', '450', '160', '223', '16', '464', '333', '33', '105', '52', '138', '176', '235', '5', '406', '431']
['29', '140', '45', '65', '85', '480', '125', '64', '3', '156', '63', '27', '422', '72', '40', '73', '13', '130', '126', '74', '49', '86', '56', '101', '21', '91', '277', '82', '15', '68']
['26', '46', '119', '11', '32', '146', '96', '0', '2', '131', '14', '266', '71', '159', '80', '88', '53', '180', '10', '139', '60', '152', '92', '79', '95', '118', '261', '59', '483', '57']
['7', '87', '107', '30', '167', '187', '207', '18', '182', '89', '94', '144', '6', '168', '271', '83', '179', '31', '211', '151', '44', '170', '288', '12', '90', '121', '181']
['137', '28', '293', '197', '208', '164', '150', '133', '276', '254', '39', '184', '451', '424', '470']
['143', '240', '55', '267', '320', '378', '249', '309', '340', '457', '250', '221', '429', '305', '405', '489', '162', '474', '147', '400', '437', '415', '41', '442', '360', '117', '265', '212', '477', '142']
['185', '50', '62', '145', '109', '100', '270', '20', '227', '165', '61', '236', '9', '490', '66', '432', '233', '269', '43', '361', '112', '290', '409', '48', '213', '274']
['482', '465', '469', '216', '171', '200', '423', '341', '311', '386', '308', '459', '471', '120', '169', '193', '166', '327', '222', '97', '355', '273', '4']
['260', '354', '299', '401', '392', '310', '314', '455', '352', '447', '324', '472', '382', '381', '408', '359', '369', '263', '347', '411', '195', '380', '397', '339', '298', '379', '330', '336', '287', '449']
['1', '418', '186', '188', '331', '198', '353', '239', '148', '215', '345', '205', '444', '122', '435', '228', '420', '286', '237', '224']
['226', '349', '232', '421', '51', '177', '388', '334', '297', '374', '300', '414', '426', '338', '329', '302', '335', '484', '377', '206', '81', '370', '328', '453', '204', '368', '383', '443', '358', '373']
['356', '476', '210', '428', '322', '365', '295', '315', '375', '395', '462', '412', '332', '318', '366', '433', '387', '460', '461', '241', '191', '301', '189', '289', '268']
['183', '161', '220', '438', '439', '306', '473', '326', '251', '346', '376', '416', '285', '262', '466', '316', '348', '337', '396', '427', '398', '391', '141', '404', '371', '417', '22', '413', '436']
['281', '157', '478', '149', '255', '410', '199']
['19', '38', '58', '78', '132', '229', '67', '244', '47', '238', '258', '111', '36', '284', '463', '34', '115', '194', '35', '108', '69', '37', '272', '76', '172', '123', '344', '99', '8', '448']
['291', '192', '127', '434', '214', '219', '393', '203', '264', '367', '135', '93', '325', '419', '479', '425', '319', '278', '154', '155', '196', '282', '446', '116', '467', '174', '134', '252', '475', '136']