['109', '395', '282', '138', '47', '428', '310', '263', '424', '404', '78', '284', '45', '125', '396', '131', '253', '123', '183', '250', '171', '243', '155']
['23', '371', '240', '70', '100', '318', '416', '75', '208', '323', '266', '193', '356', '438', '151', '333', '150', '85', '3', '87', '214', '351', '197']
['31', '8', '225', '94', '117', '140', '381', '120', '209', '232', '255', '172', '324', '370', '393', '110', '439', '462', '485', '60', '129', '202', '254']
['236', '239', '49', '102', '16', '479', '187', '139', '490', '93', '302', '105', '328', '394', '303', '384', '160', '68', '162', '300', '471', '387', '95']
['103', '73', '329', '119', '142', '222', '25', '7', '213', '28', '244', '440', '335', '474', '76', '355', '418', '413', '173', '32', '278', '425', '35']
['5', '257', '14', '74', '457', '143', '307', '163', '182', '354', '358', '121', '442', '149', '126', '464', '230', '43', '21', '146', '231', '234']
['207', '216', '44', '419', '17', '367', '190', '181', '305', '348', '431', '71', '224', '296', '177', '286', '346']
['30', '53', '38', '99', '261', '467', '83', '260', '158', '306', '469', '422', '375', '40', '444', '58', '476', '304', '210', '298', '489', '327', '336', '456']
['134', '97', '77', '55', '203', '229', '484', '238', '341', '166', '294', '450', '376', '399', '443', '186', '4', '430', '429', '156', '2', '295']
['212', '330', '192', '410', '147', '63', '488', '237', '249', '308', '350', '168', '283', '9', '90', '495', '128', '465', '382', '258', '52', '148', '200', '233', '104']
['392', '79', '414', '361', '342', '217', '271', '86', '39', '96', '477', '447', '122', '493', '347', '92', '111', '311', '256', '448', '81', '391', '127']
['11', '344', '80', '365', '26', '436', '157', '191', '218', '287', '153', '402', '377', '452', '130', '276', '319', '1', '221', '259', '374', '338', '67']
['463', '472', '188', '401', '226', '321', '167', '280', '353', '288', '309', '37', '69', '426', '185', '470', '56', '385', '18', '180', '112', '480', '475']
['116', '242', '325', '279', '88', '46', '289', '372', '326', '285', '154', '368', '316', '115', '473', '427', '369', '72', '33', '42', '228', '20', '497']
['13', '195', '106', '152', '199', '487', '332', '34', '313', '204', '235', '184', '451', '349', '468', '161', '91', '383', '247', '290', '137', '277', '164']
['15', '61', '84', '176', '118', '264', '48', '291', '314', '337', '406', '312', '6', '364', '437', '352', '98', '198', '415', '0', '178', '270']
['272', '267', '62', '19', '57', '141', '189', '357', '223', '201', '403', '340', '59', '486', '322', '453', '334', '499', '293', '299', '339', '400', '498']
['144', '398', '170', '433', '41', '145', '114', '65', '362', '420', '454', '496', '262', '421', '315', '345', '379', '22', '417', '423', '196', '435', '269']
['246', '215', '390', '133', '12', '281', '389', '248', '275', '124', '317', '89', '363', '386', '227', '24', '441', '380', '265', '445', '27', '449', '107']
['359']
['169', '66', '135', '301', '461', '101', '409', '108', '174', '54', '388', '411', '343', '483', '165', '373', '211', '10', '360', '194', '82', '64', '492']
['113', '136', '159', '205', '268', '251', '274', '297', '320', '434', '366', '412', '206', '51', '481', '446', '459', '378', '292', '175', '405', '245', '491']
['460', '331', '432', '273', '132', '50', '36', '252', '407', '494', '478', '458', '179', '455', '482', '29', '220', '219', '408', '466', '241', '397']