['Vertex233', 'Vertex422', 'Vertex61', 'Vertex160', 'Vertex376', 'Vertex137', 'Vertex262', 'Vertex360', 'Vertex309', 'Vertex282', 'Vertex166', 'Vertex40', 'Vertex159', 'Vertex66', 'Vertex291']
['Vertex43', 'Vertex161', 'Vertex59', 'Vertex68', 'Vertex387', 'Vertex222', 'Vertex107', 'Vertex242']
['Vertex365', 'Vertex82', 'Vertex153', 'Vertex356', 'Vertex231', 'Vertex323', 'Vertex257', 'Vertex185', 'Vertex163', 'Vertex354', 'Vertex435', 'Vertex56', 'Vertex397', 'Vertex92', 'Vertex167', 'Vertex277', 'Vertex373']
['Vertex223', 'Vertex123', 'Vertex51', 'Vertex371', 'Vertex46', 'Vertex188', 'Vertex403', 'Vertex120', 'Vertex71', 'Vertex264', 'Vertex378', 'Vertex148']
['Vertex351', 'Vertex164', 'Vertex244', 'Vertex156', 'Vertex105', 'Vertex312', 'Vertex423', 'Vertex175', 'Vertex392', 'Vertex202']
['Vertex45', 'Vertex329', 'Vertex165', 'Vertex240', 'Vertex197', 'Vertex249', 'Vertex405', 'Vertex364', 'Vertex55', 'Vertex297', 'Vertex208']
['Vertex86', 'Vertex248', 'Vertex284', 'Vertex49', 'Vertex255', 'Vertex246', 'Vertex416', 'Vertex326', 'Vertex428', 'Vertex230', 'Vertex96', 'Vertex275']
['Vertex89', 'Vertex400', 'Vertex207', 'Vertex104', 'Vertex116', 'Vertex138', 'Vertex211', 'Vertex128', 'Vertex226', 'Vertex44', 'Vertex103', 'Vertex127', 'Vertex221']
['Vertex76', 'Vertex279', 'Vertex293', 'Vertex162', 'Vertex288', 'Vertex425', 'Vertex118', 'Vertex377', 'Vertex111', 'Vertex191']
['Vertex114', 'Vertex147', 'Vertex87', 'Vertex345', 'Vertex343', 'Vertex289', 'Vertex83', 'Vertex219', 'Vertex374', 'Vertex190']
['Vertex367', 'Vertex90', 'Vertex313', 'Vertex303', 'Vertex330', 'Vertex338', 'Vertex325', 'Vertex241', 'Vertex321', 'Vertex430', 'Vertex133', 'Vertex372', 'Vertex234', 'Vertex110']
['Vertex91', 'Vertex214', 'Vertex189', 'Vertex319', 'Vertex144', 'Vertex194', 'Vertex245', 'Vertex427', 'Vertex382']
['Vertex52', 'Vertex158', 'Vertex383', 'Vertex155', 'Vertex252', 'Vertex170', 'Vertex381', 'Vertex339', 'Vertex50', 'Vertex417', 'Vertex239', 'Vertex225', 'Vertex97', 'Vertex404']
['Vertex235', 'Vertex182']
['Vertex117']
['Vertex270', 'Vertex215', 'Vertex438', 'Vertex98', 'Vertex278']
['Vertex437', 'Vertex136', 'Vertex179', 'Vertex256', 'Vertex296', 'Vertex143', 'Vertex292', 'Vertex380', 'Vertex411', 'Vertex299', 'Vertex229', 'Vertex201', 'Vertex53', 'Vertex141']
['Vertex236', 'Vertex124']
['Vertex58', 'Vertex431', 'Vertex112', 'Vertex426', 'Vertex402', 'Vertex316', 'Vertex54', 'Vertex337', 'Vertex370', 'Vertex129', 'Vertex366']
['Vertex139', 'Vertex302', 'Vertex352', 'Vertex419', 'Vertex410', 'Vertex406', 'Vertex95']
['Vertex65', 'Vertex398', 'Vertex268', 'Vertex152', 'Vertex260', 'Vertex300', 'Vertex340', 'Vertex388', 'Vertex130', 'Vertex102', 'Vertex193', 'Vertex358', 'Vertex84', 'Vertex272', 'Vertex183', 'Vertex122', 'Vertex42', 'Vertex47', 'Vertex251']
['Vertex220', 'Vertex186', 'Vertex332', 'Vertex307', 'Vertex389', 'Vertex421', 'Vertex413', 'Vertex361', 'Vertex328', 'Vertex209', 'Vertex420', 'Vertex375', 'Vertex210', 'Vertex259', 'Vertex171', 'Vertex217']
['Vertex342']
['Vertex386', 'Vertex324', 'Vertex216', 'Vertex108', 'Vertex72', 'Vertex263', 'Vertex408', 'Vertex176', 'Vertex348', 'Vertex62', 'Vertex355']
['Vertex434', 'Vertex331', 'Vertex177', 'Vertex224', 'Vertex401', 'Vertex304', 'Vertex93', 'Vertex250', 'Vertex101', 'Vertex135', 'Vertex347']
['Vertex320', 'Vertex134', 'Vertex265', 'Vertex67', 'Vertex359', 'Vertex385', 'Vertex199', 'Vertex412']
['Vertex106', 'Vertex283', 'Vertex285', 'Vertex57', 'Vertex266', 'Vertex346', 'Vertex63', 'Vertex132', 'Vertex151', 'Vertex146', 'Vertex172', 'Vertex333']
['Vertex399', 'Vertex305']
['Vertex384', 'Vertex228', 'Vertex357', 'Vertex308', 'Vertex327', 'Vertex203', 'Vertex306', 'Vertex204', 'Vertex145', 'Vertex60', 'Vertex206']
['Vertex69', 'Vertex149', 'Vertex369', 'Vertex258', 'Vertex174', 'Vertex349', 'Vertex78', 'Vertex157', 'Vertex253']
['Vertex150', 'Vertex301', 'Vertex70', 'Vertex318', 'Vertex247', 'Vertex77', 'Vertex310', 'Vertex390', 'Vertex267', 'Vertex205', 'Vertex187', 'Vertex322', 'Vertex184', 'Vertex218', 'Vertex73']
['Vertex353', 'Vertex271', 'Vertex311', 'Vertex391', 'Vertex424', 'Vertex344', 'Vertex195', 'Vertex429', 'Vertex88', 'Vertex286', 'Vertex81']
['Vertex85']
['Vertex415', 'Vertex439', 'Vertex131', 'Vertex298', 'Vertex200', 'Vertex94']
['Vertex74', 'Vertex213', 'Vertex335', 'Vertex274', 'Vertex414', 'Vertex433', 'Vertex100', 'Vertex115', 'Vertex238', 'Vertex212', 'Vertex168', 'Vertex80', 'Vertex125', 'Vertex180', 'Vertex126', 'Vertex140', 'Vertex232']
['Vertex75', 'Vertex287', 'Vertex409', 'Vertex394', 'Vertex261', 'Vertex254', 'Vertex315', 'Vertex362']
['Vertex48', 'Vertex336', 'Vertex227', 'Vertex393', 'Vertex276', 'Vertex418', 'Vertex396', 'Vertex436', 'Vertex142', 'Vertex196', 'Vertex379', 'Vertex395', 'Vertex294', 'Vertex173', 'Vertex350', 'Vertex243', 'Vertex113', 'Vertex407']
['Vertex169', 'Vertex121', 'Vertex237', 'Vertex154', 'Vertex317', 'Vertex178', 'Vertex290']
['Vertex41', 'Vertex368', 'Vertex198', 'Vertex181', 'Vertex99', 'Vertex109', 'Vertex295', 'Vertex269', 'Vertex432', 'Vertex64', 'Vertex119', 'Vertex314', 'Vertex192', 'Vertex281']
['Vertex79', 'Vertex280', 'Vertex341', 'Vertex363', 'Vertex334', 'Vertex273']