['0', '57', '46', '90']
['135', '27', '41', '129', '5']
['82', '79', '224', '91', '144', '142']
['3', '120', '103', '45', '194', '127']
['134', '54', '105', '16', '216', '20']
['199', '21', '202', '171', '163', '238', '174']
['146', '51']
['11', '157', '215', '7']
['34', '211', '72']
['81', '59', '109', '159', '209', '173']
['210']
['110', '128', '30', '131', '138']
['225', '62', '162', '29']
['53', '240', '248', '70', '213', '207']
['226']
['15', '237', '188', '64', '195']
['116', '178', '84', '35']
['231', '67', '187', '108', '234']
['145', '250', '102', '243']
['66', '55', '63', '201', '112', '167']
['154', '33', '230', '176', '39', '232']
['223', '61', '198', '56']
['181', '25', '122', '80', '85', '227']
['23', '147', '99', '242', '60', '111']
['113', '228', '235', '183', '160', '208']
['32', '132', '68', '219']
['26', '76', '106', '170', '221', '123']
['193', '40', '141', '177', '101', '73']
['200', '139', '179', '6', '155', '115']
['217', '205', '151', '161', '9', '37']
['8', '77', '130', '148', '168', '133']
['86', '94', '22', '119', '114', '117']
['83', '125', '182', '175', '17', '18']
['44', '4', '233', '185', '118']
['149', '150', '153', '184', '218', '169']
['1', '124']
['36', '93', '236', '10', '12', '121']
['2', '97', '164', '69', '98', '212']
['88', '245', '24']
['172', '78', '107', '38', '239', '158']
['166', '65', '165', '190', '95', '31']
['152', '136', '191', '220', '75']
['92', '192', '137', '140']
['104', '247']
['189', '222', '203', '244', '50', '229']
['246', '100', '74', '241', '47', '43']
['13', '156', '206', '196', '14', '87']
['143', '89', '96', '197', '214', '71']
['48', '52', '249', '19', '204', '42']
['49', '180', '58', '186', '126', '28']