['Leo', 'Jacob', 'John', 'Rowan', 'Angel', 'Preston', 'Maximus', 'Jude', 'Bentley', 'Theodore']
['Jackson', 'Simon', 'Walter', 'Nolan', 'Steven', 'Gabriel', 'Aiden', 'Knox', 'Nathaniel', 'Jonah']
['Isaac', 'Jeremiah', 'Bennett', 'Colton', 'Evan', 'Emmett', 'Declan', 'William', 'Elliott', 'Wyatt']
['Roman', 'Chase', 'Alex', 'Tanner', 'Manuel', 'Carlos', 'Holden', 'Nicolas', 'Colt', 'Gavin']
['Vincent', 'Levi', 'Charles', 'Anthony', 'Francisco', 'Richard', 'Luca', 'Daniel', 'Dominic', 'Jaden']
['Jason', 'Amari', 'David', 'Cameron', 'James', 'Emerson', 'Jonathan', 'Santiago', 'Mason', 'Sebastian']
['Brody', 'Leonardo', 'Max', 'Jax', 'Remington', 'Louis', 'Damien', 'Jose', 'Sawyer', 'Josue']
['Tristan', 'Brayden', 'Luis', 'Kai', 'Kevin', 'Cash', 'Joseph', 'Xavier', 'Legend', 'Asher']
['Oliver', 'Gael', 'Karter', 'Bryson', 'Zayden', 'Brantley', 'Zachary', 'Braxton', 'Caden', 'Ivan']
['Ayden', 'Myles', 'Marcus', 'Lukas', 'Clayton', 'Parker', 'Charlie', 'Cayden', 'Stephen', 'Robert']
['Lucas', 'Ace', 'Kaden', 'Ryker', 'Timothy', 'Abraham', 'Maddox', 'Bryan', 'Archer', 'Brian']
['Michael', 'Brandon', 'Axel', 'Jace', 'Brooks', 'Finley', 'Rafael', 'Mateo', 'Reid', 'Andre']
['Finn', 'Kyrie', 'Easton', 'Xander', 'Micah', 'Zion', 'Patrick', 'Ashton', 'Griffin', 'Derek']
['Ethan', 'Austin', 'Karson', 'Milo', 'Beckham', 'Tucker', 'Calvin', 'Diego', 'Tyler', 'Samuel']
['Abel', 'Victor', 'Zane', 'Emiliano', 'Kenneth', 'Ryder', 'Matthew', 'Alejandro', 'Jameson', 'Christian']
['Aaron', 'Ian', 'Carter', 'Erick', 'Jorge', 'Nicholas', 'Hayden', 'Eduardo', 'Logan', 'Cody']
['Beckett', 'Colin', 'Isaiah', 'Bradley', 'Dean', 'Enzo', 'Aidan', 'Mark', 'Beau', 'Greyson']
['Eli', 'Elias', 'Grayson', 'Dallas', 'River', 'Lincoln', 'Jasper', 'Grant', 'Judah', 'Carson']
['Jake', 'Kameron', 'Matias', 'Ezra', 'Riley', 'Leon', 'Julian', 'Corbin', 'Giovanni', 'Kaleb']
['Dylan', 'Caleb', 'Brady', 'Miles', 'Jaxon', 'Oscar', 'Andrew', 'Emmanuel']
['Omar', 'Zander', 'Kaiden', 'Weston', 'Christopher', 'Jaxson', 'Everett', 'Alan', 'Avery', 'Elijah']
['Edward', 'Connor', 'Ezekiel', 'Emilio', 'Lorenzo', 'Dawson', 'Gunner', 'Javier', 'King', 'Josiah']
['Maxwell', 'Alexander', 'Eric', 'Camden', 'Israel', 'am', 'Theo', 'Barrett', 'Jesus', 'Silas']
['Paul', 'Owen', 'Andres', 'Joshua', 'Peter', 'Felix', 'Thiago', 'Benjamin']
['Harrison', 'Matteo', 'Kayden', 'Landon', 'Rylan', 'Kingston', 'Luke', 'Kyle', 'Hudson', 'Martin']
['Elliot', 'George', 'Jayce', 'Nash', 'Phoenix', 'Hunter', 'Joel', 'Adam', 'Tobias', 'Blake']
['August', 'Ryan', 'Rhett', 'Chance', 'Graham', 'Thomas', 'Jack', 'Maverick', 'Adriel', 'Malachi']
['Adrian', 'Cooper', 'Juan', 'Noah', 'Damian', 'Killian', 'Messiah', 'Iker', 'Bryce', 'Jesse']
['Waylon', 'Amir', 'Jeremy', 'Wesley', 'Jordan', 'Antonio', 'Arthur']
['Justin', 'Henry', 'Paxton', 'Nathan', 'Jayden', 'Cole', 'Sean', 'Miguel']