['0', '193', '268', '320', '141', '230']
['367', '317', '77', '97']
['80', '291', '260', '162', '298', '362', '374', '211', '253', '310']
['3', '322', '254', '123', '252', '274', '235', '22', '363', '351', '385', '81']
['47', '194', '170', '257', '284', '109', '364', '330', '229']
['244', '23', '355', '169', '201', '107', '383', '302', '341', '295', '63']
['276', '86', '148', '185', '206', '319', '103', '366', '151', '245', '309', '26']
['203', '106', '217', '156', '287', '269', '300', '241', '382', '280', '145', '29']
['266', '285', '228', '117', '387', '58']
['9', '89', '140', '227', '67', '53']
['50', '21', '200', '31', '171', '270', '329', '191']
['334', '74', '28', '188', '331', '110', '337', '323', '64']
['190', '361', '158', '132', '172', '242', '163', '292', '127', '372', '44', '130']
['238', '396', '120']
['14', '174', '124', '255', '160', '289', '335', '219', '358']
['15', '55', '95', '116', '205', '179', '325', '146', '339', '76', '388', '42']
['16', '343', '261', '321', '251', '380', '147', '210', '115', '344', '121', '134']
['78', '297', '87', '177', '224', '313', '371', '212', '377', '167', '17', '273']
['180', '152', '178', '218', '96', '57', '338', '386', '4']
['60', '99', '168', '161', '299', '196', '181', '384', '370', '129', '233', '41']
['392', '393', '356', '258', '62', '328', '340', '369', '49', '36', '61', '279']
['90', '101', '308', '136', '381', '143', '133']
['272', '102', '142', '83', '157', '306', '114', '342', '226', '234', '34', '282']
['182', '215', '263', '303', '88', '283', '135', '82', '65', '324']
['365', '111', '104', '144', '184', '264', '304', '373', '108', '10', '223', '262']
['231', '119', '8', '349', '12', '305', '345', '202', '222', '400']
['220', '100', '204', '137', '209', '336', '301', '19', '25', '327', '199', '11']
['176', '389', '296', '187', '307', '347', '275', '139', '173', '395']
['225', '368', '91', '350', '348', '72', '353', '250', '346', '216']
['46', '311', '43', '189', '246', '207', '35', '314', '27', '326', '379', '294']
['30', '70', '150', '265', '71', '69', '259', '2', '278', '73', '175', '13']
['237', '290', '51', '18', '394', '357', '391', '243', '138']
['192', '232', '122', '271', '352', '333', '375', '7', '183', '208', '213', '75']
['33', '94', '153', '118', '267', '221', '165', '68', '105', '399', '59', '312']
['32', '315', '24', '154', '98', '155', '277', '354', '131', '288', '128', '126']
['197', '376', '378', '38', '45', '390', '214', '248', '66']
['332', '247', '236', '281', '149', '1', '239']
['37', '20', '316', '195', '6', '359', '397', '79', '164', '293', '40', '360']
['249', '85', '240', '92', '198', '93', '318', '398', '112', '286', '48']
['39', '159', '256', '166', '186', '113', '5', '84', '54', '56', '125', '52']