['Jazir', 'Nakaya', 'Soriya', 'Charlett', 'Trenise', 'Jax']
['Hannelore', 'Camill', 'Aleiyah', 'Elway', 'Davidjr', 'Quintasia', 'Shalonda', 'Ameerah', 'Chanze', 'Jamaad', 'Caliegh']
['Carena', 'Shardae', 'Mircale', 'Sameeha', 'Jabes', 'Kenzington', 'Tyannah', 'Handsome', 'Griffon', 'Makyra', 'Jeremias']
['Farah', 'Anela', 'Spartan', 'Noha', 'Ramses', 'Nakeya', 'Jdan', 'Zamyah', 'Keili', 'Stafford', 'Kaleo', 'Lada', 'Bailynn', 'Gertrude', 'Keni', 'Jalyiah', 'Dairon']
['Tanyla', 'Dhalia', 'Adysen', 'Loni', 'Elysha', 'Jerel', 'Janesha', 'Kapena', 'Marrius']
['Cliff', 'Taigen', 'Emmanuela', 'Marcellius', 'Amonti', 'Salif', 'Raeleigh', 'Carine', 'Alaija', 'Mailen', 'Jasahn', 'Kaeleen', 'Jezzelle', 'Jaleena', 'Thaddius', 'Kirrah']
['Jebediah', 'Dessie', 'Jacob', 'Zahriyah', 'Serra', 'Hesham', 'Reynaldo', 'Marck', 'Tasi', 'Matt', 'Kimball', 'Sinia', 'Rohil', 'Mikelle', 'Taye', 'Asha']
['Alayasia', 'Sheniyah', 'Marnae', 'Kairy', 'Kinzie', 'Laticia', 'Rey', 'Cordai', 'Shakila', 'Jayme', 'Bailei']
['Alyze', 'Sihaam', 'Ganon', 'Lailani', 'Sayd', 'Jos', 'Anastacio']
['Abaan', 'Mykaylah', 'Hallei', 'Bright', 'Nethra', 'Siena', 'Chidi', 'Nakari', 'Kensleigh', 'Zykerria', 'Anagha', 'Natsumi', 'Tashvi']
['Stefanny', 'Leni', 'Shamiyah', 'Jasiya', 'Byron', 'Detravion', 'Kenniyah', 'Donnelle']
['Salmaan', 'Aibhilin', 'Helaman', 'Tayyab', 'Marwan', 'Ricky', 'Vedika']
['Jaaziah', 'Isaak', 'Adriene', 'Sanae', 'Jaydah', 'Lukis', 'Daxen', 'Jandre', 'Olive', 'Shamaiya', 'Bow', 'Dainen', 'Eliziah', 'Fidel', 'Eddieberto']
['Adanna', 'Sincere', 'Aylana', 'Colie', 'Sharlene', 'Katarina', 'Khamil', 'Aryeh', 'Lealand', 'Jailon', 'Kirubel', 'Kvaughn', 'Treyson', 'Kayliann']
['Trinitey', 'Asa', 'Jaquis', 'Gauge', 'Nitzia', 'Joed', 'Merissa', 'Merlina', 'Jarem']
['Nishta', 'Yarithza', 'Jamaine', 'Marifer', 'Gyzelle', 'Coraline', 'Shamyia', 'Arsalan', 'Adaisha', 'Carsten']
['Miley', 'Dusan', 'Vyncent']
['Tajuan', 'Aarohi', 'Mezmariah', 'Leilah', 'Veena', 'Mikyla', 'Kaira', 'Zuzanna', 'Raphael']
['Meryl', 'Amor', 'Michai', 'Doyle', 'Zoiee', 'Ishmel', 'Akasha', 'Zackrey', 'Cynae', 'Dashun', 'Kameryn']
['Evia', 'Anadalay', 'Yarisbel', 'Khalee', 'Britnee', 'Ettel', 'Aley', 'Ally']
['Halo', 'Atika', 'Kaymi', 'Yaire', 'Leib', 'Shanaiya', 'Sabastion', 'Lizmari', 'Coi', 'Blaine', 'Ilyn', 'Sevren']
['Ryleeann', 'Jaleesa', 'Suri', 'Ebany', 'Kaeley', 'Donnovan', 'Desteni']
['Crystina', 'Nayara', 'Jirah', 'Tobias', 'Denize', 'Kobe', 'Estephanie', 'Keion', 'Jamiyla', 'Mylie', 'Mikea']
['Emmely', 'Tahir', 'Kenzlie', 'Tafari', 'Jemiah', 'Milene', 'Elisah', 'Jerriah', 'Dell', 'Tobechi', 'Mikaelah']
['Juliano', 'Sagan', 'Yavian', 'Merary', 'Michaell', 'Hakop', 'Maude', 'Abdulraheem', 'Prakruti', 'Keemya', 'Analiah', 'Deriyon', 'Markise']
['Adaley', 'Avielle', 'Osmin', 'Azeriah', 'Amritha', 'Deidre', 'Malaja', 'Noami', 'Abriyana']
['Charlize', 'Selena', 'Lauralynn', 'Tralaya', 'Deedra', 'Brydan', 'Shanell', 'Fe', 'Giannie', 'Lynia', 'Lilienne']
['Kalum', 'Niemah', 'Hashem', 'Artyom', 'Braeley', 'Aysenur', 'Mylez', 'Lakiyah', 'Monserath', 'Litsy', 'Liat', 'Kariana']
['Jesus', 'Apollonia']
['Anwesha', 'Iris', 'Hugo', 'Sydelle', 'Ancel', 'Ayahna', 'Fox', 'Cyris', 'Antonin', 'Guy', 'Kyo', 'Tam', 'Shy']
['Azavier', 'Seleen', 'Jophy', 'Adeleine', 'Kemily', 'Venezia']
['Terriona', 'Liann', 'Jalilah', 'Tayseer', 'Farha', 'Jema', 'Mckaylin', 'Emree']
['Jakelin', 'Lazaria', 'Rielly', 'Khloee', 'Tralyn', 'Jaimarie', 'Tacori', 'Rock', 'Soniah', 'Jahlen', 'Endi', 'Emilie']
['Alison', 'Avigail', 'Jovey', 'Aayana', 'Abdoulaziz', 'Marik', 'Benito', 'Gunther', 'Trystian', 'Jahred', 'Ahnaya', 'Eeliyah', 'Armita', 'Devaun', 'Sussy', 'Jatziry']
['Oviya', 'Nohely', 'Jameisha', 'Brinleigh', 'Montana', 'Jamear']
['Saheim', 'Mylani', 'Ingrid', 'Quintavious', 'Danyca', 'Zinia', 'Keyin', 'Mariaelena', 'Ellarie', 'Basha', 'Dyami', 'Dajana']
['Alieyah', 'Bristol', 'Thien', 'Renyah', 'Mykenna', 'Abdulrehman', 'Lilyonna', 'Rexford', 'Eleah', 'Hayven', 'Xaviel', 'Serenety', 'Kaymarie', 'Nalaya', 'Jaeline']
['Ori', 'Shannel', 'Navia', 'Antwane', 'Kitty', 'Sevastian', 'Feven', 'Cisco', 'Aizik', 'Katalina', 'Alyiana']
['Jamonte', 'Nancy', 'Haya', 'Jesalyn', 'Aman', 'Larrissa', 'Amr', 'Fabrizzio', 'Azzareya', 'Masud', 'Jeru']
['Aanyah', 'Delisha', 'Shiala', 'Cicily', 'Kay', 'Kenzo', 'Larry', 'Casondra', 'Vinnie', 'Andriy', 'Raymir', 'Citlally', 'Zolin']
['Sashya', 'Gracia', 'Cylah', 'Vanesa', 'Nidhi', 'Shelbee', 'Orren', 'Keyvin', 'Rayne', 'Taegan', 'Dragon', 'Zyeir', 'Kamora']
['Jarrell', 'Guadalupe', 'Seiry', 'Derionna', 'Takia', 'Chyna', 'Samauri', 'Demetreus', 'Janine', 'Delara', 'Natasia', 'Casandra']
['Antrone', 'Kellon', 'Yonason', 'Satomi', 'Alainna', 'Gwendolynn', 'Shahid']
['Rosalio', 'Quentyn', 'Evangelyne', 'Margie', 'Yajahira', 'Treyonna', 'Inaki', 'Jomary', 'Jaquan', 'Srinath', 'Dhyan', 'Khila', 'Dorcas', 'Ailene', 'Brenya']
['Vivica', 'Julia', 'Johnavan', 'Anouk']
['Jersi', 'Kyston', 'Harlem', 'Dominika', 'Marialy', 'Deliany', 'Jekeria', 'Zaahir', 'Mumin', 'Zayquan', 'Coulson', 'Gor', 'Ron', 'Leighann', 'Giankarlo']
['Artie', 'Marcellino', 'Dea', 'Thadius', 'Lamariah', 'Yu', 'Oluwatobi', 'Abhinav', 'Dereck', 'Kaushik', 'Timia', 'Daxx']