['455', '29', '87', '318', '19', '395', '35', '280', '155', '319', '439', '128', '132', '37', '260', '185', '83', '79']
['56', '30', '59', '9', '32', '175', '38', '449', '378', '407', '306', '421', '145', '435', '65', '410', '400', '114', '144']
['181', '431', '109', '231', '340', '242', '368', '234', '45', '321', '166', '403', '437', '487', '328', '139', '237', '325', '330', '436', '370', '244', '245', '423', '213']
['495', '178', '465', '148', '177', '222', '293', '322', '332', '283', '464', '76', '390', '320', '450', '483', '383', '124', '472', '479']
['180', '91', '149', '211', '375', '381', '152', '284', '183', '377', '135', '44', '376']
['459', '174', '216', '408', '150', '179', '196', '61', '475', '469', '116', '275', '204']
['401', '64', '122', '147', '4', '17', '238', '358', '364', '349', '354', '345', '359', '397', '392', '396', '430', '206', '389', '458', '360', '143', '188']
['7', '210', '398', '94', '254', '313', '317', '39', '24', '352', '288', '299', '219', '54']
['10', '291', '170', '324', '269', '374', '379', '486', '385', '127', '443', '130', '323', '363', '361']
['343', '402', '101', '96', '125', '239', '362', '270', '357', '273', '262', '367', '115']
['66', '329', '126', '265', '240', '264', '300', '387', '267', '416', '1', '136', '429', '271', '62', '412']
['11', '40', '98', '255', '243', '272', '156', '261', '290', '120', '50', '159', '214', '373', '184', '348', '233', '277']
['202', '481', '493', '305', '295', '490', '440', '74', '415', '467', '342', '85', '353']
['13', '42', '71', '100', '164', '117', '187', '51', '68', '253', '448', '63', '366', '417', '113', '335', '434', '89', '217']
['102', '471', '468', '21', '158', '444', '451']
['406', '388', '266', '131', '195', '218', '247', '197', '31', '391', '494', '191', '212', '161', '93', '208', '28', '278', '492', '49', '252', '207']
['203', '103', '80', '489', '8', '248', '298', '393', '422', '420', '43', '301', '108', '230']
['88', '75', '104', '84', '316', '92', '228', '473', '307', '336', '365', '394', '478', '86', '69', '67', '97', '276', '112', '331', '189', '110', '15', '121']
['6', '146', '105', '134', '232', '5', '221', '250', '279', '308', '337', '326', '34', '424', '453', '344', '310', '95', '303', '297', '411', '333', '142', '190', '12', '315', '409']
['48', '106', '14', '129', '404', '235', '77', '140', '309', '338', '460', '454', '432', '220', '47', '418', '294', '123']
['20', '442', '107', '282', '274', '223', '46', '339', '205', '441', '426', '119', '463', '201', '461', '438', '314', '154']
['491', '169', '163', '160', '224', '413', '151', '296', '427', '225', '485', '118', '382']
['263', '90', '138', '167', '405', '456', '347', '341', '351', '399', '446', '457', '356', '215', '2', '81', '350']
['285', '70', '226', '281', '78']
['53', '82', '111', '355', '198', '227', '256', '192', '302', '488', '99', '162', '165', '470', '312', '23', '168']
['480', '445', '36', '386', '257', '286', '72', '482', '452', '249', '477', '16', '466', '199', '327']
['26', '55', '414', '57', '0', '171', '200', '229', '258', '287', '18', '251', '58', '137', '133', '292', '474', '52', '172', '60', '186', '176']
['27', '268', '33', '153', '209', '259', '241', '476', '346', '311', '433', '304', '371', '73', '334', '246', '484']
['384', '182', '173', '25', '462', '289', '41', '22', '3', '157', '419', '193', '236', '141', '369', '425', '428', '372', '380', '194', '447']