['ARS', 'ALO', 'ADQ', 'AJK', 'ADV', 'AOK', 'APN', 'ADE', 'AHV', 'ABK', 'AKQ']
['ADG', 'ABQ', 'AEV', 'AFM', 'ABW', 'AMU', 'AFB', 'AMV', 'AQU', 'ADX', 'AOI', 'ARK', 'AAO', 'AHT']
['ABG', 'ARD', 'AIK', 'AGM', 'AIC', 'ATE', 'AMW', 'ARY', 'ASL', 'ARR', 'ABR', 'AFN', 'AAB', 'AKM', 'AEF', 'AHO', 'AQJ', 'ASW']
['AAD', 'ABS', 'AEX', 'ADP', 'ANJ', 'AJS', 'ALI', 'AON', 'AAG', 'ANL', 'ADW', 'ADT']
['ALB', 'ADY', 'AGB', 'AGE', 'AKK', 'ACX', 'ABH', 'ATO', 'AOO', 'AGN', 'ATM', 'ATF', 'AMC', 'ASY', 'AHS', 'AIA', 'ARA', 'ANT']
['AAF', 'AHR', 'AIS', 'AGP', 'ABM', 'ABB', 'AEO', 'AHI', 'AFY', 'ARU', 'AMD', 'ACO', 'AQF', 'AAV', 'ATG', 'AJM']
['AHA', 'AKV', 'ABC', 'AIG', 'AEP', 'ANB', 'ATR', 'AAL', 'AKE', 'AAK', 'APH', 'ABE', 'AGR', 'AKI']
['AHN', 'ALM', 'ACV', 'AOU', 'AKG', 'AQN', 'AQW']
['AAI', 'ABX', 'AHU', 'AII', 'ARE', 'AFH', 'AQS', 'AQI', 'ALD', 'AJO', 'AGC', 'APF', 'AAX', 'AQB', 'ASA', 'AJC', 'AAC', 'AEB']
['AAJ', 'AMK', 'ADO', 'AFL', 'AGT', 'APV', 'ARJ', 'ANE', 'AOT', 'ABI', 'AMP', 'ALK', 'ASS', 'ANC']
['APL', 'ACA', 'ABN', 'AFF', 'AGU', 'ABV', 'ANF', 'ABY', 'AQK', 'AEW', 'ACI', 'AEE', 'AST', 'AOC', 'ASP', 'AAH']
['AFS', 'ACB', 'ANU', 'ARL', 'ASO', 'ASK', 'ANG', 'AOV', 'AJI', 'AHK', 'ANP', 'ALU', 'AIB', 'ASJ', 'AID', 'ADN', 'AGD']
['AAU', 'ACC', 'ALN', 'AIM', 'AJY', 'ALR', 'ANA', 'ADJ', 'AQM', 'ASC', 'AOQ', 'AIH', 'AOA', 'APA', 'ADC', 'AMX']
['AAS', 'ALP', 'ADM', 'AKD', 'AIX', 'AOX', 'ASD', 'AHB', 'AKA']
['ALL', 'AEU', 'ALT', 'AQG', 'ARM', 'AQO', 'ASE', 'ATT', 'ASH', 'ATV', 'AEM']
['ADD', 'AQP', 'AEG', 'ATU', 'AFC', 'AOJ', 'AOF', 'AMY']
['AAY', 'AAN', 'ATA', 'AEI', 'APB', 'ADL', 'ADR', 'APE', 'AQY', 'AFE', 'AMI']
['AAR', 'ANX', 'ACL', 'AIR', 'AKH', 'APC', 'AGO', 'APD', 'ATP', 'AQR', 'APU']
['AIQ', 'AKR', 'AIJ', 'AHD', 'ATQ', 'AHL', 'ANN', 'ASI', 'ATX', 'ATW', 'AMF', 'ANK', 'AIF', 'ABP', 'ALA', 'AOD', 'AIU', 'AGF']
['ATD', 'AJV', 'AKP', 'ANW', 'AKJ', 'AIY', 'ATY', 'AOE', 'ACU']
['ALX', 'AFG', 'ABT', 'ANH', 'ARG', 'AMA', 'AKC', 'ATJ', 'AFT', 'AKB', 'AOH', 'ARI', 'AMN', 'ARH', 'AGY']
['APP', 'AHC', 'ANV', 'AHG', 'ANR', 'AKL', 'ANQ', 'AHQ', 'AIE', 'ASG', 'AHW']
['AAW', 'ACM', 'ARQ', 'AFR', 'AIW', 'ACS', 'ACG', 'AND', 'AAA', 'ASM', 'APT', 'AKO', 'ANO', 'ATK', 'AQD', 'APX', 'ACJ']
['AMM', 'ACN', 'AED', 'AHY', 'AOP', 'AHP', 'ALQ', 'AEQ', 'ASF', 'AQX', 'ASN', 'AQC', 'ACE', 'AGX', 'AGS', 'ARW', 'AJH', 'AFD']
['ACK', 'AIO', 'AEC', 'ANM', 'ATN', 'APJ', 'AGG', 'AIL', 'ADK', 'ALY', 'AIP', 'ART']
['ACP', 'ACD', 'AFO', 'ASB', 'AHE', 'AFU', 'AAP', 'API', 'AGA', 'AAT', 'AQA', 'AFQ']
['APG', 'ACQ', 'AOS', 'ABU', 'AJB', 'AMR', 'ARB', 'ABL', 'ATB', 'ALC', 'AQV', 'AES', 'ABD', 'AFK', 'AJW', 'ALV']
['AGQ', 'ACR', 'AHJ', 'AFW', 'AJP', 'AMH', 'AJA', 'APM', 'AMB', 'AGK', 'ANI', 'AKY', 'ADF', 'ASR']
['AGV', 'APR', 'AJL', 'AJN', 'AGW', 'ADU', 'ANS', 'AEJ', 'AHH']
['ACT', 'AOG', 'ALJ', 'AME', 'AMJ', 'ANY', 'APO', 'ALH', 'ADH', 'AOY', 'ARN', 'ATC']
['AJU', 'AAE', 'APK', 'AEA', 'AJQ', 'ASU', 'ATS', 'AFP', 'AFA']
['AOR', 'AEL', 'AOW', 'ATL', 'ALG', 'AML', 'AIN', 'APQ', 'ATH', 'ADB', 'AKF', 'ASQ', 'ARX', 'AKS']
['AIV', 'ACW', 'AEY', 'AKW', 'AJX', 'ADA', 'AFX', 'ABF', 'ARF', 'AHM', 'ASV', 'AOB', 'AHX', 'ADI', 'ARV']
['AJT', 'AEN', 'AJR', 'APS', 'ASX', 'AFV', 'AJE', 'ACF']
['ABJ', 'ACY', 'AOL', 'AQL', 'AJJ', 'AEK', 'ACH', 'AOM', 'AQQ', 'AMG', 'AJF', 'AAQ', 'AAM', 'AQT']
['AKN', 'ADS', 'ABA', 'AIT', 'AHF']
['AMQ']
['AER', 'AGH', 'AET', 'APW', 'ARC', 'AKU', 'AFI']
['AFJ', 'AGI', 'ALF', 'AMS', 'AKX', 'AJD']
['ABO', 'ARP', 'AGJ', 'AKT', 'ALE', 'AMT', 'ATI', 'APY', 'ARO', 'AJG', 'ALS', 'AGL', 'AQE', 'AQH', 'AMO', 'ALW', 'AEH']