['Carol', 'Dawna', 'Josephine', 'Alvin', 'Joe', 'Anthony', 'Gordon', 'Tony', 'Dale']
['Alicia', 'Alison', 'Chris', 'Latisha', 'Curtis', 'Dean', 'Edwin']
['Ida']
['Crystal']
['Kisha']
['William']
['Fred']
['Mae', 'Viola', 'Alexander']
['Pamella', 'Morgan', 'Sherri', 'Michelle', 'Emery', 'Marcella', 'Scot', 'Lena', 'Eva', 'Lillian', 'Kristine']
['Miles']
['Jorge', 'Brandon']
['Raymond']
['Travis', 'Cesar', 'Moses', 'Gertrude', 'Rosie', 'Bethany', 'Elia', 'Freda', 'Harold', 'Philip', 'Lynne']
['Mike']
['Kevin']
['Winifred', 'Wesley', 'Ann', 'Joanne']
['Mildred']
['James', 'Adele', 'Bobby', 'Juan', 'Joseph', 'Selina', 'Jessica', 'Nelson', 'Eleanor', 'Bonnie', 'Virginia']
['Laurence', 'Darrell', 'Krysten', 'Thelma', 'Maria']
['Carmen', 'Rhonda', 'Quintin']
['Wanda']
['Lucy']
['Steve', 'Teresa', 'Mack', 'Inez', 'Fernando', 'Annette', 'Natalie', 'Gregory', 'Alice', 'Dorothea', 'Sarita']
['Tim']
['Margert', 'Priscilla', 'Ernest', 'Christine', 'Irene']
['Tara', 'Lisha', 'Thomas', 'Rick', 'Ward', 'Ray', 'Bertha']
['Amos', 'Frederick', 'Jesse']
['Bernard', 'Ivonne', 'Reinaldo', 'Ouida', 'Michele', 'Elsie', 'Jonathan', 'Gilda', 'Steven']
['Troy', 'Pete']
['Andres']
['Gerardo', 'Everett', 'Margarito', 'Lahoma', 'Ursula', 'Ollie', 'Timothy', 'Calvin', 'Will', 'Dawn', 'Helen', 'Del', 'Jeff', 'Warren', 'Roberta']
['Tommy']
['Pat', 'David', 'Larry', 'Jason', 'Stacie', 'Stanley', 'George', 'Douglas', 'Richard', 'Gail']
['Joshua']
['Ruth']
['Kimberly', 'Kathryn', 'Juanita']
['Margaret', 'Blair', 'Erik', 'Derek', 'Sheryl', 'Victor', 'Anna', 'Reuben', 'Ellen', 'Lori', 'Corey', 'Lilian', 'Kirk', 'Miguel', 'Marlin', 'Sally']
['Louis']
['Joann', 'Patrick', 'Seth', 'Glen', 'Lyle', 'Lawrence', 'Judy', 'Cassandra', 'Kellie', 'Raphael']
['Nancy']
['Maureen', 'Mable', 'Lloyd', 'Ellis', 'Myron', 'Craig', 'Danny']
['Debra', 'Kenneth', 'Brenda', 'Shirley', 'Tuan', 'Diana', 'Michael']
['Laurie', 'Rebecca', 'Martha', 'Angelica']
['Brian', 'Phillip', 'Dana', 'Esther', 'Audrey', 'Jean', 'Phyllis', 'Matt', 'Winnifred', 'Veronica']
['Carmelita', 'Kelly', 'Lonnie', 'Nina', 'Stephen', 'Christina', 'Lewis', 'Garrett', 'Roberto', 'Eric', 'Myriam']
['Geraldine', 'Carole', 'Raul', 'Danielle', 'Jo']
['Robin']
['Wilma']
['Jeremy']
['Paul', 'Janet', 'Marie', 'Peggy', 'Roosevelt', 'Karren']
['Nicole']
['Maryann']
['Janene', 'Alfred', 'Burl', 'Rafael', 'Cindy']
['Jane', 'Hugh', 'Susanna', 'Kristin']
['Rachel']
['Gwen', 'Beverly', 'Kaitlyn']
['Marian']
['Molly', 'Marcelino']
['Ralph']
['Frank', 'Ana', 'Sharon', 'Selma', 'Wilson', 'Derrick', 'Pamela', 'Marquerite']
['Jayme', 'Eugenia', 'Cory', 'Jacob', 'Theodore', 'Rosalyn']
['Toni', 'Judith', 'Jimmy', 'Leanne', 'John']
['Deborah', 'Cheryl', 'Annalee', 'Stacy', 'Beulah', 'Elizabeth', 'Melanie', 'Robert', 'Keri', 'Lessie']
['Herbert']
['Hedwig', 'Vella']
['Clayton']
['Peter']
['Leigh', 'Alex']
['Mireya']
['Polly', 'Loraine', 'Randolph', 'Lydia']
['Donna', 'Lucie', 'Ashley', 'Monica', 'Lulu', 'Catherine', 'Antonio', 'Edward', 'Booker', 'Daniel', 'Lane', 'Olivia', 'Shannon']
['Cassie']
['Marco']
['Cecile']
['Wendy']
['Lucille']
['Kerri', 'Reginald', 'Raeann', 'Glennie', 'Cathy', 'Francisco', 'Leona', 'Andre', 'Carl']
['Irving', 'Adam', 'Harvey']
['Sylvia']
['Jeffery']
['Norman', 'Emily', 'Andrea', 'Grant']
['Clarence']
['Roy']
['Darlene']
['Ruby']
['Martin']
['Jodi', 'Pablo']
['Paula']
['Ronald']
['Kylie']
['Belinda', 'Pauline', 'Wallace', 'Donald', 'Gerald', 'Terry']
['Eura', 'Rosa', 'Ernestine', 'Kerrie', 'Mario', 'Beth', 'Dorothy', 'Mabel', 'Clarissa', 'Susan', 'Fredda', 'Charlotte', 'Bessie', 'Lana', 'Charles']
['Sam', 'Theresa', 'Mary', 'Lorraine', 'Linda', 'Jennifer', 'Suzie']
['Leticia', 'Therese', 'Willis', 'Doris']
['Justin', 'Albert', 'Willie', 'Clyde', 'Morris']
['Rolf', 'Caridad', 'Sofia', 'April', 'Jose', 'Bruce', 'Deanna', 'Georgette', 'Marilyn', 'Angela']
['Kim', 'Gloria', 'Stephany', 'Roger', 'Gladys', 'Walter', 'Glenna', 'Bradley', 'Matthew', 'Stephanie']
['Connie', 'Christopher', 'Sylvester', 'Melissa']
['Evelyn']
['Tamika', 'Fredrick', 'Ryan', 'Jeffrey', 'Marion']
['Ricky', 'Arturo', 'Ingeborg', 'Norma', 'Jesus', 'Marlene', 'Robyn']
['Joni']
['Amy', 'Gary', 'Constance', 'Cecilia', 'Tracy', 'Laura', 'Cornelius', 'Dennis', 'Karen']
['Guy', 'Betty', 'Domingo', 'Berta', 'Emmie', 'Christian', 'Marjorie']
['Kathleen']
['Jacque', 'Mark']
['Samuel']
['Eugene']
['Andrew']
['Ronda', 'Nola', 'Rosalee', 'Wayne', 'Barbara', 'Don', 'Tanya', 'Patricia', 'Reggie']
['Heather', 'Carlos', 'Katherine', 'Imogene', 'Jeanine']