['node335', 'node62', 'node94', 'node253', 'node97', 'node154', 'node96', 'node84', 'node305', 'node74', 'node93', 'node18', 'node405', 'node324', 'node360']
['node2', 'node328', 'node346', 'node364', 'node188', 'node77', 'node343', 'node371', 'node54', 'node11', 'node420', 'node285', 'node347', 'node370']
['node29', 'node315', 'node65', 'node302', 'node312', 'node402', 'node294', 'node295', 'node313', 'node304', 'node98', 'node61', 'node297', 'node311', 'node299']
['node388', 'node283', 'node25', 'node387', 'node367', 'node327', 'node407', 'node13', 'node91', 'node391', 'node362', 'node290', 'node325']
['node34', 'node342', 'node36', 'node129', 'node160', 'node378', 'node19', 'node158', 'node58', 'node167', 'node348', 'node281', 'node306', 'node89']
['node413', 'node171', 'node187', 'node221', 'node161', 'node159', 'node173', 'node26', 'node409', 'node408', 'node380', 'node208', 'node365', 'node17', 'node165']
['node374', 'node131', 'node162', 'node127', 'node377', 'node375', 'node379', 'node386', 'node133', 'node322', 'node126', 'node128', 'node193', 'node268', 'node267']
['node8', 'node20', 'node27', 'node163', 'node410', 'node47', 'node287', 'node52', 'node310', 'node411', 'node321', 'node45', 'node14', 'node155', 'node307']
['node196', 'node272', 'node164', 'node314', 'node157', 'node293', 'node252', 'node172', 'node56', 'node122', 'node241', 'node69', 'node298']
['node318', 'node403', 'node245', 'node243', 'node258', 'node263', 'node240', 'node68', 'node251', 'node31']
['node356', 'node351', 'node419', 'node259', 'node209', 'node350', 'node383', 'node316', 'node260', 'node247', 'node181', 'node264', 'node226']
['node43', 'node334', 'node198', 'node292', 'node284', 'node291', 'node265', 'node51', 'node44', 'node289', 'node111', 'node417', 'node384']
['node389', 'node203', 'node137', 'node60', 'node199', 'node63', 'node415', 'node219', 'node249', 'node416', 'node344', 'node214', 'node349', 'node218', 'node394']
['node103', 'node107', 'node337', 'node200', 'node231', 'node99', 'node216', 'node228', 'node237', 'node104', 'node49', 'node4', 'node256', 'node211', 'node152']
['node204', 'node114', 'node358', 'node300', 'node42', 'node269', 'node12', 'node166', 'node397', 'node239', 'node119', 'node46']
['node145', 'node153', 'node191', 'node55', 'node138', 'node57', 'node326', 'node22', 'node134', 'node156', 'node132', 'node151', 'node392', 'node130', 'node70']
['node48', 'node141', 'node24', 'node32', 'node185', 'node182', 'node276', 'node184', 'node320', 'node195', 'node125', 'node50']
['node80', 'node279', 'node235', 'node229', 'node72', 'node78', 'node352', 'node82', 'node248', 'node64', 'node76', 'node396', 'node254', 'node9']
['node71', 'node143', 'node224', 'node266', 'node88', 'node372', 'node148', 'node168', 'node144', 'node296', 'node225', 'node317', 'node142', 'node10']
['node169', 'node113', 'node110', 'node121', 'node390', 'node105', 'node206', 'node40', 'node270', 'node385', 'node139', 'node207', 'node117', 'node366', 'node135']
['node15', 'node146', 'node53', 'node16', 'node194', 'node238', 'node3', 'node92', 'node90', 'node102', 'node33', 'node28', 'node35', 'node286', 'node255']
['node288', 'node83', 'node177', 'node38', 'node303', 'node301', 'node332', 'node140', 'node331', 'node357', 'node309', 'node136', 'node190', 'node319', 'node101']
['node330', 'node175', 'node85', 'node81', 'node147', 'node178', 'node345', 'node174', 'node150', 'node373', 'node333', 'node329', 'node412', 'node353']
['node67', 'node210', 'node5', 'node170', 'node179', 'node180', 'node176']
['node273', 'node242', 'node414', 'node418', 'node308', 'node86', 'node368', 'node406', 'node369', 'node95', 'node6']
['node21', 'node341', 'node340', 'node118', 'node271', 'node192', 'node212', 'node220', 'node222', 'node336', 'node223', 'node398', 'node355', 'node278', 'node338']
['node7', 'node112', 'node120', 'node376', 'node79', 'node233', 'node244', 'node115', 'node201', 'node1', 'node116', 'node73', 'node232']
['node275', 'node59', 'node257', 'node183', 'node87', 'node230', 'node234', 'node400', 'node189', 'node274', 'node277', 'node197', 'node323']
['node100', 'node404', 'node109', 'node215', 'node246', 'node393', 'node395', 'node401', 'node124', 'node123', 'node399', 'node361', 'node205']
['node30', 'node37', 'node23', 'node213', 'node339', 'node381', 'node41', 'node202', 'node262', 'node39', 'node382', 'node75', 'node261']
['node227', 'node236', 'node66', 'node186', 'node217', 'node149', 'node363', 'node282', 'node280', 'node354', 'node250', 'node359', 'node108', 'node106']