['6', '201', '116', '127', '78', '202', '89', '171', '118']
['97', '176', '70', '50', '197', '20', '182', '12', '173', '80']
['223', '45', '25', '33', '75', '172', '53', '30', '238', '105']
['60', '149', '9', '34', '136', '108', '51', '229']
['4', '244', '128', '31', '157', '137', '121', '232', '245', '44']
['167', '13', '41', '133', '94', '96', '123', '139']
['125', '57', '162', '58', '8', '100', '166', '194', '14', '84']
['241', '83', '174', '168', '240', '192', '115', '66']
['7', '48', '28', '209', '220', '196', '130', '186', '132', '188']
['204', '235', '24', '0', '1', '143', '169', '11', '146', '106']
['63', '69', '120', '59', '249', '32', '119', '23', '165', '181']
['46', '38', '88', '144', '67', '103', '205', '225', '22', '211']
['148', '40', '93', '215', '117', '5', '207', '126', '15']
['99', '222', '26', '233', '180', '185', '36', '27', '76', '72']
['243', '179', '64', '79', '35']
['212', '18', '141', '37', '111', '21', '19', '187', '49', '102']
['134', '160', '224', '216', '56']
['153', '55', '112']
['95', '62', '129', '131', '210', '158', '217', '170', '161']
['239', '17', '104', '81', '82', '87', '73', '16', '151', '54']
['109', '138', '124', '114', '113', '164']
['77', '142', '247', '236', '184', '122', '203', '68']
['191', '107', '145', '190', '150', '206', '152', '189', '39']
['227', '226', '90', '52', '195', '213', '198', '71', '159', '231']
['42']
['86', '234', '221', '248']
['154', '175', '178', '61', '10', '140', '228', '177']
['155', '163', '85', '156', '230', '147', '92', '29', '110', '219']
['200', '218', '2', '183', '242', '214', '3', '135', '101', '47']
['43', '246', '193', '98', '208', '199', '74', '65', '237', '91']