['0', '50', '426', '150', '250', '405', '18', '267', '137', '315']
['1', '360', '435', '151', '201', '341', '301', '351', '401', '451', '16']
['70', '52', '133', '152', '277', '252', '302', '471', '402', '476', '364']
['3', '53', '103', '153', '203', '253', '303', '176', '403', '453', '269']
['162', '11', '104', '197', '204', '254', '246', '174', '404', '454']
['41', '357', '105', '155', '205', '211', '44', '355', '325', '455', '247', '51', '131']
['420', '348', '156', '206', '256', '306', '356', '460', '353', '243']
['96', '395', '107', '157', '425', '232', '307', '398', '480', '320']
['8', '77', '108', '47', '331', '308', '459', '188', '458', '407', '196']
['59', '109', '173', '329', '488', '359', '358', '132']
['10', '60', '110', '160', '210', '260', '475', '410', '34', '284', '79', '29']
['238', '61', '217', '161', '145', '261', '195', '361', '99', '9']
['347', '487', '147', '430', '212', '322', '312', '362', '412', '349', '209', '91']
['13', '63', '113', '163', '323', '262', '313', '363', '231', '251']
['86', '64', '225', '164', '242', '264', '220', '464', '286']
['15', '452', '447', '24', '215', '288', '142', '465', '378']
['224', '241', '216', '266', '316', '366', '415', '336']
['17', '116', '117', '167', '149', '291', '317', '140', '417', '424', '208']
['350', '68', '383', '352', '218', '268', '318', '368', '418', '22', '367']
['478', '69', '119', '185', '496', '319', '276', '389', '469']
['20', '2', '120', '187', '88', '270', '39', '278', '470', '183']
['21', '71', '434', '441', '271', '371', '379', '295']
['468', '223', '481', '172', '219', '272', '221', '372', '28', '27']
['293', '123', '159', '72', '273', '213', '373', '473', '85']
['165', '74', '124', '429', '400', '274', '324', '374', '467', '474']
['25', '75', '125', '175', '114', '477', '300', '375', '321', '310', '346']
['26', '76', '126', '304', '376', '343', '65', '327']
['97', '461', '177', '413', '202', '377', '427', '280', '222', '422']
['472', '78', '128', '135', '228', '384', '328', '244', '146', '19']
['229', '171', '129', '179', '207', '279', '259', '421', '354', '479', '442']
['30', '80', '305', '180', '230', '37', '330', '380', '4', '457']
['369', '81', '182', '181', '227', '281', '258', '381', '431', '397', '444']
['32', '449', '170', '134', '6', '282', '332', '382', '432', '482', '56']
['154', '83', '102', '66', '233', '283', '333', '118', '433', '334']
['199', '84', '236', '234', '239', '98', '121', '484', '23']
['35', '294', '169', '437', '285', '335', '385', '101', '485', '456']
['36', '14', '493', '186', '127', '466', '386', '436', '486', '200']
['275', '87', '450', '237', '337', '387', '235', '62']
['38', '138', '408', '490', '265', '257', '388', '248', '309']
['370', '89', '139', '189', '184', '289', '339', '419', '439', '416', '314']
['168', '90', '190', '240', '290', '40', '390', '440', '7', '489']
['311', '141', '166', '130', '226', '391', '255', '491', '287', '31']
['42', '92', '365', '192', '292', '342', '392', '492']
['43', '93', '143', '193', '73', '100', '393', '443', '58']
['67', '94', '144', '194', '428', '178', '344', '394', '494', '214']
['45', '95', '263', '5', '245', '340', '345', '414', '445', '495', '423', '463']
['46', '54', '122', '326', '296', '396', '446', '483']
['158', '136', '112', '338', '298', '297', '12', '57', '115', '497']
['48', '33', '148', '198', '406', '191', '106', '55', '448', '498']
['49', '411', '111', '438', '249', '299', '462', '399', '82', '499', '409']