['228', '150', '144', '241', '67', '354', '51', '252']
['307']
['108']
['246']
['490', '54', '48', '389', '473', '304', '391', '476', '148', '159', '18', '475', '302', '197', '107', '278', '400', '15', '225', '75', '390', '127', '371']
['138']
['366']
['7', '460', '404', '175', '14', '411', '401', '471', '383', '125', '227', '450', '49', '345', '13', '362', '300', '203']
['8', '177', '265', '429', '178', '102', '264', '106', '266', '154', '261', '324', '369']
['124', '95', '457', '418', '216', '111', '260', '409', '152']
['358', '310']
['80']
['173', '478', '162', '212', '469', '185', '412', '462', '116', '419', '47', '346', '251', '397', '405']
['171', '113', '285', '99', '160', '432', '415', '29', '427', '98', '170', '214']
['211', '0', '114', '323', '88', '316', '438', '243', '36', '280', '443', '338', '339', '250', '146', '295', '141']
['76', '477', '494', '365', '208', '230', '79', '489', '30', '349', '242', '306', '52', '21']
['357', '359', '413']
['163', '498', '167', '217', '103', '188', '342', '417', '226', '145', '56', '256', '183', '81', '168', '416', '312']
['368', '485']
['440', '317', '213', '480', '192', '431', '78', '446', '439', '60']
['20', '479', '19', '488', '309', '237', '420', '470', '86', '231', '455', '454', '308', '465']
['350', '121', '182', '202', '271', '421', '423', '422', '129', '482', '180', '286', '120', '130', '458', '272', '136']
['492', '122', '134', '222', '288', '481', '221', '101', '233', '283', '282', '327', '100', '336', '326', '341', '303', '259']
['274', '187', '396', '273', '215', '193', '353', '293', '258', '26', '105', '69', '463']
['210', '1', '245', '174', '153', '434', '313', '53', '377', '74', '428', '119', '6', '392', '433', '156', '472', '314', '22', '64', '104', '37', '239']
['83', '375', '425', '355', '5', '337', '209']
['31', '176', '276', '253', '315', '112']
['284', '277', '464', '275', '430']
['441', '128', '379', '328', '61', '66', '71', '72', '50', '63', '331', '62', '378', '402', '169', '218', '73', '70', '219']
['363']
['34']
['117', '483', '484', '466']
['32', '424', '132', '137', '223', '332', '333', '155', '459', '442', '381', '38', '320', '181', '16', '39', '207', '55', '9']
['33', '189', '133', '196', '468', '453', '348', '2', '452', '344', '325', '257', '204']
['399', '268', '248', '59']
['35', '85', '370', '376', '290', '496', '495', '486', '126', '82', '84', '151', '267', '414', '206']
['68', '435', '236', '436', '232', '474', '372', '220', '447', '318', '360', '491', '403', '448']
['42', '87', '352', '40', '287', '164', '186', '17', '487', '77', '380', '172', '97', '247', '149', '179', '499', '10']
['58', '184', '388', '224', '269', '110', '322', '57']
['351', '238']
['456', '140', '235', '340', '384', '426', '262', '123', '395']
['234', '91', '90', '191', '291', '25', '12', '28', '449', '254', '27', '142', '305', '298', '45', '270', '364', '23', '158', '361', '89', '255', '147', '143', '335', '201', '157']
['92', '321', '445', '93', '131']
['43', '281', '367', '115', '190', '329', '373', '109', '319', '398']
['44', '94', '41', '3', '244', '294', '249', '394', '451', '165', '467', '393', '263', '11', '161', '387', '279', '493', '166', '374']
['410', '195', '311', '330', '229', '65', '444', '437']
['96', '289', '497', '118', '292', '46', '194', '461', '385']
['135', '297', '296', '406', '4']
['386', '198', '343', '205', '240', '301']
['139', '408', '199', '299', '200', '356', '407', '24', '334', '347', '382']