['0', '4', '206', '165', '258', '164', '440', '24', '257']
['387', '284', '16', '276', '331', '386', '496', '464', '441']
['2', '57', '314', '167', '277', '332', '413', '56', '497', '473', '21']
['70', '204', '11', '78', '151', '442', '203', '79']
['352', '59', '114', '169', '279', '334', '389', '350', '214', '50']
['60', '115', '101', '280', '68', '445', '340', '283', '264']
['15', '61', '69', '428', '226', '446', '220', '1', '444']
['7', '62', '117', '172', '227', '75', '337', '405', '85', '80', '91']
['64', '63', '176', '77', '479', '14', '448', '87', '403', '451']
['9', '170', '119', '174', '219', '111', '83', '82', '449', '246', '65']
['268', '310', '233', '230', '192', '250', '190', '238', '256']
['355', '245', '231', '346', '341', '396', '18', '313']
['12', '67', '122', '177', '286', '287', '10', '76', '86', '417']
['491', '390', '123', '178', '175', '179', '343', '379', '326', '499', '242']
['222', '330', '371', '357', '188', '344', '399', '243', '338']
['211', '395', '30', '339', '478', '173', '466', '212', '455', '23', '468', '31']
['356', '71', '290', '181', '299', '291', '302', '180', '456', '168', '184']
['17', '489', '481', '237', '292', '402', '457', '234']
['129', '312', '128', '183', '293', '348', '458', '368', '294', '488']
['306', '347', '316', '349', '36', '421', '307', '81', '335', '73']
['218', '142', '232', '392', '137', '223', '393']
['321', '154', '422', '366', '241', '296', '351', '406', '187', '240', '248']
['89', '199', '44', '407']
['202', '106', '289', '454', '298', '353', '201', '300', '282', '281']
['40', '324', '320', '236', '409']
['25', '135', '26', '52', '278', '27', '182']
['53', '136', '191', '301', '105', '411', '345', '412', '370', '315', '309']
['166', '394', '460', '216', '247', '215', '467', '480']
['51', '262', '138', '39', '8', '303', '38', '126']
['102', '259', '171', '194', '249', '121', '359', '317', '336', '195', '225']
['472', '150', '140', '498', '400', '410', '415', '470', '255', '414', '452']
['134', '196', '197', '318', '416', '22', '94', '112', '459']
['32', '185', '33', '360', '362', '120', '125', '363']
['88', '388', '384', '380', '418', '401']
['34', '228', '323', '244', '263', '354', '430', '391']
['35', '487', '432', '369', '97', '475', '5', '462', '90', '383']
['217', '146', '431', '41', '311', '54', '159', '239', '45', '55']
['37', '92', '147', '297', '29', '221', '131', '477', '93']
['308', '275', '198', '235']
['193', '149', '153', '367', '141', '424', '224', '288']
['358', '95', '447', '260', '425', '463', '261', '408']
['133', '465', '110', '130', '163', '426', '205', '492', '113']
['420', '152', '207', '6', '372', '427', '482', '148', '58', '423']
['43', '98', '252', '319', '419', '132', '436', '42', '483', '254', '382']
['99', '209', '443', '208', '189', '429', '118']
['385', '145', '484', '265', '84', '375', '374', '485', '251', '471', '304']
['46', '439', '156', '494', '100', '438', '322', '155', '474', '495', '72']
['47', '157', '158', '267', '376', '377', '329', '200']
['48', '103', '210', '213', '3', '461', '378', '450', '266', '486']
['49', '104', '144', '143', '269', '398', '108', '19', '20', '305']
['160', '295', '162', '437', '66', '229', '490', '116']
['270', '96', '109', '285', '271', '453', '381', '373', '13', '139', '361']
['342', '28', '469', '435', '186']
['433', '434', '124', '365', '273', '325', '397', '493', '327', '328', '333']
['74', '161', '272', '476', '274', '253', '127', '404', '107', '364']