['20', '40', '209', '48', '58', '279', '314', '150', '280', '300', '333', '370', '454', '431', '178', '422', '426', '374', '113', '158', '295', '392', '65', '44', '364', '43']
['131', '218', '102', '472', '324', '427', '320', '224', '62', '301', '268', '372', '87', '482', '441', '233', '262', '287', '309', '130', '99', '169', '298', '41', '146', '185']
['1', '42', '409', '204', '380', '498', '128', '382', '495', '389', '89', '338', '361', '365', '444', '215', '284', '396', '371', '171', '35', '213', '69', '290', '201', '401']
['76', '334', '148', '83', '123', '143', '467', '183', '494', '400', '110', '383', '423', '414', '457', '217', '360', '188', '394', '86', '434', '480', '73', '104', '461']
['253', '236', '84', '342', '438', '144', '164', '419', '331', '105', '354', '384', '424', '234', '109', '94', '306', '377', '170', '159', '220', '80', '23', '398', '412']
['353', '381', '25', '240', '54', '440', '451', '120', '349', '274', '265', '52', '403', '448', '399', '356', '5', '420', '221', '74', '85', '140', '491', '151', '341', '464']
['0', '323', '64', '430', '88', '24', '373', '406', '93', '395', '339', '81', '245', '492', '180', '317', '33', '388', '68', '254', '267', '387', '443']
['193', '330', '362', '391', '425', '9', '206', '30', '347', '313', '321', '124', '275', '152', '289', '142', '249', '212', '225', '199', '393', '478', '181', '283', '21', '168']
['355', '205', '277', '108', '112', '115', '305', '63', '156', '154', '57', '369', '256', '367', '357', '37', '386', '189', '303', '46', '223', '248', '187', '32', '484']
['222', '261', '282', '17', '11', '229', '269', '329', '246', '182', '78', '294', '402', '4', '352', '100', '437', '167', '278', '96', '237', '3', '469', '176']
['474', '70', '413', '59', '202', '418', '299', '190', '210', '194', '318', '288', '141', '410', '118', '468', '14', '111', '270', '27', '238', '26', '192', '476', '8', '242']
['350', '160', '186', '343', '90', '134', '497', '191', '211', '251', '291', '442', '49', '458', '449', '95', '465', '136', '208', '368', '61', '137', '165', '319', '219', '75']
['12', '6', '325', '72', '10', '132', '346', '232', '259', '307', '292', '260', '432', '266', '404', '407', '196', '439', '336', '149', '473', '241', '481', '411', '447', '408']
['106', '243', '207', '133', '153', '28', '7', '345', '129', '293', '18', '127', '378', '385', '433', '429', '297', '34', '92', '226', '67', '479', '230', '327', '13']
['493', '485', '177', '446', '125', '174', '250', '455', '363', '107', '366', '487', '257', '405', '139', '122', '296', '166', '117', '470', '258', '79', '264', '29', '103', '453']
['214', '55', '155', '231', '195', '452', '499', '135', '335', '397', '435', '82', '255', '276', '38', '460', '344', '121', '227', '337', '36', '466', '359', '184', '456', '263']
['161', '66', '340', '116', '2', '376', '462', '463', '60', '496', '71', '445', '172', '315', '428', '486', '311', '322', '286', '228', '147']
['488', '56', '97', '326', '157', '197', '471', '163', '390', '15', '348', '200', '375', '162', '145', '47', '101', '126', '417', '247', '19', '22', '39', '436', '252', '351']
['475', '50', '272', '138', '328', '216', '173', '316', '358', '31', '239', '310', '421', '77', '114', '304', '53', '332', '271', '235', '459', '489', '281']
['175', '302', '483', '273', '119', '179', '477', '308', '379', '312', '98', '203', '450', '416', '285', '244', '45', '198', '415', '16', '490', '91', '51']