['ADK', 'ABX', 'ABL', 'ACM', 'AIT', 'AGQ', 'AGY', 'AHQ', 'AHI', 'AHO', 'AHJ', 'AHM', 'AOK', 'AIL', 'AGJ', 'AOQ', 'AIG', 'AIM', 'AAM']
['AJQ', 'ALL', 'AKR', 'ANX', 'AKT', 'ALG', 'ALY', 'ANA', 'ABZ', 'AKM', 'AJT', 'AMJ', 'ALU', 'AMG', 'AKC', 'AIS', 'ABH', 'AJV', 'AMW']
['AMR', 'AAT', 'AME', 'AJH', 'AOM', 'ALV', 'AAW', 'AOG', 'AKF', 'ANU', 'ALO', 'AIZ', 'ANG', 'ALP', 'AOI', 'APX', 'AML', 'AGD', 'AJU']
['ALH', 'ABP', 'AKG', 'AJP', 'ACF', 'AMB', 'ALF', 'ADR', 'ADD', 'ANF', 'ADE', 'AMF', 'AND', 'ALB', 'ACX', 'ACW', 'ALK', 'ACY', 'AHA']
['ALM', 'ALZ', 'ALS', 'AKA', 'ANI', 'ANW', 'AKU', 'ANV', 'AMM', 'ANE', 'AJY', 'AKP', 'AKW', 'AMV', 'AMN', 'AOJ', 'ANH', 'ALW', 'ALN']
['AJX', 'AMS', 'AQL', 'AQF', 'AIH', 'APF', 'AMO', 'AGK', 'AJA', 'AKV', 'ACD', 'AKX', 'APH', 'AFQ', 'ABR', 'AGH', 'APR', 'AGC']
['ADB', 'AJZ', 'AAZ', 'AJK', 'ACV', 'AOH', 'ACT', 'AMT', 'ALJ', 'ACK', 'AMC', 'AMY', 'ACP', 'ANC', 'ADQ', 'AAA', 'ADP', 'AMD', 'AMP', 'ABM']
['ADC', 'ANM', 'APN', 'ACU', 'AII', 'ACH', 'AGT', 'AHN', 'APV', 'AAP', 'AGW', 'AEN', 'ACL', 'AGU', 'ADG', 'AEU', 'ACZ', 'ACN', 'AOO']
['ADJ', 'ABV', 'AKL', 'AAU', 'AQC', 'AOS', 'API', 'ACG', 'ACR', 'ABA', 'APU', 'AED', 'AFA', 'ANO', 'ADH', 'ADW', 'AON', 'AOY', 'APY']
['ANT', 'ALC', 'AKS', 'AFT', 'ANR', 'AHL', 'ABC', 'AIN', 'ADI', 'ABN', 'ANL', 'AGE', 'AFF', 'ACB', 'AMI', 'AFB', 'AAY']
['APD', 'ABK', 'AOT', 'APM', 'AIA', 'AER', 'APE', 'AAV', 'AOU', 'APL', 'AEM', 'AAJ', 'AQD', 'AAC', 'AOW', 'AAQ', 'AQI', 'AQE']
['AIB', 'ABS', 'ACE', 'AGA', 'AHG', 'AGM', 'AIK', 'AFO', 'AFV', 'AJM', 'AJS', 'AGL', 'AIU', 'AIV', 'AFW', 'AKY', 'AGN', 'AOP', 'AIX']
['AEW', 'ADZ', 'AOB', 'AFG', 'AIP', 'ABE', 'ABW', 'ADU', 'ADM', 'ABY', 'AEK', 'ADV', 'ABU', 'AET', 'AEV', 'AQA', 'AQJ', 'ACC']
['AQN', 'AHK', 'AFP', 'AHW', 'AIJ', 'AIF', 'AIR', 'AQO', 'AHF', 'AIY', 'AIE', 'AEB', 'AFY', 'AIC', 'AFU', 'AGB', 'ABT', 'AEC', 'AGV']
['APJ', 'AHZ', 'APT', 'AQG', 'AOX', 'ACJ', 'APZ', 'AEE', 'AFL', 'AKH', 'AEL', 'ACA', 'ADL', 'AES', 'ADF', 'AEF', 'APK', 'AAG']
['ABJ', 'AEZ', 'AEA', 'ABO', 'AOZ', 'AFX', 'APS', 'AHV', 'AMX', 'AEX', 'AEY', 'APQ', 'APA', 'AIW', 'APP', 'AQK', 'AJE']
['AGO', 'AGF', 'AHU', 'AHH', 'AIO', 'AFZ', 'AGI', 'AAD', 'AFR', 'AGX', 'AIQ', 'AHB', 'AGR', 'APO', 'AOR', 'ADT', 'AHP', 'AHE', 'AAS']
['AGS', 'ADN', 'AFM', 'ABQ', 'AAB', 'AFK', 'AAK', 'AEH', 'ADS', 'AEG', 'AEI', 'AFD', 'AEO', 'AHD', 'AEQ', 'AFC', 'AID', 'APW', 'AGP']
['APB', 'AQH', 'AAH', 'AAN', 'ADA', 'ABI', 'ADY', 'ADO', 'ALD', 'ABG', 'AAO', 'AKB', 'APC', 'AOE', 'ABD', 'AJF', 'AFJ', 'AJD', 'APG']
['AOV', 'AFS', 'AMK', 'ANS', 'ALI', 'AFI', 'AKE', 'AFE', 'ACQ', 'AOF', 'AEJ', 'AFN', 'AQB', 'ANP', 'AJG', 'ACO', 'AAL', 'AAE', 'ACI']
['ANZ', 'AJO', 'AJL', 'AKI', 'AOA', 'AMU', 'ANJ', 'AKZ', 'AAI', 'ANB', 'AEP', 'AFH', 'AOL', 'AKJ', 'AJN', 'AMA', 'AOD', 'ADX', 'ALX']
['AOC', 'AJI', 'AMH', 'AJC', 'ALT', 'AGZ', 'AJJ', 'AMQ', 'AJB', 'ANQ', 'AAF', 'AJW', 'AKN', 'ALE', 'AKD', 'ALQ', 'AHS', 'AKO', 'AHY', 'ANK']
['AJR', 'AGG', 'ANY', 'ALR', 'AKQ', 'AQM', 'AKK', 'AAX', 'AHT', 'AHX', 'ABB', 'ABF', 'AMZ', 'ANN', 'ALA', 'AAR', 'AHC', 'AHR', 'ACS']