['UTYHJ', 'CYRFR', 'PEIBF', 'UHIOD', 'CCHLM', 'SACPU', 'IDOHH', 'SEVGN', 'RMHZI', 'PPBBM', 'ZZKGQ', 'VZFUK']
['GNDQJ', 'HOCJP', 'JCWPV', 'IXEZM', 'YKOFS', 'JMNIF', 'UEFBC', 'FMFZO', 'RRDGL', 'DZGQX', 'XYABI', 'POXWS', 'RUSXV', 'VKBEF', 'XQYCU', 'FIIIX', 'JECON', 'QNXTS', 'TPIXY', 'IOHXF', 'XLWDU', 'METWY', 'QQCGU', 'QJUJE']
['VHWPC', 'ZPWCF', 'AZDHE', 'NKEPZ', 'VLACB', 'VUZHE', 'IAASE', 'NLQQX', 'TJTMV', 'WGNBW', 'SEUJM', 'YPSZJ', 'XOUQG', 'RNMID', 'VISUM', 'EIREK']
['CYVWU', 'HDFES', 'ROVKN', 'SUEUT', 'UDFVU', 'IVYZR', 'UNSUE', 'CALHI', 'PARXO', 'QBGLN', 'FIUZZ', 'TARGC', 'PKUWP', 'SPSXT', 'DDGZR', 'ZLMYN', 'BEFRL', 'XPMAC', 'LCGFN']
['KSGPB', 'OMNEY', 'XADCG', 'CHCYT', 'ZYEMW', 'RSYQC', 'CSILO', 'DUQLN', 'XMZUX', 'ERXLL', 'NKLCQ', 'FCFIW', 'DOYMU', 'HAKPT', 'XGXRC', 'YTTKI', 'JPLIB']
['QUGAX', 'VFXSF', 'DNOMK', 'YVMFJ', 'QHQUF', 'GKYTD', 'PHXOS', 'VFWVV', 'ENWEC', 'BSOUP', 'XGCQB', 'VQUBW', 'UOYAH', 'JXKSJ', 'JWNLZ', 'VZNGS', 'DREMQ', 'CZQAC', 'ZOVBE']
['YIQHC', 'QMJUD', 'FSIEJ', 'WMAOH', 'ENHUS', 'JLTJR', 'GRUYQ', 'LQJNK', 'IPLJJ', 'BFHEV', 'VCMUY', 'EFPNV', 'XHKTV', 'IUTYE', 'PKECO']
['QYCKH', 'FKSNY', 'QFSQF', 'BCTKV', 'MQEVZ', 'WEYKU', 'IPMBX', 'PQYKQ', 'PUWYW', 'QFZCO', 'VNIQM']
['FPFHY', 'GPAYG', 'CZNRV', 'GKOUL', 'GJCQK', 'LRCXZ', 'BBDFQ', 'NCCJD', 'NHZCJ', 'FIPGX', 'BOOKC', 'DPJHM', 'ASGXO', 'NMWYK', 'HGAWC']
['RCWOS', 'LMZAF', 'HXGTU', 'BCKDA', 'FWTXB', 'KCPYN', 'XVOGO', 'ZSYGC', 'GPKTZ', 'QACAX', 'JPWDA', 'SYRST', 'DQJYE', 'ADKIG', 'FMMZU', 'QMBKL', 'SOVUQ', 'AQEWE', 'FYAYI']
['NSSHB', 'JGIMA', 'SPROB', 'FBZDZ', 'FQYNK', 'PRFNT', 'UTQPU', 'LESUW', 'EFRTR', 'TLAOJ', 'DFNDO', 'EIALG', 'VGWZF', 'EPEAQ', 'OENOT', 'IEEVC', 'VBXTL', 'GJYBX', 'YTXXV', 'YYNPW']
['DRVVY', 'HUNXU', 'CASYZ', 'ZKMSA', 'HKSDK', 'STJMV', 'SWZLI', 'WAZOJ', 'LHFOM', 'RVMXY', 'IQLHD', 'XOUQM', 'MCXWP', 'NCWPX', 'AUIRW', 'MBBZL', 'JRNKY']
['AIWJE', 'ZRLGV', 'RSFHX', 'JGBOH', 'WFPUN', 'AAEBS', 'BXGFY', 'BMNGE', 'KQZVU', 'MCVPN', 'CTLHM', 'GRIBM', 'POYSB', 'WNGHY', 'VYUHL', 'TJLUN', 'NTGQJ', 'QLDQR', 'FHCPP', 'JEHBC', 'OJTYX', 'KEPXD', 'NMUXG', 'DFZLH', 'SSZXS']
['USRDK', 'DOXUP', 'MMHOG', 'NZQKM', 'GPHCZ', 'PPGSA', 'RWIWJ', 'GZWND', 'SURGB', 'FFZNI']
['BNPMH', 'LMDUZ', 'NPJSC', 'QVEIA', 'MSZXR', 'BWKXY', 'NZAXS', 'OYGNB', 'UZTYA', 'EHCWU', 'WEDAM', 'NHBOU', 'EXSFL', 'QBYJR', 'MRNHH', 'MLWLT', 'FIBZD', 'KDMQW', 'XIGOI', 'KCWNV', 'ZNTDR', 'XBVDI', 'OHEWR', 'DBPXU', 'NNLIE']
['FESAS', 'VXNNV', 'KIEKF', 'DAPHY', 'ZXEUD', 'IHIWD', 'LYSRO', 'XQUPB', 'LFYYV', 'PAVOS', 'WTAGZ', 'ZCMCP', 'LCYZY', 'GKPPL', 'BBIGY', 'JGGQM', 'PDNXQ', 'FRHWO']
['FXFHY', 'WLODL', 'KDZDK', 'RWOPE', 'PCOTH', 'GDZSX', 'UMQRP', 'IYGUJ', 'PSMNV', 'PBEOM']
['CXMEP', 'HAPCQ', 'XYVAU', 'JTKTH', 'EGYBS', 'ZOHDS', 'VLXZD', 'PBAWW', 'RFDDK', 'VNNEP', 'DWGDE', 'XTFTT', 'LGPGN', 'TDICM', 'PADSR', 'VWLQP', 'YSBTR', 'WWCYP']
['KGDBH', 'UPNVV', 'NLQWV', 'JDDRN', 'MIMWO', 'QXETJ', 'YTVYR', 'KZBFF', 'OYLVF', 'QZGLO', 'TLKIE', 'LBYAL', 'JFKWJ', 'YPRRC', 'SIWEE', 'TYYLF', 'EBQJA', 'QSAIM', 'AXICB', 'ZMCMD', 'FSYHN', 'RDCHE', 'HAYKV', 'BHECC', 'LPRGT']
['KXFFP', 'MQWLN', 'YHWVK', 'VMRKJ', 'XDBSH', 'JJDHO', 'VKHOX', 'SDCRN', 'JAGAT', 'HVAAR', 'DTPHQ']
['PDSZU', 'DYIYS', 'SMDTK', 'GKLKQ', 'EAHZI', 'XZTVE', 'VSARS', 'GAQXI', 'EYYNC', 'ZUYFN', 'BXGAG', 'UDEWT']
['RISKG', 'ABQJV', 'AEXQY', 'YVULZ', 'QJRDV', 'REFDA', 'FYSSP', 'VUTIQ', 'UQJJY', 'TKEWX', 'TIZZI', 'LQGAI', 'TPIHD', 'NGBWQ', 'WTMZW', 'STZIM', 'TQUPW', 'NZQNY', 'JCAYK', 'ILRGH', 'EXERI', 'CRKWH', 'URMYA', 'XQQNM', 'NCXIY']
['MUUIL', 'GUJWH', 'OXZCV', 'UXUZX', 'BREAU', 'HZGVK', 'SLHLJ', 'YMAKV', 'VVMSW', 'IYMNE', 'ZMWJB', 'OEEYW', 'WZJYQ', 'XMJJP', 'OZSQX', 'WNDOP', 'LVMLT', 'AALPZ', 'SEJRA', 'AHXXM', 'FRVNO']
['KTXRI', 'QSIZR', 'JCTBB', 'UMQSO', 'RZJZX', 'ALNHK', 'HKBNA', 'GBEQY', 'FWKYL', 'KFWQL', 'RRFYM', 'ELBRQ', 'CRSZF', 'VSEBO', 'SLYUO', 'GXAOE', 'WHBFR', 'RAAAY', 'IBFSE', 'GWEZA']
['HIBFR', 'NRRFB', 'KEDYT', 'SAOVB', 'CSGGY', 'OVNTP', 'LYFLA', 'YQBLY', 'SCMKV', 'ELRTK', 'NEQMO', 'RMNKI', 'OBCSZ', 'DBXJE', 'CYMCE']
['TMCLZ', 'BHFJC', 'BVKPC', 'REVQE', 'KRMMY', 'PPAYR', 'SHEUT', 'WNBOI', 'AXIHL', 'DJQYY', 'VQTXV', 'GFWZF', 'PQEKQ', 'VGTYI', 'SUNJN', 'KBDMG', 'JMPSL']
['EWIJA', 'AEHLI', 'RLKNU', 'OPZLD', 'PUJOM', 'TJFHX', 'LEYDX', 'GAUGX', 'LJQBN', 'KEUTQ', 'MTXFY', 'DWCIC', 'NLPHM', 'YRTTG', 'BKFQR', 'RQZDB', 'UYUIP', 'JLETC', 'CWKNX', 'PREHL']
['GUGKR', 'JFOPY', 'FKMPO', 'SSWHW', 'ABAQL', 'VUPAV', 'RKMOC', 'PUFAY', 'CWZDH', 'ZNEQL', 'UHFXM', 'GUJWW', 'TEYRZ', 'FLAIE', 'TWVAR', 'ZRFKN']