['270', '343']
['1', '226', '371']
['222']
['228']
['339', '229', '258']
['237']
['7', '200']
['6', '21']
['354', '253']
['88', '141']
['348', '235', '356', '293', '245', '336']
['188', '38']
['424']
['14']
['101', '262']
['311', '346', '437']
['241', '304', '380']
['224', '250']
['19']
['334']
['327', '446']
['22', '136', '24', '291']
['427', '264', '425']
['122']
['443']
['403']
['387']
['368']
['370', '252']
['27', '209']
['359', '402']
['406', '256']
['33', '257', '155', '29', '92', '362', '277', '132']
['212']
['121']
['392', '244']
['43', '61', '221', '114', '158']
['96']
['318']
['40', '214', '148']
['395', '265', '320', '373', '301']
['332', '316']
['261', '420']
['314', '442']
['269', '324']
['444']
['46']
['272']
['305', '310', '386', '397']
['405', '298']
['70']
['352']
['309', '390', '295', '432']
['139']
['55', '421', '181', '64', '213', '135']
['56']
['335', '345']
['58', '282']
['271']
['416']
['140']
['286']
['365']
['288']
['172']
['117', '290', '219']
['67', '128']
['283']
['109']
['201']
['162', '39', '142', '71', '59']
['124']
['296']
['322']
['299']
['198']
['63']
['78']
['79']
['80', '337', '247', '207', '355']
['107']
['73']
['151', '4']
['84']
['249', '378', '287', '433', '388']
['177', '308']
['364', '303', '154', '431']
['414', '312']
['240', '313', '430', '242', '381']
['85', '211', '170', '41']
['91', '127', '31', '165', '116', '44']
['300']
['396', '317', '441', '321', '255', '93']
['18', '147', '180']
['95', '133']
['401']
['319', '408']
['98', '160', '193', '412', '23']
['60', '323', '11', '164', '169', '205']
['100', '126']
['325']
['102', '199', '54']
['186']
['104', '192']
['329']
['75', '190']
['49']
['82', '183', '120', '12', '157']
['137', '25', '87', '105']
['110', '20', '146', '30']
['111']
['204']
['194']
['376']
['115']
['227', '340', '239']
['410']
['429']
['338', '294']
['220', '344', '230', '254', '99']
['292', '369', '439']
['89']
['8']
['150']
['125', '349', '426', '168']
['350', '330']
['351']
['233']
['384', '236', '248', '411', '195']
['418']
['218']
['47']
['118']
['225']
['81']
['360', '185', '159']
['134']
['113']
['341', '434']
['16']
['385', '36']
['108']
['366', '263', '276']
['51']
['152']
['278', '436']
['306', '357', '358']
['5', '419']
['2']
['363', '374', '326', '234']
['375']
['372']
['377']
['182', '53']
['280']
['428']
['69']
['333', '382', '76', '145']
['74']
['197', '48', '331']
['223']
['347']
['37']
['173']
['367']
['166', '13', '144']
['167', '179', '72', '415']
['281']
['279']
['35', '156', '178']
['171', '86']
['389']
['268']
['417']
['175', '399', '103', '246']
['216']
['379', '65', '285']
['191']
['94']
['57']
['50']
['196', '32', '9', '62']
['266', '407', '394', '307', '297']
['217']
['267']
['131', '66']
['187']
['409', '243']
['52', '129', '210']
['275']
['353']
['90']
['10']
['83', '130', '189', '17']
['383']
['3']
['422']
['251', '398', '231']
['259', '404']
['119']
['289']
['138']
['203', '45', '163']
['112', '97', '143']
['315']
['206', '174', '274', '393', '42']
['176']
['208', '28']
['15', '423']
['68', '149']
['435', '260']
['273']
['153']
['232', '438', '238', '413', '361']
['284']
['440']
['161']
['391']
['26', '123']
['184']
['445', '328', '342', '77', '302']
['34', '106', '215']
['202']
['400']