['206', '132', '153', '67', '162', '35', '126', '281', '256']
['29']
['4', '137', '280', '288', '103', '267', '83', '252', '318']
['84', '203', '104']
['291', '201', '180', '290', '197', '255', '26', '20', '150']
['5', '141', '71', '205', '292', '142', '110', '274', '59']
['82']
['15', '237', '239', '108', '198', '243', '70', '146', '125']
['327', '194']
['215', '154']
['234']
['133', '65', '149']
['116']
['204', '114', '117', '321', '22', '229', '121', '172', '93']
['188', '161', '8', '248', '185', '120', '158', '138']
['183']
['38']
['44', '305', '50', '92', '122', '111', '61', '17', '186']
['244', '168', '284', '309', '322', '245', '46', '315', '147', '191']
['223', '228', '190', '14', '261', '286', '301', '262', '80']
['48', '31', '211', '270', '181', '10', '272', '98', '247']
['63', '283', '169', '106', '56']
['54', '273', '174', '263', '202', '293', '253', '140', '295']
['314', '279', '298', '118', '130', '134', '241', '308', '145']
['164', '177', '249', '176', '99', '232', '62', '96', '325']
['57', '208', '102', '296', '193', '30', '115', '136', '113']
['187', '28', '220', '0']
['294', '195', '131', '68', '78', '259']
['66', '184', '89', '222', '157', '268', '144', '254', '275']
['282', '278', '90', '79', '135', '250', '105', '304']
['75', '165', '139', '3', '231', '302', '107', '69']
['7']
['251', '313', '320', '212', '221', '127', '287', '218', '100']
['179', '64', '25', '235', '167', '41', '18', '32', '246']
['87', '200', '316', '42', '276', '152']
['319', '171', '260', '45', '214']
['51', '217', '76', '109', '189', '312', '13', '40', '73']
['129', '213', '299', '101', '219', '271', '155', '303', '300']
['81', '236', '58', '238', '285', '151', '216', '310', '233']
['170']
['36']
['24']
['34']
['43', '1', '6', '23', '173', '16', '128', '88', '112']
['192', '289', '156', '49', '209', '60', '269', '86', '210']
['224', '124', '324', '143', '311', '72', '225', '196', '317']
['175']
['326']
['264', '227', '265', '307', '323', '163', '166']
['258', '37', '207']
['47', '242', '226', '230', '12']
['297']
['55']
['123', '39', '306', '257']
['74', '199']
['119']
['91', '53', '27', '21', '182', '19', '160']
['33', '240', '11', '94', '2', '52', '77']
['159', '97', '95', '9', '148', '277', '178', '85', '266']