['111', '117', '115', '211', '109', '113', '213', '215']
['2', '32', '34', '92', '30', '28', '36']
['161', '33', '14', '238', '191', '35', '146', '31', '240']
['245', '65', '94', '184', '186', '152', '96', '98', '150']
['157', '3', '97', '95', '159', '5', '1', '93', '91']
['214', '210', '250', '216', '208', '246', '248', '212', '258', '256']
['7', '56', '137', '254', '153', '249', '247', '9', '251']
['182', '134', '29', '128', '103', '105', '74', '132', '107']
['244', '252', '69', '123', '177', '125', '67', '218', '121', '71']
['10', '227', '18', '130', '155', '220', '222', '12', '16']
['225', '217', '221', '219', '223']
['196', '194', '230', '76', '78', '226', '232', '228', '234', '190']
['13', '89', '119', '87', '6', '193', '4', '85', '15', '8']
['66', '179', '104', '108', '72', '70', '64', '106', '102', '100']
['75', '188', '120', '126', '118', '79', '124', '81', '122', '77']
['168', '164', '170', '68', '44', '42', '40']
['169', '262', '270', '268', '171', '165', '163', '167', '266']
['11', '261', '162', '22', '259', '253', '19', '27', '257', '255']
['233', '46', '48', '205', '199', '54', '231', '203', '201', '52']
['20', '80', '26', '140', '200', '260', '24', '136']
['51', '49', '141', '139', '204', '143', '206', '53', '202']
['58', '112', '60', '50', '114', '62', '116']
['23', '237', '83', '25', '243', '173', '241', '21', '239', '235']
['138', '166', '242', '144', '267', '142', '269', '39', '265']
['160', '263', '198', '47', '110', '156', '264', '154', '158', '192']
['41', '37', '183', '189', '43', '236', '181', '187', '185', '45']
['209', '57', '17', '63', '175', '59', '207', '38', '55', '61']
['176', '174', '195', '148', '178', '101', '180', '172', '197']
['147', '129', '73', '127', '131', '135', '133', '145', '149', '151']
['90', '224', '99', '84', '229', '88', '82', '86']