['438', '253', '164', '228', '37', '474', '466', '81', '61', '168', '447', '392', '207', '381', '195', '470', '119', '307', '348', '416', '298', '296', '49']
['233', '138', '402', '34', '467', '362', '193', '106', '289', '419', '101', '484', '340', '206', '463', '189', '305', '395', '255', '396', '242', '316', '383', '321', '454', '481', '12', '457', '264', '36', '358']
['285', '153', '44', '294', '194', '309', '429', '448', '401', '333', '112', '211', '48', '205', '311', '411', '415', '134', '336', '368', '54', '40', '366', '26', '147', '136']
['450', '347', '359', '301', '25', '277', '460', '250', '403', '116', '456', '331', '297', '453', '131', '377', '458', '129', '319', '391', '350', '433', '325', '149', '66', '275', '489', '190', '246']
['398', '314', '380', '300', '16', '114', '173', '178', '247', '365', '0', '143', '210', '408', '128', '219', '282', '378', '342', '274', '214']
['459', '235', '127', '446', '248', '435', '451', '227', '225', '240', '113', '399', '64', '430', '155', '79', '496']
['156', '135', '96', '256', '197', '58', '184', '487', '329', '245', '125', '223', '123', '280', '251', '346', '273', '177', '279', '94', '476', '27', '272', '442', '198', '67']
['183', '56', '221', '4', '473', '490', '471', '7', '421', '188', '62', '482', '46', '420', '338', '38', '124', '2', '376', '360', '291', '97', '284', '93', '343', '199', '209', '229', '239', '262', '465']
['55', '322', '8', '83', '220', '397', '370', '271', '310', '203', '443', '152', '243', '424', '74']
['95', '80', '181', '324', '187', '6', '9', '409', '32', '452', '92', '14', '1', '104', '172', '57', '257', '330', '499', '45', '20', '53', '3', '353', '39', '117', '107', '332', '406', '186', '140', '102', '434', '19', '115', '437']
['302', '292', '388', '65', '31', '196', '98', '244', '371', '355', '320', '469', '157', '169', '17', '269', '439', '315', '268', '90', '263', '105', '259', '163', '349', '89']
['345', '234', '428', '404', '231', '306', '270', '43', '354', '427', '218']
['475', '185', '201', '276', '166', '266', '15', '126', '441', '374', '13', '51', '170', '216', '281', '472', '161', '361', '133']
['385', '431', '200', '382', '103', '483', '462', '423', '150', '144', '339', '317', '337', '130', '445', '341', '323', '175', '86', '491', '11', '87', '224', '151', '165', '88']
['468', '24', '436', '75', '230', '479', '288', '405', '492', '351', '215', '5', '159', '498', '176', '283', '29', '71', '23', '410', '167', '495', '111', '85', '357', '477', '480', '344', '237', '293', '417', '367', '369', '426', '494', '84', '352']
['287', '334', '212', '77', '486', '76', '42', '373', '312', '412', '68', '158']
['162', '30', '414', '41', '110', '174', '328', '372', '180', '21', '202', '295', '232', '461', '455', '375', '413', '485', '120', '33', '379', '497']
['52', '384', '386', '100', '137', '335', '478', '50', '389', '171', '254', '208', '464', '179', '18', '260', '191', '78', '418', '444', '60', '73', '145', '422', '425', '142', '261', '182']
['290', '299', '28', '303', '160', '204', '132', '265', '91', '154', '226', '217', '488', '387', '82']
['148', '69', '72', '108', '22', '99', '192', '146', '222', '252', '440', '327', '258', '363', '326', '364', '10', '449', '390', '141', '308']
['236', '139', '304', '118', '109', '493', '267', '356', '313', '241', '407', '59', '249', '47', '213', '70', '318', '400', '122', '286', '393', '35', '121', '63', '394', '432', '238']
['278']