['363', '271', '39', '81', '89', '276', '244', '201', '221', '241', '140', '214', '323', '310', '191', '247', '239', '166', '151', '398']
['327', '120', '9', '162', '106', '202', '222', '252', '274', '40', '302', '322', '198', '171', '147', '339', '296', '128', '227']
['43', '399', '31', '309', '165', '384', '216', '303', '285', '105', '218', '64', '246', '211', '262', '44', '114', '370', '2']
['108', '142', '159', '118', '50', '231', '52', '213', '79', '188', '364', '121', '315', '87', '346', '152', '104', '341', '189', '224', '248', '28']
['153', '319', '30', '161', '333', '284', '145', '272', '132', '307', '380', '381', '259', '392', '131', '197', '16', '48', '168', '270', '396']
['155', '103', '126', '253', '149', '351', '237', '266', '369', '225', '94', '172', '194', '207', '180', '330', '254', '129', '368', '57', '116']
['148', '314', '316', '295', '11', '90', '77', '130', '174', '233', '46', '348', '257', '67', '375', '158', '122', '230', '76']
['8', '53', '68', '34', '25', '305', '287', '10', '80', '336', '372', '269', '135', '156', '320', '313', '74', '229', '210', '232', '86']
['212', '29', '365', '109', '127', '394', '35', '367', '143', '7', '184', '289', '329', '101', '389', '112', '379', '186', '21', '374', '301']
['388', '163', '41', '290', '340', '150', '170', '235', '82', '318', '136', '205', '288', '100', '356', '345', '258', '51', '59', '359']
['328', '279', '308', '137', '391', '61', '88', '294', '324', '144', '360', '393', '1', '6', '275', '390']
['12', '32', '107', '249', '119', '217', '265', '160', '358', '325', '331', '292', '312', '243', '352', '306', '169', '342', '58']
['13', '78', '65', '73', '54', '173', '85', '385', '273', '293', '240', '49', '353', '373', '139', '268', '206', '255', '56']
['219', '62', '113', '134', '242', '215', '347', '47', '354', '183', '223', '182', '70', '277', '260', '338', '245', '280', '193', '154', '38']
['343', '95', '344', '195', '199', '250', '311', '357', '335', '349', '395', '23', '291', '326', '350', '366', '361', '75', '66', '124']
['83', '96', '304', '386', '176', '4', '334', '256', '264', '387', '167', '376', '164', '236', '321', '267', '36', '5', '60', '123']
['17', '37', '24', '117', '208', '71', '177', '203', '63', '179', '297', '337', '110', '91', '200', '15', '209', '317', '146', '111', '72']
['18', '234', '98', '190', '138', '69', '178', '33', '238', '355', '298', '14', '97', '226', '378', '383', '26', '196', '377', '115', '45']
['19', '362', '42', '187', '99', '22', '93', '282', '283', '3', '382', '299', '204', '192', '27', '371', '181', '125', '228', '400', '332']
['55', '20', '141', '261', '175', '220', '300', '286', '278', '102', '251', '397', '263', '92', '84', '281', '133', '185', '157']