['44', '174', '124', '267']
['252', '251']
['197', '122', '204', '75']
['3', '173', '183']
['4', '85', '166', '203', '157', '95', '222']
['83', '207', '48', '243']
['74', '149']
['169']
['155', '15', '105']
['9', '121', '171', '82', '21', '102']
['181', '132', '26', '71']
['68', '254']
['111', '217', '96', '6', '199']
['13', '35', '175', '206', '228']
['14', '237', '92', '259', '64', '184', '262', '266', '104']
['210', '234', '67']
['97', '154', '80']
['235', '156', '232', '200']
['88', '180', '215', '153']
['19', '100', '143', '77', '50', '28']
['160', '182', '263', '247', '62']
['2', '112', '211']
['20', '146', '231', '265']
['170', '195']
['230', '246']
['150', '106', '187', '191', '269']
['58', '194', '188', '139', '189']
['27', '108', '264', '168']
['190', '179']
['29', '24', '78', '10']
['30', '12', '245']
['214', '226', '164']
['52']
['33', '255']
['56', '185', '131']
['196', '193', '152', '147', '238', '93']
['36', '38', '198', '172']
['229']
['161', '119', '227', '178', '0', '7']
['34', '224', '23', '225', '167']
['192', '57', '261']
['41']
['1', '127', '258']
['241', '250', '135']
['125']
['45', '107', '145', '218', '151', '103', '253', '40', '137', '60']
['51', '212']
['43', '117', '209', '73', '89', '134']
['63', '18', '177']
['49', '201', '65']
['129', '99', '61']
['142']
['70']
['76']
['54', '240', '216', '90']
['55', '136', '220']
['94']
['268', '144', '16', '133', '159']
['223', '22', '11']
['72', '140', '8']
['114', '141', '32']
['130', '110']
['31', '186']
['46', '138', '176', '109']
['242', '123', '202', '84']
['66', '248']
['81']
['148', '205']
['260', '128', '91', '42', '25']
['47']
['87', '98']
['233', '59']
['53', '5']
['69', '17', '39']
['219', '101', '236', '118', '86', '256', '249']
['120', '116']
['213']
['165', '158', '239', '37']
['221']
['79', '115', '244', '163', '208', '113', '257', '162']
['126']