['1', '21', '41', '61', '81', '83', '88', '85', '87', '53', '72', '62', '4', '77', '91', '35', '80', '44', '52', '13']
['292', '289', '282', '290', '283', '288', '281']
['43', '29', '7', '57', '18', '222', '31', '73', '15', '49', '86', '71', '22', '92', '2', '17', '11', '69', '60', '10']
['103', '162', '142', '197', '124', '144', '164', '104', '129', '163', '133', '184', '158', '110', '168', '123', '107', '113', '172', '156']
['286', '285', '287', '284']
['6', '38', '46', '96', '63', '39', '95', '51', '74', '9', '48', '3', '14', '65', '82', '12', '32', '93', '23', '84']
['177', '135', '189', '173', '147', '167', '149', '128', '157', '140', '186', '119', '179', '175', '130', '199', '120', '108', '143', '102']
['271', '299', '254', '280', '258', '226', '267', '268', '209', '255', '225', '201', '264', '230', '233', '243', '221', '207', '298', '297']
['237', '169', '181', '193', '198', '131', '101', '180', '165', '188', '191', '109', '145', '170', '139', '106', '200', '136', '137', '212']
['56', '30', '50', '70', '90', '76', '58', '75', '20', '40', '100', '33', '36', '25', '99', '27', '59', '94', '16', '67']
['295']
['300', '78', '66', '291', '148', '115']
['293']
['190', '117', '114', '185', '154', '151', '194', '125', '126', '174', '166', '192', '146', '112', '150', '134', '118', '171', '132', '176']
['55', '28', '8', '34', '24', '64', '19', '42', '54', '98', '97', '26', '45', '296', '37', '89', '5', '47', '79', '68']
['206', '263', '232', '203', '229', '217', '256', '213', '234', '215', '277', '247', '202', '252', '248', '208', '257', '261', '250', '235']
['294']
['182', '187', '183', '138', '178', '159', '160', '153', '195', '122', '155', '141', '111', '127', '196', '105', '152', '116', '121', '161']
['242', '238', '219', '239', '259', '279', '276', '272', '262', '270', '244', '231', '214', '278', '274', '205', '228', '223', '273', '241']
['210', '269', '204', '249', '218', '224', '220', '240', '260', '227', '253', '216', '236', '275', '246', '251', '265', '245', '211', '266']