['X5J', 'dLc', '5qS', 'gWT', 's3z', 'ZVF', 'Qyh', 'PoH', 'AKr', 'm5j', 'tKI', 'emD']
['klv', 'x86', '28R', '4nb', 'HkK', 'Kn8', 'etm', 'oSw', 'MQT', 'zTH', 'fFE', '8VG']
['EJD', 'czy', 'f9z']
['2mv', '3QX', 'NXP', '3kn', 'ZQL', 'i4H', 'XMr', 'mLF', 'D40', 'kte', 'ISX', 'lsG']
['I2S', 'CYA', 'nf5', 'Twl', 'qkE', 'x8V', 'iFt', 'a4K', 'Jla', 'NGB', 'xx7', 'oSh']
['EoI']
['FEQ', 'iTo', 'gTC', 'qPq', 'zfK', 'u1N', 'KRy', 'ptf', '4gy', 'cDc', 'L1u', 'rz4']
['wgA', 'Fmb', '5n5', '69w', '0gI', 'g08', 'rgC', 'YBr', 'I2i', 'cEk', 'b99', 'b9f']
['IJ1', 'BPL', 'Afe', 'ZxX', 'kiK', 'Wmv', 'FkC', 'BV4', '6na', 'HWv', 'E2A', 'bAf']
['EJa', 'fFJ', 'SiL', '0RD', 'QhQ', '9F9', 'Swe', 'Tn8', 'SV9', 'rYU', 'fKV', 'tFU']
['WLo', '1uW', 'nkl', '5U2', 'mLL', 'Mvm', 'bLd', 'kZ0', 'aLB', 'ZNv', '1gc', '17Q']
['OCL', 'txp', '1QY', 'rmu', 'QEF', 'VCH', 'U0P', 'Fws', 'tK7', '5Li', 'wqW', 'bA6']
['1aX', 'UPL', 'N08', 'wGp', 'YMC', '6ro', 'G2k', 'Y2z', 'UDc', 'Ot9', 'rC8', 'SMj']
['mGb', 'hHB', 'KZy', '6sH', '5jv', '4KN', 'Qa3', '9ug', 'PJa', '4LY', 'P8b', 'jWX']
['70K', '8uu', 'xqY', 'ux2', '6Ip', 'YUZ', 'a55', 'euj', 'dNX', 'Hyj', 'JWV', 'JVP']
['j3s', 'tEu', 'U0Z', '4p5', 'ttO', 'IZQ', '96X', 'mIe', 'vca', 'kYz', 'FbA', 'aTI']
['gEU', 'uZt', 'gEp', 'tm4', 'hYw', '8nm', 'JLF', 'iba', 'JyM', 'eGG', 'YNK', 'Jgp']
['PlJ', 'VVW', 'Xim', 'jEj', 'CU9', 'AcJ', 'b7z', 'Gu6', 'oak', 'oZQ', 'stN', 'GRw']
['VPb', 'upV', 'mFO', 'c3v', 'UmG', 'ziA', 'Ihb', 'hiF', 'gE4', 'pf5', 'ZY3', 'iiE']
['aZv', 'F9o', 'IU6', 'Ns3', 'YFC', 'nRH', 'Zc5', '2UA', 'AHs', 'cmd', 'mRG', 'ewc']
['W2Z', 'xLA', 'MNb', '0Qs', 'uVg', 'JYa', 'oUs', 'rMd', 'i9C', 'd60', 'Hi0', 'sfk']
['YEe']
['NyP', 'jGk', '4Nd', 'H9O', 'h6l', 'xz4', 'CwC', 'VAV', 'Eou', 'ULj', 'hQH', 'Qtt']
['nqI', 'zgJ', 'cFa', 'Hbr', 'lKO', 'oPH', 'XHa', 'LTB', 'H68', 'wwD', 'VoJ', 'iW8']
['sKX', '1xS', 'D5B', 'psG', 'KS2', 'Z7b', 'zfD', '9NA', 'BDE', 'X5a', 'pTi', 'VZ7']
['FzE', 'Epk', 'h3r', 'hct', 'gVV', 'WLk', 'gfv', 'e8d', 'dlb', 'xpw', 'PiG', 'qmj']
['blA', '0oy', 'U4K', 'Itn', 'WB2', 'AK4', '6pB', 'XlR', 's6M', 'uii', 'mUL', 'nQv']
['AJT', 'yLV', 'SFn', 'dSZ', 'rGT', '8j5', '27J', 'kT2', '2vJ', 'nc0', 'HvR', 'B99']
['LiP', 'PPi', 'fQ3', 'qLD', 'dvU', 'Bfu', 'PQT', 'bDO', 'xxJ', 'Qti', 'JcP', 'rXN']
['u9Q', 'yAp', 'e8H', 'ZFU', 'hdp', 'W8n', '00m', 'KGR', 'v6U', 'USE', '1RB', '19T']
['MrD', 'uGP', 'nQj', 'SmS', '4fp', 'J8r', 'WXJ', 'GUX', 'btz', 'X9s', 'iGU', 'vJC']
['Ql9']
['z1H', 'Hxo', '81k', 'xRH', 'JfN', 'e6S', '5zB', 'TUB', '0ID', '6Hl', 'vyM', 'mcI']
['GpL', 'uQL', 'qDy', 'DoC', 'slQ', 'tfQ', 'jFu', 'QDa', 'W4L', 'Pas', 'tpP', 'uH4']
['NiX', 'NqO', 'iS6', 'n99', 'gkI', 'PqY', 'zEh', '5i6', 's1n', 'O2z', '8uz', 'Ke0']