['20', '458', '140', '382', '448', '459', '497', '479', '321', '320', '447', '381', '400', '419', '460', '480', '21', '141', '383', '401', '481', '380', '498']
['410', '225', '220', '411', '441', '249', '221', '409', '250', '282', '283', '223', '187', '440', '462', '233', '232', '224', '222', '248', '281']
['1', '22', '310', '62', '82', '482', '122', '143', '121', '182', '23', '183', '184', '302', '322', '403', '362', '160', '402', '142', '146', '483', '361', '303', '81', '181', '144', '323', '145', '61', '120', '159', '123', '158', '360', '363']
['201', '43', '205', '103', '163', '379', '203', '247', '301', '377', '102', '206', '162', '104', '204', '378', '105']
['375', '44', '405', '376', '327', '45', '305', '461', '434', '433', '424', '435', '304', '423', '404', '425']
['439', '443', '65', '17', '64', '228', '246', '265', '386', '457', '325', '156', '31', '385', '442', '456', '157', '324', '264', '63', '229', '245', '326']
['6', '333', '453', '5', '353', '344', '95', '307', '332', '234', '286', '306', '346', '388', '4', '487', '446', '287', '92', '345', '352', '285', '96', '387', '91', '97', '98', '284', '235', '488']
['7', '432', '30', '364', '408', '406', '171', '207', '466', '470', '77', '469', '347', '367', '172', '407', '365', '431', '467', '208', '366', '76', '209', '368', '8', '468']
['36', '176', '132', '33', '88', '108', '129', '148', '147', '131', '427', '429', '349', '289', '35', '149', '348', '2', '428', '288', '328', '34', '107', '188', '128', '3', '87', '426', '430', '329', '130', '177', '133', '175', '189']
['48', '89', '109', '168', '169', '83', '308', '269', '491', '309', '268', '369', '492', '241', '134', '84', '490', '49', '489', '110', '85', '90', '242', '370', '170', '240', '371', '493']
['9', '70', '267', '180', '190', '86', '261', '32', '350', '351', '41', '106', '251', '266', '10', '69', '262', '42', '263']
['11', '236', '51', '72', '421', '334', '230', '12', '231', '450', '271', '117', '52', '449', '272', '237', '161', '420', '451', '471', '13', '50', '71', '422', '116', '270']
['191', '290', '165', '473', '112', '152', '167', '192', '291', '414', '166', '372', '373', '392', '413', '452', '472', '113', '153', '111', '151', '412', '393', '193', '391', '374', '150']
['276', '94', '436', '125', '173', '275', '213', '340', '214', '274', '485', '126', '226', '47', '46', '486', '174', '273', '124', '341', '484', '227']
['73', '313', '54', '74', '155', '115', '343', '154', '255', '342', '254', '55', '294', '314', '256', '202', '394', '292', '384', '455', '330', '164', '114', '315', '253', '395', '454', '331', '252', '53', '293', '75', '295', '257']
['15', '28', '137', '186', '27', '136', '185', '16', '135', '215', '14', '416', '25', '415', '0', '216', '24', '26', '29']
['57', '354', '298', '494', '195', '300', '196', '56', '194', '316', '335', '356', '355', '299', '319', '390', '389', '496', '317', '495', '318', '336']
['18', '37', '211', '127', '38', '39', '397', '277', '296', '244', '396', '212', '19', '278', '297', '243', '210', '40']
['311', '445', '312', '79', '78', '444', '179', '198', '238', '239', '259', '338', '178', '398', '418', '438', '80', '478', '260', '417', '477', '197', '399', '339', '476', '475', '437', '474', '258', '337']
['67', '464', '59', '118', '100', '119', '139', '357', '199', '219', '217', '218', '279', '465', '463', '93', '359', '68', '66', '58', '499', '99', '60', '200', '280', '138', '358', '101']