['0', '174', '244', '301']
['125', '54', '245', '367', '368']
['255', '124', '361', '352', '256']
['3', '1', '392', '4']
['126', '276', '370']
['5', '230', '371']
['107', '128', '372', '127']
['7', '251']
['253', '190', '374', '254']
['9', '131', '8', '375', '10']
['177', '425', '319', '334']
['227', '133', '2', '377']
['12', '88', '378']
['13', '135', '186']
['228', '225', '226']
['321', '84', '259', '27']
['344', '138', '260', '382']
['364', '139', '261', '68']
['114', '140', '44', '113']
['19', '387', '263', '385']
['20', '264', '386', '389']
['401', '143', '384', '141', '142']
['22', '144', '266', '388']
['293', '145', '204']
['163', '413', '390']
['25', '24', '269', '391']
['26', '148', '270', '369', '149']
['37', '258', '393', '395']
['151', '150', '272', '299']
['271', '28', '273']
['30', '275', '274', '396']
['103', '153', '240', '397']
['32', '154', '248', '249']
['33', '77', '342', '399']
['72', '339', '400']
['35', '280', '279', '409', '410']
['36', '158', '157', '159']
['347', '402', '281', '403', '284']
['38', '160', '282', '404', '39']
['202', '161', '283']
['40', '98']
['41', '303', '285', '302']
['42', '379', '286', '381']
['43', '165', '21', '162']
['289', '166', '288']
['45', '46', '262', '340']
['408', '168', '290', '407']
['47', '291', '146']
['48', '416', '104', '414']
['49', '171', '23', '415', '169']
['50', '172', '341', '170']
['51', '173', '295', '417']
['109', '122', '296', '418', '106']
['53', '99', '101', '93', '52']
['130', '350', '298', '420', '129']
['55', '405', '102']
['56', '229', '300', '422', '421']
['304', '365', '366', '305']
['58', '355', '376', '424', '423']
['59', '181', '147', '100']
['60', '182', '57', '426']
['199', '197']
['62', '306']
['63', '231', '307']
['64', '65', '308']
['317', '412', '80']
['188', '117']
['67', '189', '252', '66']
['309', '311', '312']
['69', '222', '87']
['118', '192', '193']
['164', '315']
['34', '194']
['345', '195', '257']
['363', '316', '318']
['75']
['76', '198', '320']
['16', '322', '15']
['250', '294', '214']
['324', '201', '323']
['373', '411']
['81', '203', '79', '78']
['82', '267', '268']
['83', '398', '327']
['137', '85', '134', '136']
['206', '207', '329']
['86', '208', '394']
['354', '209', '331', '353']
['328', '210', '196']
['89', '211', '333', '332']
['90', '212', '187']
['91', '380', '96']
['278', '205', '336']
['419', '215', '337']
['94', '216', '224']
['95', '217', '92']
['335', '218', '297', '221', '220']
['97', '219', '200']
['406', '287', '277']
['175', '314', '343']
['325', '191', '132', '326']
['239', '223', '241']
['330', '338', '346']
['31', '29', '167']
['292', '213', '112']
['105', '11', '349']
['14', '358', '360']
['6', '246', '351', '247']
['108', '61']
['185', '183', '184']
['110', '155', '313', '156']
['111', '348', '180']
['233', '234', '356', '232']
['116', '235', '357']
['179', '236', '176']
['115', '237', '359']
['265', '238']
['310', '383', '178']
['70', '152', '362']
['119', '73', '74', '71']
['120', '242', '121', '123']
['17', '243', '18']