['22', '130', '132', '154', '232', '299', '141', '242', '21', '2', '133', '298', '131', '173', '231', '243', '134', '41', '211', '1', '174', '42', '153']
['158', '329', '157', '177', '149', '178', '129', '328', '138', '137']
['168', '325', '347', '327', '377', '167', '324', '376', '398', '356', '355', '375', '378']
['3', '25', '286', '24', '105', '77', '247', '23', '362', '336', '4', '410', '227', '122', '399', '155', '294', '104', '267', '156', '76', '54', '46', '252', '67', '266', '75', '68', '47', '147', '96', '27', '117', '26', '411', '6', '5', '45']
['31', '13', '379', '161', '160', '11', '344', '180', '202', '200', '32', '345', '89', '88', '400', '116', '181', '52', '201', '182', '51', '401', '365', '364', '12', '69', '359', '384']
['223', '314', '357', '339', '334', '318', '203', '337', '385', '119', '338', '369', '19', '95', '393', '389', '179', '183', '241', '381', '99', '18', '221', '319', '358']
['293', '112', '260', '271', '261', '270', '292', '111', '109', '110', '291', '312', '290', '313', '272', '273', '311']
['330', '40', '310', '73', '93', '20', '245', '74', '244', '403', '72', '0', '94', '224', '402', '225', '92']
['71', '346', '144', '306', '184', '206', '165', '250', '185', '70', '205', '326', '251', '204', '186', '166', '164']
['84', '53', '113', '97', '240', '220', '406', '207', '82', '404', '187', '83', '33', '383', '405', '114', '363', '102', '407', '7', '103', '382']
['229', '142', '208', '230', '209', '210', '162', '190', '249', '228', '189', '188']
['123', '341', '143', '321', '360', '277', '163', '301', '361', '380', '278', '258', '302', '238', '322']
['34', '136', '78', '118', '135', '176', '275', '216', '342', '79', '115', '98', '274', '35', '80', '254', '196', '255', '14']
['48', '408', '145', '146', '29', '30', '412', '9', '409', '50', '28', '49', '8']
['233', '234', '213', '65', '288', '120', '90', '212', '91', '308', '100', '140', '289', '268', '66', '269', '253', '248', '309']
['121', '331', '81', '37', '60', '58', '235', '257', '101', '38', '307', '61', '287', '237', '256', '57', '236']
['16', '323', '56', '315', '295', '414', '374', '17', '15', '280', '343', '354', '55', '415', '335', '281', '316', '296', '276', '317', '297', '36']
['39', '151', '152', '172', '169', '279', '171', '259', '86', '59', '85', '413', '191', '44', '170', '150', '239', '43', '192']
['390', '193', '106', '128', '246', '194', '282', '226', '108', '370', '148', '126', '125', '262', '124', '127', '214', '215', '107']
['419', '320', '175', '418', '195', '139', '159', '300', '340']
['333', '305', '392', '304', '352', '284', '373', '372', '283', '303', '219', '263', '332', '222', '353', '391', '285', '394', '199', '264', '265']
['198', '64', '87', '62', '396', '387', '197', '63', '217', '367', '368', '351', '350', '395', '417', '388', '416', '10', '218', '366', '371', '386', '349', '397', '348']