['42', '114', '43', '9', '1', '115', '113', '11118', '108', '332', '58', '335', '78', '32', '105', '74', '111', '106', '68', '379', '312', '13', '279', '331', '451', '75', '70']
['130', '309', '125', '322', '35', '257', '253', '450', '157', '119', '453', '307', '394', '252', '254', '256', '36', '310', '306', '255', '122', '121']
['147', '124', '56', '152', '408', '273', '224', '446', '210', '302', '2', '462', '110', '120', '216', '452', '447', '1116', '211', '123', '409', '425', '270', '153']
['366', '22', '345', '24', '274', '11112', '57', '142', '23', '62', '369', '21', '344', '25', '60']
['423', '79', '420', '424', '266', '340', '258', '91', '11115', '11127', '338', '316', '421', '11128', '83', '82', '96', '422', '81', '80', '93', '339', '77', '11119', '337', '330']
['467', '448', '162', '378', '381', '354', '84', '314', '28', '444', '435', '317', '432', '163', '100', '89', '237', '29', '30', '34', '86', '465', '434', '234', '437', '380', '315', '464', '87', '90']
['4', '449', '165', '382', '275', '245', '8', '277', '164', '249', '445', '282', '10', '11', '12', '117', '161', '407', '1118', '11116', '392', '271', '285', '7', '166', '272', '112', '17']
['336', '97', '398', '383', '293', '291', '264', '390', '92', '400', '52', '288', '289', '184', '397', '290', '292']
['231', '186', '232', '281', '326', '276', '236', '187', '133', '53', '167', '49', '235', '182', '233']
['99', '1115', '227', '44', '373', '405', '333', '183', '406', '248', '229', '188', '228', '185', '94', '246', '48', '1111', '225', '251', '226', '377', '230', '403', '11129', '85', '404', '375']
['150', '441', '414', '401', '334', '325', '148', '267', '454', '329', '417', '154', '415', '151', '269', '149', '440', '158', '265']
['442', '241', '179', '160', '308', '242', '268', '159', '355', '155', '438', '11110', '11125', '1119', '311', '243', '244', '356', '156']
['460', '180', '376', '349', '456', '201', '178', '374', '218', '196', '177', '219', '220', '466', '222', '11126', '11114', '176', '372', '175', '463', '198', '181', '199', '221', '197', '200', '223']
['387', '11120', '217', '399', '384', '430', '371', '39', '313', '137', '433', '136', '278', '358', '370', '341', '59', '436', '102', '5', '103', '368', '104', '388', '101', '385', '41', '138', '135', '367']
['0', '11122', '457', '391', '461', '247', '250', '116', '139', '118', '459', '395']
['215', '419', '212', '143', '213', '305', '50', '47', '240', '144', '40', '3', '443', '46', '280', '140', '238', '214', '51', '416', '11113', '11111', '239', '45', '439']
['431', '263', '393', '328', '363', '11123', '402', '428', '365', '418', '11124', '260', '396', '429', '427', '426']
['71', '209', '73', '129', '262', '72', '76', '297', '128', '107', '207', '131', '88', '299', '259', '126', '203', '261', '132']
['61', '410', '346', '343', '324', '347', '146', '412', '202', '141', '413', '1113', '54', '411', '1114', '145', '342']
['362', '11117', '204', '304', '296', '127', '361', '65', '27', '294', '303', '206', '301', '208', '26', '360', '300', '11121', '364', '205', '327', '63', '66', '69']
['33', '37', '318', '6', '55', '109', '190', '171', '458', '321', '31', '320', '173', '189', '1112', '172', '319', '323', '38']
['168', '386', '359', '283', '287', '170', '352', '191', '134', '357', '286', '174', '353', '351', '348', '350', '389', '284', '169']
['455', '67', '195', '14', '16', '192', '1117', '98', '193', '95', '18', '194', '64', '15', '298', '19', '20', '295']