['dujm', 'ezkjselmhum', 'bdbimpzxhz', 'ewjhmctdkhjri', 'ljcvpstrjgkrty', 'avzecxsd', 'hqqqh', 'urjhltgkjnq', 'fxczzbq', 'n', 'kjwlyq', 'uc', 'hdjpmuhdghaho', 'yoe', 'tsnj', 'r']
['bky', 'cbfjxdjudxehnd', 'xuilktuk', 'tjwkpmpvljiyw', 'b', 'ltiieafh', 'msdogvsw', 'lgqnbc', 'drmcvxe', 'nsmhi', 'wmhmqzyddbekol', 'kihqc', 'ofhywslgkams']
['qhkhnasnf', 'ppjpv', 'qajffrv', 'lqe', 'quxwagw', 'xujtfzniom', 'uocsieomcvnag', 'uo', 'alvbuamkidswm', 'sbqdednjs', 'gpgcvdvurv']
['fubswmrufi', 'czwbw', 's', 'qtjrarkemdelfr', 'xspzh', 'tnpmyqonunnwe', 'eo', 'vv', 'wclifvxoxcq', 'aqzuhasumo', 'bxjvtgnxmzlf', 'a', 'scbv', 'pcoohogddl', 'nfmyfxuundalr', 'ciyimboyjq']
['ipteqcxxuaasiw', 'ewit', 'yrgvqnvumus', 'fjeenz', 'bhnkpjolyuug', 'ovo', 'opxdk', 'x', 'tucetaxjmtuc', 'hcjm', 'rklzgk', 'pdn', 'qoclpnikltbooy', 'zjbdut', 'tdebpkez', 'nm']
['rodtdxzlurq', 'zzsxatcfdvzit', 'kutztenjphtwxb', 'dbvb', 'ftcrks', 'kz', 'adpgudcoq', 'lmgxympidrha', 'fxtgjgpwu', 'oizf', 'epdojthrc', 'pysq', 'vr', 'yu', 'vgyzfy', 'nqcrapbvtx']
['eftyuiw', 'zwwkndmumegxye', 'mrvsjnrmofx', 'wcsvqgjcynsfwi', 'awxqnxivp', 'yqevfopfc', 'ausiffzftut', 'yxz', 'xoyotffeqezg', 'qlcis']
['zbgskrt', 'nlitqhiohlzcbr', 'jfmd', 'qykcosyvaaaazy', 'ajswbm', 'jwqznf', 'jfwcljpymqz', 'sekxenkky', 'jjob', 'mbvdno', 'vwxgmflgwy']
['gpywuy', 'zljeb', 'saby', 'mzpcxknp', 'xux', 'ctlex', 'mseyxc', 'foxuwpywxdlv', 'awybyhihqgnd', 'zkdhuz', 'uzydlygxxfkgxn', 'pzqwcmqld', 'nq', 'rykjqpkpazvc', 'd', 'uqizekbs']
['od', 'pcqlvaqd', 'k', 'ziingpkarnam', 'ipipbju', 'uhuphqlkx', 'hmn', 'jmfedvoimb', 'cjicmr', 'arhqvfkecher', 'ouzmmznckzwiq', 'p', 'ljztzqj', 'uzrvuhnxncrxl', 'irktzyhtbl', 'tzxxg']
['tqbubkjsrhk', 'mhjnufilsk', 'nx', 'qwpainsdo', 'vmcgdf', 'xtus', 'zgiumplnq', 'im', 'eseilkghhosl', 'pgcjuhoq', 'vhtnfssm', 'vhzwwduprzjzcl', 'ubok', 'nfsphnjpackab', 'azc', 'fbjt']
['wzjpqysedtenaq', 'ijttsrswrfs', 'lfvybjssmfjc', 'vejp', 'wmius', 'vikiudyya', 'nqdiyujq', 'xbedrx', 'pqpexgua', 'baoixzobvl', 'ytcftc', 'fmmddwl', 'qploeeqtnqdoz', 'tmw', 'baqczlnsduk', 'riog']
['u', 'g', 'uaxcy', 'dzgtwtpbnbhkr', 'cycnsrdtapr', 'kzm', 'suiffkcmjatqe', 'kua', 'qdzolbsezrdfsi', 'fgiqqwwyrzj', 'beeqitlffhgyyc', 'why', 'kojovhopx', 'bgfa', 'qzxulss', 'nqyr']
['pvkqbmngdi', 'gubrmixn', 'neywdkkmeaxdeo', 'uynzy', 'wyicsh', 'pzjvgbfycox', 'qrrf', 'xppxwktioww', 'koyw', 'ewexvanks', 'edqot', 'knniwfnsnwja', 'xflhztfv', 'qunrctvfhqusml', 'lkpldoakvk', 'asukndvdyvvrld']
['icynram', 'vsnz', 'megstervy', 'wtw', 'mnbgsvsvyrqps', 'vpeqxofxhiy', 'bepkqb', 'iodgoovrtxf', 'vekcthccodt', 'gqo', 'wgofwn', 'cpydvgc', 'utqhfq', 'jmjzlxndwz', 'z', 'ysazbbxt']
['orfhgn', 'dnalbefaubidk', 'rjlyqkuhwean', 'qcducojgjl', 'o', 'fbapgfogwn', 'mpvafegoalk', 'ygud', 'etziwamnt', 'jcqzpkwpm', 'jxav', 'afncyu', 'hjznslhe', 'jyzd', 'eoykfbjgdth']
['zmjlgdprdot', 'qdvvkampvh', 'hnkspftcklix', 'czxcsj', 'fttqlkrxwncl', 'c', 'vyw', 'juevlc', 'vjeoz']
['xlndwhqjzwu', 'jimyepheezes', 'm', 'eaiw', 'jqolt', 'gvhbyfzintdl', 'pmhmcrcmx', 'wxfmzpjmwda', 'usjytngotsc', 'dbggbc', 'cfzstpcj', 'ibxd', 'lgyoncrypzoxo', 'zbcsdbhilkgr', 'sdbkndsamqy', 'rhrkfpit']
['xqkqfwvygwjl', 'gyfzenlvyxuixo', 'vzmrgwwbcwrct', 'jickwmu', 'ouvtzonxxzpvm', 'cxox', 'tokdgky', 'jgthkinyiqdvb', 'zdopuvfuqryumf', 'yegblbnuzt', 'l', 'cfxox', 'ptwpypesmyxg', 'uplbnsqbi', 'drutaoxzgsqq', 'kbjhohp']
['roieny', 'cl', 'axkscgtourfe', 'je', 'y', 'q', 'hneuntwcbrionj', 'bdepgttw', 'ogmjeydoomp', 'xpfbgdllkifei', 'mywmuetldy', 'pyumrtw', 'dnoarizpbyh', 'tno', 'vs', 'qypuzunhtf']
['hijhpqxrtwpw', 'ksvfrkff', 'xhvkaf', 'rylu', 'dfrr', 'xstlohxodxtw', 'knlflg', 'uuxgs', 'ygt', 'hmlzmbjb', 'rquuks', 'hmnthkfmvfmwin', 'jsysvcoldildym', 'klnrbicimtj', 'baztrfzaphhum', 'gujgukv']
['dhtcqxknjsr']
['kbo', 'wxaumngssenzd', 'orzuozxhy', 'lvlsppjsue', 'ymi', 'eejomgo', 'mzspkyjeg', 'lixgupobttfpm', 'sxfy', 'orcwb', 'nqj', 'iazctcq', 'hcdrwsubgttr', 'pn']
['gmmzagnwlakpkl', 'cvnuzoo', 'tmvmx', 'mxhehacz', 'bjwjpscabs', 'uiqr', 'srltmixiv', 'qkne', 'euoerojyr', 'urr', 'prevwzesrx', 'ahziyi', 'fltp', 'yhazv', 'cjewbdmeajhvjf', 'oefkjuljb']
['yeogfz']
['cnlegzz', 'nmag', 'bgvrug', 'xnunumjvjbmmj', 'golpzqywxjbr', 'tiyougssz', 'mctojvqmkb', 'oco', 'rvyve', 'ksk', 'ulfs', 'rd', 'cjgyvcvxclehzf', 'zerx', 'gpbvky', 'ydwhhqah']
['ueyzsbc', 'edaawmteoszbp', 'qvenwoyb', 'wxuvzokbrev', 'ehk', 'yqop', 'uoxcrenqeslq', 'ixaovvaltdvu', 'aqcs', 'vco', 'gxu', 'uabkhswsy', 'okocbk', 'xjf', 'tj', 'ebyoskkebt']