['224', '380', '231', '358', '183', '373', '196', '178', '193', '187', '235', '363', '360', '351', '379', '218', '366']
['151', '157', '338', '146', '144', '390', '143', '155', '150', '153', '160', '154', '147', '156', '145', '149', '141', '152', '148', '329']
['257', '252', '253', '242', '244', '256', '243', '251', '282', '241', '254', '258', '259', '249', '238', '250', '280', '246']
['48', '45', '47', '43', '51', '50', '55', '52', '46', '56', '57', '54', '53', '60', '58', '61', '64', '63', '65']
['397', '342', '343', '393', '392', '391', '386', '388', '381', '348', '398', '383', '382', '395', '341', '400', '394', '356', '352', '399']
['201', '213', '220', '208', '202', '209', '210', '205', '211', '215', '204', '197', '219', '214', '212', '200']
['222', '223', '221', '236', '232', '237', '240', '233', '228', '234', '239', '217', '229', '226', '230', '225', '227', '245', '206', '207']
['108', '103', '117', '18', '105', '114', '102', '106', '104', '110', '113', '260', '120', '111', '115', '107', '5', '118', '16']
['265', '272', '266', '267', '140', '273', '278', '263', '277', '279', '268', '261', '270', '269', '275', '274', '276', '262', '131']
['26', '287', '291', '285', '299', '296', '286', '281', '30', '283', '297', '294', '293', '271', '290', '289', '284', '292', '295', '300']
['13', '6', '4', '17', '14', '10', '12', '7', '8', '247', '3', '264', '15', '2', '20', '1', '347', '11', '9', '19']
['339', '330', '322', '333', '332', '336', '321', '340', '328', '323', '334', '331', '327', '335', '326', '337', '325', '316', '312']
['375', '377', '362', '255', '372', '357', '361', '367', '369', '365', '288', '364', '370', '374', '371', '248', '173', '378', '368', '376']
['317', '311', '319', '313', '309', '310', '324', '301', '304', '315', '308', '302', '320', '306', '314', '303', '318', '298', '307']
['305']
['192', '194', '182', '171', '190', '188', '180', '169', '186', '167', '184', '176', '189', '185', '168', '198', '191', '195', '181', '199']
['38', '129', '133', '22', '31', '39', '27', '36', '23', '40', '33', '34', '29', '130', '24', '25', '127', '28', '32', '125']
['73', '69', '387', '77', '71', '67', '216', '112', '384', '80', '62', '79', '396', '389', '203', '109', '74', '72', '68']
['158', '132', '121', '139', '123', '142', '138', '136', '119', '134', '124', '128', '159', '385', '116', '137', '126', '135', '122', '162']
['97', '78', '93', '95', '96', '81', '84', '83', '89', '66', '85', '90', '94', '100', '86', '76', '70', '91', '99', '101']
['21', '87', '41', '59', '42', '44', '37', '92', '98', '75', '88', '35', '49', '82']
['349', '161', '359', '354', '175', '163', '346', '164', '166', '170', '177', '174', '172', '355', '353', '344', '165', '350', '179', '345']