['KFBC', 'TTV', 'HHCPMB', 'HTA', 'AY', 'TJU', 'JCM', 'TQWWLG', 'AR', 'OL', 'SEWIVO', 'LJSX', 'QROYGT', 'LW', 'BW', 'SU', 'SUPLJO', 'DRLM', 'FCB', 'TOR']
['DVVKX', 'XVU', 'ZHDBW', 'NBJL', 'ETSAG', 'NTMT', 'MYN', 'AEV', 'ZYFXQ', 'NMU', 'GUOYX', 'TCBKQ', 'TYQL', 'ZTK', 'U', 'BSAEQ', 'SRJZQ', 'WBPB', 'E', 'S']
['BQIFGG', 'BGB', 'LQ', 'IU', 'FPPMUW', 'UIUBC', 'CN', 'USZM', 'UU', 'XS', 'EM', 'KRXDGO', 'YOGJ', 'ZTR', 'DJS', 'CFG', 'FXAQ', 'ZQAULZ', 'WCZSB']
['Y', 'ACYQN', 'LZLFY', 'QREJV', 'UHTMG', 'RKCPEP', 'ANW', 'CRAQYE', 'N', 'KAZEK', 'VHUHI', 'NP', 'GI', 'WFWU', 'SK', 'DJC', 'GDGZN', 'OYJLB', 'XLVUF', 'BAVHR']
['ZAP', 'IMB', 'L', 'KW', 'ARYSPZ', 'OYDEJ', 'EDAKUV', 'ZVKC', 'FAF', 'MWKWWN']
['GDFI', 'HJW', 'SY', 'EVDQNK', 'CTRFIJ', 'C', 'NGUN', 'WAXWZU', 'I', 'BNC', 'ICLIT', 'MV', 'MM', 'X', 'TUB', 'J', 'WZ', 'AL', 'QGUYKQ', 'ZHCQG']
['T', 'QNN', 'AZN', 'JL', 'ZIIN', 'ZULMQ', 'HO', 'MPYJWG', 'MLDT', 'COYVMU', 'EMP', 'ETBLO', 'MOOKF', 'M', 'W', 'SGY', 'PQ', 'EU', 'KMU', 'ZVWR']
['QNKIQE', 'HGT', 'WTGA', 'YEBV', 'YDDS', 'GCSAZH', 'AB', 'XU', 'NDMQJ', 'JNJNE', 'QKT', 'HLT', 'EYVVY', 'TGDTND', 'LNMCTV', 'WELF', 'UI', 'D', 'UK', 'ZW']
['KJHR', 'HDJIQ', 'XLWRB', 'SBM', 'JJ', 'AJDT', 'KPXJFJ', 'MK', 'GBSI', 'BPZAJ', 'TRXUD', 'YQ', 'CMB', 'PJG', 'YII', 'MMUK', 'UJ', 'JMYQEA', 'QREJG']
['CCIYM', 'SHT', 'PRYXX', 'TSSNJ', 'DQQ', 'JUXOIJ', 'EHXPLS', 'G', 'NS', 'CVSPP', 'UXBDM', 'NDF', 'EP', 'P', 'NVLNXP', 'TGKUE', 'MYSMZ', 'TXCK', 'ERR']
['YFFNQ']
['HMURVX', 'TN', 'BHKK', 'KCQRDN', 'YK', 'XFGUIZ', 'NDZ', 'QDMX', 'RWO', 'XEAARR', 'NZDAU', 'VYGES', 'LWIA', 'KLQR', 'YXEJT', 'UBWSTW', 'DFGWZZ', 'JCEYOL', 'JSMAHJ', 'MXSFK']
['BHT']
['RUC', 'UBYG', 'POL', 'OHZYQ', 'BJ', 'QBB', 'AW', 'YO', 'NDLUNW', 'RM', 'VL', 'EYEWXP', 'PIGBG', 'LY', 'HDJL', 'TZTCA', 'FJTW', 'DEXTSN']
['CAED', 'ZDYFZU', 'PBRPX', 'NJAA', 'OVM', 'FGPZAA', 'TAN', 'FVMBV', 'EWAZF', 'KBV', 'V', 'RQRWJT', 'IGSXN', 'OIA', 'PE', 'RWHILI', 'JN', 'MISGHL', 'HH']
['TXNP', 'HSHY']
['KFYTH', 'VCFLXV', 'WPRTBZ', 'FWRV', 'DLJMZC', 'OEJ', 'XT', 'FLLJ', 'MY', 'ORJB', 'HPXSSF', 'FAL', 'AQDX', 'ODIF', 'KKFPQ', 'QIZWG', 'QYC', 'DBGM', 'EJOR']
['IYCHS', 'HOQPX', 'VWK', 'AH', 'DCBWSF', 'QE', 'BX', 'FSZNT', 'VOLULU', 'UVUBDR', 'WWF', 'UEKXJH', 'WVHKC']
['OFIPP', 'GFNZL', 'AFH', 'B', 'IE', 'PHS', 'LZQ', 'LTHESD', 'VYBQIM', 'ET', 'UXXBYF', 'MICOE', 'BFZ', 'EVTLXI', 'OTXCZH', 'MRT', 'A', 'FBW', 'CNYXMO', 'H']
['BBB', 'RZU', 'FP', 'TB', 'OC', 'NAIN', 'JBJS', 'WK', 'LHILT', 'Z', 'NO', 'IWP', 'JP', 'O', 'CHR', 'ZJUCNC', 'THMU', 'XINMR', 'AZGCQ', 'OQV']