['157', '89', '270', '82', '101', '42', '77', '366', '362', '71', '81', '469', '432', '365', '177', '209', '263', '335']
['1', '328', '216', '477', '329', '350', '396', '492', '363', '158', '272', '499', '49', '222', '304', '41', '72', '307']
['199']
['402']
['493', '379', '129', '146', '293', '452', '442', '498', '288', '267', '14', '217', '109', '28', '119', '155', '381', '138']
['2', '455', '326', '411', '336', '161', '344', '343', '38', '206', '464', '320', '139', '393', '476', '191', '487', '287']
['58']
['31', '220', '5', '213', '440', '128', '237', '27']
['265']
['135', '422', '137', '97', '234', '282', '310', '443', '124', '18', '252', '465', '351', '21', '53', '94', '35', '260']
['19']
['315', '147', '403', '198', '241', '152', '313', '211', '25', '332', '427', '445', '218', '401', '75', '127', '193', '118']
['134', '3', '13', '230', '26', '353', '244', '358', '57', '36', '242', '65', '490', '269', '359', '467', '30', '419']
['67', '472', '391', '369', '88', '303', '148', '255', '374', '278', '114', '60', '110', '279', '273', '201', '470', '373']
['262']
['423']
['243', '96', '73', '327', '340', '325', '238', '47', '384', '239', '417', '322', '93', '378', '228', '111', '497', '224']
['348']
['386']
['299', '400', '84', '305', '173', '240', '205', '12', '271', '176', '462', '337', '259', '45', '48', '212', '292', '398']
['215']
['175', '408', '420', '323', '37', '372']
['112', '430', '435', '141', '475', '154', '214', '100', '388', '324', '397', '425', '74']
['345']
['268']
['170', '150', '258', '142', '159', '439', '296', '80']
['11', '32', '50', '254', '370', '458', '231', '441', '165', '331', '298', '404', '183', '181', '190']
['415', '149', '371', '290', '245', '44', '486', '185', '297', '188', '233', '232', '186', '438', '333', '120']
['406', '437', '162', '308', '277', '145', '354', '189', '210', '317', '113', '481', '283', '251']
['192', '407', '43', '200', '179', '367', '180', '412', '20', '281', '357', '387', '421', '108', '247', '0', '459', '7']
['164', '229', '8', '485', '429', '261', '76', '248', '395', '447']
['471']
['428', '9', '246', '153', '226', '68', '426', '123', '276', '390', '102', '202', '85', '352', '341', '383', '4', '483']
['167']
['136', '289', '295', '450', '40', '178', '115', '356', '133', '414', '169', '495', '235', '6', '130', '221', '349', '144']
['66']
['59']
['104', '83', '92', '163', '491', '131', '444', '219', '410', '69', '355', '197', '347', '249', '64', '473', '17', '10']
['132', '98', '489', '364', '116', '380', '225', '446', '126', '275', '409', '15', '392', '79', '478', '203', '86', '482']
['342']
['122', '156', '78', '34', '223', '99', '494', '361', '121', '39', '431', '91', '103', '451', '385', '314', '319', '204']
['449']
['236']
['117', '105', '194', '182', '466', '334', '61', '168', '151', '436', '389', '63', '413', '107', '257', '456', '479', '256']
['338']
['375', '316', '266', '434', '140', '312', '106', '46', '377', '309', '227', '376', '280', '250', '264', '480', '294', '171']
['55']
['453']
['166', '321', '302', '306', '454', '346', '172', '23', '416', '461', '285', '474', '87', '424', '360', '311']
['207']
['62']
['274', '301', '184', '22', '300', '125', '16', '399', '488', '33']
['174']
['284', '208', '460', '448', '330', '463', '90', '318', '51', '468', '418', '484', '143', '29', '291', '187', '457', '195']
['433']
['286']
['405', '368', '496', '160', '196', '24', '52', '253']
['70', '95', '382', '54', '339', '56', '394']