['494']
['449']
['4']
['256']
['39', '29', '21', '8', '37', '42', '43', '47', '31', '26', '10', '46', '32', '11', '19', '49', '18', '25', '14', '38', '28', '51', '44', '23', '16', '45', '466', '52', '20', '48', '24', '27', '30', '15', '276']
['406', '422', '358', '407', '370', '323', '372', '336', '356', '381', '419', '337', '325', '391', '416', '385', '405', '425', '317', '403', '339', '415', '395', '439', '0', '424', '373', '257', '399', '388', '334', '346', '2', '375', '359', '418', '382', '364', '327', '438', '402', '390', '379', '413', '421', '360', '345', '316', '74', '217', '326', '458', '351', '335', '389', '426', '313', '380', '353', '329', '328', '333', '332', '330', '314', '404', '398', '344', '369', '319', '446', '378', '376', '436', '315', '408', '338', '396', '82', '400', '357', '318', '342', '320', '341', '386', '412', '324', '384', '423', '387', '409', '355', '368', '308', '352', '66', '244', '383', '343', '137', '348', '322', '255', '392', '451', '321']
['269']
['461']
['394', '417', '365', '354', '429', '158', '371', '420', '468', '411', '414', '363', '401', '340', '312', '347', '427', '366', '143', '166', '245']
['473', '106', '169', '154', '129', '109', '215', '181', '161', '189', '209', '229', '238', '62', '493', '202', '114', '153', '150', '227', '118', '146', '182', '126', '148', '116', '160', '185', '230', '204', '130', '110', '119', '135', '212', '478', '252', '483', '111', '134', '165', '170', '132', '191', '228', '192', '145', '184', '107', '298', '480', '479', '173', '220', '489', '484', '497', '221', '211', '164', '167', '133', '91', '302', '196', '96', '65', '311', '456', '236', '101', '93', '123', '180', '115', '250', '475', '241', '138', '231', '237', '306', '113', '304', '434', '140', '481', '454', '447', '213', '448', '33', '482', '125', '491', '57', '53', '486', '104', '490', '73', '75', '203', '206', '243', '59', '163', '97', '149', '225', '234', '55', '246', '99', '487', '68', '144', '122', '374', '188', '58', '127', '121', '35', '71', '171', '218', '260', '441', '72', '89', '34', '176', '248', '349', '76', '69', '251', '190', '54', '498', '86', '442', '232', '124', '254', '455', '1', '443', '195', '117', '112', '485', '437', '271']
['3']
['70']
['444']
['283', '295', '297', '78', '273', '293', '286', '294', '288', '279', '258', '289', '296', '292', '280', '263', '462', '284', '287', '285', '265', '274', '277', '266', '275', '300', '281', '282', '299', '264', '290', '301', '457', '467', '464', '268', '278', '267', '445', '272', '5']
['452']
['270']
['253']
['262']
['305']
['200', '139', '159', '179', '199', '219', '239', '141', '291', '187', '226', '499', '223', '128', '197', '79', '393', '131', '64', '162', '471', '103', '495', '156', '198', '210', '208', '100', '168', '492', '476', '207', '183', '261', '36', '83', '193', '362', '450', '172', '201', '233', '240', '151', '177', '6', '460', '95', '94', '175', '105', '60', '431', '477', '235', '13', '303', '136', '157', '216', '474', '222', '88', '40', '41', '224', '459', '61', '9', '7', '435', '12', '102', '367', '142', '155', '56', '108', '472', '186', '428', '430', '87', '242', '67', '470', '440', '465', '432', '22', '350', '469', '496', '410', '377', '120', '309', '194', '310', '92', '85', '77', '147', '98', '50', '214', '80', '81', '90', '488', '84', '152', '259', '174', '178', '205', '247', '63', '307', '433', '331', '453', '463', '17', '249', '361', '397']