['99', '40', '15', '49', '64', '105', '280', '149', '400', '3', '262', '76']
['83', '81', '20', '364', '232', '213', '255', '96', '309', '32', '42', '189']
['375', '347', '384', '162', '222', '242', '282', '161', '308', '173', '335']
['197', '35', '123', '30', '203', '243', '363', '93', '237', '194', '248', '252']
['362', '37', '374', '329']
['153', '302', '85', '326', '244', '325', '223', '95', '398', '318', '41', '373']
['126', '207', '62', '246', '180', '154', '68', '351', '285', '274', '355', '167']
['171', '78', '127', '247', '327', '293', '356', '130', '251', '396', '200', '113']
['118', '48', '0', '294', '168', '27', '163', '112', '69', '392', '43', '209']
['136', '381', '114', '249', '199', '369', '28', '226', '11', '117', '13', '340']
['281', '239', '215', '192']
['175', '101', '292', '233', '211', '158', '291', '328', '378', '388', '361', '260']
['295', '267', '92', '218', '385', '341', '91', '179', '23', '315', '82']
['124', '210', '344', '312']
['139', '56', '289', '214', '380', '6', '63', '145', '65', '357', '128', '160']
['80', '234', '257', '14', '7', '12', '367', '319', '317', '265']
['132', '371', '176', '216', '313', '331', '299', '204', '38', '89', '86']
['17', '45', '88', '217', '297', '156', '269', '79']
['122', '266', '178', '151', '298', '106', '90', '320', '245', '287', '358', '241']
['220', '399', '336', '339', '134', '26', '34', '94', '305', '205']
['121', '60', '129', '353', '97', '324', '370', '172', '77', '166', '148']
['208', '366', '181', '36', '250', '170', '330', '100', '383', '164', '72']
['44', '221', '397', '228', '46', '57', '382', '50', '290']
['183', '75', '303', '343', '321', '165', '333', '52', '212', '219', '8', '59']
['24', '111', '104', '119', '264', '254', '9', '87', '300', '169', '201']
['140', '182', '5', '185', '225', '360', '235', '4', '386', '198', '58', '337']
['54', '16', '186', '304', '261', '346', '190', '350', '102', '256']
['125', '310', '279', '307', '47', '306', '103', '137', '61', '286', '393', '240']
['51', '22', '188', '268', '349', '195', '253', '372', '141', '263', '238']
['29', '376', '109', '311', '229', '74', '73', '288', '107', '323', '301', '66']
['84', '115', '150', '230', '390', '259', '202']
['133']
['224', '152', '352', '387', '273', '120', '19']
['33', '142', '147', '271', '342', '10', '146', '2', '193', '135', '332', '138']
['379', '1', '314', '354', '394', '143', '18', '227', '231', '53', '365']
['368', '144', '348', '191', '276', '296', '395', '391', '187']
['116', '196', '236', '275', '25', '258', '345', '206', '316', '174', '131', '21']
['184', '377', '157', '338', '277', '177', '55', '31', '98', '322', '270', '110']
['108', '389', '155']
['39', '284', '159', '359', '283', '70', '71', '67', '272', '278', '334']