['213', '299', '488', '43']
['131']
['2', '124', '381', '68']
['374', '216', '454', '35']
['263', '217', '331', '77']
['70', '27']
['6', '219']
['393', '220', '198', '445', '49', '424', '93', '396', '23', '211', '254', '351']
['221', '38', '177', '413', '237']
['422', '291', '435', '139', '22', '282', '201', '320']
['390', '223', '187']
['145', '244', '496']
['258', '438', '314']
['13', '420', '95']
['197', '227', '440', '293', '308']
['416', '228', '418', '112', '165']
['85', '229', '104', '241', '498', '167']
['17', '386', '472']
['91']
['232', '352']
['82', '446', '392']
['125', '14', '441']
['174', '343']
['108', '449']
['24']
['199', '451']
['301']
['453']
['283', '281', '42', '482', '321', '358']
['53']
['236', '456', '150', '107', '346', '267', '348', '495']
['457']
['400']
['218']
['87']
['130', '297', '461', '261']
['36', '154', '312', '491', '414', '365', '307']
['37', '225', '463', '494', '135']
['242', '464', '288', '9']
['455', '173', '157']
['466']
['41', '193', '375', '8']
['151', '305']
['34', '469', '477', '233', '330', '160', '349', '235']
['257']
['471', '394']
['460', '259', '121', '188']
['459', '473', '164', '62', '266', '404', '296', '405', '433', '45']
['353', '40', '371', '474', '309']
['366', '475']
['426', '155', '382', '19', '298', '58', '339']
['265', '264']
['52', '247', '478', '256', '47', '5', '54', '169', '245']
['483']
['480']
['55', '268']
['56', '196', '224', '278', '284', '302', '436', '74', '60', '275', '407', '410']
['317', '270', '163', '428', '303', '33', '479', '144']
['484']
['360', '176', '485', '310', '205', '156', '439']
['486']
['61', '304', '458', '64', '234']
['411']
['152', '489', '448']
['450', '490']
['65']
['66']
['332', '280', '493', '273', '427', '499', '368']
['492']
['69']
['185', '286']
['71', '252', '497', '149', '88', '240']
['285']
['12']
['467']
['462', '387', '114', '397']
['103', '289', '172', '31', '203', '443']
['158']
['487']
['79']
['80']
['294']
['431']
['10']
['248']
['92']
['212']
['300']
['370']
['385']
['90']
['363']
['239']
['208', '63']
['401']
['277']
['328']
['97', '323']
['306']
['246']
['313']
['322']
['338', '315', '226']
['316']
['442', '367', '184']
['318', '127']
['106']
['15', '99']
['30']
['109']
['110']
['253', '311']
['168']
['337']
['327']
['140']
['329']
['161', '361']
['118']
['406', '345']
['388', '231', '409', '75', '415', '344']
['334', '287']
['335', '336']
['123']
['481']
['46']
['222']
['83']
['389', '341', '1', '137']
['129']
['434']
['399']
['132']
['133']
['16']
['153', '143', '279']
['452']
['350']
['138', '204']
['194']
['180']
['141', '186', '72', '117', '470', '324', '190']
['142']
['356']
['191']
['412']
['359']
['251', '59']
['148', '76', '159', '7']
['21']
['444']
['391', '364', '84', '432']
['44']
['147', '262']
['249', '101']
['271']
['29']
['105']
['290']
['380']
['373', '166']
['192']
['162', '67', '423', '128', '347', '325', '4']
['376']
['377']
['378']
['379', '102', '206']
['250']
['319', '430']
['98']
['214', '383', '96', '50']
['171', '384', '403', '146', '11', '215', '292', '122', '447']
['468']
['230']
['243']
['175', '111']
['272', '260']
['120']
['178']
['179']
['115']
['181']
['51']
['408']
['465']
['209', '86']
['354', '437', '94', '136', '476']
['126']
['20']
['189', '402', '276']
['57']
['357']
['340', '18']
['119']
['116']
['195', '182']
['269']
['170']
['342']
['73']
['200']
['255']
['202']
['39', '78', '429', '295', '26', '89', '113', '0']
['417']
['3']
['419']
['207', '421', '425', '32', '81']
['238', '369', '25', '100', '48', '134', '183', '372', '28']
['333', '398', '355', '326']
['210', '395']
['274']
['362']