['316', '315', '317', '287', '278', '308', '301', '322', '313', '283', '401', '306', '429', '291', '297', '309', '294', '298', '305', '295', '281', '324', '284', '299', '319', '325', '285', '290', '323', '302']
['338', '52', '75', '32', '413', '57', '415', '25', '17', '355', '40', '61', '374', '64', '12', '14', '21', '54', '334', '419', '366', '20', '28', '345', '18', '8']
['96']
['368', '342', '371', '367', '354', '339', '358', '361', '357', '336', '359', '353', '349', '369', '332', '360', '333', '364', '327', '331', '365', '328', '346', '330', '348', '344', '329', '335']
['5', '30', '29', '35', '15', '66', '68', '43', '42', '47', '73', '62', '44', '286', '4', '58', '307', '70', '6', '72', '49', '33', '74', '45', '37', '27', '51', '71', '31', '16']
['467']
['227', '229', '237', '257', '474', '248', '275', '242', '273', '241', '238', '246', '230', '264', '274', '244', '236', '272']
['352', '269', '240', '254', '258', '370', '268', '228', '252', '326', '347', '124', '245', '141', '149', '337', '482', '363', '343', '255', '250', '372', '239', '350', '356', '341', '351', '261']
['134', '39', '10', '249', '144', '101', '81', '112', '105', '78', '129', '423', '113', '400', '136', '107', '120', '391']
['340', '60', '417', '394', '380', '13', '7', '1', '63', '460', '69', '50', '55', '24', '11', '9', '46', '420', '59', '53', '38', '23', '56', '19', '425', '392', '34', '36', '41', '373']
['289', '314', '116', '276', '311', '293', '282', '318', '310', '312', '300', '288', '277', '320', '303']
['484', '499', '224', '212', '155', '202', '214', '181', '495', '493', '193', '184', '490', '199', '187', '163', '153', '165', '191', '483', '209', '175', '220', '208', '210', '189', '225', '159']
['362']
['88', '114', '139', '85', '98', '90', '82', '145', '131', '375', '104', '119', '143', '126', '140', '132', '99', '84', '138', '135', '111', '123', '117', '127', '100', '122', '147', '148', '87', '142']
['65', '2', '253', '464', '235', '265', '26', '259', '226', '243', '440', '465', '231', '266', '22', '453', '271', '260', '459', '262', '462', '234', '472', '232', '233', '263', '3']
['451', '475', '488', '477', '500', '452', '455', '485', '454', '463', '458', '456']
['174', '195', '151', '182', '160', '206', '185', '218', '205', '170', '188', '166', '194', '256', '168', '161', '178', '183', '156', '207', '197']
['442', '437', '466', '414', '430', '443', '438', '439', '434', '426', '428', '427', '431', '445', '441', '447', '446']
['489', '479', '487', '486', '494', '67', '48', '492', '496', '217', '476', '478', '89', '481', '498', '497', '491', '480', '115', '133']
['387', '388', '167', '406', '418', '390', '213']
['412', '379', '397', '381', '296', '321', '421', '398', '377', '424', '280', '411', '83', '395', '433', '402', '279', '405', '408', '407', '385', '386', '376', '409', '393', '403', '382', '410', '383', '396']
['109', '97', '103', '172', '267', '247', '94', '92', '118', '76', '137', '86', '110', '93', '251', '128', '106', '125', '79', '95', '150', '121', '91', '80', '130', '146', '77', '108', '102']
['158', '169', '196', '173', '198', '223', '162', '270', '190', '222', '215', '157', '201', '154', '211', '203', '192', '200', '216', '221', '219', '186', '176', '171', '152', '180', '177', '179', '204', '164']
['404', '432', '450', '461', '435', '436', '422', '399', '449', '457', '378', '292', '469', '304', '468', '389', '470', '384', '444', '416', '448', '473']
['471']