['90', '444', '226', '91', '228', '98', '378', '182', '225', '102', '249', '219', '186', '289', '89']
['53', '263', '280', '274', '192', '276', '265', '282', '267', '266', '468', '278', '271', '268', '270', '273', '65', '269']
['316', '302', '312', '315', '272', '313', '319', '456', '275', '281', '305', '310', '318', '306', '295', '303', '307', '279', '317']
['12', '430', '431', '495', '429', '132', '432', '134', '421', '423', '133', '427', '426', '129', '422', '436', '425', '424', '433', '437']
['347', '130', '343', '358', '207', '357', '351', '126', '342', '131', '128', '352', '346', '125', '124', '127']
['212', '227', '224', '217', '222', '211', '209', '30', '220', '216', '379', '210', '218', '214']
['438', '335', '441', '446']
['283', '395', '493', '391', '284', '286', '393', '294', '397', '390', '400', '401', '389', '392', '387', '398', '486', '394', '386']
['185', '187', '188', '193', '183', '189', '435', '194', '180', '191', '428', '181', '462']
['322', '338', '334', '330', '339', '329', '489', '67', '321', '83', '68', '323', '326', '336', '327', '328', '325', '184', '324', '178']
['355', '353', '350', '100', '101', '92', '356', '99', '340', '345', '348', '88', '93', '96', '354', '94', '359', '95', '341']
['360', '365', '369', '362', '195', '364', '370', '261', '246', '371', '363']
['417', '408', '419', '63', '412', '402', '368', '66', '406', '407', '75', '418', '62', '372', '61', '366', '69']
['459', '454', '453', '450', '116', '105', '461', '463', '448', '451', '447', '460', '457', '464', '385', '455', '104']
['344', '164', '106', '170', '169', '168', '167', '165', '177', '175', '445', '123', '176', '174', '122', '112', '442']
['6', '7', '10', '494', '361', '2', '16', '19', '13', '11', '17', '8', '0', '1', '3', '9', '18']
['248', '243', '244', '251', '215', '247', '250', '253', '259', '245', '255', '257', '254', '256', '260', '213', '78', '252']
['466', '471', '77', '474', '465', '472', '58', '467', '480', '48', '40', '475', '367', '478', '482', '481', '49', '46', '484', '477']
['491', '258', '287', '55', '223', '50', '492', '262', '51', '56', '47', '487', '488', '142', '52', '57', '44', '490', '485', '221']
['42', '45', '349', '5', '43', '15', '14', '54']
['143', '483', '80', '320', '333', '476', '470', '82', '331', '337', '473', '479', '332', '121', '79', '469', '74']
['409', '440', '420', '405', '141', '140', '415', '403', '416', '411', '413', '139', '414', '135', '443', '138', '439', '410', '136', '404']
['298', '291', '381', '300', '377', '60', '292', '4', '382', '297', '59', '290', '375', '301', '296', '309', '288', '293']
['118', '108', '120', '113', '115', '117', '114', '119', '109', '264', '111', '190', '241', '41', '110', '232', '452', '103']
['235', '234', '304', '229', '239', '374', '242', '237', '236', '231', '233', '376', '230', '240', '238', '380', '34', '373', '449', '458']
['196', '205', '199', '201', '200', '204', '202', '197', '206', '203', '311', '198', '208', '137']
['26', '39', '277', '21', '28', '24', '23', '33', '36', '31', '22', '37', '32', '38', '25', '20', '29', '27', '35']
['87', '84', '173', '76', '72', '308', '285', '86', '70', '396', '171', '71', '85', '81', '172', '314', '73', '179', '64', '434']
['299', '154', '148', '383', '388', '97', '384', '152', '158', '399', '166', '156']
['144', '150', '162', '153', '161', '151', '107', '159', '145', '160', '157', '155', '149', '147', '146', '163']