['Janetta', 'Theo', 'Riley', 'Gerard', 'Rosalba', 'Lamonica', 'Darrel']
['Dion', 'Eugene', 'Wes', 'Antonina', 'Christiane', 'Rosalee', 'Spencer', 'Trey', 'Almeta', 'Ella', 'Vivien', 'Jesus', 'Naida', 'Ocie']
['Marquis', 'Horace', 'Hui', 'Naomi', 'Travis', 'Eustolia', 'Grant']
['Randa', 'Altagracia', 'Retta', 'Son', 'Kitty', 'Easter', 'Darwin', 'Pinkie', 'Leonida', 'Freddie', 'Herlinda', 'Percy', 'Chun', 'Lyn', 'Marion']
['Sharlene', 'Kendall', 'Oneida', 'Kay', 'Byron', 'Kris', 'Sharilyn', 'Angeline', 'Junior', 'Alicia', 'Lizabeth', 'Kristopher', 'Jacque', 'Esperanza', 'Clinton', 'Jae', 'An', 'Johnny']
['Florencio', 'Alethia', 'Loria', 'Stanford', 'Leonard', 'Hortense', 'Lucia']
['Lashay', 'Enola', 'Winford', 'Doyle', 'Ryann', 'Camelia', 'Chester', 'Cleotilde', 'Fanny', 'Heide', 'Lucas']
['Chan', 'Kurtis', 'Marcie', 'Nicole', 'Edmond', 'Imogene', 'Jama', 'Zoraida', 'Jeanette', 'Russell']
['Hiroko', 'Eufemia', 'Sharell', 'In', 'Marcella', 'Vincenzo', 'Mariah', 'Hillary', 'Tressa', 'Jeremy', 'Ema', 'Loura', 'Tracie', 'Debora', 'Isabel', 'Oscar', 'June']
['Dora', 'Earnest', 'Carmon', 'Cassie', 'Lyndon', 'Bertha', 'Deirdre', 'Dong', 'Tanisha', 'Tammi', 'Vernon', 'Ok', 'Jami', 'Madison', 'Michaela', 'Clarice', 'Tina', 'Hassan']
['Lisa', 'Rachael', 'Irma', 'Shonda', 'Piedad', 'Latoya', 'Rachel', 'Hyun', 'Princess', 'Xavier', 'Honey', 'Artie', 'Hilario', 'Danita', 'Houston', 'Reita', 'Jefferey', 'Mariette']
['Refugio', 'Neida', 'Flavia', 'Vernia', 'Caitlyn', 'Louella', 'Harvey', 'Glenna', 'Lasonya']
['Glenda', 'Emmanuel', 'Irena', 'Terry', 'Cristi', 'Tamisha', 'Adah', 'Jennie', 'Stephani', 'Delmar']
['Chang', 'Nadia', 'Merrill', 'Alexandra', 'Alane', 'Oswaldo', 'Sharla']
['Marquitta', 'Meagan', 'Carolee', 'Tiffani', 'Claudie', 'Marvis', 'Lue', 'Whitney', 'Orval', 'Tarah']
['Alfred', 'Leila', 'Robert', 'Joelle', 'Raleigh', 'Leilani', 'Millicent', 'Alvera', 'Treena', 'Nieves', 'Alvin', 'Charisse', 'Dewayne', 'Felix', 'Elicia', 'Miranda', 'Lauren']
['Ron', 'Frederic', 'Rodrigo', 'Kirstin']
['Taneka', 'Murray', 'Selma', 'Verona', 'Elvie', 'Danial', 'Angella', 'Louise', 'Clyde', 'Antonette']
['Lana', 'Latia', 'Valorie', 'Joan', 'Zena', 'Deana', 'Antoinette', 'Odell', 'Shelton', 'Kyung', 'Aaron']
['Oma', 'Xuan', 'Logan', 'Susannah', 'Elliott', 'Marilynn', 'Rita', 'Ambrose', 'Allena', 'Shavon']
['Kristi', 'Lola', 'Eloisa', 'Susan', 'Randall', 'Clifton', 'Tai', 'Renea', 'Nohemi', 'Martin', 'Alex']
['Marci', 'Hershel', 'Osvaldo', 'Eve', 'Florinda', 'Marlo', 'Dagmar', 'Garret', 'Rima', 'Kareem', 'Jeffrey', 'Leontine', 'Tameika', 'Elfrieda']
['Loren', 'Jina', 'Claretha', 'Trena', 'Porter', 'Clara', 'Hayden', 'Inga']
['Amada', 'German', 'Brendon', 'Laraine', 'Renetta', 'Olevia', 'Charmaine', 'Sherwood', 'Chas', 'Kylie', 'Tyisha']
['Phylis', 'Bonnie', 'Roxane', 'Saul', 'Juliet', 'Marvin', 'Dorene', 'Alexa', 'Gisela', 'Pa', 'Yevette', 'Destiny', 'Cortney', 'Dewitt', 'Milissa', 'Margart']
['Clarissa', 'Sheldon', 'Anabel', 'Toya', 'Stanley', 'Elena', 'Sharan', 'Nathalie', 'Marcos', 'Audie']
['Nickolas', 'Jan', 'Beverley', 'Darnell', 'Gerardo', 'Laticia', 'Clarinda', 'Clarence', 'Tamala', 'Annabel', 'Dusti', 'Savanna', 'Lilly', 'Mariano', 'Alton']
['Shaun', 'Garland', 'Joanne', 'Kasey', 'Chance', 'Helene', 'Elenora', 'Joye']
['Jade', 'Carson', 'Vada', 'Annamarie', 'Lorelei', 'Elvia', 'Dorthea', 'Rolando', 'Raul', 'Lezlie']
['Pearlie', 'Jay', 'Arcelia', 'Kim', 'Aretha', 'Kelly', 'Kimbra', 'Griselda']