['0', '50', '147', '111', '21', '250', '300', '350', '364', '450', '190', '14']
['16', '55', '135', '272', '114', '213', '351', '230', '451']
['17', '52', '430', '172', '202', '150', '204', '133', '402', '452']
['3', '139', '103', '35', '436', '253', '334', '353', '291', '453', '278', '140']
['4', '54', '168', '385', '467', '304', '383', '404', '454', '186']
['5', '44', '105', '192', '368', '255', '305', '355', '151', '152', '31', '166']
['56', '106', '32', '318', '256', '306', '356', '406', '456', '78']
['275', '57', '107', '274', '257', '357', '407', '28']
['216', '303', '158', '208', '475', '268', '259', '458']
['9', '297', '109', '159', '209', '299', '132', '359', '177']
['358', '60', '242', '160', '210', '476', '205', '360', '410', '460']
['75', '252', '346', '472', '396', '361']
['70', '189', '307', '347', '212', '41', '312', '362', '22', '462', '201', '261']
['13', '66', '113', '163', '263', '269', '363', '413', '463', '280', '146', '227', '284']
['276', '64', '251', '115', '214', '264', '381', '207', '320', '423']
['15', '58', '393', '215', '424', '488', '365', '195', '465']
['101', '156', '116', '38', '266', '316', '11', '148', '466']
['79', '67', '85', '167', '217', '481', '438', '367', '449', '254']
['18', '87', '118', '154', '218', '390', '310', '468']
['19', '46', '2', '169', '219', '234', '319', '369', '419', '469']
['379', '12', '120', '170', '220', '270', '414', '370', '345', '470', '298', '164', '332', '76']
['200', '121', '171', '221', '271', '321', '285', '421', '471']
['412', '72', '487', '222', '180', '322', '499', '422', '211', '409', '77']
['173', '349', '273', '391', '68', '464', '473', '301']
['24', '74', '124', '408', '224', '400', '483', '265', '327', '122']
['330', '262', '125', '65', '420', '182', '325', '425', '258', '51']
['26', '126', '176', '96', '23', '326', '497', '279', '37', '112']
['27', '157', '127', '428', '153', '277', '247', '377', '427', '174']
['457', '308', '128', '178', '228', '459', '485', '43', '478', '233']
['29', '59', '388', '179', '229', '331', '145', '311', '429', '479', '411']
['30', '80', '130', '401', '25', '380', '102', '480', '206', '416']
['81', '34', '231', '281', '426', '314', '431', '493', '382']
['82', '309', '97', '232', '282', '495', '144', '366']
['33', '83', '142', '183', '283', '333', '45', '433', '374', '432']
['181', '444', '134', '435', '490', '100', '384', '434', '48', '61']
['415', '123', '405', '185', '92', '243', '335', '91', '184', '249', '108']
['36', '86', '267', '395', '286', '336', '386', '203', '486']
['260', '137', '187', '237', '287', '165', '387', '437', '8']
['455', '99', '188', '238', '417', '338', '129', '317', '315', '131', '418', '104']
['39', '89', '53', '239', '289', '446', '94', '439', '489', '440']
['40', '90', '62', '240', '290', '340', '10', '117', '71']
['302', '343', '191', '42', '403', '341', '295', '441', '149', '324']
['241', '235', '352', '155', '110', '292', '6', '392', '442', '492', '73']
['328', '477', '143', '193', '371', '293', '141', '63', '443', '136', '375', '461']
['1', '389', '194', '119', '294', '344', '329', '84', '494']
['175', '95', '394', '323', '398', '313', '225', '7', '445', '342', '337']
['69', '226', '196', '246', '296', '161', '20', '339', '244', '482']
['47', '236', '354', '197', '474', '397', '162', '496', '447', '376']
['484', '98', '198', '199', '348', '245', '448', '498', '88']
['49', '138', '491', '248', '378', '93', '223', '399', '288', '372', '373']