['411', '201', '216', '132', '200', '13', '255', '227', '339', '193', '401', '338', '335', '143', '57']
['493', '101', '262', '138', '140', '294', '323', '288']
['139', '202', '113', '302', '436', '116', '334', '344', '299', '83', '196', '407', '114', '352', '347']
['53', '472', '376', '392', '290', '5', '377', '6', '10', '155', '333', '245', '221', '220', '52']
['150', '378', '228', '354', '304', '438', '275', '454', '144', '464', '276', '253']
['412', '172', '205', '462', '141']
['471']
['7', '298', '80', '286', '482', '307', '458', '457']
['332', '127', '108', '208', '258', '477', '408', '494', '107', '119', '21', '435', '495', '15', '18', '433', '476']
['9', '209', '388', '387', '474', '8', '260', '303', '40', '39', '32', '374', '182', '84', '233']
['161', '210', '256', '56', '309', '92']
['393', '451', '467', '316', '41', '85', '244', '3', '363', '295', '263', '296', '270', '189']
['62', '112', '397', '315', '95', '488', '157', '314', '51', '71', '31', '274', '399', '305', '135', '331', '330', '252', '67', '65', '149', '437', '136']
['63', '396', '273', '463', '26', '423']
['14', '24', '214', '264', '300', '91', '448', '184', '394', '325', '160', '58', '410', '94', '175', '460', '176', '285', '213', '203', '442', '11', '284', '185']
['282', '398', '444', '441', '465', '499', '186', '86', '470']
['66', '72', '36']
['197', '142', '254', '267', '236', '367', '291', '75', '371', '372', '473', '48', '2', '439', '400', '148', '365']
['25', '121', '218', '137', '490', '1', '153', '147', '104', '152', '120', '440', '151']
['224', '69', '102', '237', '269', '106', '369', '322', '154', '261', '87', '420', '406', '308', '4', '20', '324', '419']
['110']
['180', '171', '311', '271', '421', '195', '170']
['89']
['23', '204', '158', '223', '191', '93', '47', '459', '257', '90', '360']
['124', '19', '456', '283', '173', '358', '409', '455', '123', '351', '418']
['337']
['29', '76', '277', '404', '28', '326', '430', '64', '405', '431', '30', '177', '230', '231', '489', '429', '232', '178', '22', '60', '266']
['496']
['483', '156', '328', '428', '434', '44', '99', '379', '329']
['317', '240', '229', '279', '74', '479', '366', '343', '249', '239', '318', '349']
['166', '281', '43', '373', '319', '380', '194', '118', '289', '190', '115', '42']
['446', '480']
['181', '82', '340', '345', '49', '384', '383', '187', '188', '215', '452', '310', '450']
['167', '226', '183', '250', '98', '432', '129', '416', '243', '192', '241', '145', '427', '0', '280', '443']
['134', '268', '59', '219', '248', '100']
['12', '169', '321', '385', '485', '128', '402', '368', '73', '61']
['469', '498', '70', '422', '103']
['17', '487', '491', '287', '359', '327', '492', '211', '68', '179', '484', '336', '413', '174', '357', '403', '259', '122', '222', '117']
['38', '466', '350', '54', '130', '306', '320', '55', '111']
['33', '453', '468', '27', '133', '16', '348', '234', '364', '449', '361']
['375', '389', '390', '278', '159']
['382', '34', '426', '37', '391', '35', '235', '125']
['78']
['381', '207', '293']
['131']
['45', '312', '81', '97', '217', '164', '445', '163', '355', '425', '247', '417', '165', '342', '424', '46', '313', '77']
['238', '146', '225', '246', '415', '346', '162', '461', '96', '475', '88']
['105', '341', '297', '50', '447', '497', '251', '292', '362', '353', '395', '481', '356', '109', '212', '478']
['168', '414', '206', '265', '486', '126', '272', '370']
['199', '198', '386', '301', '242', '79']