['376']
['345']
['104']
['4']
['291']
['6']
['53']
['8', '12', '212', '91', '214', '22', '153', '175']
['299', '233', '435', '429', '426', '348', '232', '239', '274', '314', '230', '419', '430', '442', '410', '308']
['234']
['279']
['184']
['237']
['229']
['200']
['16']
['98']
['253']
['385']
['409']
['21']
['246', '439', '250', '349', '227', '420', '386', '434', '297', '427', '277', '244', '356', '262', '360', '258', '432', '373']
['390']
['130']
['309']
['134']
['415']
['269']
['29', '63', '222', '73', '169', '100', '135', '131', '33', '10', '145', '66', '215', '201']
['254']
['369']
['342']
['382', '374', '315', '251', '307', '320']
['13', '199']
['296']
['347']
['37']
['290']
['263']
['141']
['41']
['343']
['43']
['268']
['28']
['355']
['216']
['377']
['171']
['398']
['137']
['52', '185', '60', '144', '61', '49', '188', '193', '79', '7', '150', '108', '181', '124']
['102']
['278']
['55']
['161']
['428', '281', '394', '282', '365', '421', '327', '391', '225', '260']
['366']
['334']
['284']
['23']
['30']
['99']
['211']
['65']
['287']
['228']
['143']
['293']
['70']
['289']
['151', '221', '195', '64', '114', '56', '14', '198', '168', '18', '162', '62', '69', '148', '88', '116', '82', '86', '139', '132', '206']
['39']
['330']
['236']
['76']
['192']
['219']
['97']
['378']
['182']
['306']
['103']
['367', '275', '425', '352', '329', '304', '295', '354']
['85', '178', '27', '54', '157', '9', '210', '68']
['266']
['87', '67', '122', '47', '117', '140', '81', '15', '128']
['276']
['89']
['326']
['176']
['50']
['115']
['94']
['93']
['158']
['3']
['322']
['323']
['324']
['325']
['190', '101', '179', '138', '32', '96', '105', '78', '220']
['45']
['328']
['396']
['363']
['174']
['332']
['146']
['392']
['111']
['336']
['113']
['2']
['418']
['118']
['72']
['119']
['272']
['300']
['223']
['346']
['123']
['441']
['264']
['397']
['351']
['5']
['129']
['414']
['270']
['311']
['357']
['358']
['180']
['224']
['361']
['362']
['437']
['364']
['292']
['58']
['241']
['331']
['359', '407', '265', '438', '238', '298', '243', '440']
['370']
['147']
['372']
['149']
['256']
['375']
['106']
['120', '136', '31', '26']
['154']
['379']
['380']
['381', '318', '353', '310', '350', '383', '261', '267', '226']
['316']
['159']
['245']
['156']
['240']
['163']
['164']
['165']
['166']
['167']
['24']
['38']
['170']
['395']
['172']
['173', '126', '74', '44', '205', '19', '142', '112', '187', '133', '92', '40', '17', '207', '46', '1', '203']
['301']
['399']
['393']
['333', '401', '271', '337', '231', '341', '248', '384', '321', '319', '436', '371', '389', '317', '247', '339', '412']
['402', '305', '235']
['80']
['404']
['273']
['183']
['288']
['424']
['422']
['257']
['186']
['35']
['189']
['252']
['77']
['416']
['202']
['423']
['446', '259', '286', '405', '280', '313', '242', '388', '413', '340', '387', '335', '344']
['196']
['197', '48', '209', '42', '71', '36', '127', '95']
['302']
['403']
['408']
['368']
['417']
['83']
['57']
['294']
['338']
['431']
['208']
['433']
['75']
['283']
['218']
['213']
['312']
['177', '107', '121', '51', '155', '90', '34', '59', '152', '110', '125', '20', '160', '109', '204', '194', '191']
['285']
['217']
['303', '249', '406', '255', '411', '400']
['443']
['444']
['445']
['25']
['11']
['84']