['128', '375', '69', '3', '139', '353', '457']
['444', '122', '439', '462', '142', '270', '400']
['356', '280']
['364', '145', '386', '268', '379', '119', '480']
['340']
['322', '126', '90', '6', '383', '112', '298']
['424', '368', '144', '24', '417', '87', '327']
['120', '98', '438', '213', '167', '359', '92']
['219']
['176', '11', '310', '377', '476', '240', '223']
['437', '275', '294', '34', '297', '452', '210']
['226', '153', '276', '85', '301', '277', '133']
['422', '279', '314', '146', '267', '435', '190']
['354', '212', '37', '72', '413', '204']
['309', '469', '374', '496', '239', '4', '218']
['258', '206', '308', '313', '342', '263', '70']
['224', '84', '121', '71', '471', '193', '40']
['169', '140', '111', '191', '278', '124', '95']
['51']
['269', '497', '499', '455', '184', '189', '490']
['449']
['202', '152', '336', '307', '137', '349', '249']
['35', '141', '272', '399', '451', '441', '260']
['370']
['285']
['436', '406', '135', '357', '77', '283']
['391']
['207', '382', '360', '259', '245', '303', '225']
['181', '214', '93', '44', '49', '442', '192']
['231']
['180']
['198', '130', '94', '479', '211', '334', '100']
['197', '131', '318']
['491', '23', '147', '251', '1', '14', '409']
['351', '163', '346', '91', '361', '33', '21']
['5']
['312', '138', '402', '62', '57', '445', '483']
['388', '46', '410', '54', '158', '125', '78']
['321']
['266', '287', '244', '187', '456', '326', '262']
['175', '378', '414', '434', '215', '86', '31']
['428', '389', '45', '401', '209', '450', '415']
['358', '185', '430']
['371']
['82', '155', '55', '60']
['344', '489', '238', '426', '15', '104', '381']
['247']
['156', '486', '59', '74', '365', '463', '237']
['380', '419']
['273']
['234', '241', '373', '405', '108', '350', '485']
['28']
['484', '221', '472', '440', '30', '295', '352']
['454', '235', '282', '160', '196', '494', '317']
['9', '369', '431', '242', '38', '384', '433']
['473', '25', '254', '468', '32', '172', '236']
['27']
['97']
['164', '56', '29', '102', '404', '143', '329']
['199', '286', '75', '73', '68', '8', '345']
['186', '306', '418', '0', '22', '201', '116']
['366']
['478', '335', '293', '107', '475']
['117', '461', '232', '495', '229', '324', '101']
['397', '347', '13']
['387', '66', '394', '222', '47', '58', '367']
['299']
['319', '26', '261', '411', '171', '41', '80']
['332']
['330', '492', '339', '96', '488', '429', '398']
['427', '65', '106', '487', '265', '177', '392']
['274', '154', '453', '432', '170']
['300', '355', '52', '89', '341', '467', '230']
['470']
['416', '113', '67', '290', '110', '256', '134']
['42', '76', '315', '284']
['132']
['166', '395', '159', '99', '103', '19', '252']
['50', '168', '425', '83', '208', '79', '464']
['255', '250', '246', '292', '10', '182', '17']
['205', '178', '123', '302', '179']
['173', '183', '337', '481', '48', '257', '161']
['150', '217', '328', '446', '304', '396', '200']
['18', '362', '323', '253', '320', '243', '61']
['311']
['233', '148', '423', '333', '420']
['296']
['316']
['220', '443', '53', '115', '289', '271', '466']
['36', '194', '149', '118', '372', '162', '343']
['288', '465', '127', '305', '228', '129', '43']
['88', '7', '447', '203', '376', '390', '448']
['114', '216', '291', '338', '281', '63', '248']
['151', '458', '325', '12', '407', '2', '482']
['498']
['493', '165', '20', '195', '136', '460', '459']
['348']
['477', '188', '174', '264', '363', '105', '421']
['474', '403', '408', '393', '157', '16', '109']
['227', '39', '331', '412', '64', '81', '385']