['150', '217', '71', '428', '131', '360', '56', '371', '357', '435', '368', '388', '422', '10', '473', '415', '384', '70', '194', '421', '405', '449', '240', '381', '284', '28', '276', '148', '450', '39', '342', '301', '260', '75', '468', '124', '270', '98']
['161', '183', '380', '378', '424', '138']
['87', '394', '225', '111', '460', '230', '385', '400', '168', '471', '446', '402', '59', '102', '22', '365', '100', '279', '395', '23', '143', '155', '179', '137', '345', '188', '73', '118', '412', '29', '438', '149', '372', '498', '184', '38', '249']
['440', '154', '374', '198', '33', '236', '41', '231', '411', '275', '135', '298', '45', '107', '389', '432', '430', '214', '294', '136', '101', '167', '69', '293', '242', '169', '299', '303', '258', '109', '328', '47', '274', '99', '382', '497', '256', '11']
['410', '239', '484', '417', '321', '425', '195', '358', '197', '459', '164', '16', '64', '347', '476', '12', '431', '377', '110', '337', '490', '418', '320', '350', '485', '470', '60', '255', '317', '390', '116', '288', '367', '55', '85', '433', '193', '477']
['7']
['50', '359', '355', '52', '306', '160', '243', '36', '226', '482', '30', '90', '122', '439', '207', '308', '356', '35', '263', '192', '144', '329', '175', '387', '93', '49', '456', '325', '94', '222', '393', '228', '91', '127', '489', '121', '465', '369']
['120', '452', '234', '129', '182', '327', '339', '232', '319', '172', '333', '68', '105', '291', '455', '277', '458', '475', '152', '176', '251', '153', '199', '271', '84', '324', '112', '104', '307', '363', '62', '404', '267', '481', '187', '48', '96', '487']
['202', '37', '6', '125', '229', '495', '287', '189', '43', '5', '46', '238', '341', '479', '334', '77', '494', '462', '74', '78', '146', '61', '42', '123', '80', '379', '206', '316', '296', '370', '147', '134', '106', '300', '2', '63', '346', '89']
['216', '454', '181', '115', '224', '171', '257', '364', '186', '83', '21', '92', '442', '20', '445', '15', '141', '451', '343', '97', '353', '8', '209', '403', '245', '244', '488', '88', '448', '117', '376', '280', '145', '221', '464', '177', '311', '338']
['211', '361', '53', '219', '130', '166', '281', '0', '34', '142', '265', '170', '13', '302', '72', '266', '26', '196', '408', '398', '165', '126', '318', '185', '466', '204', '17', '151', '32', '51', '133']
['18', '354', '401', '246', '220', '315', '467', '437', '469', '95', '406', '304', '386', '366', '397', '391', '252', '1', '492', '310', '499', '210', '340', '496', '295', '79', '457', '447', '420', '24', '349', '253', '66', '283', '478', '9', '25', '200']
['139']
['213', '57', '113', '103', '348', '205', '483', '305', '285', '180', '392', '119', '264', '413', '174', '297', '453', '399', '331', '159', '426', '414', '259', '114', '19', '82', '269', '201', '44', '262', '237', '156', '409', '27', '273', '108', '140', '67']
['292', '344', '312', '223', '419', '31', '191', '322', '132', '373', '309', '375', '427', '190', '429', '261', '212', '278', '463', '218', '76', '472', '208', '436', '444', '235', '326', '81', '486', '163', '233', '178', '290', '248', '4', '441', '54', '289']
['286']
['86']
['203']
['491']
['272']
['250', '227', '351', '383', '352', '493', '40', '434', '254', '314', '14', '323', '461', '65', '362', '58', '173', '443', '282', '162', '416', '215', '3', '313', '332', '268', '128', '247', '407', '396', '158', '157', '423', '474', '335', '336', '330', '480']
['241']