['70']
['199', '40', '227', '395']
['24', '128', '304', '251', '347', '322', '46', '18', '183', '301', '96', '392', '120', '126', '278']
['226', '327', '266', '231', '354', '326', '186', '165', '384', '236', '137', '139', '259', '275', '152', '398', '17', '72', '78', '22', '102', '258', '99', '10', '215']
['386', '148', '36', '372', '130', '290', '369', '279', '292', '294', '351', '82', '246', '174', '161', '157', '38', '238', '344', '177', '105', '391', '44', '244', '6']
['265', '146', '53', '310', '203', '176', '358', '114', '350', '299', '241', '393', '315', '333', '86', '56', '132', '153', '312', '366', '390', '348', '345']
['108', '55', '210', '343', '90', '356', '181', '33', '262', '121', '334', '277', '185', '123', '42', '223', '245', '307', '112', '297', '20', '15', '357']
['57', '67', '88', '365', '248', '298', '281', '274', '35', '2', '261', '188', '19', '346', '125', '77', '280', '113', '119', '337', '219', '129', '142', '328', '180']
['257', '273', '329', '134', '225', '214', '211', '331', '247', '382', '336', '164', '267', '308', '151', '330', '135', '235', '268', '83', '198', '270', '179', '71', '253']
['39', '377', '200', '87', '158', '233', '68', '101', '69', '143', '74', '341', '47', '360', '269', '378', '208', '375', '175', '34', '3', '51', '242', '202', '252']
['124', '287', '1', '272', '303', '264', '43', '45', '95', '107', '94', '89', '368', '8', '169', '14', '209', '314', '48', '205', '54', '332', '117', '216', '234']
['65', '371', '5', '342', '80', '73', '237', '136', '232', '291', '320', '355', '293', '189', '361', '313', '115', '29', '49', '271', '323', '25', '260']
['352', '13', '162', '154', '91', '50', '204', '222', '93', '27', '373', '311', '383', '63', '387']
['285', '98', '381', '324', '302', '62', '116', '388', '254', '168', '60', '138', '52', '32', '229', '28', '201', '305', '321', '288', '182', '240', '133', '389', '228']
['76', '283', '4', '374', '170', '141', '353', '295', '127', '85', '145', '224', '394', '79', '196', '118', '195', '197', '11', '16', '217', '9', '338']
['397', '255', '306', '206', '122', '207', '335', '149', '376', '155', '23', '263', '160', '221', '75', '171', '190', '276', '380', '284', '364', '111', '239', '256', '249']
['396', '140', '26', '309', '58', '110', '163', '144', '191', '12', '370', '363', '243', '317', '362', '184', '172', '187', '131', '61', '173', '178', '64', '300', '30']
['213', '104', '167']
['84', '37', '399', '166', '159', '0', '367', '109', '92', '150', '194', '193', '41', '339', '349', '282', '286', '230', '319', '385']
['106', '359', '289', '81', '156', '316', '66', '212', '250', '379', '97', '7', '296', '218', '21', '325', '31', '103', '192', '147', '318', '100', '220', '59', '340']