['0', '50', '100', '150', '178', '365', '300', '30', '400', '450']
['1', '51', '101', '151', '201', '301', '126', '209', '451']
['385', '52', '199', '152', '259', '252', '302', '36', '291', '452', '453']
['3', '53', '270', '153', '203', '253', '262', '293', '403', '142']
['458', '113', '70', '204', '254', '376', '344', '294', '214', '143']
['5', '55', '435', '155', '205', '255', '305', '355', '405', '251']
['196', '106', '156', '206', '256', '306', '356', '406', '456']
['350', '392', '107', '157', '207', '66', '307', '357', '407', '457']
['8', '58', '108', '158', '208', '275', '358', '331']
['9', '187', '109', '159', '401', '202', '321', '359', '409', '459']
['10', '60', '110', '160', '210', '260', '310', '360', '410', '460']
['11', '61', '111', '220', '211', '308', '311', '361', '46', '461', '102']
['12', '62', '443', '309', '387', '303', '312', '362', '412', '462']
['147', '446', '76', '324', '263', '242', '133', '329', '386', '353']
['14', '114', '16', '264', '314', '364', '414', '464']
['15', '65', '115', '165', '181', '265', '123', '250', '415', '465', '170']
['194', '116', '166', '216', '266', '316', '366', '416', '466', '279']
['377', '67', '167', '217', '267', '317', '367', '417', '257']
['18', '68', '118', '168', '87', '398', '318', '368', '418', '326', '290', '182']
['472', '69', '119', '481', '219', '93', '319', '369', '419', '469', '223']
['20', '154', '372', '455', '295', '103', '320', '230', '420', '470', '28']
['21', '429', '121', '171', '221', '248', '162', '340', '471']
['421', '72', '122', '273', '94', '272', '485', '120', '25', '39', '200', '104']
['23', '73', '315', '173', '172', '323', '373', '423', '473']
['24', '74', '174', '379', '274', '213', '374', '424', '474', '408']
['432', '75', '125', '175', '286', '261', '463', '375', '425', '163']
['26', '475', '351', '189', '226', '78', '468', '354', '426', '476']
['27', '77', '127', '177', '227', '486', '327', '17', '4', '477']
['128', '228', '278', '328', '378', '129', '195']
['441', '79', '428', '447', '229', '413', '224', '71', '2']
['80', '130', '289', '370', '280', '330', '380', '430', '480', '59']
['31', '239', '131', '149', '231', '281', '427', '381', '436', '63', '37', '371']
['222', '82', '132', '232', '282', '332', '382', '422', '482', '334', '117']
['34', '83', '363', '183', '233', '283', '193', '383', '433', '348']
['33', '84', '134', '184', '234', '284', '13', '246', '434', '484']
['35', '85', '135', '243', '235', '285', '335', '212', '105', '271']
['276', '86', '136', '186', '236', '225', '336', '169', '431', '277', '7']
['22', '137', '352', '185', '287', '337', '349', '437', '487']
['38', '88', '249', '188', '238', '288', '338', '467', '438', '488']
['19', '89', '139', '176', '57', '180', '393', '389', '198', '98', '6', '445']
['40', '90', '140', '190', '240', '454', '47', '390', '440']
['41', '56', '141', '191', '241', '402', '341', '391', '29', '388']
['42', '92', '192', '313', '292', '342', '215', '442']
['43', '269', '333', '237', '304', '343', '339', '112', '64']
['44', '32', '91', '164', '404', '394', '444']
['45', '95', '145', '478', '325', '161', '345', '395', '479']
['411', '96', '146', '144', '384', '296', '346', '396', '54', '258']
['218', '97', '245', '197', '247', '297', '347', '397', '179']
['48', '99', '148', '439', '322', '298', '483', '268', '448']
['49', '489', '81', '244', '138', '299', '124', '399', '449']