['64', '101', '187', '39', '190', '296', '13', '177', '86', '42', '38', '117', '94', '111', '231', '7', '226', '92']
['222', '290', '269']
['106', '118', '96', '18', '56', '281', '166', '191', '108', '151', '194', '80', '83', '107', '122', '258', '79']
['278', '277', '180', '19', '219', '49', '252', '32', '33', '228', '75', '35', '251', '50', '246', '47', '26', '71', '90', '218']
['23', '28', '11', '53', '20', '73', '3', '100', '15', '54', '22', '300', '36', '61', '43', '57', '59', '58', '2', '25']
['135', '27', '60', '236', '91', '72', '162', '62', '88', '12', '70', '16', '142']
['211', '276', '245', '280', '235', '210', '229', '233', '207', '227', '247', '225', '297', '52', '163', '260', '176', '202', '208', '268']
['220']
['168', '181', '196', '149', '121', '126', '199', '134', '115', '150', '156', '155', '158', '124', '114', '102', '104']
['214', '267', '289', '224', '264', '261', '248', '203', '230', '215', '253', '294', '274', '209', '76', '201', '216', '272', '291', '250']
['249', '292', '188', '244', '271', '239', '242', '295', '112', '275', '87']
['262', '81', '51', '265', '241', '67', '286', '154', '125', '133']
['105', '110', '186', '113', '137', '153', '173', '183', '179', '4', '273', '131', '143', '159', '175', '109', '145', '285', '279', '171']
['170', '34', '95', '46', '212', '17', '29', '93', '204', '41', '240', '65', '9', '45', '98', '97', '213', '44']
['169', '283', '288', '164']
['138', '103', '128', '136', '69', '287', '77', '192', '184', '147', '172', '174', '167', '282', '127', '85', '200', '189', '293', '157']
['206', '223', '256', '243', '146', '234', '205', '217', '237', '263', '257', '238', '259', '254', '82', '298', '232', '270', '221']
['31', '30', '144', '255', '37', '130', '165', '78', '266', '195']
['116', '185', '193', '198', '284', '119', '182', '152', '99', '161', '129', '299', '132', '120', '160', '178', '197', '123', '140', '141']
['6', '40', '8', '89', '24', '1', '148', '84', '66', '21', '48', '139', '68', '55', '63', '14', '10', '74', '5']