['s31', 's219', 's426', 's366', 's269', 's499', 's142', 's96', 's90']
['s60', 's393', 's80', 's3', 's235', 's148', 's474', 's218', 's195']
['s56', 's54', 's169', 's113', 's322', 's385', 's100', 's29', 's476', 's224']
['s301', 's197', 's261', 's251', 's135', 's15', 's124', 's410', 's329']
['s98', 's436', 's482', 's245', 's419', 's433', 's254', 's372', 's237', 's276']
['s151', 's377', 's302', 's349', 's230', 's390', 's361', 's249', 's227', 's82', 's268']
['s74', 's215', 's265', 's62', 's207', 's37', 's403', 's2', 's105', 's67']
['s122', 's330', 's402', 's323', 's454', 's34', 's205', 's294', 's365', 's35']
['s472', 's95', 's416', 's32', 's264', 's78', 's193', 's279', 's168']
['s352', 's102', 's371', 's477', 's4', 's55', 's184', 's76', 's312', 's353']
['s452', 's191', 's18', 's440', 's131', 's398', 's288']
['s144', 's287', 's106', 's431', 's450', 's336', 's465', 's318', 's359']
['s469', 's470', 's133', 's9', 's348', 's0', 's141', 's248']
['s79', 's270', 's26', 's364', 's305', 's417', 's331', 's308', 's421', 's310', 's328']
['s213', 's389', 's413', 's160', 's48', 's479', 's121', 's99', 's6', 's384']
['s380', 's229', 's252', 's66', 's164', 's306', 's161', 's362', 's333', 's223']
['s309', 's272', 's311', 's285', 's189', 's180', 's87', 's119', 's326', 's478']
['s491', 's12', 's451', 's430', 's453', 's424', 's200', 's167', 's179', 's246']
['s345', 's243', 's242', 's187', 's64', 's406', 's405', 's344']
['s45', 's38', 's145', 's238', 's407', 's487', 's138', 's376', 's411', 's307']
['s256', 's115', 's175', 's149', 's400', 's11', 's75', 's399', 's286']
['s51', 's188', 's355', 's316', 's28', 's275', 's480', 's10']
['s339', 's332', 's386', 's496', 's382', 's42', 's231', 's489', 's335', 's217']
['s44', 's370', 's185', 's444', 's59', 's267', 's341', 's163', 's84', 's428']
['s93', 's483', 's262', 's198', 's420', 's259', 's53', 's40', 's216', 's94']
['s162', 's206', 's375', 's128', 's418', 's171', 's303', 's343', 's136']
['s493', 's298', 's423', 's143', 's70', 's273', 's456', 's321', 's30', 's290']
['s241', 's127', 's112', 's43', 's293', 's367', 's445', 's266', 's427']
['s52', 's17', 's381', 's435', 's464', 's458', 's346', 's342', 's92', 's24']
['s97', 's201', 's25', 's258', 's226', 's177', 's495', 's68', 's181']
['s157', 's401', 's255', 's73', 's374', 's481', 's21', 's296', 's422', 's498']
['s199', 's319', 's210', 's369', 's91', 's170', 's5', 's485', 's434', 's441']
['s429', 's387', 's203', 's1', 's196', 's409', 's244', 's114', 's395', 's154']
['s447', 's408', 's57', 's282', 's228', 's263', 's463', 's165', 's497', 's123']
['s350', 's139', 's176', 's174', 's240', 's159', 's155', 's466', 's300', 's158']
['s178', 's449', 's373', 's351', 's337', 's109', 's125', 's442', 's104', 's338']
['s190', 's211', 's383', 's202', 's291', 's492', 's461', 's347', 's446']
['s50', 's147', 's295', 's81', 's16', 's354', 's69', 's289', 's438']
['s58', 's129', 's356', 's250', 's425', 's208', 's325', 's340', 's457', 's232']
['s172', 's72', 's222', 's253', 's118', 's23', 's257', 's313']
['s212', 's33', 's292', 's61', 's320', 's182', 's89', 's363', 's8', 's439']
['s134', 's126', 's394', 's183', 's304', 's247', 's281', 's85', 's432', 's20']
['s260', 's220', 's404', 's146', 's459', 's388', 's360', 's378', 's88', 's314']
['s486', 's299', 's494', 's280', 's204', 's475', 's192', 's379', 's278', 's488']
['s194', 's186', 's415', 's271', 's414', 's443', 's117', 's63', 's19', 's166']
['s49', 's83', 's221', 's460', 's392', 's65', 's153', 's368', 's234', 's484']
['s107', 's324', 's36', 's283', 's116', 's233', 's156', 's327', 's455', 's77']
['s236', 's357', 's317', 's22', 's7', 's137', 's152', 's111', 's41', 's120']
['s391', 's101', 's284', 's468', 's396', 's132', 's103', 's358', 's471', 's47']
['s46', 's467', 's473', 's490', 's14', 's225', 's277', 's71', 's27', 's274']
['s39', 's150', 's315', 's13', 's412', 's209', 's173', 's110', 's397', 's462']
['s140', 's437', 's448', 's86', 's130', 's108', 's239', 's334', 's297', 's214']