['161', '50', '103', '326', '195', '40', '98', '110', '56', '429', '425', '37', '300', '208', '111', '357', '219']
['44', '243', '178', '82', '304', '116', '34', '276', '301', '124', '401', '442', '453', '3', '68', '281', '306', '319']
['18', '351', '436', '127', '202', '131', '320', '327', '352', '9', '95', '266', '201', '93', '209', '349', '290', '38', '237', '423', '74']
['47', '343', '242', '277', '439', '217', '340', '403', '223', '379', '404', '22']
['33', '104', '129', '154', '0', '335', '169', '426', '49', '112', '139', '142', '375', '70', '203', '372', '136', '2', '101', '257']
['396', '30', '24', '398', '184', '197', '364', '180', '187', '31', '255', '428', '220', '36', '410', '210', '252', '182', '254', '164', '378']
['6', '366', '171', '308', '194', '405', '373', '226', '99', '191', '279', '7', '188', '382', '62', '130', '119', '1', '133']
['416', '312', '122', '232', '21', '307', '238', '365', '354', '447', '35', '454', '418']
['256', '334', '204', '264', '451', '336', '345', '20', '246', '125', '153', '162', '455', '285', '280', '437', '411']
['350', '8', '303', '76', '296', '5', '234', '383', '97', '146', '394', '14', '155', '434', '240', '313', '265', '149', '435', '83', '241']
['10', '192', '145', '85', '259', '135', '211', '235', '199', '23', '360', '385', '380', '325', '314', '305', '214', '274', '441', '233', '358']
['444', '329', '61', '395', '176', '150', '409', '185', '261', '286', '361', '11', '302', '386', '106', '107', '248', '132', '393', '388']
['415', '186', '250', '57', '212', '77', '262', '287', '81', '63', '205', '333', '69', '109', '417', '332', '359', '26', '236', '275', '249']
['13', '168', '87', '196', '121', '163', '45', '282', '288', '54', '108', '75', '260', '413', '438', '268', '160', '397', '387', '450', '324', '96']
['384', '317', '64', '369', '91', '432', '12', '189', '443', '407', '339', '392', '419', '406', '297', '213', '157', '299', '376', '328', '102', '120']
['15', '427', '118', '90', '115', '140', '269', '289', '215', '216', '72', '315', '206', '390', '258', '183', '128', '399', '29', '316', '424']
['41', '66', '94', '174', '247', '229', '291', '4', '391', '167', '179', '408', '193', '105', '346', '374', '190', '367', '231']
['17', '42', '166', '337', '100', '278', '272', '449', '446', '400', '244', '371', '147', '311', '55', '422']
['114', '28', '251', '344', '389', '239', '431', '362', '165', '156', '377', '271', '227']
['19', '321', '144', '158', '207', '273', '309', '267', '440', '414', '293', '225', '222', '152', '65', '448', '341', '347', '452', '338', '25']
['368', '253', '283', '170', '123', '59', '245', '270', '295', '348', '52', '78', '420', '363', '230', '177', '224', '27', '141', '356', '134']
['310', '53', '294', '88', '263', '113', '43', '181', '198', '331', '433', '60', '323', '221', '46', '330', '381', '200', '89', '84', '412']
['445', '39', '284', '71', '370', '172', '67', '159', '292', '86', '322', '92', '143', '175', '342', '137', '79', '148', '353', '48']
['218', '318', '58', '173', '228', '73', '117', '298', '16', '430', '80', '456', '126', '421', '51', '138', '355', '402', '32']
['151']