['75', '50', '437', '49', '427', '245', '135', '465', '322']
['1', '160', '347', '193', '154', '384', '84', '127', '7', '174', '255']
['206', '96', '278', '202', '271', '352', '320', '219', '293', '299', '308']
['3', '167', '203', '303', '317', '403', '149', '393', '225', '176', '144']
['297', '104', '356', '334', '254', '472', '354', '404', '454', '353', '231']
['5', '329', '32', '421', '405', '328', '493', '292', '435', '252', '77']
['355']
['171', '157', '294', '457', '79', '52', '448', '159', '237', '284', '436']
['108', '136', '145', '498', '105', '102', '342', '249', '200', '230', '132']
['9', '89', '362', '43', '438', '409', '452', '146', '93', '262', '29']
['369', '60', '20', '59', '371', '10', '151', '358', '416', '56', '110']
['381', '61', '451', '261', '311', '361', '432', '461', '312', '250', '115']
['62', '112', '212', '428', '350', '462', '379', '184', '397', '380', '383']
['201', '78', '480', '313', '66', '410', '279', '4', '185', '343', '152']
['14', '64', '114', '263', '443', '264', '11', '414', '351', '340']
['133', '65', '374', '165', '275', '97', '315', '2', '173', '18', '364']
['339', '348', '155', '191', '401', '236', '258', '85', '156', '479', '253']
['67', '226', '137', '418', '344', '471', '221', '248', '111']
['205', '434', '407', '73', '475', '447', '411']
['499', '368', '119', '47', '15', '406', '134', '357', '86', '197', '207']
['30', '70', '489', '220', '113', '370', '488', '425', '373', '188', '439']
['21', '71', '51', '269', '126', '162', '341', '190', '296']
['423', '172', '419', '142', '486', '422', '389', '8', '468', '387', '398', '39']
['366', '222', '80', '16']
['74', '0', '53', '224', '260']
['25', '208', '394', '324', '388', '325', '375', '55', '251', '424', '211']
['26', '76', '310', '332', '276', '210', '376', '426', '330', '390', '481']
['170', '402', '227', '238', '118', '72', '281', '496', '319', '215', '400']
['28', '22', '19', '228', '442', '272', '360', '429', '469', '287', '109', '470']
['214', '179', '240', '463', '192', '92', '474', '204', '467', '234', '444', '216']
['413', '130', '316', '318', '280', '36', '286', '13', '124', '158']
['309', '81', '131', '321', '123', '196', '314', '449', '177', '460', '372']
['440', '282', '473']
['33', '83', '300', '183', '233', '283', '433', '483', '120', '217', '377']
['34', '259', '68', '257', '484', '453', '138', '57', '58', '178', '326', '277']
['69', '87', '235', '117', '335', '385', '363', '485', '491', '450', '349']
['213', '88', '186', '82', '477', '336', '367', '417', '24', '408', '399']
['106', '63', '187', '44', '495', '268', '487', '180', '182', '323']
['38', '382', '455', '139', '288', '169', '266', '23', '290', '306', '482', '241']
['31', '232', '189', '166', '333', '430', '327', '267', '153', '181']
['40', '140', '161', '229', '386', '490', '239', '247', '289', '265', '129']
['100', '91', '391', '164', '291', '497', '378', '168', '6', '141', '48']
['42', '223', '256', '337', '305', '304', '392', '273', '492', '476', '199']
['441', '143', '209', '90', '415', '338', '365', '464', '41', '359', '466']
['35', '94', '270', '194', '244', '125', '99', '307', '456', '198', '331']
['45', '195', '122', '295', '345', '395', '445', '103', '285', '243', '150']
['121', '163', '420', '246', '346', '396', '446', '12', '274', '175', '242']
['459', '147', '478', '301', '412', '17', '302', '128', '107', '494', '431']
['98', '95', '46', '458', '218', '37', '101', '54', '116', '27', '148']
['298']