['0', '199', '124', '91']
['201']
['2', '395', '18', '302', '34']
['132']
['4', '30', '352', '35', '237', '240', '186', '238', '399']
['5', '357', '170', '203', '286', '242', '6']
['99', '78', '393', '251', '278']
['28', '97', '207', '307', '200']
['392', '325', '146', '308', '180', '224', '82']
['397', '143', '274', '188']
['327', '213', '347', '295', '253']
['227', '111', '166']
['340', '258', '126', '241']
['113', '17', '87', '260', '155', '157']
['47', '29', '268']
['16', '115', '215']
['314', '271', '216', '235', '292', '288']
['117', '387', '243']
['202', '222', '299']
['19', '335', '319', '10']
['128', '94', '169', '76', '139']
['334', '14']
['366']
['69', '33', '323', '112', '375']
['75', '368']
['25', '303', '305', '244', '210', '158', '61']
['383', '59', '326']
['194']
['301', '289']
['27', '229', '338', '257', '382']
['104', '173']
['331', '388']
['74', '109', '58', '230']
['118', '133', '310', '280', '354', '183']
['24', '134', '234', '151']
['320', '135', '379', '106']
['36', '140', '315', '167', '333', '64']
['384', '214', '363', '311']
['38', '219', '189', '119']
['321', '148', '339']
['371', '150', '98', '391']
['105', '32', '279', '328', '386']
['192', '142', '309', '304', '84', '31']
['11', '52']
['44', '381', '296']
['261', '342', '93']
['318', '246', '346', '239']
['114', '136', '247', '101', '389', '26', '89', '190', '264']
['163']
['49', '336', '249', '212', '156', '103']
['50', '70', '282', '350', '380', '316']
['122', '152', '130', '369', '53', '341', '191', '226', '162']
['138', '223', '77']
['83', '353', '205']
['187']
['337']
['56', '231', '181', '356', '272']
['267', '116', '102']
['317', '144', '277', '21', '92']
['184', '373', '43', '149', '48']
['60', '217', '250', '360', '147', '313', '266', '129', '3']
['174', '125', '256', '394']
['121', '55', '96']
['63', '232', '161', '236']
['51', '291', '8', '364']
['290', '265']
['343']
['361', '367']
['322', '168', '46', '284', '370', '57', '294', '218', '330']
['131', '349']
['68', '123', '270', '355', '90', '385']
['71', '285', '164']
['72', '172', '281', '22']
['73', '273', '269', '178', '66', '259', '287']
['362', '176', '298', '54']
['374', '127', '275', '7', '306', '37', '62', '283', '254']
['344', '23', '276', '211']
['80', '245']
['86', '13']
['79', '179', '175', '197']
['108', '193']
['81', '348', '67', '177']
['252', '160', '209', '312']
['39', '45']
['228', '255', '221', '100', '110']
['85', '185', '153']
['263', '154', '107', '377', '120']
['262']
['88', '41']
['390', '293', '365', '171', '396', '324', '233', '165', '376']
['372']
['358', '40', '332']
['12']
['208']
['220', '359', '248', '196', '225', '20', '1', '329', '300', '42']
['159', '195', '141', '345', '204']
['351', '15', '378']
['182', '297', '9']
['398', '65', '145']
['206', '198', '95', '137']