['333', '32', '250', '489', '382']
['484', '66', '151', '71', '348', '469', '159']
['52', '158', '476', '459', '431', '236', '190', '402', '104', '149']
['3', '87', '153', '446', '367', '483', '15', '2', '12', '13', '216', '83', '88']
['100', '54', '452', '154', '204', '458', '386', '362', '454', '328']
['121', '145', '374', '69', '355', '405', '36', '77', '376', '48', '384']
['414', '142', '156', '417', '124', '35', '466']
['7', '65', '107', '68', '361', '427', '307', '317', '457', '233', '44', '37', '160']
['8', '58', '112', '57', '308', '1', '187', '472', '136']
['259', '103', '498', '235', '451', '208', '453', '226']
['10', '60', '286', '179', '339', '385', '299', '240', '76', '243']
['125', '139', '185', '290', '283', '261', '311', '86', '82', '40', '24', '450', '470', '113']
['231', '22', '230', '130', '212', '341', '137', '337', '232', '437']
['465', '27', '313', '363', '356']
['14', '392', '294', '93', '364', '6', '170', '74', '399']
['238', '255', '115', '482', '315', '365', '400', '397', '324', '33', '455', '388', '197', '128']
['357', '435', '21', '266', '316', '366', '312', '274', '97', '173', '350', '213', '272', '256', '419']
['67', '117', '217', '267', '353', '428', '246', '260', '223']
['391', '5', '168', '51', '421', '401', '42', '418', '169', '90', '180']
['19', '205', '468', '55', '63', '420', '218', '157', '162']
['20', '297', '222', '109', '220', '270', '282', '47', '61', '202', '467', '321']
['474', '25', '248', '171', '302', '371', '268', '298', '257', '150']
['346', '463', '227', '172', '72', '70', '120', '422', '29', '102', '478']
['23', '73', '123', '375', '167', '273', '323', '138', '423', '473', '304', '269', '105', '407']
['275', '224', '182', '34', '424', '75', '300', '9', '176', '251', '359', '263', '79']
['166', '134', '253', '314', '325', '373', '394']
['26', '126', '101', '276', '326', '234', '322', '413', '349', '447', '122', '174']
['449', '141', '161', '277', '80', '241', '291', '492', '370', '389', '43', '127', '62']
['445', '78', '254', '320', '495', '296', '287', '434', '462', '207']
['380', '114', '229', '279', '329', '175', '303', '479', '292', '50', '406', '377']
['30', '327', '410', '280', '330', '96', '487', '442']
['31', '219', '131', '181', '378', '38', '331', '456', '301', '481', '464', '210', '11', '496']
['310']
['133', '189', '228', '144', '383', '433', '203', '252', '409', '281', '429']
['84', '81', '396', '89', '306', '334', '262']
['352', '135', '111', '285', '335', '360', '245', '485', '132', '193', '432', '443', '309', '164', '415', '284']
['163', '198', '494', '140', '110', '215', '486', '4', '271', '106']
['108', '53', '237', '305', '347', '186', '480', '318', '408', '41', '59']
['199', '497', '206', '188', '288', '191', '239', '214', '488', '178', '265', '403', '393', '491', '441']
['91', '351', '295', '247']
['477', '460', '471', '336', '46', '490']
['404', '39', '177', '475', '28', '18', '225', '289', '372']
['368', '56', '192', '242', '244', '148', '338', '340', '155', '200', '0', '319']
['92', '381', '143', '354', '293', '343', '332', '493', '499', '165']
['17', '94', '194', '64', '264', '344', '99', '444', '369']
['119', '95', '461', '195', '129', '211', '395', '345', '411']
['440', '221', '196', '147', '184', '116', '201', '209']
['118', '425', '436', '379', '249', '183', '439', '430', '16']
['98', '258', '387', '85', '412', '398', '448', '358', '278', '390']
['49', '342', '426', '45', '416', '152', '438', '146']