['217', '21', '53', '2', '207', '251', '104', '235', '97', '285', '287', '32', '163']
['14', '183', '270', '195', '241', '91', '88', '202', '49', '67', '277', '282', '57', '121', '206', '159', '201', '105', '256', '19']
['184', '81', '54', '298', '93', '84', '11', '135', '283', '113', '291']
['4', '82', '140', '171', '45', '126', '100']
['209', '196', '158', '16', '268', '125', '190', '165', '295', '188', '231', '74', '64', '269', '42', '129']
['103', '221', '147', '106', '219', '257', '292', '294', '223', '253', '246', '177', '146', '41', '300', '108', '264', '280', '26', '145', '36', '275', '236', '79']
['73', '78', '242', '87', '131', '127', '245', '167', '262', '150', '266', '237', '267', '172', '289', '43', '48', '133', '271']
['8', '28', '47', '149', '148', '265', '117', '208', '156', '112', '273']
['151', '29', '222', '89', '124', '119', '142', '186', '168', '297', '153', '274', '71', '286', '95', '51']
['50', '90', '296', '130', '102', '170', '35', '114', '203', '250', '72', '210', '111', '247', '144']
['110', '31', '3', '143', '120', '9', '164', '213', '211', '191', '70', '83', '185']
['101', '24', '52', '194', '239', '179', '34', '23', '232', '252', '199', '166', '263', '66']
['181', '33', '39', '281', '175', '141', '85', '118', '37', '248', '162', '226', '215', '233', '227', '96', '138', '161']
['259', '132', '123', '94', '134', '154', '290', '192', '122', '288', '214', '116', '205']
['243', '20', '115', '249', '155', '198', '174', '157', '40']
['99', '224', '173', '65', '136', '61', '182', '216', '197', '55', '13', '75', '230', '38', '193', '255']
['17', '76', '187', '77', '63', '225', '137', '30', '293', '229', '261', '109', '56', '278', '189', '228', '92', '240', '254', '238', '160', '128']
['18', '58', '107', '152', '180', '169', '59', '98', '200']
['1', '86', '258', '10', '62', '139', '272', '46', '279', '68', '7', '284', '299', '244', '69', '204', '6', '25', '44', '27', '178', '212']
['176', '60', '80', '218', '5', '260', '234', '220', '276', '12', '22', '15']