['181']
['19', '271', '182', '253']
['2', '258', '94', '100', '45', '212', '216', '147', '164', '290', '22', '139', '78', '124', '46']
['51', '33', '242', '238', '123', '12', '294', '93', '49', '28', '67', '149', '122', '280', '53']
['117']
['61']
['6', '80', '217', '126', '223', '154', '43', '179', '101', '185', '133', '113', '114', '249', '165']
['68', '30', '157', '116', '85', '134', '44', '255', '1', '106', '226', '247', '112', '102', '60']
['64']
['259']
['135', '29', '136', '222', '200', '278', '162', '35', '141', '145', '110', '25', '73', '23', '66']
['98']
['118']
['0']
['263', '235', '74', '244', '14', '287', '208', '89', '91', '52', '264', '128', '180', '82']
['188', '261', '97', '256', '202', '119', '148', '283', '146', '172', '42', '140', '58', '257', '232']
['16', '152', '221', '21', '204', '62', '183', '96', '169', '265', '277', '298', '234', '269', '144']
['231', '170', '220', '137', '11', '276', '191', '275', '199', '207', '201', '18', '55', '190', '211']
['10', '195', '267', '105', '198', '103', '83', '99', '65', '81', '291', '69', '40', '260', '268']
['266', '90', '71', '109', '50', '104', '187', '229', '184', '289', '171', '160', '41', '31', '39']
['75', '273', '138', '63', '230', '210', '213', '192', '150', '115', '84', '214', '38']
['293']
['236', '142', '87', '37', '285', '92', '129', '8', '251', '5', '209', '252', '161', '270', '158']
['228', '132', '233', '15', '175', '27', '36', '274']
['54', '3', '121', '248', '26', '196', '111', '245', '224', '17', '296', '215', '239', '193', '284']
['178', '250', '254', '272', '189', '206', '167', '20', '32', '131', '76', '281', '127', '240', '218']
['56', '151', '48', '130', '246', '173', '77', '197', '155', '95', '219', '279', '163', '86', '286']
['177', '125', '88', '143', '299', '282', '237', '57', '297', '159', '9', '225', '79', '227']
['107', '168', '174', '24', '13', '203', '176', '243', '241', '72', '288', '47', '166', '70', '194']
['205', '59', '156', '262', '295', '120', '34', '7', '186', '153', '108', '292', '4']