['2', '257', '91', '138', '221', '121', '152', '3', '254', '132', '272', '240', '285', '227', '102', '134', '80']
['70', '162', '230', '191', '241', '263', '255', '249', '201', '268', '93', '214']
['18', '9', '266', '119', '148', '287', '163', '231', '198', '53', '151', '207', '33', '109', '307', '34']
['83', '125', '118', '101', '280', '176', '60', '77', '88', '17', '55', '261', '211', '157', '10', '244', '184', '142']
['110', '127', '54', '92', '302', '166', '277', '136', '130', '29']
['182', '66', '146', '106', '81', '160', '258', '52', '61', '129', '194', '105', '67', '145']
['216', '209', '154', '202', '8', '30', '308', '84', '279', '173', '164', '168']
['100', '178', '204', '76', '213', '96', '180', '237', '153', '75', '229', '199', '223', '250', '177', '85']
['23', '31', '304', '291', '94', '292', '123', '192', '284', '222', '49', '128', '271', '116', '135', '246', '165']
['189', '212', '89', '259', '251', '312', '16', '239', '262', '245', '170', '179', '225']
['5', '281', '4', '217', '286', '171', '82', '45', '78', '24', '103', '117', '126', '306']
['309', '172', '113', '234', '265', '310', '238', '303', '270']
['35', '58', '12', '71', '124', '63', '167']
['11', '290', '296', '220', '294', '43', '137', '36', '273']
['288', '6', '283', '226', '175', '188', '99', '295', '26', '224', '59', '299']
['161', '253', '150', '14', '56', '183', '311', '95', '186', '48', '21', '210', '65', '7', '107', '215']
['62', '235', '122', '19', '269', '297', '147', '275', '267', '190', '98', '39', '57']
['274', '159', '169', '131', '25', '236', '139', '108', '232', '278', '243', '301', '42', '140', '37', '111', '73', '15']
['289', '64', '300', '47', '247', '51', '276', '74', '185', '72', '141', '38', '0', '205']
['87', '256', '28', '193', '86', '203', '264', '195', '133', '248', '200', '13', '197', '155']
['20', '46', '44', '305', '158', '228', '27', '112', '149', '40', '1']
['144', '90', '156', '115', '181', '313', '233', '104', '41', '69', '293', '120', '219', '174']
['22', '32', '68', '282', '114', '206', '187', '260', '208', '143', '252', '298', '218', '196', '50', '97', '242', '79']