['Fiona', 'Leah', 'Jordan', 'Amaya', 'Guadalupe', 'Tyra', 'Helen', 'Leslie', 'Ellen', 'Iris']
['Sasha', 'Katie', 'Brittney', 'Kylee', 'Genesis', 'Hallie', 'Tiana', 'Tatyana', 'Lisa', 'Aurora']
['Marisa', 'Gabriella', 'Mercedes', 'Maggie', 'Cora', 'Anne', 'Natasha', 'Baylee', 'Esmeralda', 'Ruth']
['Gabrielle', 'Karla', 'Arielle', 'Makenzie', 'Julianna', 'Margaret', 'Kayleigh', 'Joanna', 'Sophie', 'Angie']
['Luz', 'Kirsten', 'Clare', 'Claudia', 'Skyler', 'Liliana', 'Lesly', 'Lizbeth', 'Mary', 'Ashlynn']
['Brooke', 'Tiffany', 'Bethany', 'Cameron', 'Aubrey', 'Kristin', 'Heidi', 'Angel', 'Kiley', 'Nora']
['Tamara', 'Annie', 'Yasmin', 'Kyra', 'Tatiana', 'Rosa', 'Carolyn', 'Briana', 'Jaclyn', 'Kali']
['Sierra', 'Lindsey', 'Barbara', 'Cheyenne', 'Alana', 'Josephine', 'Bryanna', 'Noelle', 'Kira', 'Carrie']
['Bailee', 'Kylie', 'Karen', 'Kathleen', 'Elise', 'Kailey', 'Clara', 'Mckayla', 'Madisyn', 'Sylvia']
['Andrea', 'Katelyn', 'Makayla', 'Abby', 'Janet', 'Brittany', 'Meagan', 'Celeste', 'Whitney', 'Elaina']
['Alisha', 'Daniela', 'Melody', 'Johanna', 'Valerie', 'Erica', 'Gina', 'Jaqueline', 'Madelyn', 'Jade']
['Jayla', 'Giselle', 'Angelina', 'Amelia', 'Tia', 'Charity', 'Zoey', 'Layla', 'Jessie', 'Emely']
['Hayley', 'Amy', 'Kaitlin', 'Casey', 'Dominique', 'Michaela', 'Gloria', 'Krista', 'Mikayla', 'Kenya']
['Jordyn', 'Ariana', 'Karina', 'Serena', 'Haylee', 'Meghan', 'Jocelyn', 'Ana', 'Nia', 'Piper']
['Erin', 'Rose', 'Adrianna', 'Savanna', 'Ruby', 'Wendy', 'Danielle', 'Carley', 'Amber', 'Marilyn']
['Mckenna', 'Cassidy', 'Maya', 'Aaliyah', 'Jada', 'Dana', 'Jenny', 'Cassandra', 'Mikaela', 'Angela']
['Vanessa', 'Miranda', 'Catherine', 'Lindsay', 'Emilie', 'Shayla', 'Renee', 'Carissa', 'Camryn', 'Mckenzie']
['Reagan', 'Angelica', 'Delaney', 'Mallory', 'Eva', 'Kassidy', 'Daniella', 'Jillian', 'Annabelle', 'Amari']
['Selena', 'Kimberly', 'Cynthia', 'April', 'Sidney', 'Ashlee', 'Chelsey', 'Kaleigh', 'Pamela', 'Cara']
['Caroline', 'Audrey', 'Alexia', 'Kaylin', 'Ella', 'Alaina', 'Anahi', 'Tyler', 'Julie', 'Ivy']
['Madyson', 'Sonia', 'Nadia', 'Julissa', 'Tessa', 'Phoebe', 'Virginia', 'Serenity', 'Angelique', 'Julianne']
['Anastasia', 'Alina', 'Kelly', 'Christine', 'Carolina', 'Brenna', 'Talia', 'Michelle', 'Raven', 'Nichole']
['Adriana', 'Melanie', 'Lillian', 'Kristina', 'Sandra', 'Logan', 'Fatima', 'Yasmine', 'Irene', 'Lorena']
['Paige', 'Camille', 'Carly', 'Emilee', 'Lesley', 'Tabitha', 'Juliana', 'Tatum', 'Kailee', 'Perla']
['Shelby', 'Jayden', 'Bianca', 'Nina', 'Kate', 'Mya', 'Malia', 'Susan', 'Janae', 'Elisa']
['Macey', 'Alicia', 'Nancy', 'Athena', 'Katelynn', 'Kelli', 'Lacey', 'Felicity', 'Caitlyn', 'Taryn']
['Kaylee', 'Imani', 'Brenda', 'Valeria', 'Vivian', 'Addison', 'Haleigh', 'Kaitlynn', 'Jenna', 'Leilani']
['Esperanza', 'Erika', 'Rebekah', 'Alexus', 'Bridget', 'Lucy', 'Marie', 'Ann', 'Mariana', 'Chyna']
['Trinity', 'Lily', 'Theresa', 'Asia', 'Priscilla', 'Monique', 'Cristina', 'Gillian', 'Paris', 'Miracle']
['Caitlin', 'Heather', 'Macy', 'Alison', 'Francesca', 'Clarissa', 'Tayler', 'Abbey', 'Rachael', 'Devin']
['Maddison', 'Joy', 'Avery', 'Jazmin', 'Patricia', 'Destinee', 'Kierra', 'Alayna', 'Sharon', 'Aileen']
['Autumn', 'Isabelle', 'Brooklyn', 'Kiana', 'Makenna', 'Josie', 'Lauryn', 'Marlene', 'Paulina', 'Eden']
['Marissa', 'Arianna', 'Karissa', 'Crystal', 'Alissa', 'Cheyanne', 'Gisselle', 'Diana', 'Larissa', 'Natalia']
['Kyla', 'Peyton', 'Zaria', 'Carmen', 'Tori', 'Katlyn', 'Eleanor', 'Cindy', 'Monica', 'Christina']
['Breanna', 'Deja', 'Mia', 'Cierra', 'Cassie', 'Esther', 'Tara', 'Lilly', 'India', 'Regina']
['Diamond', 'Sara', 'Chasity', 'Veronica', 'Miriam', 'Jaden', 'Eliza', 'Carla', 'Hunter', 'Adrienne']
['Zoe', 'Deanna', 'Alondra', 'Ashleigh', 'Ciara', 'Ashton', 'Harley', 'Ayanna', 'Carlie', 'Tierra']
['Brisa', 'Aliyah', 'Gabriela', 'Hanna', 'Cecilia', 'Tiara', 'Justine', 'Mayra', 'Madeleine', 'Kassandra']
['Riley', 'Kristen', 'Desiree', 'Elena', 'Hope', 'Georgia', 'Madalyn', 'Ashlyn', 'Felicia', 'Shyanne']
['Laura', 'Skylar', 'Naomi', 'Payton', 'Lydia', 'Hailee', 'Kiara', 'Jane', 'Alejandra', 'Cristal']
['Genevieve', 'Paola', 'Courtney', 'Katrina', 'Jacqueline', 'Kamryn', 'Kasey', 'Mariah', 'Yesenia', 'Evelyn']
['Alexa', 'Regan', 'Kendra', 'Kelsie', 'Bailey', 'Heaven', 'Tianna', 'Precious', 'Macie', 'Sage']
['Kelsey', 'Breana', 'Brandy', 'Claire', 'Janelle', 'Raquel', 'Alexandria', 'Jasmin', 'Alanna', 'Callie']
['Brooklynn', 'Kennedy', 'Holly', 'Alyson', 'Charlotte', 'Tania', 'Marina', 'Kaila', 'Eliana', 'Eve']
['Litzy', 'Chelsea', 'Jazmine', 'Gianna', 'Rylee', 'Britney', 'Kiera', 'Lexi', 'Lucia', 'Sydnee']
['Brandi', 'Daisy', 'Kendall', 'Linda', 'Shania', 'Kaylie', 'Allie', 'Ellie', 'Alma', 'Madelynn']
['Sabrina', 'Jamie', 'Kara', 'Elisabeth', 'Rhiannon', 'Tamia', 'Viviana', 'Halle', 'Ariel', 'Sofia']
['Ava', 'Jacquelyn', 'Jayda', 'Allyson', 'Meredith', 'Teresa', 'Martha', 'Kiersten', 'Shannon', 'Melina']
['Isabel', 'Melissa', 'Faith', 'Gracie', 'Madeline', 'Denise', 'Marisol', 'Alice', 'Kathryn', 'Colleen']
['Molly', 'Summer', 'Kaley', 'Sadie', 'Dakota', 'Krystal', 'Skye', 'Annika', 'Deborah', 'Toni']