['207', '70', '278', '80', '262', '120', '140', '164', '358', '240', '177', '71', '312', '189', '219', '324', '315']
['20', '21', '41', '366', '115', '121', '136', '300', '201', '221', '241', '139', '314', '49', '341', '349', '69', '43', '272', '183', '206', '29', '229']
['2', '204', '38', '0', '138', '255', '222', '13', '137', '282', '302', '63', '5', '368', '1', '347', '12', '205', '6', '62', '370', '75', '301', '64', '26', '337']
['322', '185', '265', '102', '203', '223', '93', '263', '323', '118', '141', '44', '283', '311', '266', '76', '94']
['146', '124', '199', '66', '380', '25', '196', '379', '89', '310', '298', '54', '245', '345', '168', '145', '313', '398', '42']
['148', '316', '129', '284', '128', '252', '225', '285', '253', '104', '235', '331', '130', '55', '251', '372', '254', '35', '224', '61']
['86', '242', '117', '243', '307', '303', '135', '226', '85', '269', '113']
['27', '47', '220', '87', '246', '397', '143', '369', '213', '247', '267', '232', '297', '202', '367', '28', '384', '81', '48', '385', '72', '290', '292', '346', '208', '291', '158', '144', '119']
['8', '363', '68', '377', '108', '46', '45', '165', '228', '78', '67', '3', '348', '362', '101', '77', '233', '157', '4', '7', '79', '156']
['9', '160', '195', '293', '373', '181', '159', '161', '106', '109', '350', '180', '17']
['10', '50', '299', '365', '153', '150', '170', '190', '343', '147', '329', '364', '330', '155', '390', '332', '191', '24', '344', '289', '359', '238', '142']
['11', '215', '19', '91', '296', '40', '65', '231', '193', '184', '325', '327', '234', '82', '239', '92']
['187', '360', '264', '172', '351', '328', '395', '361', '352', '318', '381', '171', '387', '353', '188']
['166', '33', '53', '32', '127', '126', '51', '34', '125', '134', '216', '169', '393', '306', '39', '356']
['14', '371', '74', '179', '386', '333', '149', '112', '214', '280', '167', '256', '281', '211', '374', '279', '375', '30', '111', '103', '399', '230']
['31', '95', '114', '110', '321', '275', '391', '194', '152', '340', '182', '227', '23', '210', '22', '288', '151', '100', '209']
['261', '212', '96', '116', '273', '248', '52', '236', '122', '326', '336', '376', '396', '274', '244', '123', '268', '335', '73', '287', '16', '15', '99', '18', '317']
['305', '37', '57', '186', '286', '154', '197', '237', '107', '382', '271', '357', '36', '250', '192', '56', '388', '304', '270']
['162', '58', '105', '98', '163', '200', '178', '198', '218', '258', '295', '392', '338', '334', '309', '383', '97', '90', '259', '217', '260', '294', '60']
['308', '277', '59', '131', '88', '257', '389', '276', '174', '394', '354', '339', '132', '176', '342', '84', '249', '355', '83', '320', '133', '378', '175', '319', '173']