['350', '220', '154', '259', '317', '261', '23', '110', '376', '319', '397', '125', '100', '55', '375', '70', '203', '195', '81', '49', '191']
['89', '304', '315', '237', '124', '286', '213', '87', '114', '121', '112', '274']
['50', '8', '84', '164', '152', '193', '245', '280', '174', '129', '348', '307', '289', '33', '277', '14', '243', '392', '264', '396', '30', '360']
['26', '18', '142', '301', '219', '356', '7', '189', '46', '28', '325']
['36', '10', '388', '73', '135', '331', '57', '169', '212', '306', '108', '205', '343', '172', '229', '137', '266', '223', '354', '313', '192', '233', '82', '177']
['364', '63', '75', '138', '41', '249', '151', '265', '120', '71', '175', '119', '298', '300', '305', '282', '295', '113', '131', '323', '67', '271', '34', '133']
['395', '207', '21', '366', '217', '230', '182', '368', '268', '53', '225', '386', '316', '98', '39', '283', '358', '355', '382', '180', '287', '353', '94', '0', '13']
['176', '198', '272', '102', '123', '199', '183', '150', '394', '5', '308', '320', '208', '85', '332', '2', '284', '181', '302', '149', '372', '314', '47', '367']
['101', '155', '178', '12', '324', '389', '56', '241', '222', '69', '25', '24', '83', '194', '310', '107', '236', '162', '62', '40', '163', '111', '333', '68']
['128', '260', '263', '363', '201', '336', '391', '244', '252', '215', '92', '390', '148', '157', '303', '384', '99', '93', '80', '321', '322', '156', '66', '240']
['238', '294', '42', '32', '361', '76', '166', '19', '9', '329', '285', '371', '349', '327', '1', '37', '339', '72', '318', '130', '234', '170', '200', '31']
['270', '196', '227', '146', '134', '239', '296', '267', '168', '136', '206', '369', '357', '188', '16', '288', '88', '345', '103', '250', '153', '393', '52', '22', '60']
['158', '4', '330', '335', '78', '370', '256', '139', '145', '96', '279', '74', '247', '117', '346', '231', '334', '257', '269', '197', '273', '45', '173', '58']
['385', '253']
['65', '204', '381', '210', '278', '185', '115', '293', '140', '275', '365', '299', '242', '216', '3', '232', '15', '86', '109', '27', '104', '383', '291', '118']
['167', '311', '373', '186', '281', '187', '374', '160', '344', '341', '248', '352', '351', '122', '309']
['398', '224', '17', '359', '255', '132', '179', '48', '116', '347', '90', '276', '251', '211', '209', '143', '399', '362', '11', '292', '297', '221', '106', '377']
['77', '79', '258', '44', '29', '95', '184', '97', '20', '254', '380', '340', '147', '54', '337', '342', '126', '105', '59', '378', '91', '35', '228', '214', '379']
['190', '61']
['387', '218', '262', '159', '312', '171', '144', '326', '165', '226', '64', '43', '141', '127', '6', '38', '328', '51', '202', '161', '338', '235', '290', '246']