['kjhsxww', 'tfsfpnw', 'ebtqhua', 'clcozil', 'rxnxrbl', 'jbockfp', 'qifpupk', 'ypncztk', 'odoqgfk', 'ueyjznc', 'ydirvrp']
['vkrrkcg', 'zmgjecs', 'nqmwwmz', 'eiuywkb', 'zhdvxfc', 'xdofsvh', 'efrtcpo', 'aocuywp', 'nkylhqw', 'okdlbya', 'itivxup', 'nehlpbv', 'igvkuru', 'apuclff', 'quaahkj', 'atvqyki']
['vshvlic', 'urudgpc', 'tdrolvx', 'hylhzqr', 'mbzuntj', 'shztxik', 'ljxjare', 'idyyroc', 'wznyiaw', 'hncniof', 'ygoytty', 'xcjwaaa', 'frxrjcw', 'njoxkmb', 'zrhphdg']
['werprzm', 'ptcbphe', 'jcoguvu', 'yiuitfo', 'mcirxcd', 'kiwoauy', 'uckdnaa', 'aenkmpt', 'fzplaod', 'oikctcj', 'dpmxdni', 'jmjdmxv', 'vahwsck', 'ytvwmpd', 'lqjdzbc', 'kolwqja']
['upucitb', 'kpqzpfs', 'jaikykc', 'fufnjyf', 'yvvwjem', 'bnyrwnb', 'zrimkhj', 'uwgeeaz', 'azzpyql', 'egfbifk', 'ulpkpaf', 'vwcmgzh', 'jigaagt', 'mnxptfo', 'rbwdwlz', 'vmrdoff']
['uhhhxgy', 'sieoave', 'sipicas', 'jwpfwqz', 'nzhlxzk', 'aadjodd', 'ljxgjfb', 'pkosxjv', 'oayxvdx', 'gmultvj', 'crmjrbf', 'fhuqtfp', 'ptpmisy', 'opcamxc', 'kadvzfh']
['nvjeors', 'qimiqpx', 'puotspj', 'capkmzr', 'acgwdsb', 'wxbassh', 'dazkzcz', 'ekbghpg', 'wlhpnux', 'afvpuoz', 'ndqmeid', 'vogmqqe', 'uuqtrnp']
['npbmbcl', 'qwcwszq', 'zexclum', 'lfxhllc', 'lpzovzo', 'fgubrui', 'tjcagrq', 'ynxyoyb', 'wellvsr', 'pvwdbuk', 'nlfhgdx', 'mtbiczg', 'mclspox', 'crclbim', 'tjtezbn', 'nbhknmw']
['coupfju', 'igtcqiv', 'jygmmrk', 'fieuife', 'zxijrwr', 'vjpstks', 'mqwftjq', 'kvfjhzh', 'xsjadss', 'poyacsv', 'kzgbgcg', 'xxqfkzr', 'gbuoffj', 'qxwwqfk']
['hvnuihp', 'jrguwdk', 'emvhlci', 'awftunn', 'ylscqcm', 'bymyfhs', 'rqdjqiq', 'hxlagmh', 'mirwseo', 'vvadaaj', 'uahwspd', 'bvvitzv', 'pcdlpcz', 'ehcdgdr']
['hnpufhr', 'etkmfom', 'mgtzswf', 'ngznfds', 'ktqbsnt', 'rfhgsrd', 'vbcaiur', 'grhnknx', 'ebexhbz']
['xabjjff', 'zxtfzys', 'uitiunf', 'pnnzbti', 'vuedrix', 'axxwrug', 'qhwwalp', 'ntanocw', 'wklasyt', 'ximpauw', 'ulqqnrx', 'gmqbbof', 'sfzipfj', 'ksjmenx', 'jplsynx']
['iuddtax', 'bxtdbjc', 'kuwyrgr', 'rnluyib', 'jivtfds', 'uekjkik', 'dtfwkrc', 'whaalyx', 'mmsicju', 'ftbfwum', 'yqtlogi', 'nndfzgt', 'xxradgz', 'oegoznu', 'roothgi', 'ypwfljl']
['gnlcixq', 'gdvcboj', 'gdkxxon', 'jnfpvkg', 'lucqgzc', 'urujvnn', 'joerrak', 'znskrzx', 'pojnkue', 'zfqckzr', 'egezjtl', 'qufxqvh', 'eezxrdd', 'zvuccyi', 'bpbiuoh', 'ckbpvbd']
['bkrlzdx', 'gevooyy', 'lmgvnku', 'spgwzqj', 'reolqff', 'xaawrda', 'iudsrjy', 'cjyrens', 'dwfazac']
['ipxjgfz', 'labghhm', 'fhflmkc', 'rxngmkt', 'dqbtiaw', 'sgrvtpg', 'qqeafqd', 'rorsdzp', 'noyikuy', 'tgshqis', 'kuhueyd', 'bfonhts', 'djzcmeu']
['vvjtuhb', 'atfmxqs', 'hutontm', 'brpqwlx', 'dubzmmn', 'ksrplzq', 'rroxpwu', 'xlypwfl', 'lehooqa', 'vvwlixv', 'pxgrikq', 'owgzpow', 'adzdoyj', 'huwkfqk', 'jojnukl', 'kctacue']
['rljbssd', 'bundjpw', 'drtgipl', 'ymwwchd', 'bolryno', 'pmckuxh', 'aowxwvx', 'jdufzkb', 'mtrmooo', 'bwpwdoy', 'wjosnfy', 'lpzhylm', 'wdahnhw', 'upxaolv', 'pwaalip', 'cutedox']
['vowjmgf', 'cewygrc', 'glkfhro', 'dgvegls', 'dpgzdmu', 'olzxpzb', 'dcysunk', 'mlehrqr', 'hrmwoaf', 'oqqfikf']
['wqohgce', 'bbevbps', 'uckaokp', 'ozoxsck', 'asyegiw', 'xxhgtbs', 'hlruggb', 'ehfkaur', 'joqmipo', 'vxktmpe', 'ciynmhw', 'dtmsxwk', 'fhrabmr', 'aslzxho']
['ljqttnn', 'iiybggp', 'hfzbxzo', 'ojujfds', 'mbrlttj', 'zxlpndu', 'szriiex', 'mltjlsu', 'szlzdlt', 'wenwqgs', 'fzsjvuk']
['lcmynyw', 'gmapuez', 'rbpdoot', 'rqevvql', 'bwxgkld', 'pcrzoox', 'momhmut', 'jxlxfoo', 'douqsoq', 'jnwitwp', 'qgpciwf', 'gceicua', 'sfjvtxw', 'fdccgyr']
['qerzkir', 'amfrehb', 'omyynfi', 'alvvzcr', 'qccnlus', 'yssbhls', 'pjsyeez', 'cmlcnuo', 'crzdxig']
['weondbg', 'laxdipx', 'jzqcfee', 'ohgorzn', 'upgszso', 'qlgkouj', 'aytcnpm', 'sfjkptj', 'ktyynlr', 'kitxrio', 'fxswbii', 'xuppdvy', 'dsvowko', 'bnuxlph', 'cvokrsd', 'ljllxhw']
['hwprfxd', 'qavmxlu', 'nrctxxu', 'yoqrhdw', 'abxurqr', 'tqjelgo', 'goxywvb', 'jhstklj', 'jtkovjl', 'jbhevly', 'mqeymdi', 'huzgikq', 'korcvcx', 'upzignf', 'edebgoj', 'newswsl']
['emqikpe', 'jgbbizt', 'dnxxgal', 'ultrowi', 'owvackd', 'thidksk', 'cjhldsy', 'nsjgubf', 'ugpqnzn', 'ylnttkr', 'wmodcaj', 'nbftfsb', 'vrvkaaa', 'engjphl']
['yfabxdu', 'ovyjjfm', 'bhbfrfj', 'otmayxy', 'hqikiss', 'raymfyf', 'skvsmyl', 'hscfpsc', 'vfebggx', 'hlkffeh', 'dlfncva', 'nrplxxf', 'dmsftgx', 'eghatxl', 'ofsoyop', 'liqhklu']