['27', '30', '142', '275', '13', '10', '150', '187']
['63']
['112', '200', '262', '41', '221', '290', '3', '66', '212', '84', '188']
['68', '33', '82', '1', '40', '167']
['293', '283', '203', '32', '147', '102', '31', '214', '71', '111']
['0', '149', '278', '229', '105', '8', '50', '70', '26', '168', '4']
['156', '90', '263', '24', '259', '137', '276', '257', '247', '20', '193']
['76', '60', '110', '204', '183', '126', '72', '124', '153']
['21']
['151', '232', '208', '172', '2']
['61', '240', '59', '184', '38', '47', '249', '114', '252']
['196', '189', '224', '179', '159', '36', '197']
['42', '95', '233', '119', '195', '266', '282', '130', '248', '180', '243', '250', '163', '118']
['254', '116', '154', '100']
['14', '44', '74', '104', '277', '285', '127', '292', '73', '43', '289', '255', '92', '34', '158', '29', '155']
['15', '45', '253', '194', '133', '230', '48']
['181', '209', '122', '256', '286', '39']
['120', '162', '164', '246', '237', '143', '284', '25', '199', '226']
['115', '108', '138', '134', '160', '245', '135']
['19', '18', '173', '228', '136', '107', '213', '218', '62', '191', '35', '28', '207', '298', '215', '206', '225']
['51', '80', '23', '170', '139', '294', '272', '223', '166', '161', '7', '98', '11', '220', '52', '86']
['140', '91', '273', '65', '141', '201', '231', '261', '291', '165', '279', '6', '176', '109', '5', '79', '93']
['64', '55', '125', '75', '202', '198', '251', '260', '56', '295', '37']
['9', '129', '241', '113', '211', '69', '258', '280', '53', '12', '16', '103']
['192', '54', '287', '144', '145', '264', '146', '58', '238']
['222', '227', '85', '174', '175', '185', '265', '157', '234', '177', '270', '171', '271', '17', '210', '236', '77', '190']
['83', '235', '46', '94', '296', '244']
['49', '269', '117', '152', '299', '267', '297', '99', '121', '101', '205', '78', '97', '131', '123']
['178', '88', '148', '81', '169', '268', '96', '288', '182', '67', '242', '281']
['186', '22', '87', '132', '274', '216', '219', '239', '57', '89', '106', '128', '217']