['JonasJerebko', 'TreveonGraham']
['KyleAnderson', 'RobinLopez']
['JerianGrant', 'WayneEllington']
['JustinJackson', 'LukeKennard']
['LucMbahaMoute', 'JabariParker']
['MarcoBelinelli', 'DonovanMitchell']
['ErsanIlyasova', 'CourtneyLee']
['JaeCrowder', 'HassanWhiteside']
['MikeMuscala', 'GaryHarris']
['WesleyIwundu', 'EnesKanter']
['ManuGinobili', 'GiannisAntetokounmpo']
['AlHorford', 'EricBledsoe']
['MarcinGortat', 'TomasSatoransky']
['TerryRozier', 'JrueHoliday']
['TrevorAriza', 'JaysonTatum']
['JaredDudley', 'KyleKuzma']
['DraganBender', 'DamianLillard']
['MarcusMorris', 'DJAugustin']
['SemiOjeleye', 'ElfridPayton']
['KellyOlynyk', 'MylesTurner']
['SpencerDinwiddie', 'TimHardaway']
['OttoPorter', 'LouWilliams']
['DeMarreCarroll', 'JeffTeague']
['RudyGay', 'JonasValanciunas']
['RondaeHollisJefferson', 'JamalCrawford']
['CarisLeVert', 'LaMarcusAldridge']
['ClintCapela', 'NemanjaBjelica']
['GorguiDieng', 'ZachCollins']
['StephenCurry', 'AllenCrabbe']
['TylerZeller', 'TyrekeEvans']
['IanMahinmi', 'EkpeUdoh']
['SkalLabissiere', 'SterlingBrown']
['MarvinWilliams', 'DwightHoward']
['NicolasBatum', 'DelonWright']
['JeremyLamb', 'RajonRondo']
['ZazaPachulia', 'KyrieIrving']
['AlexLen', 'DarrenCollison']
['RobertCovington', 'JameerNelson']
['MalikMonk', 'NikolaMirotic']
['MichaelCarterWilliams', 'FrankKaminsky']
['JustinHoliday', 'BobbyPortis']
['BradleyBeal', 'KhrisMiddleton']
['LauriMarkkanen', 'JohnCollins']
['FrankNtilikina', 'MichaelBeasley']
['AndrewHarrison', 'ReggieJackson']
['DavidNwaba', 'JarrettJack']
['AndreDrummond', 'DionWaiters']
['KrisDunn', 'ReggieBullock']
['PaulMillsap', 'DougMcDermott']
['PaulZipser', 'EricGordon']
['LeBronJames', 'JoshHuestis']
['JRSmith', 'CarmeloAnthony']
['JeffGreen', 'DeMarDeRozan']
['DanteCunningham', 'AndrewWiggins']
['KyleKorver', 'KlayThompson']
['JarrettAllen', 'PatrickPatterson']
['TristanThompson', 'MalcolmBrogdon']
['GeorgeHill', 'AndreRoberson']
['JoseCalderon', 'MarcusSmart']
['HarrisonBarnes', 'JonathonSimmons']
['GeraldGreen', 'AaronGordon']
['JerrydBayless', 'ShabazzMuhammad']
['WesleyMatthews', 'ETwaunMoore']
['DennisSmith', 'JJBarea']
['DirkNowitzki', 'KellyOubre']
['DwightPowell', 'BismackBiyombo']
['NikolaVucevic', 'ShelvinMack']
['PaulGeorge', 'JamalMurray']
['JoelEmbiid', 'TylerJohnson']
['JeramiGrant', 'BenSimmons']
['WillBarton', 'GoranDragic']
['TajGibson', 'CediOsman']
['EvanTurner', 'JJRedick']
['WilsonChandler', 'DevinHarris']
['JoshRichardson', 'TJMcConnell']
['DeMarcusCousins', 'AmirJohnson']
['TreyLyles', 'AndreIguodala']
['DerrickFavors', 'RoyceONeale']
['EmmanuelMudiay', 'DanielTheis']
['ZachRandolph', 'TJWarren']
['EvanFournier', 'AronBaynes']
['TimotheLuwawuCabarrot', 'KarlAnthonyTowns']
['StanleyJohnson', 'DevinBooker']
['AnthonyTolliver', 'TylerUlis']
['JoshJackson', 'TroyDaniels']
['TobiasHarris', 'BlakeGriffin']
['JamesJohnson', 'BamAdebayo']
['AveryBradley', 'MarioChalmers']
['YogiFerrell', 'MaxiKleber']
['PatConnaughton', 'CJMcCollum']
['GarrettTemple', 'DennisSchroder']
['KevinDurant', 'JusufNurkic']
['LangstonGalloway', 'AlFarouqAminu']
['MasonPlumlee', 'NikolaJokic']
['KristapsPorzingis', 'KyleOQuinn']
['NickYoung', 'DraymondGreen']
['CoryJoseph', 'VictorOladipo']
['DavidWest', 'MauriceHarkless']
['RudyGobert', 'DeAaronFox']
['PatrickMcCaw', 'BogdanBogdanovic']
['JamesHarden', 'WillieCauleyStein']
['JoeHarris', 'DAngeloRussell']
['IanClark', 'BuddyHield']
['RussellWestbrook', 'RaymondFelton']
['IsaiahTaylor', 'TorreyCraig']
['TaureanWallerPrince', 'MalcolmDelaney']
['RyanAnderson', 'NeneHilario']
['DewayneDedmon', 'DariusMiller']
['DarioSaric', 'BenMcLemore']
['KostaKoufos', 'TyusJones']
['ThaddeusYoung', 'PattyMills']
['EdDavis', 'ShabazzNapier']
['SindariusThornwell', 'PauGasol']
['KentBazemore', 'DannyGreen']
['ShaunLivingston', 'DwyaneWade']
['LanceStephenson', 'BrynForbes']
['SalahMejri', 'JaylenBrown']
['DomantasSabonis', 'SergeIbaka']
['JoeYoung', 'DavisBertans']
['AlJefferson', 'StevenAdams']
['TonySnell', 'JasonTerry']
['CJMiles', 'QuincyAcy']
['AustinRivers', 'BrandonIngram']
['WesleyJohnson', 'PascalSiakam']
['MontrezlHarrell', 'JakobPoeltl']
['OGAnunoby', 'FredVanVleet']
['KyleLowry', 'JustiseWinslow']
['MilosTeodosic', 'KevinLove']
['SamDekker', 'DeAndreJordan']
['KentaviousCaldwellPope', 'BojanBogdanovic']
['ThonMaker', 'JoeIngles']
['JuliusRandle', 'RickyRubio']
['JohnHenson', 'JoshHart']
['RodneyHood', 'MichaelKiddGilchrist']
['BrookLopez', 'IshSmith']
['MarcGasol', 'JaMychalGreen']
['JordanClarkson', 'LonzoBall']
['LarryNance', 'AlecBurks']
['CoreyBrewer', 'AnthonyDavis']
['AlexAbrines', 'DenzelValentine']
['DillonBrooks', 'DeyontaDavis']
['JarellMartin', 'MarioHezonja']
['JimmyButler', 'RichaunHolmes']
['PJTucker', 'MarkieffMorris']
['TysonChandler', 'ChrisPaul']
['CristianoFelicio', 'MikeScott']
['DejounteMurray', 'LanceThomas']
['JamesEnnis', 'KembaWalker']
['JohnWall', 'JodieMeeks']
['MarqueseChriss']