['FM', 'Y', 'OS', 'JJ', 'PB', 'FK', 'RN', 'PN', 'DB']
['GI', 'PY', 'NT', 'SJ', 'HG', 'CP']
['CD', 'IN', 'CJ']
['CT', 'HR', 'BX', 'CX', 'EQ', 'QH']
['L', 'HY', 'LY', 'MT']
['BF']
['CG', 'OC', 'EP', 'DH', 'NV', 'BN']
['LV', 'KI', 'PW', 'RZ', 'MU', 'OD', 'EC', 'PZ']
['CE', 'MG', 'PF', 'OO', 'HD', 'IP', 'BV']
['GL', 'RU', 'DD', 'QO', 'ET', 'DL', 'IJ']
['CI', 'QE', 'DS', 'SH', 'CZ', 'HB', 'QR', 'BZ']
['DI', 'Z', 'NY', 'LZ', 'KN', 'I', 'GE']
['SL', 'QA', 'JY', 'RI', 'QM']
['BI', 'IK', 'MN', 'DF', 'LB', 'H', 'FA', 'RV']
['KO', 'KB', 'NZ', 'JB', 'SR', 'JV']
['CN', 'EM', 'IW', 'RW', 'GU', 'FJ']
['BU', 'SG', 'OG', 'FL', 'RF', 'SE']
['SM', 'DC', 'QF', 'JQ', 'JP']
['LH', 'NU', 'JS', 'QI']
['HU', 'QZ', 'MZ', 'DW', 'TC', 'JA']
['QG', 'FD', 'F', 'SF', 'NI']
['BH']
['GN', 'ME', 'T']
['JK', 'HT', 'RO']
['QX', 'OR', 'GP', 'FG', 'EN']
['BM', 'QW', 'QN']
['JF', 'FE', 'KQ', 'NK', 'BJ']
['X', 'PP', 'GB', 'KD', 'NA', 'FR', 'DX', 'DE']
['MO', 'GR', 'ON', 'TD', 'BS']
['HN', 'NH', 'KF', 'SB', 'EK', 'JW']
['IR', 'SW', 'FC', 'FV', 'DQ']
['G', 'KR']
['KV', 'NX', 'LE', 'ST', 'SQ']
['BP', 'BY', 'CF', 'JD', 'DO']
['PK', 'EG', 'JE', 'HO']
['RM', 'PD', 'FH', 'CL', 'CR']
['FO', 'NL', 'SP', 'CB', 'NP', 'KE', 'HI', 'SO']
['MA', 'OL', 'QY', 'PS']
['MI', 'IG', 'OE', 'IT', 'FB']
['KS', 'HH', 'QK', 'FU', 'EF', 'LP', 'GW', 'NF']
['LR', 'IQ', 'MF', 'HX', 'S']
['ES', 'EA', 'DZ', 'IV', 'RH', 'MK', 'QJ', 'NG', 'GS', 'MB']
['OQ', 'IC', 'BG', 'NS', 'OZ', 'HA', 'MV']
['IO', 'GA', 'EY', 'LQ', 'PT', 'OI']
['OF', 'RG', 'CY', 'GQ', 'MQ', 'RJ']
['PQ', 'SK', 'MP']
['GV', 'OV', 'KX', 'EJ']
['QT', 'MX', 'HW', 'RT', 'DP']
['RD', 'HE', 'JT', 'OT', 'MW', 'HF', 'A']
['CC', 'HQ', 'PG', 'QD']
['PJ', 'CW', 'LU', 'QQ']
['HL', 'IU', 'PA', 'KU', 'GJ', 'BE', 'OW', 'TB', 'BL']
['BA', 'NB', 'GG', 'D']
['M', 'PL']
['DN', 'EW', 'KG', 'LF']
['GM', 'ER', 'FW']
['EB', 'EV', 'IM', 'SA', 'SZ']
['SI', 'EE', 'GK']
['CM', 'II', 'BW', 'BT', 'IS', 'EU', 'KM']
['CV', 'FS', 'NE', 'B', 'NW', 'MY']
['LI', 'OK', 'RR', 'QV']
['EL', 'EO']
['MC', 'TE', 'MD', 'IZ']
['DV', 'SN', 'PI', 'KY', 'OM', 'QL']
['RC']
['IL', 'HS', 'EZ']
['DK', 'RE', 'U', 'KZ', 'PX', 'KK']
['KA', 'RL', 'JH', 'CO', 'PR', 'HJ', 'J', 'PH']
['SV', 'FF', 'LK', 'N', 'EH']
['TF', 'GD', 'LC', 'SX', 'OH', 'E']
['LN', 'LS', 'SU', 'OP', 'PO', 'NC']
['FI', 'MH', 'NQ', 'BK', 'JX', 'ML']
['OX', 'KL', 'JC']
['NM', 'GC', 'BD', 'GY', 'OU']
['DJ', 'DR', 'IY', 'HZ', 'CH', 'R']
['JO', 'RS']
['EX', 'KP', 'BQ']
['LX', 'OA', 'CS', 'HP']
['LO', 'QC', 'LG', 'SC', 'HM', 'CU', 'KT']
['LA', 'RP', 'IF', 'LL', 'RA', 'JR', 'BB']
['LD', 'BO', 'RX', 'QS']
['JI', 'MS', 'PE']
['RB', 'NJ', 'JN']
['IB', 'TA']
['LW', 'IX', 'FZ', 'BR', 'GZ', 'FN', 'OJ', 'PV', 'PC']
['K', 'FQ', 'MM', 'P', 'KH', 'O', 'DT', 'KJ', 'IH']
['SS', 'FP', 'NO', 'DM']
['HC', 'SD', 'W', 'KW', 'ID']
['GT', 'PU', 'SY']
['RQ', 'QU', 'LM', 'LT']
['JG', 'ED', 'DA', 'PM', 'IE']
['FY', 'V', 'MR', 'Q', 'MJ']
['GO', 'EI', 'JL']
['HV', 'CQ', 'HK', 'CK', 'LJ', 'RY']
['KC', 'GF', 'CA', 'C']
['ND', 'OY', 'JZ', 'DG']
['GH', 'JU', 'FT', 'JM']
['GX', 'DY', 'FX', 'QB', 'QP']
['RK', 'OB', 'IA', 'NN', 'BC']
['NR', 'DU']