['241', '184', '350', '131', '247']
['251', '25', '162', '372', '137', '22', '51', '111', '202', '78', '359', '63', '280', '278', '19', '59']
['367', '29', '128', '3', '67', '84', '335', '305', '220', '190', '267', '266', '74', '24', '61', '160']
['271', '41', '151', '283', '109', '256', '110', '205', '214', '323', '325', '298', '362', '301', '163']
['281', '206', '64', '290', '293', '329', '80', '288', '263', '180', '100', '48', '373', '237', '150', '20']
['250', '139', '289', '365', '192', '169', '16', '177', '311', '145', '105', '292', '217', '334', '191', '143']
['149', '93', '121', '307', '88', '18', '123', '331', '347', '302', '332', '351']
['117']
['340', '95', '185', '248', '54', '234', '274', '317', '285', '242', '244', '371', '173', '203', '132', '45']
['94']
['126', '320', '122', '87', '210', '21', '226', '5', '71', '27', '58', '148', '326', '208', '358', '141']
['269', '77', '152', '186', '254', '26', '353', '55', '189', '343', '108', '231', '118']
['130', '253', '70', '113', '52', '243', '346', '374', '42', '321', '6', '11', '76', '310', '361', '125']
['68']
['23', '200', '73', '40', '32', '223', '195', '201', '245', '341', '277', '181', '261', '50', '159', '224']
['4', '38', '252', '291', '265', '255', '89', '342', '276', '175', '193', '153', '127', '308', '140', '279', '375']
['154', '36', '207', '257', '44', '300', '324', '39', '284', '370', '295', '15', '212', '98', '354', '339']
['101', '196', '356', '75', '272', '294', '211', '99', '364', '336', '115', '268', '327', '114', '161', '49']
['13', '228', '333', '37', '306', '120', '258', '96', '240', '33', '1', '227', '60', '366', '133']
['345', '222', '313', '167', '28', '182', '318', '102', '209', '7', '316', '215', '66', '116', '46', '85']
['197', '286', '119', '219', '275', '328', '199', '225', '287', '330', '155', '8', '171', '368', '146']
['221', '230', '216', '349', '81']
['104', '147', '315', '90', '363', '260', '82']
['218', '178', '249', '235', '47', '124', '369', '166', '164', '2', '57', '348', '322', '357', '312']
['198', '360', '174', '188', '112', '296', '355', '259', '43', '135', '183', '79', '282', '270', '176', '107']
['297']
['156', '319', '233', '69', '97', '72', '299', '187', '134', '304', '239']
['83', '338', '194', '232', '65', '103', '35', '337', '106', '14', '62', '158', '262', '129', '10']
['91']
['314', '172', '165', '9', '236', '12', '86', '204', '142', '138', '344', '170', '352']
['238', '34', '264', '309', '17', '273', '56', '30', '213', '246', '136', '168', '144', '229', '303', '157']
['92', '179', '53', '31']