['119', '230']
['121', '140', '215', '236', '248']
['195', '45', '62', '81', '16', '176', '35', '165', '187', '28', '126', '4', '169']
['247', '44', '117', '54', '197', '228', '76', '101', '116', '47', '15', '108', '89', '21', '208', '128', '25']
['40', '80', '73', '200', '196', '127', '154', '59', '64', '94', '241', '224', '60']
['61', '138', '124', '82', '194', '10', '106', '118', '185', '181', '147', '245', '206', '42', '184', '238', '229', '5', '0', '87', '231', '164', '223', '137', '14']
['242', '202', '92', '86', '145', '52', '150', '232', '19', '191', '95', '180', '113', '104', '171', '227', '175', '74', '244', '188', '20', '75', '51', '173']
['107', '177', '160', '226']
['122', '239']
['33', '213', '39', '103', '166', '182', '172', '158', '79', '149', '183', '225', '204']
['71', '31', '130', '38', '174', '70', '88', '93', '210', '125', '56']
['11', '22', '23', '159', '102', '58', '129', '142', '211', '100', '214', '216', '246', '7', '220', '8', '198', '46']
['91', '132', '207', '162', '12', '6', '212']
['9', '163', '53', '203', '55', '135', '218', '153', '68', '167', '29', '83', '243', '143', '115', '199', '72', '219', '65', '84', '168', '209']
['2', '189', '139', '30']
['24', '112', '205', '27', '26', '152', '240', '192', '157', '50', '41', '133', '131', '221', '144', '85', '36', '179', '217', '43', '37', '233', '97', '110', '161']
['69', '77', '190', '96', '136', '156', '78', '57', '18', '98', '234']
['170', '105', '90', '114', '178', '235', '249', '17', '155', '123', '67', '146', '109', '141', '63', '49']
['151', '34', '134', '66', '1']
['201', '237', '99', '120', '148', '32', '3', '193', '13', '186', '48', '222', '111']