['23', '45', '24', '0', '42', '359', '10', '360', '234', '390', '124', '44']
['1', '46', '484', '114', '325', '309', '110', '71', '451', '496', '198', '455']
['280', '272', '53', '273', '303', '299', '393', '351', '301', '224', '251', '469']
['93', '199', '228', '497', '420', '464', '188', '472', '89', '120', '222']
['456', '220', '184', '274', '454', '84', '499', '239', '212', '278', '356']
['100', '210', '127', '118', '4', '68', '69']
['225', '261', '204', '111', '211', '376', '373', '90', '379', '72', '203', '266']
['310', '442', '158', '334', '206', '443', '412', '38', '346', '433', '401', '168']
['8', '362', '98', '165', '232', '368', '396', '33', '236', '50', '14', '82']
['51', '27', '80', '49', '35', '103', '13', '116', '237', '192', '159', '26']
['419', '481', '490', '101', '75', '52', '415', '233', '223', '180', '172']
['329', '56', '345', '416', '340', '324', '221', '343', '317', '326', '307']
['476', '95', '477', '417', '462', '488', '495', '452', '414', '181', '411']
['58', '148', '283', '119', '271', '296', '453', '265', '214', '102', '201', '293']
['104', '177', '244', '230', '61']
['407', '240', '285', '330', '189', '465', '238', '190', '313', '9', '154', '235']
['16', '483', '229', '468', '458', '241', '121', '202', '486', '466', '475', '79', '115']
['444', '437', '107', '322', '436', '421', '287', '332', '459', '422', '467', '406']
['218', '122', '333', '378', '146', '480', '377']
['487', '187', '288', '262', '282', '256', '392', '66', '194']
['492', '65', '316', '155', '337', '145', '405', '470', '243', '474', '431', '178']
['409', '327', '209', '226', '342', '336', '81', '270', '112', '308', '314']
['92', '67', '300', '157', '123', '491', '292', '169', '382', '281', '263']
['215', '57', '113', '365', '391', '354', '361', '395', '353', '372', '371', '350']
['96', '428', '74', '429', '193', '97', '133', '213']
['275', '70', '269', '160', '250', '295', '268', '150', '289', '94', '267', '277']
['216', '167', '179', '312', '245', '363', '139', '140', '328']
['54', '87', '385', '142', '367', '383', '357', '86', '364', '174', '375', '366']
['264', '73', '438', '163', '208', '253', '298', '461', '388', '260', '450', '347']
['418', '62', '83', '479', '460', '254', '138', '473', '434', '294', '149', '471']
['315', '304', '290', '425', '255', '387', '331', '435', '427', '348', '286', '156']
['247', '335', '170', '276', '463', '182', '117', '489', '457', '498', '227', '374']
['161', '77', '108', '186', '91', '85', '153', '413', '358', '408', '381', '402']
['141', '257', '284', '231', '166', '175', '242', '39', '370', '311', '207', '64']
['164', '259', '394', '439', '384', '398', '404', '252', '136', '47', '195', '21']
['423', '43', '258', '135', '478', '305', '144', '430', '440', '485', '248', '99', '445']
['36', '126', '196', '22', '17', '306', '323', '29', '34', '20', '410', '128']
['279', '369', '386', '494', '380', '176', '352', '397', '129', '399', '355', '60']
['143', '63', '297', '31', '28', '125', '137']
['3', '219', '162', '30', '2', '25', '12', '5', '59', '11', '15', '183']
['7', '151', '130', '6', '19', '400', '449', '55', '441', '78', '424', '205']
['41', '37', '318', '131', '291', '344', '349', '320', '32', '18', '40', '48']
['448', '302', '105', '197', '246', '152', '447', '432', '191', '132', '171', '185']
['147', '88', '319', '321', '339', '249', '403', '341', '493', '173', '338']
['134', '389', '446', '426', '482', '76', '217', '109', '106', '200']