['7', '32', '46', '85', '8', '237', '283', '268', '171', '228', '78', '275', '97', '95', '208', '167', '145', '235', '304', '110']
['127', '72', '130', '88', '216', '146', '215', '251', '144', '79', '172', '296', '195', '62', '221', '263', '203', '166', '191', '114']
['200', '279', '89', '100', '53', '42', '25', '187', '285', '256', '153', '16', '126', '298', '134', '154', '112']
['11', '142', '47', '9']
['59', '36', '291', '105', '284', '71', '179', '173', '272', '77', '31', '147', '26', '243', '185', '213', '231', '101', '123', '307']
['81', '63', '92', '306', '151', '266', '174', '297', '244', '295', '211', '197', '75', '186', '214', '23', '82', '124', '192', '65']
['293', '122', '160', '202', '138', '238', '158', '108', '262', '300', '14', '193', '253', '180', '265', '267', '196', '93', '254', '156']
['0', '19', '163', '99', '3', '292', '273', '121', '260', '5', '177', '288', '264', '2', '102', '61', '198', '303', '199', '133']
['64']
['252']
['10', '37', '137', '34', '150', '201', '183', '139', '290', '280', '162', '276']
['33', '15', '233', '40', '277', '176', '181']
['106', '257', '294', '242', '152', '115', '269', '91', '20', '60', '246', '219', '118', '250', '69', '35', '204', '107', '207', '212']
['271', '4', '96', '217', '245', '274', '157', '38', '22', '109', '189', '270', '281', '170', '205', '259', '234', '74', '301']
['248', '206', '83', '188', '113', '261', '135', '232', '21', '41', '128', '48', '136', '255', '287', '149', '111', '44', '29', '98']
['249']
['155']
['27', '258', '104', '57', '305', '210', '220', '161', '178', '169', '168', '45', '80', '56', '289', '6', '224', '17', '240', '190']
['302']
['175']
['236', '49', '247', '299', '12', '141', '165', '131', '43', '18', '13', '76', '241', '229', '239', '90', '58', '225', '182', '1']
['119']
['282', '148']
['184', '52', '209', '54', '226', '30', '117', '194', '223', '66', '159', '278', '94', '140', '164', '87', '125', '103', '39', '28']
['70', '24', '67', '84', '50', '55', '120', '116', '230', '132', '227', '218', '286', '222']
['68']
['51']
['73']
['129', '86', '143']