['338', '288', '77', '160', '200', '220', '335', '280', '299', '380', '361', '222', '28', '346', '480', '294', '447', '340', '36', '391', '468', '163', '10']
['171', '41', '61', '343', '268', '491', '138', '300', '241', '109', '301', '66', '126', '400', '388', '179', '441', '76', '128', '157', '412', '437', '426', '100', '416', '466', '474']
['22', '321', '287', '395', '182', '202', '420', '478', '282', '270', '107', '379', '485', '402', '451', '442', '116', '148', '404', '366', '141', '15', '243']
['3', '26', '127', '394', '25', '123', '39', '242', '49', '80', '223', '108', '283', '440', '101', '363', '352', '403', '443', '265', '467', '424', '90', '104', '444', '9', '133', '210', '383']
['121', '64', '183', '184', '204', '244', '264', '314', '35', '495', '312', '458', '371', '359']
['433', '174', '43', '362', '145', '165', '60', '260', '473', '102', '203', '207', '345', '365', '405', '425', '432', '297', '125', '469', '8', '226', '484', '54', '415', '410', '190', '164']
['6', '23', '172', '368', '481', '186', '269', '235', '208', '326', '281', '386', '446', '367', '118', '162', '58', '205', '261', '144', '325', '110']
['7', '27', '47', '322', '189', '50', '305', '227', '178', '307', '327', '347', '225', '310', '140', '11', '231', '17', '392', '73', '330', '414', '233', '192', '417', '397', '431']
['323', '48', '68', '407', '413', '228', '215', '308', '328', '348', '146', '401', '258', '453', '187', '445', '385', '213']
['142', '139', '236', '89', '245', '129', '149', '85', '158', '229', '246', '329', '349', '389', '409', '429', '436', '1', '37', '185', '79', '387', '195']
['30', '230', '457', '381', '430', '211', '12', '377', '358', '153', '115', '92', '423', '374']
['460', '331', '438', '91', '180', '131', '151', '240', '217', '251', '206', '450', '291', '311', '382', '373', '419', '177', '221', '319', '315', '198', '286', '289', '65', '0', '84', '247', '408', '59']
['427', '32', '135', '72', '130', '112', '132', '152', '390', '284', '212', '494', '111', '238', '272', '96', '452', '472', '492', '303', '252', '464', '449', '81', '309', '18', '271']
['13', '33', '455', '93', '448', '46', '88', '143', '253', '483', '293', '333', '353', '490', '393', '493', '199', '99', '337', '98', '45', '255', '106', '168', '274', '216', '351']
['14', '34', '486', '74', '94', '114', '154', '250', '194', '439', '234', '51', '313', '370', '290', '354', '277', '83', '434', '454', '422', '232', '339', '78', '29', '341', '317', '336', '306', '167']
['344', '55', '75', '276', '52', '155', '175', '103', '173', '487', '398', '169', '53', '375', '497', '122', '488', '475', '364', '275', '137', '63', '70', '156', '170']
['16', '292', '56', '428', '136', '176', '196', '201', '69', '256', '296', '316', '470', '267', '396', '350', '456', '476', '496', '360', '120', '87', '2', '95', '105', '356', '239', '285', '197']
['411', '57', '489', '97', '117', '147', '399', '40', '150', '191', '237', '257', '465', '471', '357', '462', '334', '477', '262', '181', '273', '263', '249', '21', '134', '86']
['24', '38', '324', '188', '372', '209', '376', '218', '384', '435', '278', '304', '318', '20', '42', '378', '369', '418', '71', '82', '302', '498', '248', '193', '4', '279', '62', '44', '5', '332']
['19', '295', '119', '124', '159', '421', '406', '219', '266', '259', '320', '161', '342', '166', '461', '298', '214', '459', '479', '499', '67', '113', '355', '31', '224', '463', '482', '254']