['54', '237', '84', '96', '197', '191']
['10', '80', '142', '94', '126', '245', '160', '227', '251', '184', '97']
['33', '149', '212', '156', '157', '201', '250', '281', '279', '0']
['159', '224', '100', '1', '127', '158', '4', '125', '2', '132', '8', '31', '9']
['189', '137', '282', '257', '16', '190', '17', '252', '283', '130', '196', '15']
['276', '277', '209']
['25', '69', '70', '267', '223', '222', '42', '45']
['7', '122', '163', '162', '39', '285', '284', '294', '58']
['48', '128', '14', '49', '301', '150', '55', '50', '133', '40', '47']
['169', '260', '92', '148', '192', '208', '147']
['293', '41', '72', '68', '280', '249', '111', '76', '309', '112', '228', '202', '266']
['120', '73', '74', '166', '26', '233', '286', '290', '179', '124', '234', '155']
['129', '230', '135', '105', '136', '204', '175', '229', '225', '203', '81']
['13', '44', '106', '121', '27', '78', '258']
['154', '153', '207', '3', '18', '34', '32', '138']
['104', '213', '139', '170', '214', '199', '145', '232', '115', '200']
['205', '83', '206', '140', '82', '263', '264', '59', '273', '144']
['254', '211', '103', '265', '253']
['75', '65', '66', '63', '141', '71', '235', '298', '297', '38']
['168', '143', '56', '161', '236', '108', '77', '109', '110', '300']
['22', '51', '272', '268', '299', '287', '21']
['173', '101', '185', '117', '269', '123', '186']
['131', '53', '172', '198', '146', '261', '67', '119', '194', '195', '52', '134']
['85', '116', '218', '193', '89', '114', '271', '259']
['24', '118', '188', '187', '241', '210', '303', '244', '217', '248', '57', '46']
['62', '220', '256', '64', '221', '6', '304', '180', '5', '86', '35', '226', '95', '289']
['23', '174', '88', '239', '164', '30', '240', '243', '274', '305', '219', '87', '306', '238', '29']
['183', '11', '167', '182', '79', '275', '12']
['28', '296', '181', '151', '176', '292', '98', '307', '291', '171', '295', '99', '152', '288']
['19', '90', '91', '107', '20', '246', '242', '36', '37', '308', '270', '178', '93']
['255', '61', '102', '302', '231', '216', '247', '278', '113', '177', '215', '165', '262', '43', '60']