['1', '63', '115', '187', '385', '414', '271', '157', '2', '114']
['276', '288', '188', '222', '204', '431', '371']
['110', '189', '251', '239', '313', '364', '462']
['369', '128', '252', '133', '500', '147']
['207', '280', '191', '253', '372', '377', '439', '392', '311']
['8', '154', '257', '274', '378', '437', '144']
['379', '69', '41', '255', '399', '7', '294', '143', '482', '412']
['70', '282', '194', '256', '318', '203', '442', '426', '172', '209']
['413', '438', '102', '132', '480']
['10', '475', '142', '499', '345', '375', '391', '368']
['80', '249', '197', '67', '321', '473', '464', '57']
['12', '74', '451', '198', '118', '322', '384', '107', '352', '79']
['432', '103', '137', '476', '330', '466', '444', '472', '295', '317']
['299', '393', '370', '258', '262', '324', '335', '448', '265']
['15', '161', '62', '113', '490', '365', '277', '111']
['16', '333', '424', '202', '264', '4', '407', '156', '363', '233']
['327', '43', '342', '141', '54', '152', '320', '354', '304', '268']
['470', '217', '348']
['289', '34', '401', '445', '362', '452', '163']
['400', '206', '340', '493', '230', '247']
['21', '39', '205', '477', '64', '76', '455', '58', '228', '109']
['471', '104', '208', '160', '55', '308', '87']
['23', '85', '81', '26', '278', '213']
['24', '14', '447', '6', '40', '292', '458', '56']
['281', '489', '430', '176', '22', '355', '285', '218']
['78', '88', '150', '290', '192', '336', '300', '460', '266', '474']
['396', '89', '158', '326', '275', '337', '461', '164', '279', '19']
['232', '90', '211', '46', '20']
['224', '463', '25', '319', '73', '238', '242', '181']
['182', '498', '366', '283', '306', '174']
['331', '65', '440', '190', '403', '246', '296', '260', '398', '301']
['183', '94', '450', '422', '469', '50', '5', '72', '122']
['32', '497', '169', '119', '334', '421', '261', '465', '406', '171']
['286', '53', '151', '273', '443', '478', '468', '59', '481', '177']
['138', '244', '82', '129', '106', '420', '195', '180', '120']
['494', '98', '332', '436', '484', '293', '226', '18', '216', '316']
['68', '83', '139', '223', '210', '409', '373']
['44', '100', '13', '179', '38', '457', '95', '323']
['417', '101', '344', '225', '287', '349', '240', '66', '248']
['453', '91', '491', '184', '31', '428', '374', '196']
['357', '193', '227', '351', '404', '84']
['42', '383', '45', '212', '241', '140', '173']
['358', '105', '121', '389', '353', '408', '454', '237', '215', '108']
['329', '446', '155', '435', '376', '75']
['166', '310', '231', '28', '387', '479', '35', '201', '250', '328']
['483', '402', '380', '9', '418', '134', '131']
['234', '33', '419', '199', '394']
['411', '3', '165', '307', '441', '267', '220', '92', '449', '416']
['49', '136', '126', '159', '495', '359', '341', '395', '47']
['48', '112', '236', '298', '360', '116', '71']
['263', '86', '361', '423', '229', '135', '219', '96']
['339', '397', '284', '170', '486', '315', '27']
['125', '30', '303', '221', '425', '487', '146', '309']
['291', '178', '434', '343', '427', '488', '390', '97', '388', '356']
['254', '117', '153', '99', '314', '52', '346', '269', '130']
['148', '381', '270', '467', '29', '145', '36', '124', '149', '312']
['410', '93', '243', '305', '429', '338', '77']
['200', '367', '485', '386', '492', '245', '127', '259']
['167', '51', '350', '347', '325']
['60', '405', '302', '459', '37', '162', '415']
['61', '123', '185', '214', '433', '17', '382']
['11', '456', '186', '168', '297', '496', '272', '175', '235']