['Ramonda', 'Nissie', 'Oralee', 'Yoshi', 'Fernande', 'Teddi', 'Andie', 'Lorena', 'Marcie', 'Desiri', 'Marcella', 'Inga', 'Dee', 'Veradis', 'Anabelle']
['Janice', 'Catha', 'Anette', 'Adriane', 'Bekki', 'Andromache', 'Gale', 'Bridgette', 'Korney', 'Gae', 'Idalina', 'Eolanda', 'Lorie', 'Peg', 'Nanon']
['Katti', 'Tamara', 'Gavra', 'Lynnet', 'Lulu', 'Lira', 'Maddalena', 'Patty', 'Rosamond', 'Ingunna', 'Elvera', 'Leda', 'Corly', 'Stormi', 'Dyane']
['Kala', 'Tanitansy', 'Claudie', 'Paige', 'Kellie', 'Yovonnda', 'Carroll', 'Frankie', 'Roslyn', 'Gabbie', 'Lani', 'Reggi', 'Clemence', 'Danni', 'Mufinella']
['Eran', 'Bonita', 'Cheslie', 'Mei', 'Tallie', 'Brunhilda', 'Tani', 'Marlie', 'Johanna', 'Flory', 'Diane', 'Aviva', 'Julie', 'Cassandra', 'Cristabel']
['Hortense', 'Jaynell', 'Belle', 'Kathleen', 'Annice', 'Allie', 'Lisette', 'Meggi', 'Else', 'Britteny', 'Arlee', 'Nicki', 'Agnese', 'Cathryn', 'Nedda']
['Ranice', 'Charita', 'Doroteya', 'Matilde', 'Nelie', 'Starlin', 'Haley', 'Paulina', 'Avivah', 'Birgitta', 'Melloney', 'Charmine', 'Sheila', 'Morena', 'Tim']
['Jacqui', 'Kaitlin', 'Joelly', 'Pammy', 'Adiana', 'Vanni', 'Clarissa', 'Leanora', 'Quintana', 'Kiele', 'Myrtle', 'Fawnia', 'Emelda', 'Laverne', 'Sileas']
['Jesse', 'Sula', 'Jorrie', 'Rosene', 'Mariellen', 'Kittie', 'Dominica', 'Beatrice', 'Fredericka', 'Erica', 'Gaby', 'Rowena', 'Kania', 'Faythe', 'Conchita']
['Estella', 'Daphene', 'Georgiana', 'Willi', 'Neile', 'Cindie', 'Netty', 'Nicoli', 'Mechelle', 'Carri', 'Millisent', 'Cristionna', 'Alyson', 'Brittan', 'Terese']
['Ruperta', 'Shirl', 'Carla', 'Shanie', 'Camala', 'Vinni', 'Delly', 'Sadye', 'Austina', 'Alia', 'Sonni', 'Mella', 'Antonietta', 'Edith', 'Krissy']
['Missy', 'Sandie', 'Livy', 'Marijo', 'Kaitlynn', 'Martina', 'Anastassia', 'Joanna', 'Rita', 'Dotti', 'Kathy', 'Zulema', 'Kathryn', 'Tiffy', 'Euphemia']
['Colline', 'Natalya', 'Lyda', 'Alexandrina', 'Rosana', 'Rivkah', 'Mair', 'Tarra', 'Kellsie', 'Lotte', 'Babara', 'Drusy', 'Maxie', 'Gwennie', 'Cherilynn']
['Athena', 'Doris', 'Tiffany', 'Chelsy', 'Vonni', 'Anabel', 'Jolie', 'Rhody', 'Agatha', 'Tamra', 'Della', 'Melinde', 'Winifred', 'Moyna', 'Noreen']
['Lesly', 'Nancie', 'Josepha', 'Yetta', 'Monique', 'Xylina', 'Rhodia', 'Zenia', 'Opal', 'Sofie', 'Caryn', 'Lorain', 'Gerry', 'Yolanda', 'Cristen']
['Debora', 'Dorine', 'Brear', 'Dita', 'Estele', 'Fran', 'Clemmie', 'Fania', 'Bernice', 'Cassondra', 'Valli', 'Sada', 'Stephannie', 'Allene', 'Sile']
['Idelle', 'Mirna', 'Jemie', 'Addi', 'Agnes', 'Gianina', 'Harriet', 'Silva', 'Georgeanne', 'Agneta', 'Karie', 'Malva', 'Orsa', 'Noell', 'Stesha']
['Angelica', 'Anabal', 'Demetria', 'Brook', 'Oliy', 'Sherrie', 'Jessamyn', 'Dena', 'Erminia', 'Latisha', 'Kara', 'Marlena', 'Ulrike', 'Briny', 'Roxane']
['Bertie', 'Vicky', 'Hedwiga', 'Helyn', 'Marabel', 'Corinne', 'Jen', 'Collete', 'Britney', 'Marisa', 'Brigitte', 'Lydie', 'Selinda', 'Thia', 'Ronnica']
['Eve', 'Risa', 'Amalee', 'Marris', 'Casi', 'Shoshana', 'Ansley', 'Row', 'Eulalie', 'Diahann', 'Serena', 'Madelena', 'Stefa', 'Randie', 'Tiphanie']