['322']
['52', '83', '64', '13', '184']
['166']
['132']
['4', '304']
['5', '84', '167', '398', '111', '161', '114', '238']
['270']
['100', '180', '49', '17']
['135', '258', '291', '160']
['199']
['150']
['295', '259', '29', '101', '240', '358', '148', '244', '239', '246']
['91']
['313']
['353', '164']
['393', '277', '179', '12', '212']
['58', '55', '320', '118', '19', '54', '390']
['296', '158']
['323']
['366']
['391', '181', '89', '280', '337', '136', '103']
['21', '262', '151', '214', '355', '23', '144', '254', '156']
['99']
['274', '191', '87', '399', '236']
['36']
['338']
['268', '0', '385', '235', '72', '207']
['261']
['121']
['145']
['42', '82', '185', '142', '175', '168', '123', '197', '109', '7', '163', '200', '297']
['50', '2']
['319']
['65']
['312']
['3']
['382']
['302', '187', '202', '307', '56', '6', '10']
['188', '384', '159']
['271']
['86']
['356', '137', '88', '318', '96', '115', '165']
['395']
['26']
['189', '310', '112', '303']
['71', '345', '364', '264', '92']
['46', '81', '117']
['20']
['222']
['301']
['308']
['275']
['241', '327', '141']
['347', '203', '367', '78', '219', '373']
['104', '311', '41', '227', '314', '108', '257', '186']
['260', '44', '349']
['94', '9', '61', '198', '15']
['133']
['351', '140', '378', '294', '67', '106', '341', '129']
['59', '192', '339', '193', '289']
['299', '97', '360', '292', '33', '110', '315', '113', '386', '68']
['209', '230', '25', '232', '380', '211', '363']
['172']
['127']
['335', '196']
['223']
['328', '125']
['330']
['218', '368', '162']
['369']
['70', '281']
['371', '30', '242', '309', '146']
['128', '387']
['329']
['74', '224', '374', '276', '31']
['396']
['251']
['77', '176', '377', '79', '75', '228', '316', '34', '194', '177', '331', '210', '252', '206', '216', '120']
['27']
['300', '190']
['359']
['346', '231', '326', '340', '357', '149', '342', '220', '205']
['325']
['98']
['253', '234', '317']
['229']
['47']
['279']
['57', '388', '76']
['321']
['90', '126', '213', '38', '62']
['147']
['370', '250', '157']
['267', '221', '134', '372', '365', '287', '332']
['22']
['95', '245', '40', '334', '290', '201', '102']
['66']
['119']
['248', '174', '195', '53']
['343', '249', '60', '138', '169', '28', '182', '394', '173', '383', '247', '32', '256']
['105']
['131']
['282']
['48']
['306']
['255', '69']
['293']
['155']
['233']
['73']
['362']
['285']
['324', '122', '225', '183']
['336']
['217']
['208']
['14']
['333']
['269']
['298', '283']
['361']
['80', '215']
['397']
['93']
['124', '178', '18', '170']
['379']
['85']
['154']
['288']
['8', '226']
['63']
['392']
['24']
['130', '116']
['350']
['16']
['286', '107', '152', '375']
['37']
['354', '284', '389', '1', '273', '237', '11', '263', '278', '153', '266']
['35']
['204']
['265']
['51']
['143', '348', '272']
['381']
['305', '43', '344', '243']
['45']
['139', '376']
['39', '171']
['352']