['0', '376', '232', '239', '9', '224', '288', '320', '352', '269', '115', '191', '65', '349', '277', '471', '190']
['33', '97', '346', '193', '225', '148', '170', '385', '199', '449', '451', '143', '218', '194', '285', '456']
['360', '34', '470', '36', '130', '440', '370', '258', '89', '354', '386', '419', '154', '482', '17', '265', '480']
['3', '312', '409', '99', '325', '20', '227', '259', '166', '301', '355', '14', '329', '441', '483', '318']
['233', '98', '405', '132', '450', '79', '292', '5', '410', '420', '452', '484', '164', '415', '242', '226', '209']
['220', '37', '69', '221', '100', '197', '187', '423', '309', '76', '31', '240', '408', '223']
['135', '442', '70', '377', '291', '358', '286', '262', '362', '254', '104', '80', '486', '45', '468', '159', '359']
['30', '306', '413', '188', '12', '16', '208', '438', '280', '487', '350', '279', '103', '397', '382']
['8', '192', '72', '390', '324', '268', '145', '388', '296', '216', '338', '416', '418', '253', '158', '261']
['73', '105', '475', '67', '201', '490', '297', '118', '387', '139', '421', '439', '162', '124', '371']
['68', '106', '180', '202', '234', '107', '177', '326', '458', '4', '47', '57', '114', '134']
['295', '43', '294', '266', '55', '171', '381', '235', '110', '445', '331', '363', '160', '459', '112', '293', '330']
['102', '44', '457', '172', '174', '465', '74', '428', '492', '411', '128', '364', '66', '467', '41']
['35', '77', '82', '141', '173', '205', '53', '488', '323', '333', '446', '429', '493', '384', '340', '129', '19']
['300', '155', '271', '142', '273', '206', '321', '334', '366', '113', '430', '462', '494', '11', '236', '347', '443']
['379', '425', '28', '464', '281', '367', '399', '481', '332', '437', '319', '263', '389', '336', '119', '414']
['108', '144', '231', '136', '455', '368', '400', '432', '91', '496', '241', '1', '391', '407', '375', '228', '21']
['327', '335', '81', '311', '29', '13', '182', '204', '299', '147', '152', '401', '433', '461', '497', '256']
['18', '50', '120', '314', '178', '396', '85', '473', '149', '402', '369', '498', '165', '479', '417', '436']
['111', '51', '403', '337', '179', '383', '252', '307', '339', '210', '39', '27', '93', '499', '214', '10']
['264', '52', '116', '422', '46', '212', '431', '2', '404', '372', '175', '150', '485', '200']
['491', '448', '344', '245', '131', '63', '123', '435', '469', '167', '168', '303', '169']
['22', '54', '424', '454', '246', '342', '211', '406', '151', '140', '32', '183', '260', '426', '117', '219']
['23', '304', '87', '6', '289', '60', '215', '49', '356', '444', '392', '83', '284', '96', '7', '196', '298']
['24', '56', '94', '109', '184', '195', '163', '270', '88', '64', '447', '472', '257', '466', '489', '353', '275']
['25', '244', '290', '84', '71', '185', '217', '345', '207', '250', '203', '138', '310', '75']
['127', '278', '90', '122', '398', '186', '343', '146', '161', '365', '248', '474', '463', '40', '176', '121', '434']
['247', '302', '267', '38', '238', '287', '251', '315', '153', '137', '58', '373', '237', '78', '394', '181']
['495', '313', '86', '351', '156', '272', '243', '453', '316', '380', '412', '476', '48', '460']
['61', '308', '125', '157', '189', '393', '348', '317', '15', '378', '477', '478', '357', '213', '101', '249', '283']
['92', '328', '126', '276', '230', '322', '95', '133']
['59', '341', '26', '274', '62', '255', '229', '42', '305', '374', '282', '198', '427', '222', '361', '395']