['2', '330', '295', '29', '73', '171', '5', '435', '260', '187', '419', '190', '340', '457', '420', '460', '140', '274', '210', '123', '386', '398', '278', '83', '7', '229', '246', '66', '227', '345', '483', '57', '158', '111', '188', '68', '16', '102']
['1', '299', '72', '399', '81', '385', '288', '88', '201', '221', '241', '412', '18', '338', '361', '307', '173', '301', '453', '461', '322', '279', '281', '89', '180', '155', '114', '497', '145', '384', '46', '438', '54', '456', '222', '0', '228', '487', '346', '19']
['184']
['131', '156', '139', '103', '163', '400', '160', '383', '333', '94', '253', '48', '480', '146', '297', '202', '463', '34', '362', '192', '116', '39', '231']
['150', '24', '122', '33', '368', '144', '151', '62', '244', '170', '304', '289', '364', '475', '404', '280', '444', '464', '447', '167', '318', '161', '99', '138', '437', '326', '63', '343', '379', '27', '286', '134', '375', '220', '53', '474', '126', '95', '230', '20']
['488', '306', '195', '357', '109', '47', '165', '185', '84', '285', '107', '425', '91', '10', '93', '14', '26', '179', '403', '142', '32', '277', '44', '52', '207', '76', '275', '240', '478', '401', '152', '366', '247']
['392', '466', '118', '378', '405', '3', '436', '256']
['467', '15']
['128', '298', '409', '491', '148', '494', '55', '236', '315', '101', '308', '226', '423', '303', '355', '257', '336', '413', '282', '486', '331', '143', '22', '157', '402', '429', '261', '380', '133', '410', '358', '216', '271', '266', '254', '292', '287', '451', '67', '499']
['9', '283', '342', '448', '38', '484', '149', '382', '41', '209', '23', '183', '80', '100', '309', '329', '349', '369', '198', '372', '469', '381', '255', '25', '305', '110', '462', '42', '367', '245', '421', '74', '223', '422', '86', '225', '238', '347', '327', '154']
['264', '30', '50', '417', '175', '492', '4', '117', '493', '250', '141', '434', '397', '294', '370', '390', '470', '293', '36', '137', '411', '495', '58', '164', '162', '485', '129', '21', '121', '454', '449', '443', '35', '332', '98', '132', '376', '465', '452', '300']
['441', '31', '242', '344', '204', '71', '191', '147', '440', '251', '424', '127', '302', '234', '391', '473', '406', '354', '371', '205', '388', '360', '352', '196', '481', '269', '8', '351', '348', '92', '217', '135', '498', '49', '79', '489', '432', '276', '186', '325']
['430', '377', '296', '353', '212', '252', '272', '426', '312', '197', '200', '431', '65', '339', '311', '106', '450', '455', '267', '120', '219', '356', '136', '249', '324', '321', '119', '169', '172', '78', '193', '394']
['181', '82', '273', '166', '224', '496', '87', '291', '359', '97', '328', '446', '194', '59', '208', '56', '396', '70', '6']
['313', '393', '350', '374', '445', '40', '320', '233', '206', '214']
['270', '75', '11', '427', '96', '125', '215', '112', '213', '45', '341', '284', '439', '218', '290', '199', '51', '108', '12', '168', '43', '310', '365', '314', '104', '395', '28', '490', '262', '316', '476', '189']
['418', '90', '176', '373', '203']
['61', '37', '268', '130', '471', '177', '178', '243', '337', '428', '479', '414', '317', '235', '105', '69', '335', '259', '472', '477', '433', '115', '174', '113', '416', '17', '459', '232', '182', '323', '64', '159', '407', '387', '408', '239', '482', '363', '248']
['60', '468', '265', '124', '258', '85', '263', '389', '237', '334', '458', '442', '13', '319', '211', '77', '415']
['153']