['Jack2', 'Vania2', 'Mattia9', 'Concetta5', 'Guendalina3', 'Anastasio7', 'Matilde9', 'Sasha7', 'Timoteo5', 'Demis1', 'Claudia6', 'Graziano0', 'Giorgio2', 'Edilio2', 'Nayade9', 'Matteo9', 'Quasimodo0', 'Thea4', 'Marianita7', 'Mariagiulia0']
['Rodolfo9', 'Valdo2', 'Adriano0', 'Rosalino2', 'Radames1', 'Ausonio0', 'Monia6', 'Orfeo9', 'Rebecca2', 'Sesto2', 'Marcella4', 'Ubaldo2', 'Lamberto6', 'Alessandro3', 'Giorgio6', 'Avide3', 'Siro9', 'Moreno5', 'Mirko4', 'Loris4']
['Ulrico6', 'Lidia4', 'Ercole9', 'Diamante6', 'Pietro1', 'Armando8', 'Osvaldo5', 'Damiana9', 'Mattia6', 'Vania3', 'Ethan3', 'Xavier5', 'Liborio8', 'Rocco9', 'Violante6', 'Giacobbe7', 'Marzio7', 'Alighiero7', 'Amedeo1', 'Ursula5']
['Karim8', 'Loretta4', 'Folco0', 'Jari2', 'Furio5', 'Brigitta8', 'Orfeo7', 'Brigitta5', 'Elda4', 'Orfeo4', 'Eusebio6', 'Fiorenzo7', 'Quirino1', 'Gianriccardo3', 'Loredana0', 'Danthon5', 'Radames7', 'Timoteo9', 'Enzo3', 'Tancredi5']
['Tristano5', 'Marino4', 'Gerlando9', 'Luce6', 'Marina7', 'Bortolo5', 'Michael9', 'Nestore3', 'Tristano8', 'Nestore5', 'Rosalba8', 'Jari0', 'Giancarlo3', 'Artes8', 'Lorenzo9', 'Cassiopea8', 'Piersilvio3', 'Maggiore2', 'Ione9', 'Vinicio8']
['Alessio3', 'Guido1', 'Kayla9', 'Joseph3', 'Amedeo5', 'Ubaldo1', 'Pacifico5', 'Penelope5', 'Fatima0', 'Isabel1', 'Giorgio3', 'Assia0', 'Nicoletta3', 'Nico6', 'Antonino6', 'Fiorenzo1', 'Odone8', 'Nathan2', 'Jole3', 'Fatima9']
['Dante0', 'Gioacchino7', 'Siro8', 'Nestore4', 'Siro0', 'Cleopatra5', 'Renzo5', 'Mattia1', 'Evangelista9', 'Cleros5', 'Benedetta1', 'Celeste3', 'Gregorio7', 'Umberto6', 'Osea0', 'Renzo6', 'Michele7', 'Priamo8', 'Bettino8', 'Armando5']
['Akira3', 'Eustachio1', 'Bortolo9', 'Arduino5', 'Thea5', 'Donatella7', 'Sandro2', 'Jacopo4', 'Nazzareno0', 'Mariagiulia4', 'Arturo8', 'Max1', 'Demis3', 'Joannes5', 'Antonio9', 'Fernando8', 'Siro3', 'Folco6', 'Marino8', 'Ileana5']
['Edilio5', 'Filomena4', 'Rosalino0', 'Noah6', 'Ferdinando0', 'Nathan3', 'Ludovico9', 'Cleros6', 'Carlo1', 'Eliziario6', 'Lino4', 'Marzio6', 'Deborah9', 'Emanuel7', 'Davide5', 'Oreste0', 'Teseo4', 'Sabino2', 'Rufo5', 'Eustachio2']
['Odino6', 'Zaccaria2', 'Maggiore3', 'Luce0', 'Nathan9', 'Alan9', 'Odone9', 'Nico1', 'Soriana6', 'Iacopo2', 'Alessio7', 'Cosetta2', 'Primo3', 'Caio2', 'Bibiana6', 'Ludovico2', 'Elsa1', 'Gianmaria7', 'Edipo5', 'Mietta2']
['Albino1', 'Luigi4', 'Carmela6', 'Noel4', 'Mietta0', 'Gelsomina6', 'Odino9', 'Rosita1', 'Dante5', 'Ian2', 'Gregorio2', 'Carmelo4', 'Sirio1', 'Tolomeo6', 'Concetta9', 'Santo9', 'Concetta1', 'Gilda5', 'Amerigo1', 'Lia2']
['Ercole1', 'Marzio4', 'Sasha9', 'Tommaso8', 'Jacopo3', 'Trevis2', 'Deborah2', 'Ethan9', 'Folco4', 'Guido6', 'Demi6', 'Damiana2', 'Tancredi6', 'Nabil5', 'Secondo0', 'Genziana8', 'Mauro7', 'Serse1', 'Ermes9', 'Deborah4']
['Monia8', 'Cleopatra1', 'Marzio5', 'Erminio9', 'Marieva8', 'Santo3', 'Leonardo0', 'Giulio2', 'Noah0', 'Ruth1', 'Timoteo4', 'Jarno1', 'Alighieri1', 'Eriberto1', 'Doriana2', 'Liborio4', 'Ercole8', 'Carmela3', 'Costantino7', 'Priamo0']
['Sue2', 'Leonardo1', 'Cesidia8', 'Gianantonio5', 'Lisa0', 'Demi9', 'Sesto8', 'Laerte0', 'Fabio9', 'Clodovea2', 'Kayla3', 'Umberto0', 'Kris3', 'Mariagiulia9', 'Samira4', 'Nestore7', 'Gilda2', 'Augusto8', 'Xavier7', 'Rebecca6']
['Miriana4', 'Cleros4', 'Danuta0', 'Gianantonio3', 'Nestore6', 'Filomena3', 'Cleros2', 'Michael4', 'Isabel6', 'Odone4', 'Egisto1', 'Sebastian4', 'Anselmo8', 'Anselmo3', 'Luigi7', 'Folco8', 'Ferdinando6', 'Sabatino1', 'Gaetano4', 'Pablo9']
['Mecren9', 'Giulietta7', 'Italo5', 'Domiziano7', 'Loredana6', 'Elio3', 'Ercole2', 'Fortunata0', 'Mietta1', 'Laura9', 'Assia4', 'Miriam7', 'Radames4', 'Valdo9', 'Baldassarre3', 'Mecren5', 'Raoul7', 'Samira6', 'Marianita1', 'Primo9']
['Giobbe6', 'Caligola7', 'Edipo4', 'Sebastian2', 'Rita6', 'Dylan9', 'Caio6', 'Maruska3', 'Cassiopea9', 'Cira8', 'Arcibaldo8', 'Enzo0', 'Fortunata6', 'Cleopatra7', 'Rosalba1', 'Enzo6', 'Erminio4', 'Primo1', 'Romeo2', 'Azue3']
['Edilio6', 'Enzo7', 'Trevis8', 'Joshua3', 'Sue0', 'Arduino8', 'Zelida4', 'Gavino8', 'Kris2', 'Bettino1', 'Lauro5', 'Marina6', 'Ethan7', 'Ivano3', 'Giordano5', 'Elda2', 'Erminia8', 'Karim1', 'Giovanna5', 'Sesto4']
['Orfeo5', 'Rosaria8', 'Clodovea1', 'Manfredi5', 'Orfeo1', 'Marianita8', 'Umberto9', 'Tazio7', 'Laerte9', 'Irene7', 'Erminia5', 'Ettore0', 'Gianriccardo2', 'Pierfrancesco0', 'Raniero0', 'Ian0', 'Mariano0', 'Adriano1', 'Iacopo1', 'Eusebio3']
['Fiorentino3', 'Vera2', 'Pablo7', 'Bibiana4', 'Leonardo7', 'Emidio9', 'Prisca3', 'Pacifico0', 'Amedeo6', 'Alberto5', 'Oretta5', 'Modesto4', 'Marvin0', 'Claudia1', 'Cleros7', 'Lidia0', 'Ermes4', 'Osea1', 'Sarita7', 'Fatima2']
['Anastasio3', 'Armando0', 'Renato5', 'Lidia6', 'Rebecca5', 'Muzio8', 'Laura1', 'Gioacchino6', 'Celeste4', 'Anselmo9', 'Giovanna3', 'Cleopatra8', 'Cirino1', 'Fabio8', 'Cassiopea3', 'Patrizio4', 'Rosolino0', 'Prisca2', 'Davide1', 'Gianmarco5']
['Olimpia3', 'Kai5', 'Joshua0', 'Elga3', 'Mariagiulia3', 'Quarto3', 'Nestore8', 'Fabiano1', 'Antimo9', 'Davide8', 'Silvano4', 'Audenico0', 'Joseph7', 'Elga8', 'Gianleonardo6', 'Walter3', 'Hector0', 'Giacinto6', 'Miriam8', 'Costanzo6']
['Benedetta4', 'Demis2', 'Enrico1', 'Emanuel3', 'Aroldo4', 'Emanuel1', 'Osea9', 'Walter7', 'Benedetta5', 'Diamante4', 'Sirio6', 'Trevis3', 'Marieva7', 'Elsa0', 'Ilario9', 'Sarita4', 'Gianantonio6', 'Cira7', 'Ariel9', 'Marcella0']
['Fabiano3', 'Lauro3', 'Battista3', 'Ercole4', 'Miriana9', 'Caligola0', 'Piersilvio0', 'Terzo7', 'Miriana7', 'Jelena1', 'Maika9', 'Folco3', 'Fiorenzo8', 'Marina4', 'Eriberto9', 'Marianita5', 'Secondo5', 'Marcella3', 'Tancredi4', 'Eriberto7']
['Flaviana6', 'Romeo4', 'Oretta9', 'Costanzo4', 'Elio8', 'Loretta1', 'Mirko6', 'Gaetano5', 'Walter1', 'Italo9', 'Lazzaro2', 'Penelope7', 'Amerigo5', 'Siro2', 'Sibilla4', 'Laerte5', 'Tolomeo0', 'Erminia2', 'Maika6', 'Tazio1']