['Flori', 'Idalina', 'Lina', 'Tybi', 'Garland', 'Gaynor', 'Marcia', 'Idell', 'Clemmy', 'Erma', 'Penny', 'Winifred', 'Kora', 'Gussy', 'Libby', 'Susi', 'Emmy', 'Rosina', 'Susana']
['Thomasina', 'Amabel', 'Marylou', 'Vonny', 'Lacey', 'Minnnie', 'Lyn', 'Clemmie', 'Kial', 'Madelin', 'Katalin', 'Helenka', 'Bibbie', 'Avivah']
['Carlye', 'Livia', 'Mina', 'Marigold', 'Romonda', 'Ray', 'Bessy', 'Sue', 'Evvy', 'Sephira', 'Raye', 'Lia', 'Jeniffer', 'HelenElizabeth', 'Annalee', 'Coretta', 'Jodi', 'Jaclyn', 'Marley']
['Janette', 'Brandise', 'Ondrea', 'Pansie', 'Randene', 'Maryl', 'Darcee', 'Kristin', 'Fredelia', 'Milena', 'Karlotta', 'Grazia', 'Cinnamon', 'Marlyn', 'Viva', 'Sherline', 'Cristina', 'Sheilah', 'Jane']
['Ealasaid', 'Sara', 'Camilla', 'Blake', 'Meggy', 'Megan', 'Valerie', 'Essa', 'Jasmin', 'Di', 'Caryn', 'Carline', 'Shelli', 'Kalindi', 'Dulcia', 'Feliza', 'Paula', 'AnnaDiane', 'Toni']
['Jeannine', 'Coral', 'Donella', 'Fawne', 'Cammie', 'Laurice', 'Gigi', 'Tammy', 'Tatiana', 'Alvina', 'Dulcea', 'Esmaria', 'Matilda', 'Cory', 'Lilla', 'Patience', 'Andriette', 'Sibylle', 'Billy']
['Alyce', 'Cayla', 'Gwendolen', 'Jennica', 'Philomena', 'Hendrika', 'Lorrin', 'Koressa', 'Robena', 'Denyse', 'Cynde', 'Corinna', 'Siobhan', 'Allsun', 'Vallie', 'Merrielle', 'Jobina', 'Myrilla', 'Phedra']
['Constantia', 'Ginger', 'Terra', 'Sophie', 'Isabelle', 'Aubrette', 'Jessika', 'Karisa', 'Camille', 'Brenn', 'Madelyn', 'Eula', 'Bria', 'Siusan', 'Paulina', 'Sheena', 'Karol']
['Serena', 'Faith', 'Crystie', 'Pavla', 'Phil', 'Midge', 'Lois', 'Kassia', 'Debby', 'Katha', 'Corey', 'Raine', 'Callie', 'Kelcey', 'Edi', 'Bonnee', 'Giselle']
['Oliy', 'Hyacinth', 'Tamarah', 'Ula', 'Kinna', 'Shelia', 'Stefa', 'Misti', 'Ardine', 'Laraine', 'Henriette', 'Neilla', 'Mable', 'Ellie', 'Lona', 'Verina', 'Herminia', 'Eddi', 'Jsandye']
['Kylen', 'Lisabeth', 'Shani', 'Shelby', 'Vanessa', 'Nerissa', 'Lori', 'Melodie', 'Ashli', 'Jada', 'Clari', 'Rasla', 'Martguerita', 'Sheeree', 'Lillis', 'Madalena']
['Jaime', 'Analise', 'Geralda', 'Loria', 'Anya', 'Cordy', 'Christabel', 'Goldi', 'Shaina', 'Natalina', 'Kellen', 'Dolores', 'Shayne', 'Reggi', 'Jolie', 'Ivie']
['Veronike', 'Tessy', 'Jeannette', 'Katleen', 'Zita', 'Elayne', 'Reta', 'Lila', 'Nicoli', 'Linette', 'Toma', 'Lisbeth', 'Merline', 'Christina', 'Carree', 'Dianna', 'Lorna', 'Tanhya']
['Mariette', 'Mareah', 'Elinor', 'Fayth', 'Tressa', 'Kay', 'Henrietta', 'Nerta', 'Constantina', 'Honey', 'Ashely', 'Cordie', 'Cate', 'Marice', 'Heather', 'Moyra', 'Saundra', 'Gerrilee', 'Devinne']
['Chelsea', 'Emilee', 'Gayle', 'Biddie', 'Fayina', 'Therine', 'Genna', 'Wendeline', 'Rebbecca', 'Deny', 'Miquela', 'Trista', 'Kathlin', 'Rosalind', 'Corella', 'Licha', 'Joly', 'Bobbie']
['Brigid', 'Madonna', 'Ethelind', 'Nelia', 'Elisabet', 'Brandie', 'Laverne', 'Dana', 'Leora', 'Silva', 'Rosalinde', 'Vin', 'Paulette', 'Pierrette', 'Lorraine', 'Ashlen', 'Goldina']
['Kata', 'Hatty', 'Prudi', 'Evangeline', 'Patti', 'Suellen', 'Jacquenette', 'Daisi', 'Emmalynne', 'Laureen', 'Zorana', 'Courtnay', 'Nolana', 'Carmelia', 'Neila', 'Rozanna', 'Joycelin', 'Rosene', 'Chris', 'Renae']
['Gerianna', 'Tresa', 'AnnaDiana', 'Jeannie', 'Heidie', 'Brynna', 'Lettie', 'Gwenette', 'Sharron', 'Lanni', 'Dayle', 'Lavinia', 'Leilah', 'Tilda', 'Natka', 'Kerstin', 'Ortensia', 'Rachel', 'Lorinda']
['Thalia', 'Brynne', 'Betteanne', 'Chrystel', 'Jenna', 'Maryjo', 'Frankie', 'Uta', 'Kacey', 'Laura', 'Mia', 'Shayna', 'Magdaia', 'Jess', 'Giralda', 'Vickie', 'Noelyn', 'Liz', 'Imogen']
['Reeva', 'Erna', 'Wilone', 'Shay', 'Andree', 'Tiffani', 'Erinna', 'Nadine', 'Anthe', 'Lita', 'Christin', 'Trude', 'Delila', 'Harriett', 'Eadie', 'Genni', 'Janey']
['Keri', 'Deeann', 'Lynnett', 'Arliene', 'Costanza', 'Pollyanna', 'Kania', 'Danell', 'Joleen', 'Tamarra', 'Riannon', 'Anjanette', 'Marjie', 'Pippy', 'Nevsa', 'Melva', 'Barbaraanne', 'Annie', 'Tobi']
['Bell', 'Natala', 'SheilaKathryn', 'Freda', 'Harrie', 'Almeda', 'Tanya', 'Sharla', 'Nomi', 'Kiersten', 'Joannes', 'Mehetabel', 'Ardenia', 'Inna', 'Debbie']
['Pandora', 'Zoe', 'Charis', 'Cecelia', 'Mariejeanne', 'Emelina', 'Starr', 'Marla', 'Edeline', 'Claudina', 'Johnette', 'Geri', 'Leona', 'Phillis', 'Sayre', 'Sheree', 'Una', 'Vi']
['Lorena', 'Pia', 'Yalonda', 'Vilma', 'Jorey', 'Gabriell', 'Raven', 'Willabella', 'Kippy', 'Renelle', 'Catina', 'Cherry', 'Tova', 'Arleyne', 'Lauretta', 'Meris', 'Sofia', 'Eve', 'Jeralee']
['Drucill', 'Nora', 'Kettie', 'Roseann', 'Barbe', 'Wilow', 'Vivia', 'Stepha', 'Dulcie', 'Maddalena', 'Jessamyn', 'Sallyanne', 'Lindsy', 'Libbi', 'Laverna', 'Amitie', 'Tersina', 'Kaylyn', 'Valentine']