['344', '199', '108', '304', '62', '148', '28', '78', '44', '79', '258', '384', '198', '350', '285', '23', '303', '372', '113', '55']
['224', '109', '306', '238', '314', '352', '390', '178', '11', '329', '399', '256', '385', '255', '359', '381', '50', '289', '155', '112', '154']
['346', '195', '125', '247', '172', '133', '400', '83', '214', '10', '2', '386', '319', '287', '122', '305', '41', '209', '194']
['278', '92', '53', '189', '234', '32', '40', '21', '294', '188', '315', '387', '216', '286', '295', '141', '157']
['340', '377', '100', '337', '90', '131', '378', '383', '175', '13', '59', '254', '126', '164', '356', '60', '225', '5', '349', '268']
['358', '196', '101', '336', '236', '86', '220', '261', '51', '124', '235', '165', '9', '262', '115', '388', '345', '374', '263']
['342', '191', '8', '241', '70', '137', '7', '42', '65', '14', '169', '382', '204', '166', '168', '321', '114', '228', '63', '293', '200', '307', '327', '396']
['71', '190', '107', '156', '230', '135', '373', '72', '239', '17', '368', '369', '61', '211', '260', '117', '227', '147', '150', '179', '265', '132', '366']
['219', '193', '104', '69', '149', '129', '152', '253', '171', '16', '207', '123', '116', '160', '267', '33', '226', '398', '223']
['197', '192', '105', '332', '393', '134', '395', '244', '218', '31', '3', '367', '77', '161', '210', '89', '111', '158', '248', '54', '159', '130', '312']
['242', '39', '6', '180', '24', '245', '18', '102', '364', '64', '162', '379', '110', '87', '49', '281', '311', '351', '394']
['353', '271', '363', '290', '1', '138', '270', '237', '182', '96', '208', '68', '365', '20', '163', '19', '187', '25', '297', '85', '316']
['272', '205', '229', '146', '118', '341', '335', '183', '322', '259', '127', '362', '66', '177', '348', '97', '222', '47', '291', '213', '310']
['273', '313', '206', '12', '145', '232', '246', '249', '323', '76', '276', '38', '67', '371', '121', '37', '266', '334', '167', '103']
['203', '274', '361', '339', '144', '375', '36', '331', '181', '75', '136', '360', '98', '243', '57', '45', '231', '139']
['389', '275', '30', '325', '99', '27', '88', '240', '186', '202', '74', '357', '215', '333', '355', '4', '58', '308', '391', '233']
['292', '217', '119', '142', '173', '299', '143', '326', '73', '318', '176', '128', '354', '288', '309', '43', '252']
['328', '277', '26', '95', '250', '380', '397', '298', '184', '174', '84', '212', '284', '251', '221', '280', '300', '151', '80', '392']
['46', '347', '35', '94', '140', '22', '269', '324', '343', '52', '317', '29', '283', '48', '301', '264', '170', '82', '320']
['370', '279', '34', '185', '338', '120', '201', '15', '106', '93', '91', '81', '257', '376', '282', '56', '302', '153', '330', '296']