['Lucio', 'Myron', 'Marla', 'Danny', 'Jamel', 'Teddy', 'Daisy', 'Fritz', 'Claud', 'Devin', 'Dwain', 'Lacey', 'Homer', 'Ernie', 'Issac']
['Fidel', 'Melba', 'Alvin', 'Nikki', 'Emily', 'Erica', 'Ollie', 'Dixie', 'Sally', 'Brian', 'Aline']
['Barry', 'Allan', 'Mikel', 'Lorie', 'Nelda', 'Amado', 'Cyrus', 'Leroy', 'Moshe', 'Mable', 'Roger', 'Billy', 'Janis', 'Bruno', 'Edwin', 'Berta']
['Della', 'Emery', 'Karin', 'Viola', 'Chris', 'Nadia', 'Holly', 'Chong', 'David', 'Linda', 'Brant', 'Willy', 'Mamie', 'Jamar', 'Rhoda', 'Sadie', 'Elias']
['Moses', 'Rhett', 'Renee', 'Cliff', 'Dario', 'Tyron', 'Queen', 'Tonia', 'Randi', 'Maria', 'Becky', 'Josie', 'Kevin', 'Carla']
['Sonja', 'Felix', 'Rufus', 'Joann', 'Sonny', 'Patti', 'Benny', 'Tanya', 'Karen', 'Leila', 'Elmer', 'Terri', 'Bryon', 'Clyde', 'Erika']
['Clint', 'Pansy', 'Bette', 'Corey', 'Merle', 'Kirby', 'Randy', 'Misty', 'Adele', 'Arlen', 'Elvia', 'Chang', 'Micah', 'Tammi']
['Donna', 'Roman', 'Twila', 'Darin', 'Bryan', 'Daron', 'Alton', 'Jayne', 'Ruben', 'Peter']
['Janet', 'Roxie', 'Staci', 'Doris', 'Clara', 'Elvin', 'Major', 'Mario', 'Garry', 'Robyn', 'Betsy', 'Sofia', 'Jared', 'Clark']
['Cindy', 'Lydia', 'Helga', 'Ilene', 'Terry', 'Buddy', 'Annie', 'Shane', 'Vilma', 'Tasha', 'Tessa', 'Mitch', 'Eddie']
['Trent', 'Ebony', 'James', 'Ahmad', 'Tracy', 'Olive', 'Julio', 'Ronny', 'Orval', 'Wally']
['Chase', 'Julia', 'Elsie', 'Hyman', 'Wendy', 'Audra', 'Percy', 'Sammy', 'Bryce', 'Tonya', 'Odell', 'Marci']
['Freda', 'Joyce', 'Jaime', 'Erick', 'Brent', 'Sheri', 'Flora', 'Katie', 'Britt', 'Nancy', 'Cesar', 'Elena']
['Zelma', 'Margo', 'Steve', 'Essie', 'Donny', 'Jacob', 'Lanny', 'Marty', 'Alice', 'April', 'Carly', 'Ervin', 'Wyatt', 'Sandy', 'Malik']
['Timmy', 'Mason', 'Leona', 'Ariel', 'Tommy', 'Leann', 'Marcy', 'Shaun', 'Mitzi', 'Naomi', 'Kayla', 'Kathy']
['Jonah', 'Irvin', 'Effie', 'Hazel', 'Wilma', 'Ellen', 'Craig', 'Amber', 'Maura', 'Dante', 'Gayle', 'Lorna']
['Wanda', 'Candy', 'Greta', 'Vicky', 'Dusty', 'Bobbi', 'Rusty', 'Lauri', 'Maude', 'Deann', 'Robin', 'Pedro', 'Jason', 'Sybil', 'Pearl']
['Josef', 'Hilda', 'Casey', 'Mandy']
['Aaron', 'Quinn', 'Adela', 'Paige', 'Verna', 'Kelly', 'Louis', 'Perry']
['Basil', 'Lyman', 'Brock', 'Brady', 'Monty', 'Grant', 'Debra', 'Laura', 'Avery', 'Wendi', 'Davis']