['0', '40', '111', '189']
['208', '130', '178', '47']
['220', '214', '202', '109']
['25', '129', '22', '76']
['67', '44', '193', '195']
['5', '41', '215', '212']
['184', '69', '182', '209']
['159', '158', '135']
['97', '29', '11', '222']
['204', '72', '164', '57']
['8', '176', '26']
['183', '74', '200', '66']
['49', '201', '45', '3']
['13', '92', '174', '144']
['105', '99', '216', '68']
['233', '58', '141', '37']
['148', '167', '36', '224']
['249', '2', '143', '48']
['192', '100', '131']
['82', '247', '1', '77', '172']
['194', '146', '239', '136']
['19', '78', '210', '12']
['4', '116', '211']
['23', '89', '234', '85']
['65', '149', '169', '237']
['88', '60', '145', '244']
['137', '190', '32', '231', '138']
['153']
['98', '91', '162', '52']
['154', '132', '213', '152', '81']
['30', '21', '16', '175']
['228', '94', '156', '248']
['112', '24', '84', '106', '151']
['134', '93', '38', '139']
['207', '9', '102', '221', '236']
['197', '56', '124', '117']
['43', '120', '20', '80']
['114', '226', '107']
['101', '140', '31', '198']
['39', '123', '229', '59']
['205', '241', '128', '179', '15', '118']
['191', '232', '180', '173']
['230', '133', '87', '155']
['121', '7', '246', '70']
['95', '108']
['168', '177', '196', '206']
['46', '127', '235', '245']
['165', '110', '166', '219']
['51', '14', '62', '18']
['181', '188', '150', '10']
['50', '199', '185', '17']
['240', '63', '126', '90', '122']
['103', '35', '171', '142']
['27', '96', '203']
['83', '71', '170', '238', '104']
['55', '75']
['119', '73', '33', '115']
['242', '79', '163', '64']
['160', '6', '217', '54']
['42', '225', '28', '53']
['161', '223', '186', '243']
['61', '147', '187', '218', '34']
['125', '227', '113', '86', '157']