['114', '70', '449']
['1', '214', '41', '15']
['215', '428', '122']
['3', '216', '123']
['433', '217', '259', '59']
['166', '89', '431']
['6']
['220', '458', '410', '286']
['221']
['225']
['10', '76', '84', '85']
['11', '224', '437', '48', '126']
['12', '223']
['13']
['64']
['191', '228', '34']
['362']
['17', '398', '489']
['18', '247']
['243', '342']
['20']
['21', '234', '447', '383', '51', '304', '372']
['210', '448', '412']
['298', '320', '426', '118']
['72', '442']
['25', '198', '28', '16', '199']
['26', '452', '95', '232']
['79', '395', '453']
['167', '96', '461', '200', '154']
['29', '354', '241']
['138', '177']
['399', '155']
['39', '306', '127', '78']
['246', '0']
['350']
['443', '174', '483']
['36', '462', '270', '467']
['361']
['38', '464', '9']
['370', '252', '465', '360', '33']
['103', '466', '222', '289']
['427', '90', '47']
['468']
['280', '327']
['189', '257', '470', '315']
['478', '258', '5', '149', '438']
['329', '242', '58', '161', '110']
['402']
['474', '115', '94']
['245', '475', '260']
['263', '393', '61', '60']
['291', '319']
['136']
['153']
['265']
['268', '160']
['56', '269', '352']
['57', '301', '261', '40', '284']
['287', '484']
['493', '272', '159', '178', '336']
['105', '455', '226']
['274', '487']
['420', '74', '169']
['63', '476', '366', '80']
['266']
['65', '131']
['132', '492', '323']
['67', '92']
['68', '313', '409']
['281', '282', '343']
['213', '349', '434']
['418', '331', '497', '345']
['237', '151', '498']
['73', '414', '264']
['244']
['75', '405', '344']
['358']
['290', '152', '495']
['440']
['335', '322']
['7', '293']
['81', '111']
['308']
['297', '32']
['147']
['491']
['299', '255', '141']
['156', '205', '318']
['133']
['218', '230']
['180']
['321', '472']
['86', '186', '277', '202', '88', '43']
['93', '403', '273', '50']
['53']
['271']
['54', '23']
['22']
['378', '311', '194']
['31', '347']
['324']
['314', '142']
['97']
['334']
['104', '317', '473']
['316']
['106', '101', '171']
['408']
['108', '91']
['109', '179']
['8']
['357', '69', '233']
['417', '411', '444', '193']
['128', '480']
['112']
['382', '2', '459']
['256', '134']
['117', '469', '262']
['148', '196']
['77']
['62']
['46']
['27', '248']
['278', '481']
['183', '369', '436']
['125']
['380', '404']
['386']
['339']
['129']
['188', '307']
['332', '454', '121', '310', '416']
['83']
['346']
['203', '456']
['135', '348', '463', '163', '208']
['441']
['98', '185']
['30', '351', '253']
['279', '385', '181']
['445', '49']
['119']
['494']
['143', '359', '388']
['337']
['55', '457']
['87', '422']
['238', '206', '368']
['250', '42']
['211']
['413', '363', '124', '24']
['285', '482', '227', '394', '130']
['35', '391', '439']
['219']
['367', '184']
['116']
['71', '176']
['446', '209', '172', '165']
['389', '140']
['275', '294']
['373', '407']
['204', '374']
['375', '236']
['376']
['377', '450']
['158', '45']
['471', '276', '424']
['137']
['82']
['364']
['170', '164', '338']
['292', '384', '295', '309']
['229', '341']
['120', '328', '182']
['326', '387']
['401', '235']
['496', '192']
['406', '485', '371', '157']
['451', '19']
['239', '312', '249']
['379', '479', '325']
['44', '187', '435']
['240', '330', '488']
['396', '100', '254', '353', '146', '14']
['397', '102', '144']
['231']
['302', '145', '168', '356']
['139', '288']
['390', '175']
['400']
['66']
['99', '365']
['107']
['212']
['267']
['195']
['381', '4']
['197', '429', '333', '355']
['477']
['251']
['150', '486', '305']
['201', '499', '52']
['415', '162', '113']
['303']
['392']
['283']
['460', '419']
['207', '340', '421', '430', '296']
['173']
['432']
['37', '423']
['190', '300']
['425', '490']