['211', '79', '64', '66', '92', '467', '176', '201', '161', '174', '326', '351', '376', '210', '473', '159', '476', '31', '65', '195', '242', '413', '220', '207', '213', '21']
['418', '77', '205', '118', '435', '127', '165', '452', '332', '142']
['224', '186', '53', '90', '389', '153', '180', '80', '474', '405', '353', '189', '453', '125', '236', '49', '212', '151', '451', '325', '167', '162', '475']
['491', '158', '154', '179', '204', '329', '404', '454', '177', '330', '403', '163', '456', '363', '425', '175', '386', '349', '469']
['269', '157', '55', '215', '238', '499', '155', '169', '149', '253', '248', '260', '203', '273', '422', '455', '271', '243', '235', '247', '166', '209', '199', '96', '178', '252', '459', '152']
['318', '45', '28', '268', '490', '249', '206', '231', '256', '91', '254', '356', '216', '437', '259', '481', '345', '468', '19', '434', '37', '54', '255', '382', '16', '128', '4']
['301', '103', '267', '23', '282', '8', '71', '24', '60', '46', '27', '34', '58', '93']
['440', '148', '83', '262', '133', '339', '367', '333', '370', '433', '286', '362', '436', '124', '29', '306', '341', '30', '417', '410']
['288', '59', '41', '449', '15', '17', '450', '109', '393', '442', '3', '237']
['366', '74', '25', '85', '327', '214', '364', '374', '168', '334', '196', '22', '335', '360', '486', '108', '352', '485', '76', '342', '384', '111', '265', '416', '344', '372']
['408', '36', '18', '50', '89', '26', '284', '130', '311', '336', '56', '395', '496', '226', '379', '47', '113', '445', '42', '402', '20', '471', '385', '7', '40']
['164', '87', '102', '411', '112', '398', '409', '132', '314', '308', '412', '219', '397', '309', '407', '300', '114', '419', '305', '134', '283', '304', '348', '488', '280', '140', '307', '388']
['13', '38', '427', '68', '278', '39', '6']
['14', '9', '81', '137', '12', '135', '5', '316', '337', '63', '147', '116', '439', '57', '35', '51', '2', '33', '126', '331', '1', '32', '241', '328']
['357', '107', '86', '75', '390', '479', '355', '274', '380', '340', '365', '377', '117', '258', '218', '139', '371', '480', '94', '184', '119', '465']
['359', '313', '381', '293', '291', '289', '160', '294', '222', '156', '297', '172', '470', '391', '296', '466']
['234', '67', '106', '192', '82', '232', '317', '350', '217', '202', '263', '138', '257', '497', '438', '170', '399', '392']
['447', '266', '69', '426', '143', '208', '193', '272', '464', '131', '129', '229', '343', '368', '97', '430', '461', '101', '141', '43', '369']
['298', '44', '387', '378', '312', '483', '319', '444', '78', '394', '494', '429', '448', '472', '498', '446', '463', '277']
['73', '136', '61', '145', '487', '150', '245', '375', '495', '95', '227', '493', '70', '225', '310', '361', '458', '358', '233', '478', '52', '62', '492', '198', '230', '250', '191', '457', '246']
['264', '200', '171', '188', '190', '346', '421', '443', '11', '401', '432', '183', '251', '185']
['261', '441', '72', '173', '187', '484', '285', '347', '338', '292', '239', '240', '228', '383']
['122', '48', '98', '123', '104', '396', '144', '105', '373', '10', '287', '120', '322', '244', '121', '270']
['181', '99', '323', '194', '302', '290', '299', '324', '414', '424', '315', '321', '197', '320', '354', '281', '182', '500', '482', '279']
['415', '223', '88', '100', '423', '146', '115', '275', '303', '84', '295', '400', '431', '406', '276', '428', '462', '221', '460', '477', '420', '489', '110']