['261', '299', '50', '153', '125', '316', '291', '447', '166', '365', '464', '230', '0', '390', '196', '443', '315', '434', '265', '454', '290', '172', '381', '424', '346', '362']
['86', '406', '181', '229', '337', '177', '206', '378', '155', '467', '2', '16', '83', '51', '59', '33', '215', '280', '407', '67', '364', '104', '160', '63']
['392', '81', '360', '410', '413', '461', '228', '129', '5', '62', '305', '218', '313', '304', '257', '435', '79', '72', '273', '233']
['52', '253', '224', '178', '303', '275', '399', '339', '94', '127', '73', '45', '394', '103', '42', '387', '427', '144', '101', '106', '419', '415', '4', '375', '219', '310', '341', '334']
['479', '298', '115', '100', '342', '363', '369', '191', '462', '283', '21', '252', '344', '416', '226', '430', '32', '465', '256', '358', '200', '340', '307', '329', '366']
['82', '102', '135', '192', '448', '139', '87', '432', '440', '328', '108', '380', '393', '306', '85', '238', '221', '78']
['93', '15', '453', '31', '157', '48', '225', '217', '37', '204', '284', '457', '152', '260', '402', '10', '438', '147', '368', '409', '357', '309', '343', '36', '207', '423', '262', '247', '128']
['269', '223', '476', '203', '356', '186', '244', '326', '55', '400', '288', '57', '179', '470', '27', '460', '183', '159', '385', '95', '163', '383', '274', '408']
['216', '7', '271', '198', '44', '201', '41', '30', '270']
['255', '84', '168', '321', '121', '213', '190', '397', '473', '466', '185', '97', '9', '384', '449', '24', '18', '450']
['8', '474', '417', '241', '318', '441', '267', '349', '420', '370', '259', '445', '287', '89', '76']
['456', '426', '428', '117', '418', '1', '311', '404', '113', '66', '61', '164', '279', '350', '272', '47', '374', '302', '109', '336']
['148', '478', '395', '324', '167', '286', '412', '333', '300', '165', '289', '232', '285', '58', '184', '25', '120', '386', '130', '212', '174', '182']
['29', '236', '118', '151', '134', '320', '475', '90', '377', '331', '145', '405', '371', '414', '251', '421', '268', '202', '137', '258', '149']
['354', '348', '235', '263', '436', '122', '23', '389', '12', '28', '317', '361', '277', '180', '146']
['227', '199', '250', '156', '205', '132', '46', '308', '124', '379', '376', '187', '297', '170', '281', '234', '133']
['294', '114', '468', '382', '323', '54', '49', '20', '437', '96', '38', '173', '314', '239', '35', '330', '403', '105', '142', '249']
['431', '347', '332', '70', '425', '91', '442', '295', '312', '254', '335', '209', '88', '472', '245', '372', '19', '396', '17', '11', '451', '367', '242', '69', '110']
['211', '469', '293', '197', '338', '446', '208', '99', '231', '40', '112']
['463', '444', '193', '345', '169', '60', '116', '301', '411', '80', '429', '210', '150', '158', '154', '92', '53', '107']
['266', '278', '195', '248', '65', '14', '246', '71', '282', '140', '355', '111', '373', '22', '322', '43', '13', '74', '136', '34', '188', '422', '359', '131', '77', '161', '388', '176', '222']
['477', '56', '98', '264', '75', '391', '452', '189', '439', '243', '471', '64', '296', '455', '325', '214', '401', '194']
['220', '351', '141', '126', '327', '68', '352']
['433', '123', '162', '398', '171', '240', '319', '3', '39', '458', '6', '26', '175', '237', '138', '292', '143', '276', '459', '353', '119']