['105', '260', '262', '212', '431', '206', '171', '164', '385', '174']
['20', '21', '41', '160', '420', '121', '204', '310', '456', '453', '48', '25', '257', '324', '342', '358', '67', '49', '228', '144', '62', '404', '11', '394', '300', '45', '107', '323', '492', '332', '110', '268', '333', '335', '202']
['198', '498', '44', '69', '156', '293', '91', '182', '483', '302', '153', '59', '432', '307', '430', '245', '122', '199', '405', '464', '186', '266']
['220', '43', '84', '31', '103', '123', '467', '163', '203', '219', '138', '197', '120', '306', '423', '493', '463', '36', '224', '88', '233', '348', '481', '485', '396', '46', '115', '227', '147', '141', '101', '83', '177', '251']
['476']
['5', '281', '166', '65', '316', '280', '201', '102', '185', '9', '271', '285', '96', '455', '231', '242', '390', '1', '94', '184', '139', '73', '167', '222', '225', '22', '359', '499', '218', '55', '482', '200', '130']
['6', '125', '360', '133', '39', '129', '145', '71', '272', '286', '318', '326', '416', '23', '8', '411', '269', '380', '131', '64', '433', '427', '441', '418', '119', '33', '426', '369', '478', '297', '229', '29', '76', '78', '75']
['93', '99', '232', '383', '194', '161', '295', '275', '175', '392', '412', '298', '368', '366', '480', '235', '398', '465']
['54', '374', '168', '267', '178', '68', '438', '270', '243', '320', '408', '356', '488', '402', '74', '79', '146', '172', '249', '370', '327', '18', '417', '208', '277', '301', '434', '428', '173', '410', '419', '362', '429', '142']
['473', '351', '292', '354', '132', '113', '413', '247', '86', '176', '4', '304', '437', '439', '309', '37', '77', '451', '452', '361', '474', '379', '355', '279', '486', '2', '17', '447', '278', '462', '382', '347', '375', '47', '393']
['10', '395', '460', '226', '90', '244', '421', '183', '387', '210', '230', '240', '357', '349', '61', '169', '3', '40', '116', '445', '450', '470', '179', '57', '236', '336', '193', '205', '314', '58', '209', '237', '389', '397', '216']
['322', '317', '241', '134', '406', '191', '112', '345', '377', '424', '311', '331', '461', '246', '466', '152', '328', '491', '192', '386', '248', '157', '187', '454', '188', '448', '469', '353', '312', '321', '446', '444', '459', '283', '291']
['97', '213', '403', '155', '32', '92', '253', '339', '108', '256', '261', '376', '82', '303', '409', '95', '308', '111', '274', '170', '87', '252', '436', '440', '442', '265', '72', '27', '30']
['319', '294', '372', '136', '60', '15', '364', '52', '401', '477', '98', '443', '373', '415', '425', '422', '12', '89', '56', '126', '66', '340', '259', '263', '80', '489', '254', '70', '435']
['148', '299', '26', '180', '117', '414', '214', '165', '289', '334', '378', '207', '288', '140', '494', '497', '215', '13', '50', '159', '14', '124', '109', '290', '305', '239', '118', '106', '400', '388', '100', '114', '104', '276', '457']
['238', '350', '223', '181', '346', '211', '391', '195', '407', '250', '484', '367', '190', '196', '330', '384', '137', '341', '496', '325', '468', '344', '338', '284', '221', '234', '329', '264', '365', '273', '282', '472', '51', '458', '16']
['38', '28', '151', '149', '487', '296', '34', '35', '63', '53', '42']
['143', '495', '337', '189', '371']
['343']
['19', '162', '490', '154', '381', '150', '471', '24', '7', '258', '217', '313', '127', '475', '128', '287', '352', '85', '135', '399', '158', '449', '479', '255', '0', '81', '315', '363']