['164', '180', '194', '234', '455', '458', '121', '452', '51', '45', '283', '9', '199', '380', '50', '432']
['182', '91', '183', '31', '34', '450', '256', '475', '191', '261', '451', '246', '187', '0', '463', '249', '2', '192', '189', '423']
['368', '362', '122', '5', '155', '97', '18', '221', '287', '226', '8', '360', '71', '459', '306', '219', '285']
['329', '359', '63', '392', '282', '153', '291', '493', '333', '10', '453', '16', '149', '339', '268', '7', '264']
['4', '64', '68', '43', '66', '32', '55', '61', '301', '397', '367', '48', '342', '17', '82', '352', '235']
['218', '391', '310', '215', '410', '36', '335', '395', '197', '385', '184', '38', '338', '53', '181', '24', '393', '417', '388', '421']
['357', '109', '245', '195', '250', '465', '481', '118', '424', '366', '396', '437', '479', '200', '428', '363', '476', '427', '372']
['257', '227', '81', '134', '14', '253', '126', '365', '176', '263', '179']
['386', '196', '170', '172', '248', '351', '314', '460', '62', '167', '151', '168', '166', '171', '138', '59', '442', '303', '348']
['69', '99', '129', '278', '279', '276', '90', '280', '429', '297', '15', '275', '266', '267', '272', '269', '216', '273']
['223', '40', '70', '222', '160', '299', '156', '399', '271', '370', '281', '152', '147', '210', '145', '217', '389', '119']
['228', '211', '408', '173', '461', '214', '209']
['243', '494', '54', '124', '492', '19', '300', '3', '400', '135', '356', '376', '383']
['13', '350', '103', '294', '349', '277', '412', '343', '373', '403', '231', '120', '111', '112', '413', '344', '414', '110', '443', '236']
['123', '315', '309', '358', '77', '434', '254', '308', '354', '316', '319', '6', '462', '436', '130', '60', '445', '307', '157', '150']
['489', '377', '47', '165', '242', '74', '346', '286', '224', '203', '495', '322', '487', '213', '230', '212', '46', '56', '186']
['438', '142', '76', '106', '83', '65', '117', '73', '78', '84', '72', '105', '441', '411', '439', '86', '446']
['220', '137', '141', '92', '387', '296', '401', '49', '30', '415', '140', '98', '100', '44', '420', '101', '225', '102']
['133', '425', '127', '447', '39', '198', '244', '419', '470', '340', '247', '444', '468', '477', '259', '252', '371', '251', '472', '94']
['177', '241', '238', '12', '169', '233', '229', '293', '193', '379', '409', '416', '131', '1', '431', '174', '422', '237', '240']
['426', '80', '27', '484', '407', '33', '318', '464', '433', '58', '295']
['108', '482', '467', '260', '330', '321', '483', '88', '175', '258', '480', '474', '95', '25']
['274', '207', '469', '398', '202', '262', '163', '204', '201', '148', '289', '22', '159', '144', '390', '128', '378']
['132', '440', '435', '353', '430', '324']
['114', '471', '478', '52', '139', '402', '491', '473', '486', '136']
['320', '270', '113', '364', '265', '325', '355', '11', '107', '328', '96', '205', '21', '361', '456', '93', '67', '89', '232', '331']
['26', '185', '23', '29', '206', '336', '37', '290', '406', '284', '188', '143', '255', '20', '490', '35', '208', '190', '466', '292']
['42', '57', '87', '449', '326', '404', '41', '382', '327', '457', '381', '323', '374', '334', '79', '75', '85', '375', '332', '454']
['369', '116', '178', '347', '298', '337', '115', '418', '448', '384', '125', '161', '146', '394', '28', '104', '488', '162', '341', '239']
['158', '304', '312', '405', '345', '313', '288', '485', '154', '302', '305', '311', '317']