['332', '128', '436', '456', '219', '88']
['409', '302', '100', '405', '113']
['350', '2', '308', '471', '17', '205', '78']
['135', '90', '361', '65', '202', '79']
['494', '147', '226', '55']
['109', '418', '197', '325', '452', '249', '323']
['479', '368', '348', '415', '417', '344', '125']
['137', '399', '278', '43', '4', '363']
['271']
['453', '50', '19', '73', '385']
['316', '38', '115', '171', '56']
['319', '283', '357', '457', '167']
['21', '422']
['394', '178', '91', '29', '27', '309', '66']
['428', '468', '111', '139', '358']
['258', '300', '218', '114', '235', '370', '110']
['330', '355']
['1', '161', '133', '15', '145']
['59', '393', '214', '193', '11']
['96', '493']
['10', '70', '287', '141']
['158', '367', '222', '294', '31', '45', '210']
['305']
['203', '81', '338', '326', '335']
['315', '251', '237', '269', '140']
['102']
['273', '299', '154', '311']
['231', '257', '152', '360', '221', '241']
['416', '426', '49', '63', '98', '157', '54']
['215']
['33', '67', '127', '134', '20', '489', '298']
['446', '68', '403', '413', '108']
['488', '75', '260', '291', '170', '346', '9']
['69', '401', '306', '470', '351', '444', '376']
['313', '307', '228', '176']
['424', '14', '465', '365', '339', '387', '0']
['261']
['388', '35', '303', '95', '122', '441', '199']
['40', '390', '184', '459', '296']
['407', '131', '23']
['89', '61', '191', '156']
['174', '293']
['181', '28', '87', '495', '322', '267']
['334', '286', '484', '34', '77']
['343', '331', '107', '497']
['37', '478']
['263', '282', '382', '32', '333', '201']
['149', '336', '486', '148', '105']
['151', '238', '208', '449', '189', '22', '172']
['252', '475', '320', '327', '82', '250', '192']
['256', '52', '377', '491', '463', '354']
['490', '101', '349', '177', '498', '240']
['280', '51', '378', '196', '227', '206', '136']
['324', '432', '160', '312', '374']
['469']
['253', '400', '472']
['438', '318', '112']
['164', '329', '373', '234', '224', '297', '166']
['352', '396', '430', '119', '24', '391']
['159', '304', '410', '74', '153']
['476', '383', '8']
['290', '434', '168', '411', '242', '450', '36']
['244', '402', '421']
['46', '212']
['60', '41', '279']
['142', '369', '182', '259', '448', '353', '285']
['384', '275', '86', '47']
['467', '431', '126', '26', '85']
['481']
['144', '492', '404', '233', '281', '487', '104']
['347', '264', '187', '317', '5', '454', '292']
['274', '62', '270', '44', '57', '276']
['179']
['262', '143', '429', '243', '406']
['379', '392', '423', '342', '372', '466']
['155', '366', '97', '229', '64', '211']
['186', '473', '408', '58', '496']
['435', '341', '462']
['124', '321', '474', '442', '83', '412', '236']
['499', '93', '254', '194']
['204', '458', '94', '121', '419', '106', '301']
['277', '183', '337', '117', '451', '232']
['165', '445', '328', '80', '230', '200', '345']
['437', '220', '485', '213', '477', '447', '455']
['427', '185', '398', '146']
['268', '175', '295', '395', '386']
['123', '284', '92', '42', '239']
['359', '255', '198', '248', '120']
['223', '53', '116', '25', '381', '288', '39']
['99', '169', '48', '72', '364', '289']
['217', '480', '414', '266', '16']
['71', '163', '380', '482', '76', '150', '464']
['209', '433', '3', '314', '162', '425', '6']
['439', '420', '272', '310', '247', '440', '30']
['443', '103', '7', '246', '245', '356', '340']
['130', '389', '188', '12', '13', '207']
['460', '375', '397', '84', '362', '129', '216']
['483', '461']
['118', '18', '132', '265', '138', '173', '180']
['371', '190', '195', '225']