['Melda', 'Safire', 'Arel', 'Berner', 'Faunia', 'Lynett', 'Cherry', 'Delinda', 'Grimona', 'Antonino', 'Griswold', 'Darsie', 'Dietrich', 'Wendye', 'Malo', 'Yerxa', 'Cal', 'Augustina', 'Sheeran', 'Karlise', 'Fausta', 'Rue', 'Neille', 'Mathur', 'Wistrup', 'Questa', 'Formenti', 'Fabrice', 'Ardehs', 'Barby', 'Doroteya', 'Grath', 'Dowlen', 'Kassi', 'Gloriana']
['Coh', 'Salomi', 'Virginia', 'Tay', 'Maribel', 'Yasu', 'Janerich', 'Henrique', 'Chemush', 'Ragland', 'Roanna', 'Saylor', 'Mushro', 'Ammadis', 'Tonya', 'Chancellor', 'Lux', 'Ottinger', 'Kylah', 'Harland', 'Tarkany', 'Gibun', 'Hadleigh', 'Danna', 'Till', 'Noyes']
['Yim', 'Holton', 'Tennes', 'Lamson', 'Corkhill', 'Deni', 'Firman', 'Marijo', 'Candyce', 'Barsky', 'Coumas', 'Enid', 'Clere', 'Selma', 'Foulk', 'Shannah', 'Beebe', 'Weirick', 'Higgs', 'Smukler', 'Ainslee']
['Jobyna', 'Vaish', 'Mansoor']
['Lacy', 'Kaufmann', 'Agosto', 'Scherman', 'Hanway', 'Felicie', 'Bui', 'Eldwen', 'Letta', 'Placido', 'Epstein', 'Midian', 'Hermon', 'Hardej', 'Fitz', 'Hakim', 'Dumas', 'Ashford', 'Tristam', 'Morville', 'Woodhead', 'Bevon']
['Schreck', 'Crompton', 'Balcer', 'Emmer', 'Puklich', 'Krystalle', 'Ursola', 'Tutankhamen', 'Nath', 'Merola', 'Halimeda', 'Arianna', 'Vevay', 'Druce', 'Favian', 'Les', 'Pippo', 'Pinto', 'Eudocia', 'Love']
['Latimer', 'Cardwell', 'Lamb', 'Livingston', 'Robbin', 'Groh', 'Lynnelle', 'Hamlin', 'Lauree', 'Hillel', 'Won', 'Ebba', 'Meingolda', 'Carrillo', 'Harmony', 'Lyle', 'Pryce', 'Saudra', 'Dulcea', 'Dett', 'Winebaum', 'Gerianne', 'Harriet', 'Akeyla', 'Zobe', 'Jestude', 'McIntosh', 'Velda', 'Volkan', 'McCoy', 'Dela', 'Hook', 'Perloff', 'Biggs', 'Larson']
['Auroora', 'Bruns', 'Darrow', 'Donn', 'Rodolphe', 'Lorilyn', 'Yarvis', 'Starinsky', 'Fast', 'Leod', 'Eno', 'Karon', 'Carlick', 'Serafine', 'Utica', 'Benilda', 'Pontius', 'Felise', 'Danuloff', 'Caines', 'Ebneter', 'Manaker', 'Flieger', 'Chae', 'Maude', 'Zandt', 'Clea', 'Rik', 'Flo', 'Raul', 'Sinnard']
['Leiser', 'Cutty', 'Tillford', 'Reste', 'Billy', 'Avril', 'Franek', 'Astto', 'Jori', 'Mackenzie', 'Halstead', 'Birck', 'Danita', 'Ubana', 'Mokas', 'Zelma', 'Hudis', 'Marina', 'Uchida', 'Fifine', 'Matthew', 'Pappas', 'Haldane', 'Elberta', 'Karie', 'Hayyim']
['Hittel']
['Risteau', 'Nestor', 'Knute', 'Ashman', 'Clovah', 'Saxen', 'Fillender', 'Matthaeus', 'Hillegass', 'Larry', 'Toh', 'Moyers', 'Busey', 'Antonetta', 'Jessalin', 'Plantagenet', 'Dimitry', 'Stephenson', 'Mauchi', 'Davidde', 'Stearns', 'Utas', 'Ardys', 'Fadiman', 'Fairfax', 'Girardo', 'Cerracchio', 'Micheal', 'Atkins', 'Basso', 'Tiphane', 'Nannette', 'Delila', 'Cheria']
['Bhayani', 'Adriane', 'Farro', 'Marijn', 'Nicolis', 'Rani', 'Tavy', 'Baldridge', 'Hawger', 'Cyd', 'Cristiona', 'Neva', 'Prince', 'Kerianne', 'Griffin', 'Fruin', 'Janenna', 'Marilou', 'Evangeline', 'Lentha', 'Tuttle', 'Watson', 'Ber', 'Mitchiner', 'Dott', 'Wight', 'Ace', 'Kinzer', 'Towne', 'Rooke']
['Vonni']
['Rhonda', 'Leanna', 'Dare', 'Melisa', 'Quitt', 'Tine', 'Cicely', 'Fidelio', 'Jillana', 'Buckler', 'Oakes', 'Ruyle', 'Verras', 'Everick', 'McCullough', 'Kile', 'Shelby', 'Joed', 'Derinna', 'Jimmy', 'Shea', 'Monahan', 'Cloots', 'Gillian', 'Anuska', 'Padget', 'Elmira', 'Jeniece', 'Willetta', 'Japeth', 'Bounds', 'Lon', 'Sievert', 'Ches', 'Glenn', 'Willis']
['Kronick', 'Lenes', 'Bran', 'Converse', 'Katzir', 'Mikol', 'Hatch', 'Barnett', 'Winer', 'Oscar', 'Margeaux', 'Sosanna', 'Ciapas', 'Emelita', 'Sigsmond', 'Edrick', 'Hankins', 'Ursi', 'Sachi', 'Genie', 'Lou', 'Dearman', 'Hako', 'Australia', 'Beaver', 'Girovard', 'Melburn', 'Ferullo', 'Minier', 'Dole', 'Woo', 'Ruhnke', 'Nari']
['Dotson', 'Alvinia', 'Adolphus', 'Buxton', 'Ratcliffe', 'Uta', 'Javler', 'Hannover', 'Summons', 'Burkhart', 'Klapp', 'Binette', 'Hett', 'Koetke', 'Kudva', 'Raynor', 'Celestyn', 'Vikky', 'Udell', 'Damon', 'Wunder', 'Gowrie', 'Grochow', 'Hotze', 'Proudfoot', 'Kanya', 'Nance', 'Emelia', 'Blasius', 'Alf']
['Shelbi', 'Behlau', 'Kimon', 'Prebo', 'Freddy', 'Dedric', 'Jehiel', 'Rombert', 'Cristoforo', 'Carter', 'Eilis', 'Myrvyn', 'Wing', 'Swanhilda', 'Neveda', 'Brittnee', 'Osrick', 'Gunn', 'Nanette', 'Erlewine', 'Colly', 'Janaya', 'Ng', 'Charin', 'Kerwon', 'Norean', 'Balling', 'Milore', 'Fokos', 'Ginzburg', 'Ultun']
['Moonier', 'Uzzia', 'Saville', 'Jason', 'Elihu', 'Merth', 'Tessy', 'Montagna', 'Eleni', 'Renick', 'Elburr', 'Bello', 'Lotus', 'Lombardi', 'Florentia', 'Sandeep', 'Demetria', 'Derril', 'McClimans', 'Jenkel', 'Durante', 'Crean', 'Newton', 'McKinney', 'Bluhm', 'Paulita', 'Cataldo', 'Sumer', 'Turrell', 'Meras', 'Galligan', 'Feinstein', 'Costin', 'Nessy']
['Gwenette', 'Blondell', 'Schnabel', 'Jorgenson', 'Bernj', 'Sandstrom', 'Ashling', 'Gombosi', 'Lunetta', 'Shanly', 'Nisse', 'Ted', 'Desi', 'Polish', 'Lindell', 'Aviv']
['Shepp', 'Flemming', 'Odin', 'Hong', 'Maye', 'Lawler', 'Masterson', 'Worlock', 'Debera', 'Catherin', 'Ludovico', 'Brazee', 'Balliett', 'Danais', 'Holms', 'Cavallaro', 'Acacia', 'Minda', 'Clymer', 'Groos', 'Ferro', 'Fredkin', 'Klute', 'Berneta', 'Jenness', 'Thorman', 'Chaddie', 'Rocray', 'Holey', 'Vesta', 'Adaurd', 'Lenhart', 'Earlene', 'Nafis', 'Holofernes']