['301', '367', '81', '397', '139', '279', '27', '379', '38', '107', '210', '392', '352', '373', '192', '355', '64', '311', '262', '326', '186', '94', '357']
['307', '347', '265', '140', '334', '237', '97', '183', '245', '214', '34', '223', '353', '325', '232', '71', '324', '333', '53', '177']
['146', '358', '87', '233', '350', '295', '83', '376', '238', '78', '219', '299', '153', '220', '65', '241', '52', '322', '181', '171', '200', '365', '86', '4', '259']
['341', '206', '280', '385', '289', '155', '75', '122', '176', '398', '72']
['1', '395', '9', '230', '354', '193', '215', '8', '268', '84', '109', '67', '225', '306', '399', '99', '89', '313', '257', '117', '24', '332', '142', '264', '316']
['195', '260', '120', '104', '297', '172', '380', '46', '45', '29', '236', '282', '123', '364', '36', '251', '128', '92', '160', '23', '287', '41', '159', '106', '18']
['269', '312', '377', '90', '243', '253', '386', '77', '254', '356', '270', '131', '138', '185', '158', '360', '239', '145']
['102', '242', '175', '73', '100', '49', '21', '189', '378', '39', '271', '361', '348', '169', '291', '74', '48']
['345', '381', '60', '2', '166', '328', '338', '58', '121', '174', '101', '389', '96', '330', '168', '129', '369']
['277', '383', '187', '388', '0', '40', '147', '302', '249', '343']
['300', '298', '374', '222', '173', '391', '290', '12', '372', '390', '82', '127', '244', '91']
['188', '119', '202', '5', '274', '337', '80', '191', '152', '335', '309', '231', '261', '321', '362', '288', '28', '363', '207', '227', '6', '318', '26']
['93', '162', '267', '68', '63', '61', '217', '69', '62', '258', '235', '115', '47', '14', '304', '296', '247', '50', '204', '197']
['144', '320', '252', '234', '209', '95', '163', '184', '314', '54', '370', '216', '30', '396', '43', '132']
['35', '284', '331', '273', '336', '179', '308', '110', '281', '393', '161', '133', '178', '167', '340', '88', '151', '349', '229', '37', '351', '199', '134', '157', '266']
['213', '384', '255', '33', '143', '327', '137', '382', '275', '218', '248', '303', '17', '366', '22', '149', '190', '387', '263', '112', '368', '342', '211', '55']
['118', '278', '315', '76', '154', '103', '42', '375', '194', '85', '276', '224', '208', '79', '156', '13', '141', '394', '15', '136', '126', '283', '130', '11', '344']
['203', '98', '31', '59', '180', '182', '32', '240', '125', '305', '359', '3', '19', '228', '201', '285', '226', '212', '113', '346', '293', '116', '221', '272', '286']
['57', '250', '111', '323', '51', '20', '198', '329', '7', '105', '25', '196', '170', '16', '371', '256', '339']
['150', '294', '70', '124', '165', '246', '56', '164', '317', '108', '44', '319', '292', '205', '148', '114', '310', '10', '66', '135']