['253', '173', '182', '240', '455', '254']
['256', '242', '226', '148', '1']
['172', '4', '38', '420']
['168', '441', '362', '11', '401', '147', '39', '402']
['100', '106', '58', '14']
['161', '116', '291', '319', '265', '125', '381']
['464', '350', '398', '16', '285', '98', '52']
['139', '228', '154', '225', '358']
['74', '6', '21', '44', '460', '317']
['13', '59', '102', '54']
['7', '192', '325', '366', '288', '3']
['47', '137', '373', '9', '223']
['119', '301', '53', '41']
['298', '138', '10']
['491', '296']
['211', '205', '263']
['220', '494', '203', '390', '349', '136']
['300', '432', '289', '202']
['375', '458', '143', '365', '369', '304']
['247', '24', '46', '371', '403']
['87', '61', '326', '33']
['196', '320', '56', '321']
['427', '422', '207', '105']
['221', '184', '421', '198', '90']
['345', '34', '17', '94', '227', '344']
['135', '2', '305', '408', '255', '357']
['449', '252', '166', '170', '243']
['471', '72', '155', '268']
['92', '484', '385', '330', '29']
['444', '64', '481', '234', '77']
['181', '231', '297', '466', '86', '232']
['101', '361', '112', '379', '241']
['411', '483', '287', '299', '352', '117', '197']
['306', '423', '266', '162']
['167', '383', '323', '443', '123', '195']
['140', '66', '382', '355', '428', '322', '176']
['68', '160', '84', '131', '490', '42']
['261', '478', '260']
['93', '175', '368', '250']
['156', '201', '209']
['437', '248', '49', '497', '194']
['328', '308', '472', '434']
['271', '235', '480', '171']
['459', '327', '236', '447', '482', '107']
['450', '97', '315', '406']
['257', '397', '412']
['99', '461', '55', '435']
['363', '377', '433', '81', '495', '338']
['185', '244', '120', '208', '158']
['169', '470', '262', '25', '76']
['179', '488', '303', '456', '310', '258', '405']
['387', '213', '82', '23', '448', '109']
['219', '177', '214', '431', '60', '88']
['91', '457', '217', '392', '153']
['67', '51', '465', '343']
['5', '229', '329', '376']
['354', '309', '493', '259', '110']
['391', '293', '438', '413', '342']
['273', '199', '364', '183', '108', '500']
['43', '141', '489', '118', '425', '275']
['269', '281', '399']
['210', '332', '473', '127', '63']
['282', '334', '132', '341', '37', '144']
['113', '218', '26', '18', '452']
['126', '95', '187', '453']
['133', '485', '150', '462', '324', '496']
['222', '418', '62', '146', '499']
['124', '277', '409', '249', '164']
['79', '78', '467', '476', '340']
['245', '149', '414', '372', '165']
['237', '337', '477', '386', '111', '487']
['69', '276', '130', '347', '36', '216', '333']
['463', '22', '280', '188']
['73', '367', '302', '80']
['65', '468', '122', '335', '239', '469']
['163', '103', '178', '12', '251']
['370', '454', '121', '286', '246']
['307', '283', '356', '278', '380', '359']
['27', '445', '404', '410', '442']
['416', '311', '440', '31', '85']
['389', '159', '430', '451']
['492', '215', '186']
['400', '20', '394', '48', '212', '295', '50']
['224', '114', '290', '129']
['134', '393', '75', '415', '419']
['15', '292', '346', '142']
['204', '200', '152', '145']
['96', '190', '312', '272', '374', '45']
['426', '378', '388', '439', '70', '19']
['360', '479', '115', '128', '279', '396']
['89', '32', '238', '71', '351']
['436', '230', '8']
['417', '104', '353', '40', '429', '83']
['233', '294', '35', '157', '318', '348']
['314', '475', '180']
['191', '339', '30', '28', '151', '474']
['57', '193', '264']
['313', '189', '274', '331', '384', '284']
['498', '206', '174', '395', '424', '336', '267']
['446', '486', '270', '407', '316']