['177', '319', '446']
['300', '53', '408', '181', '213', '251', '422', '183', '27', '298', '357', '492', '485', '382', '42', '180', '374', '121', '215']
['16', '447', '425', '467']
['107', '45', '99', '293', '471', '227', '219', '359', '380', '376', '52', '18', '85', '87', '320', '73', '385', '51', '486']
['299', '93']
['314']
['6', '11', '207', '71', '353', '155', '34', '416', '136', '271', '381', '115', '283', '278']
['280']
['487']
['282', '395', '267', '285', '410', '255', '33', '261', '318', '26', '296', '17', '249', '253']
['463', '243', '97', '332', '64', '137', '310', '411', '460', '327', '156', '373', '202', '59', '386', '349', '4', '321', '498', '158']
['478', '339', '483', '206', '461', '468', '175', '31', '355', '70', '459', '84', '140', '132', '185']
['214', '134', '113', '240', '212', '94', '389', '362', '413', '191', '242', '494', '433', '114', '419', '101', '398', '297', '452']
['129', '438', '201', '263', '322', '434', '449', '47', '233', '171', '317']
['5', '197', '245', '203', '170', '167', '464', '231', '208', '420', '124', '229', '159', '128', '248', '368', '292', '9', '182']
['111']
['91', '281']
['67']
['157', '69', '490']
['80', '313', '95', '287', '448', '23']
['348', '465', '367', '165', '217', '323', '46', '153', '62', '457', '241', '391', '351', '301', '40', '484', '83', '360', '272']
['383', '123', '222', '387', '372', '66', '472', '12', '363', '211', '488', '106']
['455', '108', '347', '223', '262', '143', '474', '429', '120', '400', '439', '404', '354', '366', '3', '266', '32', '131', '174']
['392', '403', '10', '444', '232', '440', '100', '209', '257', '454', '291', '48']
['268', '234', '1', '79', '451']
['200']
['112', '481', '356', '194', '341', '265', '49']
['28', '98', '178', '147', '119', '196', '238', '218', '435', '102', '199', '443', '29', '279', '343', '342', '399', '141', '384']
['426', '497', '305', '247', '336', '312', '38', '226', '402', '466', '220', '75', '309', '56', '61', '324', '161', '19', '375']
['442']
['358', '379', '55', '431', '378', '365', '204']
['264', '228', '477', '145', '224']
['192', '371', '412']
['295', '60', '225', '333', '259', '236', '43']
['315', '256', '50', '184', '235', '370', '334', '432', '284', '148', '20', '166', '364', '453']
['237']
['36', '458', '441', '361', '254', '44', '303', '13', '436', '479', '96', '72', '417', '250', '286', '414', '7', '2', '24']
['344', '127', '462', '427', '76', '331', '8', '163', '126', '25', '469', '15', '489', '152', '149', '405', '328', '103', '450']
['39', '424', '138', '288', '162', '144', '397', '456', '58', '418', '125', '133', '176', '116', '274', '482', '169', '270', '308']
['470', '189', '187', '493', '135', '480', '221']
['41', '92', '190', '390', '260', '130', '340', '495', '330', '325', '306', '428', '88', '377', '188', '168', '346', '179', '496']
['302', '142', '290', '86', '14', '275', '423', '109', '475', '304', '352', '146']
['78']
['186', '499', '160', '396', '421']
['273', '326', '118', '244', '173', '491', '139', '21', '68', '335', '35', '122', '269', '337', '74', '307']
['151', '350', '195', '388', '77', '316', '258', '117', '57', '230', '437', '172']
['164', '150', '329', '311', '476', '369', '30', '409']
['345', '81', '65', '63', '37', '105', '445', '216', '338', '415', '246', '154', '210']
['193', '205', '407', '89', '90', '104', '294', '277', '82']
['198', '239', '406', '394', '473', '401', '110', '430', '289', '22', '0', '54', '252', '276', '393']