['0', '74', '148', '321', '296', '309', '147']
['453', '149', '52', '443', '261', '311']
['2', '150', '224', '262', '372', '446', '369']
['44', '248', '151', '244', '379']
['4', '295', '152', '226', '325', '374', '448', '232', '191']
['270', '252', '153', '227', '229', '375', '449', '167', '266', '367']
['40', '154', '302', '376', '432', '371', '388']
['7', '12', '155', '301', '303', '377', '451']
['396', '82', '156', '139', '304', '392', '436', '64']
['83', '157', '136', '217', '447', '222']
['163', '158', '347', '60', '473', '404']
['85', '159', '233', '307', '381', '142', '137']
['86', '160', '234', '308', '382', '456', '313', '273']
['13', '87', '380', '235', '370']
['88', '162', '236', '310', '458', '84']
['15', '474', '190', '105', '385', '486', '228', '109']
['16', '90', '358', '238', '312', '161', '495', '239']
['17', '26', '165', '9', '387', '200', '240', '14']
['18', '463', '166', '468', '129', '144', '462']
['19', '93', '241', '315', '92', '317']
['469', '265', '168', '242', '316', '390', '464']
['21', '288', '492', '393', '343', '89', '81']
['22', '299', '134', '334', '466']
['250', '259', '245', '319', '467']
['123', '172', '122', '320', '114', '483', '489', '11']
['25', '173', '202', '125', '102']
['429', '100', '452', '427', '130', '361', '470', '291']
['27', '101', '197', '465', '323', '397', '398']
['28', '184', '176', '175', '457', '482', '472']
['401', '103', '177', '251', '351', '399', '48']
['77', '178', '79', '326', '400', '445']
['297', '253', '386', '211', '8']
['314', '106', '180', '254', '336', '285', '476', '340']
['33', '181', '255', '439', '403', '416']
['34', '108', '256', '330', '218', '69']
['198', '118', '331', '405', '479', '170']
['219', '110', '95', '258', '332', '37', '480']
['406', '111', '185', '420', '333', '407']
['68', '140', '186', '260', '269', '408', '471']
['494', '460', '66', '450', '335', '56', '204', '54']
['353', '394', '322', '350', '328', '410', '484']
['61', '189', '263', '337', '411', '174']
['246', '402', '10', '264', '286', '366', '38', '41']
['43', '414', '339', '413', '487', '277']
['354', '257', '192', '46', '488', '96', '278']
['45', '119', '193', '275', '121', '415', '237']
['117', '179', '194', '268', '306', '490']
['47', '164', '378', '391', '417', '42', '383']
['327', '279', '196', '5', '418', '169', '292', '481', '203', '208', '6', '199']
['49', '24', '230', '271', '345', '419', '493']
['50', '124', '35', '272', '346', '98', '39', '99', '104']
['51', '341', '215', '431', '113']
['1', '126', '461', '274', '348', '281', '127', '132', '389', '120']
['53', '365', '201', '267', '349', '423', '409']
['128', '247', '276', '298', '424', '324']
['55', '32', '496', '220', '425']
['188', '282', '171', '352', '36']
['57', '131', '205', '438', '223', '485']
['30', '356', '91', '280', '207', '428', '107']
['59', '249', '3', '422', '355', '206', '360', '395', '31']
['342', '318', '183', '430', '76']
['454', '135', '209', '362', '357', '421']
['62', '231', '116', '289', '133', '287', '29', '23']
['63', '65', '433', '67']
['138', '212', '338', '115', '434', '440']
['284', '97', '213', '491', '243', '477']
['187', '112', '214', '20', '283', '437', '210', '384', '182']
['141', '221', '363', '58', '344']
['459', '216', '290', '435', '455']
['478', '143', '305', '329', '94', '225']
['70', '80', '73']
['71', '145', '300', '293', '294', '441', '444', '359']
['72', '146', '426', '475', '368', '442', '373', '364']
['412', '195', '78', '75']