['313', '435', '418', '477', '364', '74', '362', '21', '244', '470', '0', '17', '360', '489', '488']
['52', '79', '382', '415', '38', '218', '261', '436', '25', '421', '51', '412', '307', '493', '426', '26', '490', '270']
['229', '422', '82', '122', '142', '476', '402', '472', '262', '312', '289', '407', '462', '482', '3', '416', '276', '305', '283', '453', '349', '332', '322', '31', '325', '204', '427', '292', '319', '367', '249', '468', '70', '345', '248', '373', '350', '281', '36']
['23', '150', '11', '164', '465', '113', '192', '183', '100', '252', '302', '498', '144', '153', '35', '10', '65', '33', '227', '143', '131', '361', '107', '384', '136', '24', '109', '231', '140', '61', '451', '160']
['339']
['328', '363', '380', '39', '348', '185', '337', '225', '475', '424', '365', '405', '425', '414', '401', '388', '397', '354', '343', '275', '390', '351', '377', '42', '442', '104', '243', '492', '383', '336', '408', '376', '341', '396', '366', '387', '403', '389', '359', '499', '334']
['85']
['7', '207', '398', '298', '282', '297', '419', '326', '247', '267', '293', '29', '81', '369', '279', '461', '467', '287', '96', '43', '497', '290', '471', '76', '284', '272', '16', '286', '430', '288', '53', '241', '6', '175', '439']
['340', '473', '394', '139', '392', '372', '141', '333', '280', '346', '224', '368', '484', '428', '448', '417', '294', '385', '352', '378', '118', '494', '49', '381', '406', '344', '391', '357', '34', '374', '400', '9', '315', '434', '309', '479', '395']
['201', '95', '162', '129', '169', '189', '209', '171', '4', '263', '149', '222', '181', '449', '469', '205', '110', '216', '130', '137', '161', '459', '236', '186', '124', '166', '447', '155', '146', '327', '393', '246', '19']
['445', '446', '257', '450']
['375', '304', '60', '1', '299', '56', '18', '271', '291', '464', '386', '2', '411', '431', '27', '62', '310', '58', '433', '274', '306', '64', '460', '265', '438', '277', '495', '68', '37', '404', '59', '308']
['12', '32', '41', '179', '112', '132', '152', '172', '212', '232', '163', '138', '217', '78', '220', '491', '358', '323', '116', '452', '123', '235', '174', '126', '230', '188', '158', '250', '115', '198', '444', '93', '266', '135', '208', '121', '182', '128', '127', '102', '413', '240', '474', '219', '432', '72', '440', '197', '111', '429', '184', '73', '335', '176', '48', '103', '221', '210', '311', '314', '30', '94', '67']
['268', '167', '47', '193', '66', '173', '119', '213', '233', '409', '211', '353', '117', '483', '259', '251', '487', '101', '318', '154', '200', '159', '168', '481', '87', '105', '98', '89', '120', '99', '88', '242', '194', '92', '125', '202', '238', '177', '195', '114', '228', '44', '203']
['420', '134', '338', '46', '165', '331', '8', '234', '133', '458', '399', '454', '457', '324', '84', '13', '480', '151']
['15', '55', '75', '278', '258', '300', '296', '295', '91', '180', '80', '40', '463', '455', '63', '239', '54', '14', '320', '260', '254', '466', '69', '301', '370', '28', '50', '441', '45', '255', '20', '253', '269', '71', '22']
['191', '5', '329', '156', '145', '196', '108', '157', '330', '303', '83', '356', '371', '97', '317', '423', '147', '226', '237', '170', '178', '86', '478', '321', '199', '90', '347', '485', '106', '273', '187', '256', '355', '215', '206', '223', '285', '77', '443', '410', '190']
['57', '496', '264', '214', '342', '456', '245', '486', '148', '379']
['437']
['316']