['172', '13', '75', '160', '127', '152']
['22', '141', '105', '246']
['89']
['189', '33', '157', '231', '176', '78']
['63', '104', '52', '49', '42', '125']
['150']
['187', '240', '213', '7', '47', '218']
['10', '32', '40', '193', '170']
['67', '128', '158', '186', '34', '235']
['59', '109', '146', '65', '216', '133']
['192']
['204', '71']
['214', '212', '2', '173', '91', '24']
['57', '249', '94', '222', '55', '178']
['236', '190', '50', '164', '44', '102']
['226', '194', '115', '46', '215', '97']
['242']
['17', '124', '58', '37', '217', '1']
['4', '183', '61', '123', '120', '159']
['19', '198', '83', '137', '9', '6']
['3', '232', '84', '221', '99', '86']
['27', '23', '110', '175', '244', '139']
['51', '72', '85', '77', '184', '161']
['12', '135', '165', '210', '56', '156']
['74', '174', '224', '5', '163', '169']
['25', '15', '202', '101', '81', '35']
['95', '93', '21', '82']
['107', '167', '177', '145', '132', '219']
['197', '241', '166', '148', '196', '39']
['53', '129', '119', '118', '209', '134']
['122', '237']
['131', '200', '248', '185', '229']
['114', '8', '113', '182', '36', '130']
['211']
['111', '60', '88']
['223']
['191', '18', '136', '76', '121']
['0', '66', '208', '153', '100', '171']
['38', '138', '188', '238', '80', '103']
['70', '20', '54', '239', '87', '228']
['90', '154', '179', '201', '26', '79']
['108', '73', '195', '140', '234']
['243', '92', '43', '68', '250', '112']
['11', '62', '45', '207', '227', '126']
['106', '233', '142', '230', '205', '155']
['64', '245', '14', '116', '143', '144']
['147', '96', '29', '162', '30', '151']
['181', '16', '117', '28', '247', '180']
['48', '98', '69', '203', '31', '168']
['225', '220', '149', '199', '41', '206']