['Larrissa', 'Lukis', 'Lilienne', 'Taye', 'Vinnie', 'Hallei', 'Bailei', 'Coulson', 'Olive', 'Cicily', 'Jaquis']
['Ebany', 'Zuzanna', 'Crystina', 'Zyeir', 'Marrius', 'Jebediah', 'Sevren', 'Jahlen', 'Mezmariah', 'Ayahna', 'Dyami', 'Artie', 'Mailen']
['Litsy']
['Brydan', 'Apollonia', 'Hannelore', 'Devaun', 'Lauralynn', 'Zinia', 'Marik', 'Kvaughn', 'Aarohi', 'Nakeya', 'Prakruti', 'Emree', 'Adanna', 'Mariaelena', 'Zamyah', 'Sihaam', 'Navia', 'Kimball', 'Jamonte', 'Jatziry', 'Doyle']
['Raphael']
['Michai', 'Dessie', 'Sinia']
['Guy', 'Ilyn', 'Kamora', 'Leni', 'Veena', 'Dashun', 'Inaki', 'Kaleo', 'Alyiana']
['Zaahir', 'Nethra', 'Amor', 'Renyah', 'Siena']
['Evangelyne', 'Lada', 'Ganon', 'Helaman', 'Niemah', 'Adaley', 'Zykerria', 'Masud', 'Brenya', 'Kalum']
['Hakop', 'Tacori', 'Seiry', 'Jamiyla', 'Oluwatobi', 'Lamariah', 'Trinitey', 'Shanaiya', 'Merary', 'Jirah', 'Lazaria', 'Atika', 'Abhinav', 'Noami', 'Chyna', 'Asa', 'Kaeleen', 'Mylie', 'Shalonda', 'Sharlene', 'Timia', 'Jasiya', 'Casandra', 'Aman']
['Fe', 'Coraline', 'Elway', 'Andriy', 'Braeley', 'Azeriah', 'Emmely', 'Casondra', 'Vivica', 'Tashvi', 'Kenniyah', 'Anouk', 'Kinzie']
['Mylani', 'Kapena', 'Artyom', 'Janesha', 'Eddieberto', 'Britnee', 'Cynae', 'Hashem', 'Taigen', 'Larry', 'Nayara', 'Cylah', 'Leib', 'Elysha', 'Byron', 'Julia']
['Jarem', 'Liat', 'Marialy', 'Fabrizzio', 'Nakaya', 'Deedra', 'Marnae', 'Sheniyah', 'Soriya', 'Shakila', 'Analiah', 'Jekeria', 'Jacob', 'Jazir', 'Anela', 'Eleah']
['Estephanie']
['Hesham', 'Ingrid', 'Gunther', 'Montana', 'Basha', 'Selena']
['Jandre', 'Blaine', 'Jahred', 'Derionna', 'Daxx', 'Danyca', 'Bow', 'Harlem', 'Arsalan', 'Adaisha', 'Jema', 'Ally', 'Jesalyn', 'Dell', 'Lizmari', 'Sydelle', 'Abaan', 'Akasha']
['Colie', 'Shamaiya', 'Tanyla', 'Kenzo', 'Reynaldo', 'Rayne', 'Zayquan', 'Rexford', 'Tobechi', 'Ryleeann']
['Alainna', 'Amr', 'Alyze', 'Yonason', 'Jersi', 'Kaymarie', 'Sashya', 'Saheim', 'Jerel', 'Oviya', 'Cliff']
['Rey', 'Serra', 'Delisha']
['Sussy', 'Trystian', 'Thien', 'Khalee', 'Keili', 'Sabastion', 'Lealand', 'Adeleine', 'Mumin', 'Aley', 'Dusan', 'Lilyonna', 'Merlina', 'Vyncent', 'Halo', 'Sincere', 'Charlett', 'Shanell', 'Brinleigh', 'Jamear']
['Khloee', 'Shamyia', 'Ameerah', 'Tyannah']
['Keyin', 'Quentyn', 'Ishmel', 'Deriyon', 'Osmin', 'Monserath', 'Keion', 'Dajana', 'Jos', 'Srinath', 'Jaquan', 'Yajahira', 'Ricky', 'Avielle', 'Camill', 'Jaeline', 'Ancel', 'Khamil', 'Kay']
['Dorcas', 'Jamaine', 'Sayd', 'Makyra', 'Adriene', 'Laticia', 'Aizik', 'Kirubel', 'Kameryn', 'Azavier', 'Anadalay', 'Tahir', 'Ailene', 'Antrone', 'Stafford', 'Dainen', 'Guadalupe', 'Dea']
['Ellarie', 'Shamiyah', 'Abdulrehman', 'Margie', 'Jerriah', 'Gwendolynn', 'Tam', 'Khila', 'Jesus', 'Marwan', 'Delara', 'Alayasia', 'Spartan', 'Johnavan', 'Eliziah', 'Amonti', 'Ron', 'Shardae']
['Kobe', 'Aanyah', 'Giankarlo', 'Jeru', 'Abriyana', 'Quintavious', 'Desteni', 'Jabes', 'Kaushik', 'Asha']
['Terriona', 'Azzareya', 'Amritha', 'Aysenur', 'Venezia', 'Malaja', 'Loni', 'Demetreus', 'Adysen', 'Jdan', 'Gertrude', 'Noha']
['Rosalio', 'Jophy', 'Miley', 'Mikyla', 'Nidhi', 'Nalaya', 'Dragon', 'Davidjr', 'Kyo', 'Yaire', 'Jemiah', 'Jailon', 'Detravion', 'Natsumi']
['Sagan', 'Gor', 'Farha', 'Alison', 'Mikaelah', 'Kemily', 'Tasi', 'Kyston', 'Charlize', 'Treyonna', 'Alieyah']
['Tralyn', 'Yavian', 'Jayme', 'Aibhilin', 'Fox', 'Ettel', 'Tralaya']
['Farah', 'Hugo', 'Quintasia', 'Orren', 'Kellon', 'Cyris', 'Alaija', 'Donnelle', 'Mykenna', 'Tajuan', 'Katalina', 'Shiala', 'Chanze', 'Katarina']
['Seleen', 'Zoiee', 'Carine', 'Satomi', 'Hayven', 'Salmaan', 'Jasahn', 'Jamaad', 'Dairon', 'Sevastian', 'Shahid']
['Samauri', 'Tobias', 'Mikelle', 'Jalyiah', 'Natasia', 'Rohil', 'Zackrey', 'Kaymi', 'Caliegh', 'Nitzia', 'Coi']
['Handsome', 'Donnovan', 'Matt', 'Shy', 'Kaira', 'Mylez', 'Kirrah', 'Soniah', 'Tayyab', 'Bailynn', 'Tafari', 'Cisco', 'Leighann', 'Carena', 'Kenzington', 'Salif', 'Ahnaya']
['Fidel', 'Avigail', 'Jeremias', 'Deliany', 'Kaeley', 'Janine', 'Zahriyah', 'Trenise', 'Mikea', 'Jaaziah', 'Nohely', 'Jalilah', 'Meryl', 'Aylana', 'Lynia', 'Daxen', 'Deidre', 'Jaleena', 'Jakelin', 'Eeliyah', 'Evia', 'Jaleesa', 'Dereck', 'Bright', 'Dominika', 'Sanae', 'Dhyan', 'Giannie', 'Leilah']
['Milene', 'Yu', 'Abdoulaziz', 'Suri', 'Vedika', 'Gauge', 'Keyvin', 'Anastacio', 'Isaak', 'Denize', 'Raeleigh', 'Rielly', 'Thadius']
['Jaydah', 'Bristol', 'Maude', 'Rock', 'Joed', 'Lailani', 'Xaviel', 'Merissa', 'Anagha']
['Jameisha', 'Marcellius', 'Anwesha', 'Armita', 'Yarisbel', 'Shannel']
['Jovey', 'Michaell', 'Emmanuela', 'Cordai', 'Kariana', 'Jaimarie', 'Mykaylah', 'Aleiyah', 'Juliano', 'Tayseer', 'Antonin']
['Serenety']
['Elisah', 'Kenzlie', 'Jomary', 'Liann', 'Lakiyah', 'Endi', 'Dhalia']
['Aayana']
['Shelbee']
['Kitty', 'Kayliann', 'Griffon', 'Sameeha', 'Stefanny', 'Marifer', 'Gyzelle', 'Raymir', 'Mircale', 'Carsten', 'Iris', 'Ori', 'Zolin']
['Jax']
['Abdulraheem', 'Gracia', 'Feven', 'Nakari', 'Treyson', 'Kensleigh', 'Chidi', 'Nancy', 'Mckaylin', 'Jarrell', 'Citlally', 'Aryeh', 'Ramses', 'Kairy', 'Thaddius', 'Keemya']
['Taegan', 'Keni', 'Antwane', 'Jezzelle', 'Haya', 'Emilie', 'Vanesa']
['Markise', 'Nishta', 'Marcellino', 'Benito', 'Takia', 'Yarithza', 'Marck']