['294', '91']
['171', '101', '324', '259', '64', '321']
['332', '364', '302', '250', '349', '310']
['43', '88', '318']
['271']
['105', '3', '152']
['137']
['210', '272', '232']
['8', '180', '241', '273', '47']
['175', '109', '61', '63', '312', '274']
['207']
['279', '376', '120', '87', '311']
['12', '292', '247', '224']
['389']
['164', '334', '340']
['191', '22', '6', '315', '316', '108']
['150', '293', '216', '170', '80']
['306', '117', '307', '297', '41']
['227', '118', '399', '331']
['37']
['20', '358', '4', '328']
['21', '140', '197', '65', '10', '243', '149']
['60', '213', '222', '322']
['28', '223']
['238', '50', '89']
['110', '125', '225', '337', '83', '0', '252']
['26', '126', '323', '267', '119']
['173', '127', '76']
['300', '81']
['107', '229', '100', '92']
['102', '356', '230', '330']
['36', '131', '248', '291', '157']
['122', '132', '253', '2', '347']
['32', '133', '254', '14', '74']
['34', '320', '33', '42', '244']
['35', '135', '350', '397']
['233']
['319', '215', '77', '298', '308', '40']
['38', '211', '104', '226']
['134', '139', '287', '7', '151', '345']
['284', '240', '200']
['286', '156', '203']
['142', '231', '303']
['342']
['44', '163', '209', '344', '31', '255', '335']
['187', '220', '370']
['46', '239', '246', '346', '69', '398']
['147', '194', '270']
['348', '206']
['138', '249']
['363', '333', '235', '54']
['386', '375', '305', '96']
['262', '98', '329', '167', '184', '72', '29', '214']
['145', '153', '178', '353', '112']
['266', '49', '198', '56']
['39', '189']
['236', '317']
['57', '327', '257', '365', '326', '234', '396']
['58', '258', '13']
['369', '99', '201']
['260', '128', '90']
['179', '204', '354']
['162', '221']
['144', '362', '55', '205', '158']
['114', '30', '16']
['165', '188', '357', '160', '17', '371', '45', '290', '245']
['218', '86', '366', '339', '15']
['352', '341', '351', '154']
['195', '168', '59', '103', '143', '299']
['343', '169', '269', '196', '261', '384']
['70', '24', '23', '68', '325']
['219', '1', '199', '146', '130']
['48', '172', '263', '372', '379', '123']
['73', '161', '373', '217']
['280', '174', '155', '374', '116', '115']
['75', '129', '66', '176']
['18', '276', '388', '338']
['237', '177', '277', '377', '278', '394']
['78', '392', '378', '314', '289']
['79', '309', '285', '282']
['380']
['181', '281', '381', '183', '368']
['256', '202', '382', '367']
['283', '383', '62', '360']
['84', '106']
['67', '185', '242', '385', '275', '53']
['212', '71', '51', '182', '359', '19', '52']
['391', '387']
['11', '288', '111', '113']
['193', '355', '159', '25']
['268', '190', '390', '228', '186', '264']
['265', '121']
['192', '9', '136']
['97', '85', '336']
['94']
['95', '148', '395']
['82', '166', '313', '93']
['27', '208', '301']
['361', '141', '393', '295', '124']
['5', '296', '251', '304']