['Elicia', 'Griselda', 'Nicole', 'Jama', 'Gerard', 'Sharlene', 'Kim', 'Cristi', 'Almeta', 'Oneida', 'Chan', 'Lola']
['Joye', 'Oscar', 'Lilly', 'Grant', 'Cleotilde', 'Stanford', 'Janetta', 'Trey', 'Rodrigo']
['Yevette', 'Theo', 'Chun', 'Lue', 'Louella', 'Marcie', 'Hyun', 'Alex', 'Randa', 'Clarence', 'Son', 'Christiane']
['Glenna', 'Danita', 'Rima', 'Verona', 'Russell', 'Lisa', 'Clara', 'Freddie', 'Kyung', 'Destiny', 'Lashay', 'Garret']
['Jae', 'Ella', 'Terry', 'Darwin', 'Miranda', 'Leila', 'Edmond', 'Frederic', 'Junior', 'Jami', 'Travis', 'Jennie', 'Vernon', 'Susan', 'Jeffrey']
['Hilario', 'Tammi', 'Marilynn', 'Alton', 'Ocie', 'Naida', 'Lasonya', 'Deana', 'Kristi', 'Rosalba', 'Eugene', 'Kurtis', 'Tyisha', 'Mariette', 'Xuan']
['Helene', 'Loren', 'Nathalie', 'Riley', 'Dewitt', 'Rolando']
['Elena', 'Dion', 'Lamonica', 'Doyle', 'Garland', 'Aaron', 'Jesus', 'Marion', 'Savanna', 'Princess', 'Milissa', 'Phylis', 'Tressa', 'Leilani']
['Sharell', 'Caitlyn', 'Roxane', 'Wes', 'Shavon', 'Lyn', 'Sheldon', 'Loria', 'Renetta', 'Altagracia', 'Ambrose']
['Felix', 'Earnest', 'Neida', 'Joelle', 'Joanne', 'Lucia', 'Tanisha', 'Pa', 'Alane', 'Johnny', 'Lizabeth']
['Tarah', 'Cortney', 'Marvin', 'Esperanza', 'Marquis', 'Loura', 'Jay', 'Ryann', 'Alfred', 'Juliet', 'Susannah', 'Beverley', 'Imogene']
['Refugio', 'Whitney', 'Leonida', 'Raleigh', 'Tracie']
['Piedad', 'Elfrieda', 'Herlinda', 'Clifton', 'Michaela', 'Naomi', 'Hiroko', 'Zena', 'Zoraida', 'Inga', 'Leonard', 'Xavier', 'Eufemia']
['Dusti', 'Cassie', 'Alexandra', 'Marquitta', 'Merrill', 'Alethia', 'Oma', 'Tai', 'Hayden', 'Jeanette']
['Sherwood', 'Debora', 'Carolee', 'Marvis', 'Angeline', 'Allena', 'Elliott', 'Lana', 'Oswaldo', 'Kasey', 'Ron']
['Delmar', 'An', 'Margart', 'Vernia', 'Florencio', 'Kris', 'Chance', 'Laticia', 'Jan', 'Dong', 'Ok', 'Rosalee', 'Jacque', 'Madison']
['Jefferey', 'Kay', 'Enola', 'Murray', 'Antonina', 'Taneka', 'Deirdre', 'Glenda', 'Stephani', 'Antonette']
['Irena', 'Adah', 'Flavia', 'Lauren', 'June', 'Marci', 'Alvin', 'Kirstin']
['Antoinette', 'Odell', 'Latia', 'Valorie', 'Tiffani', 'Eve', 'Osvaldo', 'Vincenzo', 'Selma', 'Retta', 'Darrel', 'Joan', 'Fanny', 'Audie', 'Toya', 'Raul', 'Harvey']
['Stanley', 'Randall', 'Byron', 'Elenora', 'Rachel', 'Logan', 'Charmaine', 'Rita', 'Angella', 'Carson', 'Chas', 'Clyde', 'Kristopher', 'German']
['Jina', 'Jeremy', 'Hershel', 'Kelly', 'Lucas', 'Shaun', 'Gisela', 'Emmanuel']
['Gerardo', 'Tameika', 'Artie', 'Shelton', 'Vivien', 'Kareem', 'Latoya', 'Marcella']
['Isabel', 'Elvia', 'Dorthea', 'Trena', 'Porter', 'Winford', 'Heide', 'Clarice', 'Hassan', 'Eloisa', 'Lyndon']
['Darnell', 'Renea', 'Kylie', 'Treena', 'Orval', 'Chang', 'Percy', 'Marcos', 'Eustolia', 'Dora', 'Leontine', 'Ema', 'Marlo']
['Shonda', 'Chester', 'Horace', 'Claretha', 'Charisse', 'Meagan', 'Mariah', 'Hortense', 'Nieves', 'Sharla', 'Anabel', 'Camelia', 'Brendon', 'Nickolas']
['Clarissa', 'Sharan', 'Nadia', 'Hui', 'Kendall', 'Robert', 'Mariano', 'Bonnie', 'Claudie']
['Spencer', 'Alicia', 'Amada', 'Tamisha', 'Kimbra', 'Pearlie', 'Danial', 'Laraine', 'Dewayne', 'Annabel']
['Saul', 'Rachael', 'Honey', 'Dorene', 'Clarinda', 'Houston', 'Irma', 'Tamala', 'Kitty']
['Easter', 'Hillary', 'Jade', 'Dagmar', 'Clinton', 'Annamarie', 'Tina', 'Vada', 'Alexa', 'Bertha', 'Lezlie', 'Carmon', 'Reita', 'Elvie', 'Alvera', 'Sharilyn', 'Millicent', 'Lorelei']
['Pinkie', 'Florinda', 'Martin', 'Arcelia', 'Aretha', 'In', 'Nohemi', 'Louise', 'Olevia']