['26', '47', '46', '152', '200', '113']
['248']
['209', '210']
['21', '53', '61', '58', '187', '64']
['4', '234', '222']
['136', '120', '189', '137']
['29', '239', '150', '214', '218', '215']
['146', '131', '107']
['216', '203', '108', '87', '208', '88']
['9', '78', '10', '2', '1']
['127', '198', '160', '138', '130', '157']
['11', '212', '111', '104', '211', '148']
['19', '242', '112', '246', '244']
['249', '155', '74', '213', '70', '219']
['14', '159', '114', '164', '156', '103']
['15', '115', '27', '71']
['16', '165', '116', '166', '173', '206']
['97', '33', '158', '167', '217', '133']
['170', '129', '8', '191']
['69', '238', '169']
['3', '243', '143']
['20', '190', '171', '221']
['22', '25', '122', '44', '63', '13']
['23', '86', '145', '106', '174']
['24', '142', '18', '73', '224', '144']
['65', '77', '183', '66']
['186', '12', '182', '176', '181', '98']
['35', '223', '56', '195', '34']
['94', '31', '240', '228']
['92', '28', '40', '41', '180', '51']
['241', '80', '124', '229', '230', '227']
['128', '95', '57', '153', '154', '60']
['32', '82', '132', '126', '232', '235']
['67', '83', '5', '175', '233', '225']
['84', '134', '184', '185', '85', '72']
['37', '135', '43']
['54', '55', '0', '236', '237']
['220', '117', '105', '151', '89', '177']
['38', '118', '39', '188', '245']
['81', '161', '139', '76', '247']
['91', '90', '140', '6', '179', '110']
['36', '207', '149', '147']
['42', '141', '109', '192', '231']
['196', '62', '68', '193', '197', '30']
['172', '59', '93', '194', '48', '52']
['45', '204', '205', '202', '201', '79']
['100', '96', '7', '162', '163', '168']
['50', '75', '125', '178', '119']
['226', '17', '123', '121', '101', '102']
['49', '99', '199']