['251', '100', '53', '409', '358', '217', '13', '118', '330', '173']
['438', '372', '491', '488', '287', '42', '291', '249', '421', '300']
['128', '9', '384', '390', '0', '25', '482', '311', '185', '165']
['447', '206', '103', '263', '17', '293', '198', '373', '436', '403', '252']
['450', '239', '398', '307', '417', '337', '71', '30', '132', '283']
['371', '67', '347', '4', '363', '393', '317', '85', '212', '306']
['479', '121', '82', '472', '174', '376', '125', '280', '303', '86']
['47', '177', '102', '294', '355', '127', '38', '349', '375', '91']
['345', '339', '238', '139', '352', '270', '107', '382', '461', '136']
['221', '344', '247', '440', '31', '478', '350', '61', '326', '11']
['288', '423', '433', '144', '150', '171', '92', '43', '416', '105']
['112', '188', '477', '162', '140', '466', '422', '489', '234', '368']
['191', '473', '90', '426', '279', '16', '414', '387', '228', '5']
['357', '456', '418', '305', '442', '194', '388', '28', '267', '441']
['145', '365', '360', '126', '458', '183', '60', '154', '412', '156']
['199', '411', '277', '296', '123', '348', '334', '76', '2', '190']
['494', '56', '444', '316', '335', '208', '101', '367', '262', '237']
['19', '362', '65', '391', '275', '21', '180', '203', '290', '64']
['41', '498', '79', '216', '327', '59', '96', '248']
['499']
['34', '475', '338', '453', '130', '394', '213', '176', '410', '35']
['151', '89', '246', '46', '181', '87', '33', '68', '278', '271']
['443', '366', '402', '284', '3', '161', '320', '138', '240', '289']
['149', '40', '225', '204', '493', '179', '380', '261', '455', '492']
['243', '324', '142', '222', '157', '80', '72', '236', '44', '178']
['415', '446', '427', '308', '55', '343', '192', '242', '184', '119']
['117', '169', '250', '186', '27', '189', '476', '378', '419', '341']
['152', '223', '445', '170', '495', '439', '253', '187', '404', '98']
['266', '172', '175', '153', '471', '116', '129', '241', '464', '301']
['428', '431', '57', '451', '312', '122', '397', '244', '108', '304']
['430', '286', '131', '220', '231', '496', '484', '12', '54']
['359', '356', '265', '210', '226', '395', '143', '163', '346', '483', '70']
['314', '66', '147', '481', '141', '315', '99', '235', '353', '97']
['52', '400', '364', '322', '95', '369', '468', '460', '354', '50', '392']
['377', '77', '333', '120', '374', '490', '295', '401', '224', '62', '256']
['200', '292', '454', '168', '274', '81', '209', '474', '196', '135']
['83', '351', '48', '486', '148', '408', '18', '164', '167', '14']
['449', '39', '114', '379', '93', '155', '109', '193', '309', '195', '137', '202']
['463', '459', '264', '342', '111', '470', '255', '435', '424', '406']
['24', '233', '6', '323', '310', '361', '10', '26', '22', '133']
['328']
['302', '78', '88', '448', '15', '20', '318', '383', '480', '432']
['487', '245', '313', '452', '232', '106', '285', '257', '389', '272']
['386', '370', '7', '297', '94', '331', '215', '159', '63', '321', '485']
['115', '211', '166', '457', '230', '465', '229', '23', '420', '298', '36']
['396', '319', '29', '45', '214', '332', '425', '399', '329']
['281', '413', '254', '462', '74', '276', '32', '219', '73', '160', '407']
['113', '158', '260', '336', '340', '84', '1', '437', '259', '197', '385']
['146', '434', '299', '201', '207', '75', '282', '37', '269', '205']
['405', '325', '69', '268', '134', '51', '429', '104', '467', '49', '218']
['110', '124', '497', '182', '8', '273', '227', '58', '258', '381', '469']